[02:09:17] Starting Cleanup. Backup location: c:\Users\enoam\OneDrive\onlineStore\onlineStore\webParent\WebBackEnd\_legacy_backup
[02:09:17] Moving Root Legacy: brands-photos -> c:\Users\enoam\OneDrive\onlineStore\onlineStore\webParent\WebBackEnd\_legacy_backup\root_backup\brands-photos
[02:09:17] Moving Root Legacy: categories-photos -> c:\Users\enoam\OneDrive\onlineStore\onlineStore\webParent\WebBackEnd\_legacy_backup\root_backup\categories-photos
[02:09:17] Moving Root Legacy: customer-photos -> c:\Users\enoam\OneDrive\onlineStore\onlineStore\webParent\WebBackEnd\_legacy_backup\root_backup\customer-photos
[02:09:17] Moving Root Legacy: customers-photos -> c:\Users\enoam\OneDrive\onlineStore\onlineStore\webParent\WebBackEnd\_legacy_backup\root_backup\customers-photos
[02:09:17] Moving Root Legacy: products-photos -> c:\Users\enoam\OneDrive\onlineStore\onlineStore\webParent\WebBackEnd\_legacy_backup\root_backup\products-photos
[02:09:17] Moving Root Legacy: services-photos -> c:\Users\enoam\OneDrive\onlineStore\onlineStore\webParent\WebBackEnd\_legacy_backup\root_backup\services-photos
[02:09:17] Moving Root Legacy: site-logo -> c:\Users\enoam\OneDrive\onlineStore\onlineStore\webParent\WebBackEnd\_legacy_backup\root_backup\site-logo
[02:09:17] Moving Root Legacy: user-photos -> c:\Users\enoam\OneDrive\onlineStore\onlineStore\webParent\WebBackEnd\_legacy_backup\root_backup\user-photos
[02:09:17] Skipping Tenant 1 brands-photos: No 'assets' folder found. Keeping legacy.
[02:09:17] Skipping Tenant 1 categories-photos: No 'assets' folder found. Keeping legacy.
[02:09:17] Skipping Tenant 1 products-photos: No 'assets' folder found. Keeping legacy.
[02:09:17] Skipping Tenant 1 user-photos: No 'assets' folder found. Keeping legacy.
[02:09:17] Skipping Tenant 10 brands-photos: No 'assets' folder found. Keeping legacy.
[02:09:17] Skipping Tenant 10 categories-photos: No 'assets' folder found. Keeping legacy.
[02:09:17] Skipping Tenant 10 products-photos: No 'assets' folder found. Keeping legacy.
[02:09:17] Skipping Tenant 10 user-photos: No 'assets' folder found. Keeping legacy.
[02:09:17] Skipping Tenant 100 products-photos: No 'assets' folder found. Keeping legacy.
[02:09:17] Skipping Tenant 101 customers-photos: No 'assets' folder found. Keeping legacy.
[02:09:17] Skipping Tenant 101 products-photos: No 'assets' folder found. Keeping legacy.
[02:09:17] Skipping Tenant 102 customers-photos: No 'assets' folder found. Keeping legacy.
[02:09:17] Skipping Tenant 102 products-photos: No 'assets' folder found. Keeping legacy.
[02:09:17] Skipping Tenant 103 customers-photos: No 'assets' folder found. Keeping legacy.
[02:09:17] Skipping Tenant 103 products-photos: No 'assets' folder found. Keeping legacy.
[02:09:17] Skipping Tenant 104 customers-photos: No 'assets' folder found. Keeping legacy.
[02:09:17] Skipping Tenant 104 products-photos: No 'assets' folder found. Keeping legacy.
[02:09:17] Skipping Tenant 105 products-photos: No 'assets' folder found. Keeping legacy.
[02:09:17] Skipping Tenant 106 products-photos: No 'assets' folder found. Keeping legacy.
[02:09:17] Skipping Tenant 107 customers-photos: No 'assets' folder found. Keeping legacy.
[02:09:17] Skipping Tenant 107 products-photos: No 'assets' folder found. Keeping legacy.
[02:09:17] Skipping Tenant 11 brands-photos: No 'assets' folder found. Keeping legacy.
[02:09:17] Skipping Tenant 11 categories-photos: No 'assets' folder found. Keeping legacy.
[02:09:17] Skipping Tenant 11 products-photos: No 'assets' folder found. Keeping legacy.
[02:09:17] Skipping Tenant 11 user-photos: No 'assets' folder found. Keeping legacy.
[02:09:17] Skipping Tenant 113 customers-photos: No 'assets' folder found. Keeping legacy.
[02:09:17] Skipping Tenant 117 customers-photos: No 'assets' folder found. Keeping legacy.
[02:09:17] Skipping Tenant 12 brands-photos: No 'assets' folder found. Keeping legacy.
[02:09:17] Skipping Tenant 12 categories-photos: No 'assets' folder found. Keeping legacy.
[02:09:17] Skipping Tenant 12 products-photos: No 'assets' folder found. Keeping legacy.
[02:09:17] Skipping Tenant 12 user-photos: No 'assets' folder found. Keeping legacy.
[02:09:17] Skipping Tenant 120 customers-photos: No 'assets' folder found. Keeping legacy.
[02:09:17] Skipping Tenant 121 customers-photos: No 'assets' folder found. Keeping legacy.
[02:09:17] Skipping Tenant 124 products-photos: No 'assets' folder found. Keeping legacy.
[02:09:17] Skipping Tenant 126 customers-photos: No 'assets' folder found. Keeping legacy.
[02:09:17] Skipping Tenant 13 brands-photos: No 'assets' folder found. Keeping legacy.
[02:09:17] Skipping Tenant 13 categories-photos: No 'assets' folder found. Keeping legacy.
[02:09:17] Skipping Tenant 13 user-photos: No 'assets' folder found. Keeping legacy.
[02:09:17] Skipping Tenant 133 customers-photos: No 'assets' folder found. Keeping legacy.
[02:09:17] Skipping Tenant 134 customers-photos: No 'assets' folder found. Keeping legacy.
[02:09:17] Skipping Tenant 139 customers-photos: No 'assets' folder found. Keeping legacy.
[02:09:17] Skipping Tenant 14 brands-photos: No 'assets' folder found. Keeping legacy.
[02:09:17] Skipping Tenant 14 categories-photos: No 'assets' folder found. Keeping legacy.
[02:09:18] Skipping Tenant 14 products-photos: No 'assets' folder found. Keeping legacy.
[02:09:18] Skipping Tenant 14 user-photos: No 'assets' folder found. Keeping legacy.
[02:09:18] Skipping Tenant 144 customers-photos: No 'assets' folder found. Keeping legacy.
[02:09:18] Skipping Tenant 15 brands-photos: No 'assets' folder found. Keeping legacy.
[02:09:18] Skipping Tenant 15 categories-photos: No 'assets' folder found. Keeping legacy.
[02:09:18] Skipping Tenant 15 products-photos: No 'assets' folder found. Keeping legacy.
[02:09:18] Skipping Tenant 15 user-photos: No 'assets' folder found. Keeping legacy.
[02:09:18] Skipping Tenant 16 brands-photos: No 'assets' folder found. Keeping legacy.
[02:09:18] Skipping Tenant 16 categories-photos: No 'assets' folder found. Keeping legacy.
[02:09:18] Skipping Tenant 16 products-photos: No 'assets' folder found. Keeping legacy.
[02:09:18] Skipping Tenant 16 user-photos: No 'assets' folder found. Keeping legacy.
[02:09:18] Skipping Tenant 163 customers-photos: No 'assets' folder found. Keeping legacy.
[02:09:18] Skipping Tenant 164 customers-photos: No 'assets' folder found. Keeping legacy.
[02:09:18] Skipping Tenant 168 customers-photos: No 'assets' folder found. Keeping legacy.
[02:09:18] Skipping Tenant 17 brands-photos: No 'assets' folder found. Keeping legacy.
[02:09:18] Skipping Tenant 17 categories-photos: No 'assets' folder found. Keeping legacy.
[02:09:18] Skipping Tenant 17 products-photos: No 'assets' folder found. Keeping legacy.
[02:09:18] Skipping Tenant 17 user-photos: No 'assets' folder found. Keeping legacy.
[02:09:18] Skipping Tenant 170 customers-photos: No 'assets' folder found. Keeping legacy.
[02:09:18] Skipping Tenant 171 customers-photos: No 'assets' folder found. Keeping legacy.
[02:09:18] Skipping Tenant 175 customers-photos: No 'assets' folder found. Keeping legacy.
[02:09:18] Skipping Tenant 176 customers-photos: No 'assets' folder found. Keeping legacy.
[02:09:18] Skipping Tenant 18 brands-photos: No 'assets' folder found. Keeping legacy.
[02:09:18] Skipping Tenant 18 categories-photos: No 'assets' folder found. Keeping legacy.
[02:09:18] Skipping Tenant 18 products-photos: No 'assets' folder found. Keeping legacy.
[02:09:18] Skipping Tenant 18 user-photos: No 'assets' folder found. Keeping legacy.
[02:09:18] Skipping Tenant 19 brands-photos: No 'assets' folder found. Keeping legacy.
[02:09:18] Skipping Tenant 19 categories-photos: No 'assets' folder found. Keeping legacy.
[02:09:18] Skipping Tenant 19 products-photos: No 'assets' folder found. Keeping legacy.
[02:09:18] Skipping Tenant 19 user-photos: No 'assets' folder found. Keeping legacy.
[02:09:18] Skipping Tenant 2 brands-photos: No 'assets' folder found. Keeping legacy.
[02:09:18] Skipping Tenant 2 categories-photos: No 'assets' folder found. Keeping legacy.
[02:09:18] Skipping Tenant 2 products-photos: No 'assets' folder found. Keeping legacy.
[02:09:18] Skipping Tenant 2 user-photos: No 'assets' folder found. Keeping legacy.
[02:09:18] Skipping Tenant 20 brands-photos: No 'assets' folder found. Keeping legacy.
[02:09:18] Skipping Tenant 20 categories-photos: No 'assets' folder found. Keeping legacy.
[02:09:18] Skipping Tenant 20 products-photos: No 'assets' folder found. Keeping legacy.
[02:09:18] Skipping Tenant 20 user-photos: No 'assets' folder found. Keeping legacy.
[02:09:18] Skipping Tenant 21 brands-photos: No 'assets' folder found. Keeping legacy.
[02:09:18] Skipping Tenant 21 categories-photos: No 'assets' folder found. Keeping legacy.
[02:09:18] Skipping Tenant 21 products-photos: No 'assets' folder found. Keeping legacy.
[02:09:18] Skipping Tenant 21 user-photos: No 'assets' folder found. Keeping legacy.
[02:09:18] Skipping Tenant 22 brands-photos: No 'assets' folder found. Keeping legacy.
[02:09:18] Skipping Tenant 22 categories-photos: No 'assets' folder found. Keeping legacy.
[02:09:18] Skipping Tenant 22 products-photos: No 'assets' folder found. Keeping legacy.
[02:09:18] Skipping Tenant 22 user-photos: No 'assets' folder found. Keeping legacy.
[02:09:18] Skipping Tenant 23 brands-photos: No 'assets' folder found. Keeping legacy.
[02:09:18] Skipping Tenant 23 categories-photos: No 'assets' folder found. Keeping legacy.
[02:09:18] Skipping Tenant 23 products-photos: No 'assets' folder found. Keeping legacy.
[02:09:18] Skipping Tenant 23 user-photos: No 'assets' folder found. Keeping legacy.
[02:09:18] Skipping Tenant 24 brands-photos: No 'assets' folder found. Keeping legacy.
[02:09:18] Skipping Tenant 24 categories-photos: No 'assets' folder found. Keeping legacy.
[02:09:18] Skipping Tenant 24 products-photos: No 'assets' folder found. Keeping legacy.
[02:09:18] Skipping Tenant 25 brands-photos: No 'assets' folder found. Keeping legacy.
[02:09:18] Skipping Tenant 25 categories-photos: No 'assets' folder found. Keeping legacy.
[02:09:18] Skipping Tenant 25 products-photos: No 'assets' folder found. Keeping legacy.
[02:09:18] Skipping Tenant 25 user-photos: No 'assets' folder found. Keeping legacy.
[02:09:18] Skipping Tenant 26 brands-photos: No 'assets' folder found. Keeping legacy.
[02:09:18] Skipping Tenant 26 categories-photos: No 'assets' folder found. Keeping legacy.
[02:09:18] Skipping Tenant 26 products-photos: No 'assets' folder found. Keeping legacy.
[02:09:18] Skipping Tenant 26 user-photos: No 'assets' folder found. Keeping legacy.
[02:09:18] Skipping Tenant 27 brands-photos: No 'assets' folder found. Keeping legacy.
[02:09:18] Skipping Tenant 27 categories-photos: No 'assets' folder found. Keeping legacy.
[02:09:18] Skipping Tenant 27 products-photos: No 'assets' folder found. Keeping legacy.
[02:09:18] Skipping Tenant 27 user-photos: No 'assets' folder found. Keeping legacy.
[02:09:18] Skipping Tenant 28 brands-photos: No 'assets' folder found. Keeping legacy.
[02:09:18] Skipping Tenant 28 categories-photos: No 'assets' folder found. Keeping legacy.
[02:09:18] Skipping Tenant 28 products-photos: No 'assets' folder found. Keeping legacy.
[02:09:18] Skipping Tenant 29 brands-photos: No 'assets' folder found. Keeping legacy.
[02:09:18] Skipping Tenant 29 categories-photos: No 'assets' folder found. Keeping legacy.
[02:09:18] Skipping Tenant 29 customers-photos: No 'assets' folder found. Keeping legacy.
[02:09:18] Skipping Tenant 29 products-photos: No 'assets' folder found. Keeping legacy.
[02:09:18] Skipping Tenant 3 brands-photos: No 'assets' folder found. Keeping legacy.
[02:09:18] Skipping Tenant 3 categories-photos: No 'assets' folder found. Keeping legacy.
[02:09:18] Skipping Tenant 3 products-photos: No 'assets' folder found. Keeping legacy.
[02:09:18] Skipping Tenant 3 user-photos: No 'assets' folder found. Keeping legacy.
[02:09:18] Skipping Tenant 30 brands-photos: No 'assets' folder found. Keeping legacy.
[02:09:18] Skipping Tenant 30 categories-photos: No 'assets' folder found. Keeping legacy.
[02:09:18] Skipping Tenant 30 products-photos: No 'assets' folder found. Keeping legacy.
[02:09:18] Skipping Tenant 31 brands-photos: No 'assets' folder found. Keeping legacy.
[02:09:18] Skipping Tenant 31 categories-photos: No 'assets' folder found. Keeping legacy.
[02:09:18] Skipping Tenant 31 products-photos: No 'assets' folder found. Keeping legacy.
[02:09:18] Skipping Tenant 32 brands-photos: No 'assets' folder found. Keeping legacy.
[02:09:18] Skipping Tenant 32 categories-photos: No 'assets' folder found. Keeping legacy.
[02:09:18] Skipping Tenant 32 customers-photos: No 'assets' folder found. Keeping legacy.
[02:09:18] Skipping Tenant 32 products-photos: No 'assets' folder found. Keeping legacy.
[02:09:18] Skipping Tenant 33 brands-photos: No 'assets' folder found. Keeping legacy.
[02:09:18] Skipping Tenant 33 categories-photos: No 'assets' folder found. Keeping legacy.
[02:09:18] Skipping Tenant 33 products-photos: No 'assets' folder found. Keeping legacy.
[02:09:18] Skipping Tenant 34 brands-photos: No 'assets' folder found. Keeping legacy.
[02:09:18] Skipping Tenant 34 products-photos: No 'assets' folder found. Keeping legacy.
[02:09:18] Skipping Tenant 35 brands-photos: No 'assets' folder found. Keeping legacy.
[02:09:18] Skipping Tenant 35 products-photos: No 'assets' folder found. Keeping legacy.
[02:09:18] Skipping Tenant 36 brands-photos: No 'assets' folder found. Keeping legacy.
[02:09:18] Skipping Tenant 36 customers-photos: No 'assets' folder found. Keeping legacy.
[02:09:18] Skipping Tenant 36 products-photos: No 'assets' folder found. Keeping legacy.
[02:09:18] Skipping Tenant 37 brands-photos: No 'assets' folder found. Keeping legacy.
[02:09:18] Skipping Tenant 37 products-photos: No 'assets' folder found. Keeping legacy.
[02:09:18] Skipping Tenant 37 user-photos: No 'assets' folder found. Keeping legacy.
[02:09:18] Skipping Tenant 38 brands-photos: No 'assets' folder found. Keeping legacy.
[02:09:18] Skipping Tenant 38 products-photos: No 'assets' folder found. Keeping legacy.
[02:09:18] Skipping Tenant 39 brands-photos: No 'assets' folder found. Keeping legacy.
[02:09:18] Skipping Tenant 39 products-photos: No 'assets' folder found. Keeping legacy.
[02:09:18] Clean Tenant 4: Moving brands-photos -> backup (Assets folder exists)
[02:09:18] Clean Tenant 4: Moving categories-photos -> backup (Assets folder exists)
[02:09:18] Clean Tenant 4: Moving products-photos -> backup (Assets folder exists)
[02:09:18] Clean Tenant 4: Moving user-photos -> backup (Assets folder exists)
[02:09:18] Skipping Tenant 40 brands-photos: No 'assets' folder found. Keeping legacy.
[02:09:18] Skipping Tenant 40 customers-photos: No 'assets' folder found. Keeping legacy.
[02:09:18] Skipping Tenant 40 products-photos: No 'assets' folder found. Keeping legacy.
[02:09:18] Skipping Tenant 41 brands-photos: No 'assets' folder found. Keeping legacy.
[02:09:18] Skipping Tenant 41 products-photos: No 'assets' folder found. Keeping legacy.
[02:09:18] Skipping Tenant 42 brands-photos: No 'assets' folder found. Keeping legacy.
[02:09:18] Skipping Tenant 42 products-photos: No 'assets' folder found. Keeping legacy.
[02:09:18] Skipping Tenant 43 brands-photos: No 'assets' folder found. Keeping legacy.
[02:09:18] Skipping Tenant 43 products-photos: No 'assets' folder found. Keeping legacy.
[02:09:18] Skipping Tenant 44 brands-photos: No 'assets' folder found. Keeping legacy.
[02:09:18] Skipping Tenant 44 products-photos: No 'assets' folder found. Keeping legacy.
[02:09:18] Skipping Tenant 45 brands-photos: No 'assets' folder found. Keeping legacy.
[02:09:18] Skipping Tenant 45 products-photos: No 'assets' folder found. Keeping legacy.
[02:09:18] Skipping Tenant 46 brands-photos: No 'assets' folder found. Keeping legacy.
[02:09:18] Skipping Tenant 46 products-photos: No 'assets' folder found. Keeping legacy.
[02:09:18] Skipping Tenant 47 brands-photos: No 'assets' folder found. Keeping legacy.
[02:09:18] Skipping Tenant 47 products-photos: No 'assets' folder found. Keeping legacy.
[02:09:18] Skipping Tenant 48 brands-photos: No 'assets' folder found. Keeping legacy.
[02:09:18] Skipping Tenant 48 products-photos: No 'assets' folder found. Keeping legacy.
[02:09:18] Skipping Tenant 49 brands-photos: No 'assets' folder found. Keeping legacy.
[02:09:18] Skipping Tenant 49 products-photos: No 'assets' folder found. Keeping legacy.
[02:09:19] Clean Tenant 5: Moving brands-photos -> backup (Assets folder exists)
[02:09:19] Clean Tenant 5: Moving categories-photos -> backup (Assets folder exists)
[02:09:19] Clean Tenant 5: Moving products-photos -> backup (Assets folder exists)
[02:09:19] Clean Tenant 5: Moving services-photos -> backup (Assets folder exists)
[02:09:19] Clean Tenant 5: Moving user-photos -> backup (Assets folder exists)
[02:09:19] Skipping Tenant 50 brands-photos: No 'assets' folder found. Keeping legacy.
[02:09:19] Skipping Tenant 50 products-photos: No 'assets' folder found. Keeping legacy.
[02:09:19] Skipping Tenant 51 brands-photos: No 'assets' folder found. Keeping legacy.
[02:09:19] Skipping Tenant 51 products-photos: No 'assets' folder found. Keeping legacy.
[02:09:19] Skipping Tenant 52 brands-photos: No 'assets' folder found. Keeping legacy.
[02:09:19] Skipping Tenant 52 products-photos: No 'assets' folder found. Keeping legacy.
[02:09:19] Skipping Tenant 53 brands-photos: No 'assets' folder found. Keeping legacy.
[02:09:19] Skipping Tenant 53 products-photos: No 'assets' folder found. Keeping legacy.
[02:09:19] Skipping Tenant 54 brands-photos: No 'assets' folder found. Keeping legacy.
[02:09:19] Skipping Tenant 54 products-photos: No 'assets' folder found. Keeping legacy.
[02:09:19] Skipping Tenant 55 products-photos: No 'assets' folder found. Keeping legacy.
[02:09:19] Skipping Tenant 56 products-photos: No 'assets' folder found. Keeping legacy.
[02:09:19] Skipping Tenant 57 brands-photos: No 'assets' folder found. Keeping legacy.
[02:09:19] Skipping Tenant 57 products-photos: No 'assets' folder found. Keeping legacy.
[02:09:19] Skipping Tenant 58 products-photos: No 'assets' folder found. Keeping legacy.
[02:09:19] Skipping Tenant 59 products-photos: No 'assets' folder found. Keeping legacy.
[02:09:19] Skipping Tenant 6 brands-photos: No 'assets' folder found. Keeping legacy.
[02:09:19] Skipping Tenant 6 categories-photos: No 'assets' folder found. Keeping legacy.
[02:09:19] Skipping Tenant 6 products-photos: No 'assets' folder found. Keeping legacy.
[02:09:19] Skipping Tenant 6 user-photos: No 'assets' folder found. Keeping legacy.
[02:09:19] Skipping Tenant 60 products-photos: No 'assets' folder found. Keeping legacy.
[02:09:19] Skipping Tenant 61 products-photos: No 'assets' folder found. Keeping legacy.
[02:09:19] Skipping Tenant 62 products-photos: No 'assets' folder found. Keeping legacy.
[02:09:19] Skipping Tenant 63 customers-photos: No 'assets' folder found. Keeping legacy.
[02:09:19] Skipping Tenant 63 products-photos: No 'assets' folder found. Keeping legacy.
[02:09:19] Skipping Tenant 64 products-photos: No 'assets' folder found. Keeping legacy.
[02:09:19] Skipping Tenant 65 products-photos: No 'assets' folder found. Keeping legacy.
[02:09:19] Skipping Tenant 66 customers-photos: No 'assets' folder found. Keeping legacy.
[02:09:19] Skipping Tenant 66 products-photos: No 'assets' folder found. Keeping legacy.
[02:09:19] Skipping Tenant 67 customers-photos: No 'assets' folder found. Keeping legacy.
[02:09:19] Skipping Tenant 67 products-photos: No 'assets' folder found. Keeping legacy.
[02:09:19] Skipping Tenant 68 customers-photos: No 'assets' folder found. Keeping legacy.
[02:09:19] Skipping Tenant 68 products-photos: No 'assets' folder found. Keeping legacy.
[02:09:19] Skipping Tenant 69 customers-photos: No 'assets' folder found. Keeping legacy.
[02:09:19] Skipping Tenant 69 products-photos: No 'assets' folder found. Keeping legacy.
[02:09:19] Clean Tenant 7: Moving brands-photos -> backup (Assets folder exists)
[02:09:19] Clean Tenant 7: Moving categories-photos -> backup (Assets folder exists)
[02:09:19] Clean Tenant 7: Moving products-photos -> backup (Assets folder exists)
[02:09:19] Clean Tenant 7: Moving services-photos -> backup (Assets folder exists)
[02:09:19] Clean Tenant 7: Moving user-photos -> backup (Assets folder exists)
[02:09:19] Skipping Tenant 70 customers-photos: No 'assets' folder found. Keeping legacy.
[02:09:19] Skipping Tenant 70 products-photos: No 'assets' folder found. Keeping legacy.
[02:09:19] Skipping Tenant 71 customers-photos: No 'assets' folder found. Keeping legacy.
[02:09:19] Skipping Tenant 71 products-photos: No 'assets' folder found. Keeping legacy.
[02:09:19] Clean Tenant 72: Moving customers-photos -> backup (Assets folder exists)
[02:09:19] Clean Tenant 72: Moving products-photos -> backup (Assets folder exists)
[02:09:19] Skipping Tenant 73 brands-photos: No 'assets' folder found. Keeping legacy.
[02:09:19] Skipping Tenant 73 customers-photos: No 'assets' folder found. Keeping legacy.
[02:09:19] Skipping Tenant 73 products-photos: No 'assets' folder found. Keeping legacy.
[02:09:19] Skipping Tenant 74 customers-photos: No 'assets' folder found. Keeping legacy.
[02:09:19] Skipping Tenant 74 products-photos: No 'assets' folder found. Keeping legacy.
[02:09:19] Skipping Tenant 75 brands-photos: No 'assets' folder found. Keeping legacy.
[02:09:19] Skipping Tenant 75 customers-photos: No 'assets' folder found. Keeping legacy.
[02:09:19] Skipping Tenant 75 products-photos: No 'assets' folder found. Keeping legacy.
[02:09:19] Skipping Tenant 76 brands-photos: No 'assets' folder found. Keeping legacy.
[02:09:19] Skipping Tenant 76 customers-photos: No 'assets' folder found. Keeping legacy.
[02:09:19] Skipping Tenant 76 products-photos: No 'assets' folder found. Keeping legacy.
[02:09:19] Skipping Tenant 77 customers-photos: No 'assets' folder found. Keeping legacy.
[02:09:19] Skipping Tenant 77 products-photos: No 'assets' folder found. Keeping legacy.
[02:09:19] Skipping Tenant 78 products-photos: No 'assets' folder found. Keeping legacy.
[02:09:19] Skipping Tenant 79 products-photos: No 'assets' folder found. Keeping legacy.
[02:09:19] Skipping Tenant 8 brands-photos: No 'assets' folder found. Keeping legacy.
[02:09:19] Skipping Tenant 8 categories-photos: No 'assets' folder found. Keeping legacy.
[02:09:19] Skipping Tenant 8 products-photos: No 'assets' folder found. Keeping legacy.
[02:09:19] Skipping Tenant 8 user-photos: No 'assets' folder found. Keeping legacy.
[02:09:19] Skipping Tenant 80 products-photos: No 'assets' folder found. Keeping legacy.
[02:09:19] Skipping Tenant 81 products-photos: No 'assets' folder found. Keeping legacy.
[02:09:19] Skipping Tenant 82 products-photos: No 'assets' folder found. Keeping legacy.
[02:09:19] Skipping Tenant 83 products-photos: No 'assets' folder found. Keeping legacy.
[02:09:19] Skipping Tenant 84 customers-photos: No 'assets' folder found. Keeping legacy.
[02:09:19] Skipping Tenant 84 products-photos: No 'assets' folder found. Keeping legacy.
[02:09:19] Skipping Tenant 85 customers-photos: No 'assets' folder found. Keeping legacy.
[02:09:19] Skipping Tenant 85 products-photos: No 'assets' folder found. Keeping legacy.
[02:09:19] Skipping Tenant 86 customers-photos: No 'assets' folder found. Keeping legacy.
[02:09:19] Skipping Tenant 86 products-photos: No 'assets' folder found. Keeping legacy.
[02:09:19] Skipping Tenant 87 customers-photos: No 'assets' folder found. Keeping legacy.
[02:09:19] Skipping Tenant 87 products-photos: No 'assets' folder found. Keeping legacy.
[02:09:19] Skipping Tenant 88 customers-photos: No 'assets' folder found. Keeping legacy.
[02:09:19] Skipping Tenant 88 products-photos: No 'assets' folder found. Keeping legacy.
[02:09:19] Skipping Tenant 89 products-photos: No 'assets' folder found. Keeping legacy.
[02:09:19] Skipping Tenant 9 brands-photos: No 'assets' folder found. Keeping legacy.
[02:09:19] Skipping Tenant 9 categories-photos: No 'assets' folder found. Keeping legacy.
[02:09:19] Skipping Tenant 9 products-photos: No 'assets' folder found. Keeping legacy.
[02:09:19] Skipping Tenant 9 user-photos: No 'assets' folder found. Keeping legacy.
[02:09:19] Skipping Tenant 90 products-photos: No 'assets' folder found. Keeping legacy.
[02:09:19] Skipping Tenant 91 customers-photos: No 'assets' folder found. Keeping legacy.
[02:09:19] Skipping Tenant 91 products-photos: No 'assets' folder found. Keeping legacy.
[02:09:19] Skipping Tenant 92 customers-photos: No 'assets' folder found. Keeping legacy.
[02:09:19] Skipping Tenant 92 products-photos: No 'assets' folder found. Keeping legacy.
[02:09:19] Skipping Tenant 93 customers-photos: No 'assets' folder found. Keeping legacy.
[02:09:19] Skipping Tenant 93 products-photos: No 'assets' folder found. Keeping legacy.
[02:09:19] Skipping Tenant 94 customers-photos: No 'assets' folder found. Keeping legacy.
[02:09:19] Skipping Tenant 94 products-photos: No 'assets' folder found. Keeping legacy.
[02:09:19] Skipping Tenant 95 customers-photos: No 'assets' folder found. Keeping legacy.
[02:09:19] Skipping Tenant 95 products-photos: No 'assets' folder found. Keeping legacy.
[02:09:19] Skipping Tenant 96 customers-photos: No 'assets' folder found. Keeping legacy.
[02:09:19] Skipping Tenant 96 products-photos: No 'assets' folder found. Keeping legacy.
[02:09:19] Skipping Tenant 97 products-photos: No 'assets' folder found. Keeping legacy.
[02:09:19] Skipping Tenant 98 products-photos: No 'assets' folder found. Keeping legacy.
[02:09:19] Skipping Tenant 99 customers-photos: No 'assets' folder found. Keeping legacy.
[02:09:19] Skipping Tenant 99 products-photos: No 'assets' folder found. Keeping legacy.
[02:09:19] Found Artifact Dir: ai-future-creativity.jpg. Moving to backup.
[02:09:19] Found Artifact Dir: AREmoji_20230816_122325_1959.png. Moving to backup.
[02:09:19] Cleanup Complete.
