[INFO] Scanning for projects...
[INFO] 
[INFO] ---------------------< com.onlineStore:WebBackEnd >---------------------
[INFO] Building WebBackEnd 0.0.1-SNAPSHOT
[INFO]   from pom.xml
[INFO] --------------------------------[ jar ]---------------------------------
[INFO] 
[INFO] >>> spring-boot:3.1.4:run (default-cli) > test-compile @ WebBackEnd >>>
[INFO] 
[INFO] --- resources:3.3.1:resources (default-resources) @ WebBackEnd ---
[INFO] Copying 1 resource from src\main\resources to target\classes
[INFO] Copying 185 resources from src\main\resources to target\classes
[INFO] 
[INFO] --- compiler:3.11.0:compile (default-compile) @ WebBackEnd ---
[INFO] Changes detected - recompiling the module! :source
[INFO] Compiling 162 source files with javac [debug release 19] to target\classes
[INFO] /C:/Users/enoam/OneDrive/onlineStore/onlineStore/webParent/WebBackEnd/src/main/java/com/onlineStore/admin/pdfConvert/convertUtile/ExcelToPdfConverter.java: C:\Users\enoam\OneDrive\onlineStore\onlineStore\webParent\WebBackEnd\src\main\java\com\onlineStore\admin\pdfConvert\convertUtile\ExcelToPdfConverter.java uses or overrides a deprecated API.
[INFO] /C:/Users/enoam/OneDrive/onlineStore/onlineStore/webParent/WebBackEnd/src/main/java/com/onlineStore/admin/pdfConvert/convertUtile/ExcelToPdfConverter.java: Recompile with -Xlint:deprecation for details.
[INFO] /C:/Users/enoam/OneDrive/onlineStore/onlineStore/webParent/WebBackEnd/src/main/java/com/onlineStore/admin/governance/watchdog/FileSystemMonitor.java: Some input files use unchecked or unsafe operations.
[INFO] /C:/Users/enoam/OneDrive/onlineStore/onlineStore/webParent/WebBackEnd/src/main/java/com/onlineStore/admin/governance/watchdog/FileSystemMonitor.java: Recompile with -Xlint:unchecked for details.
[INFO] 
[INFO] --- resources:3.3.1:testResources (default-testResources) @ WebBackEnd ---
[INFO] skip non existing resourceDirectory C:\Users\enoam\OneDrive\onlineStore\onlineStore\webParent\WebBackEnd\src\test\resources
[INFO] 
[INFO] --- compiler:3.11.0:testCompile (default-testCompile) @ WebBackEnd ---
[INFO] Changes detected - recompiling the module! :dependency
[INFO] Compiling 62 source files with javac [debug release 19] to target\test-classes
[INFO] /C:/Users/enoam/OneDrive/onlineStore/onlineStore/webParent/WebBackEnd/src/test/java/com/onlineStore/admin/SchemaInspectionTest.java: C:\Users\enoam\OneDrive\onlineStore\onlineStore\webParent\WebBackEnd\src\test\java\com\onlineStore\admin\SchemaInspectionTest.java uses unchecked or unsafe operations.
[INFO] /C:/Users/enoam/OneDrive/onlineStore/onlineStore/webParent/WebBackEnd/src/test/java/com/onlineStore/admin/SchemaInspectionTest.java: Recompile with -Xlint:unchecked for details.
[INFO] 
[INFO] <<< spring-boot:3.1.4:run (default-cli) < test-compile @ WebBackEnd <<<
[INFO] 
[INFO] 
[INFO] --- spring-boot:3.1.4:run (default-cli) @ WebBackEnd ---
[INFO] Attaching agents: []
Standard Commons Logging discovery in action with spring-jcl: please remove commons-logging.jar from classpath in order to avoid potential conflicts
Standard Commons Logging discovery in action with spring-jcl: please remove commons-logging.jar from classpath in order to avoid potential conflicts

  .   ____          _            __ _ _
 /\\ / ___'_ __ _ _(_)_ __  __ _ \ \ \ \
( ( )\___ | '_ | '_| | '_ \/ _` | \ \ \ \
 \\/  ___)| |_)| | | | | || (_| |  ) ) ) )
  '  |____| .__|_| |_|_| |_\__, | / / / /
 =========|_|==============|___/=/_/_/_/
 :: Spring Boot ::                (v3.1.4)

2026-01-14T00:48:50.869+02:00  INFO 42856 --- [  restartedMain] c.o.admin.WebBackEndApplication          : Starting WebBackEndApplication using Java 19.0.1 with PID 42856 (C:\Users\enoam\OneDrive\onlineStore\onlineStore\webParent\WebBackEnd\target\classes started by enoam in C:\Users\enoam\OneDrive\onlineStore\onlineStore\webParent\WebBackEnd)
2026-01-14T00:48:50.872+02:00  INFO 42856 --- [  restartedMain] c.o.admin.WebBackEndApplication          : No active profile set, falling back to 1 default profile: "default"
2026-01-14T00:48:50.941+02:00  INFO 42856 --- [  restartedMain] .e.DevToolsPropertyDefaultsPostProcessor : Devtools property defaults active! Set 'spring.devtools.add-properties' to 'false' to disable
2026-01-14T00:48:50.941+02:00  INFO 42856 --- [  restartedMain] .e.DevToolsPropertyDefaultsPostProcessor : For additional web related logging consider setting the 'logging.level.web' property to 'DEBUG'
2026-01-14T00:48:52.115+02:00  INFO 42856 --- [  restartedMain] .s.d.r.c.RepositoryConfigurationDelegate : Bootstrapping Spring Data JPA repositories in DEFAULT mode.
2026-01-14T00:48:52.290+02:00  INFO 42856 --- [  restartedMain] .s.d.r.c.RepositoryConfigurationDelegate : Finished Spring Data repository scanning in 164 ms. Found 21 JPA repository interfaces.
2026-01-14T00:48:53.764+02:00  INFO 42856 --- [  restartedMain] o.s.b.w.embedded.tomcat.TomcatWebServer  : Tomcat initialized with port(s): 710 (http)
2026-01-14T00:48:53.775+02:00  INFO 42856 --- [  restartedMain] o.apache.catalina.core.StandardService   : Starting service [Tomcat]
2026-01-14T00:48:53.775+02:00  INFO 42856 --- [  restartedMain] o.apache.catalina.core.StandardEngine    : Starting Servlet engine: [Apache Tomcat/10.1.13]
2026-01-14T00:48:53.872+02:00  INFO 42856 --- [  restartedMain] o.a.c.c.C.[Tomcat].[localhost].[/]       : Initializing Spring embedded WebApplicationContext
2026-01-14T00:48:53.873+02:00  INFO 42856 --- [  restartedMain] w.s.c.ServletWebServerApplicationContext : Root WebApplicationContext: initialization completed in 2932 ms
Standard Commons Logging discovery in action with spring-jcl: please remove commons-logging.jar from classpath in order to avoid potential conflicts
2026-01-14T00:48:54.039+02:00  INFO 42856 --- [  restartedMain] o.hibernate.jpa.internal.util.LogHelper  : HHH000204: Processing PersistenceUnitInfo [name: default]
2026-01-14T00:48:54.109+02:00  INFO 42856 --- [  restartedMain] org.hibernate.Version                    : HHH000412: Hibernate ORM core version 6.2.9.Final
2026-01-14T00:48:54.113+02:00  INFO 42856 --- [  restartedMain] org.hibernate.cfg.Environment            : HHH000406: Using bytecode reflection optimizer
2026-01-14T00:48:54.271+02:00  INFO 42856 --- [  restartedMain] o.h.b.i.BytecodeProviderInitiator        : HHH000021: Bytecode provider name : bytebuddy
2026-01-14T00:48:54.429+02:00  INFO 42856 --- [  restartedMain] o.s.o.j.p.SpringPersistenceUnitInfo      : No LoadTimeWeaver setup: ignoring JPA class transformer
2026-01-14T00:48:54.446+02:00  INFO 42856 --- [  restartedMain] com.zaxxer.hikari.HikariDataSource       : HikariPool-1 - Starting...
2026-01-14T00:48:54.732+02:00  INFO 42856 --- [  restartedMain] com.zaxxer.hikari.pool.HikariPool        : HikariPool-1 - Added connection com.mysql.cj.jdbc.ConnectionImpl@4c06a237
2026-01-14T00:48:54.734+02:00  INFO 42856 --- [  restartedMain] com.zaxxer.hikari.HikariDataSource       : HikariPool-1 - Start completed.
2026-01-14T00:48:55.380+02:00  INFO 42856 --- [  restartedMain] o.h.b.i.BytecodeProviderInitiator        : HHH000021: Bytecode provider name : bytebuddy
2026-01-14T00:48:56.686+02:00  INFO 42856 --- [  restartedMain] o.h.e.t.j.p.i.JtaPlatformInitiator       : HHH000490: Using JtaPlatform implementation: [org.hibernate.engine.transaction.jta.platform.internal.NoJtaPlatform]
2026-01-14T00:48:57.180+02:00  INFO 42856 --- [  restartedMain] j.LocalContainerEntityManagerFactoryBean : Initialized JPA EntityManagerFactory for persistence unit 'default'
2026-01-14T00:48:57.379+02:00  INFO 42856 --- [  restartedMain] o.s.boot.web.servlet.RegistrationBean    : Filter tenantFilterRegistration was not registered (disabled)
2026-01-14T00:48:57.379+02:00  INFO 42856 --- [  restartedMain] o.s.boot.web.servlet.RegistrationBean    : Filter tenantContextFilterRegistration was not registered (disabled)
2026-01-14T00:48:57.724+02:00  INFO 42856 --- [  restartedMain] o.s.d.j.r.query.QueryEnhancerFactory     : Hibernate is in classpath; If applicable, HQL parser will be used.
? Anti-Gravity Knowledge System is starting...
? Loading knowledge file: 00-intent.yml
   + Registered: 00-INTENT (INTENT)
? Loading knowledge file: 00-test-rule.yml
   + Registered: RULE-001-TEST (RULE)
? Loading knowledge file: 01-core-principles.yml
   + Registered: 01-CORE-PRINCIPLES (PRINCIPLE)
? Loading knowledge file: 02-rule-mapping.yml
   + Registered: 02-RULE-MAPPING (UNSTRUCTURED)
? Loading knowledge file: 03-business-scenarios.yml
   + Registered: 03-BUSINESS-SCENARIOS (BUSINESS_LOGIC)
? Loading knowledge file: 04-ai-prompts.yml
   + Registered: 04-AI-PROMPTS (AI_CONTEXT)
? Loading knowledge file: 05-pitch-deck.yml
   + Registered: 05-PITCH-DECK (BUSINESS_PITCH)
? Loading knowledge file: 06-governance.yml
   + Registered: 06-GOVERNANCE (GOVERNANCE)
? Loading knowledge file: 07-shared-reference-data.yml
   + Registered: 07-SHARED-REFERENCE-DATA (REFERENCE_DATA)
? Loading knowledge file: 08-tenant-isolation.yml
   + Registered: 08-TENANT-ISOLATION (RULE)
? Loading knowledge file: 10-storage-structure.yml
   + Registered: 10-STORAGE-STRUCTURE (TECHNICAL_SPEC)
? Knowledge System loaded successfully. Total entries: 11
? Starting Asset Reorganization with Logging...
=========================================
MIGRATION SUMMARY
Total Tenants Processed: 124
Total Files Moved: 0
Errors: 0
=========================================
? Generated HTML Preview: knowledge_preview.html
? Generated Folder Structure: C:\Users\enoam\OneDrive\onlineStore\onlineStore\webParent\WebBackEnd\knowledge_export\tenants
?? Autonomous Architecture & Runtime Auditor [READ-ONLY MODE] scanning...
System Audit Completed: WARNINGS
? Architecture Watchdog starting...
2026-01-14T00:48:58.661+02:00  INFO 42856 --- [  restartedMain] c.o.a.g.watchdog.FileSystemMonitor       : Watchdog: Registered monitor for tenants
2026-01-14T00:48:58.661+02:00  INFO 42856 --- [  restartedMain] c.o.a.g.watchdog.FileSystemMonitor       : Watchdog: Registered monitor for .
? Architecture Watchdog is active and monitoring.
2026-01-14T00:48:58.662+02:00  INFO 42856 --- [Watchdog-Thread] c.o.a.g.watchdog.FileSystemMonitor       : Watchdog: FileSystemMonitor thread started.
2026-01-14T00:49:00.144+02:00  WARN 42856 --- [  restartedMain] JpaBaseConfiguration$JpaWebConfiguration : spring.jpa.open-in-view is enabled by default. Therefore, database queries may be performed during view rendering. Explicitly configure spring.jpa.open-in-view to disable this warning
2026-01-14T00:49:01.007+02:00  INFO 42856 --- [  restartedMain] o.s.b.a.e.web.EndpointLinksResolver      : Exposing 1 endpoint(s) beneath base path '/actuator'
2026-01-14T00:49:01.096+02:00  INFO 42856 --- [  restartedMain] o.s.s.web.DefaultSecurityFilterChain     : Will secure any request with [org.springframework.security.web.session.DisableEncodeUrlFilter@28b13fb4, org.springframework.security.web.context.request.async.WebAsyncManagerIntegrationFilter@5db5735c, org.springframework.security.web.context.SecurityContextHolderFilter@40bbc1b9, org.springframework.security.web.header.HeaderWriterFilter@48784d56, org.springframework.security.web.csrf.CsrfFilter@3a51b154, org.springframework.security.web.authentication.logout.LogoutFilter@6f4b42f0, org.springframework.security.web.authentication.UsernamePasswordAuthenticationFilter@49b798d6, com.onlineStoreCom.security.tenant.TenantContextFilter@3ec6defd, org.springframework.security.web.savedrequest.RequestCacheAwareFilter@6b4667da, org.springframework.security.web.servletapi.SecurityContextHolderAwareRequestFilter@5228cc9f, org.springframework.security.web.authentication.rememberme.RememberMeAuthenticationFilter@14415d2, org.springframework.security.web.authentication.AnonymousAuthenticationFilter@457d7246, org.springframework.security.web.access.ExceptionTranslationFilter@7257c0ee, org.springframework.security.web.access.intercept.AuthorizationFilter@64e9a6a8]
2026-01-14T00:49:01.661+02:00  WARN 42856 --- [  restartedMain] o.s.b.d.a.OptionalLiveReloadServer       : Unable to start LiveReload server
2026-01-14T00:49:01.766+02:00  INFO 42856 --- [  restartedMain] o.s.b.w.embedded.tomcat.TomcatWebServer  : Tomcat started on port(s): 710 (http) with context path ''
2026-01-14T00:49:01.788+02:00  INFO 42856 --- [  restartedMain] c.o.admin.WebBackEndApplication          : Started WebBackEndApplication in 11.404 seconds (process running for 11.935)
? RUNNING DATA REPAIR: Fixing Broken Category Hierarchies...
2026-01-14T00:49:01.902+02:00 DEBUG 42856 --- [  restartedMain] org.hibernate.SQL                        : UPDATE categories c JOIN categories p ON c.parent_id = p.id SET c.parent_id = NULL WHERE c.tenant_id != p.tenant_id
? DATA REPAIR COMPLETE: Cross-tenant parents removed.
2026-01-14T00:49:01.913+02:00  INFO 42856 --- [  restartedMain] c.o.admin.tenant.TenantDataSeeder        : STARTING TENANT DATA VERIFICATION & SEEDING (Phase 6)
2026-01-14T00:49:01.980+02:00 DEBUG 42856 --- [  restartedMain] org.hibernate.SQL                        : select t1_0.id,t1_0.code,t1_0.created_at,t1_0.name,t1_0.parent_id,t1_0.status from tenants t1_0
2026-01-14T00:49:02.004+02:00  INFO 42856 --- [  restartedMain] c.o.admin.tenant.TenantDataSeeder        : Verifying Tenant: Master Platform [1]
2026-01-14T00:49:02.044+02:00 DEBUG 42856 --- [  restartedMain] org.hibernate.SQL                        : select s1_0.id,s1_0.category,s1_0.`key`,s1_0.tenant_id,s1_0.value from settings s1_0 where s1_0.category=?
? SECURITY ALERT: Data Guard Blocked Access! Current Tenant [1] tried to access data of Tenant [6]
2026-01-14T00:49:02.057+02:00 ERROR 42856 --- [  restartedMain] c.o.admin.tenant.TenantDataSeeder        : Error verifying tenant: Master Platform

java.lang.SecurityException: ⛔ SECURITY ALERT: Data Guard Blocked Access! Current Tenant [1] tried to access data of Tenant [6]
	at com.onlineStoreCom.tenant.TenantListener.verifyDataIntegrity(TenantListener.java:56) ~[comm-0.0.2-SNAPSHOT.jar:0.0.2-SNAPSHOT]
	at java.base/jdk.internal.reflect.DirectMethodHandleAccessor.invoke(DirectMethodHandleAccessor.java:104) ~[na:na]
	at java.base/java.lang.reflect.Method.invoke(Method.java:578) ~[na:na]
	at org.hibernate.jpa.event.internal.ListenerCallback.performCallback(ListenerCallback.java:55) ~[hibernate-core-6.2.9.Final.jar:6.2.9.Final]
	at org.hibernate.jpa.event.internal.CallbackRegistryImpl.callback(CallbackRegistryImpl.java:123) ~[hibernate-core-6.2.9.Final.jar:6.2.9.Final]
	at org.hibernate.jpa.event.internal.CallbackRegistryImpl.postLoad(CallbackRegistryImpl.java:106) ~[hibernate-core-6.2.9.Final.jar:6.2.9.Final]
	at org.hibernate.event.internal.DefaultPostLoadEventListener.onPostLoad(DefaultPostLoadEventListener.java:42) ~[hibernate-core-6.2.9.Final.jar:6.2.9.Final]
	at org.hibernate.event.service.internal.EventListenerGroupImpl.fireEventOnEachListener(EventListenerGroupImpl.java:127) ~[hibernate-core-6.2.9.Final.jar:6.2.9.Final]
	at org.hibernate.sql.results.jdbc.internal.JdbcValuesSourceProcessingStateStandardImpl.lambda$postLoad$0(JdbcValuesSourceProcessingStateStandardImpl.java:183) ~[hibernate-core-6.2.9.Final.jar:6.2.9.Final]
	at java.base/java.util.HashMap.forEach(HashMap.java:1429) ~[na:na]
	at org.hibernate.sql.results.jdbc.internal.JdbcValuesSourceProcessingStateStandardImpl.postLoad(JdbcValuesSourceProcessingStateStandardImpl.java:175) ~[hibernate-core-6.2.9.Final.jar:6.2.9.Final]
	at org.hibernate.sql.results.jdbc.internal.JdbcValuesSourceProcessingStateStandardImpl.finishUp(JdbcValuesSourceProcessingStateStandardImpl.java:165) ~[hibernate-core-6.2.9.Final.jar:6.2.9.Final]
	at org.hibernate.sql.results.spi.ListResultsConsumer.consume(ListResultsConsumer.java:206) ~[hibernate-core-6.2.9.Final.jar:6.2.9.Final]
	at org.hibernate.sql.results.spi.ListResultsConsumer.consume(ListResultsConsumer.java:33) ~[hibernate-core-6.2.9.Final.jar:6.2.9.Final]
	at org.hibernate.sql.exec.internal.JdbcSelectExecutorStandardImpl.doExecuteQuery(JdbcSelectExecutorStandardImpl.java:361) ~[hibernate-core-6.2.9.Final.jar:6.2.9.Final]
	at org.hibernate.sql.exec.internal.JdbcSelectExecutorStandardImpl.executeQuery(JdbcSelectExecutorStandardImpl.java:168) ~[hibernate-core-6.2.9.Final.jar:6.2.9.Final]
	at org.hibernate.sql.exec.internal.JdbcSelectExecutorStandardImpl.list(JdbcSelectExecutorStandardImpl.java:93) ~[hibernate-core-6.2.9.Final.jar:6.2.9.Final]
	at org.hibernate.sql.exec.spi.JdbcSelectExecutor.list(JdbcSelectExecutor.java:31) ~[hibernate-core-6.2.9.Final.jar:6.2.9.Final]
	at org.hibernate.query.sqm.internal.ConcreteSqmSelectQueryPlan.lambda$new$0(ConcreteSqmSelectQueryPlan.java:110) ~[hibernate-core-6.2.9.Final.jar:6.2.9.Final]
	at org.hibernate.query.sqm.internal.ConcreteSqmSelectQueryPlan.withCacheableSqmInterpretation(ConcreteSqmSelectQueryPlan.java:303) ~[hibernate-core-6.2.9.Final.jar:6.2.9.Final]
	at org.hibernate.query.sqm.internal.ConcreteSqmSelectQueryPlan.performList(ConcreteSqmSelectQueryPlan.java:244) ~[hibernate-core-6.2.9.Final.jar:6.2.9.Final]
	at org.hibernate.query.sqm.internal.QuerySqmImpl.doList(QuerySqmImpl.java:518) ~[hibernate-core-6.2.9.Final.jar:6.2.9.Final]
	at org.hibernate.query.spi.AbstractSelectionQuery.list(AbstractSelectionQuery.java:367) ~[hibernate-core-6.2.9.Final.jar:6.2.9.Final]
	at org.hibernate.query.Query.getResultList(Query.java:119) ~[hibernate-core-6.2.9.Final.jar:6.2.9.Final]
	at java.base/jdk.internal.reflect.DirectMethodHandleAccessor.invoke(DirectMethodHandleAccessor.java:104) ~[na:na]
	at java.base/java.lang.reflect.Method.invoke(Method.java:578) ~[na:na]
	at org.springframework.orm.jpa.SharedEntityManagerCreator$DeferredQueryInvocationHandler.invoke(SharedEntityManagerCreator.java:405) ~[spring-orm-6.0.12.jar:6.0.12]
	at jdk.proxy4/jdk.proxy4.$Proxy200.getResultList(Unknown Source) ~[na:na]
	at org.springframework.data.jpa.repository.query.JpaQueryExecution$CollectionExecution.doExecute(JpaQueryExecution.java:129) ~[spring-data-jpa-3.1.4.jar:3.1.4]
	at org.springframework.data.jpa.repository.query.JpaQueryExecution.execute(JpaQueryExecution.java:92) ~[spring-data-jpa-3.1.4.jar:3.1.4]
	at org.springframework.data.jpa.repository.query.AbstractJpaQuery.doExecute(AbstractJpaQuery.java:148) ~[spring-data-jpa-3.1.4.jar:3.1.4]
	at org.springframework.data.jpa.repository.query.AbstractJpaQuery.execute(AbstractJpaQuery.java:136) ~[spring-data-jpa-3.1.4.jar:3.1.4]
	at org.springframework.data.repository.core.support.RepositoryMethodInvoker.doInvoke(RepositoryMethodInvoker.java:136) ~[spring-data-commons-3.1.4.jar:3.1.4]
	at org.springframework.data.repository.core.support.RepositoryMethodInvoker.invoke(RepositoryMethodInvoker.java:120) ~[spring-data-commons-3.1.4.jar:3.1.4]
	at org.springframework.data.repository.core.support.QueryExecutorMethodInterceptor.doInvoke(QueryExecutorMethodInterceptor.java:164) ~[spring-data-commons-3.1.4.jar:3.1.4]
	at org.springframework.data.repository.core.support.QueryExecutorMethodInterceptor.invoke(QueryExecutorMethodInterceptor.java:143) ~[spring-data-commons-3.1.4.jar:3.1.4]
	at org.springframework.aop.framework.ReflectiveMethodInvocation.proceed(ReflectiveMethodInvocation.java:184) ~[spring-aop-6.0.12.jar:6.0.12]
	at org.springframework.data.projection.DefaultMethodInvokingMethodInterceptor.invoke(DefaultMethodInvokingMethodInterceptor.java:72) ~[spring-data-commons-3.1.4.jar:3.1.4]
	at org.springframework.aop.framework.ReflectiveMethodInvocation.proceed(ReflectiveMethodInvocation.java:184) ~[spring-aop-6.0.12.jar:6.0.12]
	at org.springframework.transaction.interceptor.TransactionInterceptor$1.proceedWithInvocation(TransactionInterceptor.java:123) ~[spring-tx-6.0.12.jar:6.0.12]
	at org.springframework.transaction.interceptor.TransactionAspectSupport.invokeWithinTransaction(TransactionAspectSupport.java:391) ~[spring-tx-6.0.12.jar:6.0.12]
	at org.springframework.transaction.interceptor.TransactionInterceptor.invoke(TransactionInterceptor.java:119) ~[spring-tx-6.0.12.jar:6.0.12]
	at org.springframework.aop.framework.ReflectiveMethodInvocation.proceed(ReflectiveMethodInvocation.java:184) ~[spring-aop-6.0.12.jar:6.0.12]
	at org.springframework.dao.support.PersistenceExceptionTranslationInterceptor.invoke(PersistenceExceptionTranslationInterceptor.java:137) ~[spring-tx-6.0.12.jar:6.0.12]
	at org.springframework.aop.framework.ReflectiveMethodInvocation.proceed(ReflectiveMethodInvocation.java:184) ~[spring-aop-6.0.12.jar:6.0.12]
	at org.springframework.data.jpa.repository.support.CrudMethodMetadataPostProcessor$CrudMethodMetadataPopulatingMethodInterceptor.invoke(CrudMethodMetadataPostProcessor.java:135) ~[spring-data-jpa-3.1.4.jar:3.1.4]
	at org.springframework.aop.framework.ReflectiveMethodInvocation.proceed(ReflectiveMethodInvocation.java:184) ~[spring-aop-6.0.12.jar:6.0.12]
	at org.springframework.aop.interceptor.ExposeInvocationInterceptor.invoke(ExposeInvocationInterceptor.java:97) ~[spring-aop-6.0.12.jar:6.0.12]
	at org.springframework.aop.framework.ReflectiveMethodInvocation.proceed(ReflectiveMethodInvocation.java:184) ~[spring-aop-6.0.12.jar:6.0.12]
	at org.springframework.aop.framework.JdkDynamicAopProxy.invoke(JdkDynamicAopProxy.java:244) ~[spring-aop-6.0.12.jar:6.0.12]
	at jdk.proxy4/jdk.proxy4.$Proxy175.findByCategory(Unknown Source) ~[na:na]
	at com.onlineStore.admin.tenant.TenantDataSeeder.verifyTheme(TenantDataSeeder.java:122) ~[classes/:na]
	at com.onlineStore.admin.tenant.TenantDataSeeder.verifyTenant(TenantDataSeeder.java:90) ~[classes/:na]
	at com.onlineStore.admin.tenant.TenantDataSeeder.run(TenantDataSeeder.java:64) ~[classes/:na]
	at org.springframework.boot.SpringApplication.callRunner(SpringApplication.java:774) ~[spring-boot-3.1.4.jar:3.1.4]
	at org.springframework.boot.SpringApplication.callRunners(SpringApplication.java:758) ~[spring-boot-3.1.4.jar:3.1.4]
	at org.springframework.boot.SpringApplication.run(SpringApplication.java:322) ~[spring-boot-3.1.4.jar:3.1.4]
	at org.springframework.boot.SpringApplication.run(SpringApplication.java:1309) ~[spring-boot-3.1.4.jar:3.1.4]
	at org.springframework.boot.SpringApplication.run(SpringApplication.java:1298) ~[spring-boot-3.1.4.jar:3.1.4]
	at com.onlineStore.admin.WebBackEndApplication.main(WebBackEndApplication.java:15) ~[classes/:na]
	at java.base/jdk.internal.reflect.DirectMethodHandleAccessor.invoke(DirectMethodHandleAccessor.java:104) ~[na:na]
	at java.base/java.lang.reflect.Method.invoke(Method.java:578) ~[na:na]
	at org.springframework.boot.devtools.restart.RestartLauncher.run(RestartLauncher.java:50) ~[spring-boot-devtools-3.1.4.jar:3.1.4]

2026-01-14T00:49:02.062+02:00  INFO 42856 --- [  restartedMain] c.o.admin.tenant.TenantDataSeeder        : Verifying Tenant: Online Store [4]
2026-01-14T00:49:02.064+02:00 DEBUG 42856 --- [  restartedMain] org.hibernate.SQL                        : select s1_0.id,s1_0.category,s1_0.`key`,s1_0.tenant_id,s1_0.value from settings s1_0 where s1_0.category=?
? SECURITY ALERT: Data Guard Blocked Access! Current Tenant [4] tried to access data of Tenant [6]
2026-01-14T00:49:02.072+02:00 ERROR 42856 --- [  restartedMain] c.o.admin.tenant.TenantDataSeeder        : Error verifying tenant: Online Store

java.lang.SecurityException: ⛔ SECURITY ALERT: Data Guard Blocked Access! Current Tenant [4] tried to access data of Tenant [6]
	at com.onlineStoreCom.tenant.TenantListener.verifyDataIntegrity(TenantListener.java:56) ~[comm-0.0.2-SNAPSHOT.jar:0.0.2-SNAPSHOT]
	at java.base/jdk.internal.reflect.DirectMethodHandleAccessor.invoke(DirectMethodHandleAccessor.java:104) ~[na:na]
	at java.base/java.lang.reflect.Method.invoke(Method.java:578) ~[na:na]
	at org.hibernate.jpa.event.internal.ListenerCallback.performCallback(ListenerCallback.java:55) ~[hibernate-core-6.2.9.Final.jar:6.2.9.Final]
	at org.hibernate.jpa.event.internal.CallbackRegistryImpl.callback(CallbackRegistryImpl.java:123) ~[hibernate-core-6.2.9.Final.jar:6.2.9.Final]
	at org.hibernate.jpa.event.internal.CallbackRegistryImpl.postLoad(CallbackRegistryImpl.java:106) ~[hibernate-core-6.2.9.Final.jar:6.2.9.Final]
	at org.hibernate.event.internal.DefaultPostLoadEventListener.onPostLoad(DefaultPostLoadEventListener.java:42) ~[hibernate-core-6.2.9.Final.jar:6.2.9.Final]
	at org.hibernate.event.service.internal.EventListenerGroupImpl.fireEventOnEachListener(EventListenerGroupImpl.java:127) ~[hibernate-core-6.2.9.Final.jar:6.2.9.Final]
	at org.hibernate.sql.results.jdbc.internal.JdbcValuesSourceProcessingStateStandardImpl.lambda$postLoad$0(JdbcValuesSourceProcessingStateStandardImpl.java:183) ~[hibernate-core-6.2.9.Final.jar:6.2.9.Final]
	at java.base/java.util.HashMap.forEach(HashMap.java:1429) ~[na:na]
	at org.hibernate.sql.results.jdbc.internal.JdbcValuesSourceProcessingStateStandardImpl.postLoad(JdbcValuesSourceProcessingStateStandardImpl.java:175) ~[hibernate-core-6.2.9.Final.jar:6.2.9.Final]
	at org.hibernate.sql.results.jdbc.internal.JdbcValuesSourceProcessingStateStandardImpl.finishUp(JdbcValuesSourceProcessingStateStandardImpl.java:165) ~[hibernate-core-6.2.9.Final.jar:6.2.9.Final]
	at org.hibernate.sql.results.spi.ListResultsConsumer.consume(ListResultsConsumer.java:206) ~[hibernate-core-6.2.9.Final.jar:6.2.9.Final]
	at org.hibernate.sql.results.spi.ListResultsConsumer.consume(ListResultsConsumer.java:33) ~[hibernate-core-6.2.9.Final.jar:6.2.9.Final]
	at org.hibernate.sql.exec.internal.JdbcSelectExecutorStandardImpl.doExecuteQuery(JdbcSelectExecutorStandardImpl.java:361) ~[hibernate-core-6.2.9.Final.jar:6.2.9.Final]
	at org.hibernate.sql.exec.internal.JdbcSelectExecutorStandardImpl.executeQuery(JdbcSelectExecutorStandardImpl.java:168) ~[hibernate-core-6.2.9.Final.jar:6.2.9.Final]
	at org.hibernate.sql.exec.internal.JdbcSelectExecutorStandardImpl.list(JdbcSelectExecutorStandardImpl.java:93) ~[hibernate-core-6.2.9.Final.jar:6.2.9.Final]
	at org.hibernate.sql.exec.spi.JdbcSelectExecutor.list(JdbcSelectExecutor.java:31) ~[hibernate-core-6.2.9.Final.jar:6.2.9.Final]
	at org.hibernate.query.sqm.internal.ConcreteSqmSelectQueryPlan.lambda$new$0(ConcreteSqmSelectQueryPlan.java:110) ~[hibernate-core-6.2.9.Final.jar:6.2.9.Final]
	at org.hibernate.query.sqm.internal.ConcreteSqmSelectQueryPlan.withCacheableSqmInterpretation(ConcreteSqmSelectQueryPlan.java:303) ~[hibernate-core-6.2.9.Final.jar:6.2.9.Final]
	at org.hibernate.query.sqm.internal.ConcreteSqmSelectQueryPlan.performList(ConcreteSqmSelectQueryPlan.java:244) ~[hibernate-core-6.2.9.Final.jar:6.2.9.Final]
	at org.hibernate.query.sqm.internal.QuerySqmImpl.doList(QuerySqmImpl.java:518) ~[hibernate-core-6.2.9.Final.jar:6.2.9.Final]
	at org.hibernate.query.spi.AbstractSelectionQuery.list(AbstractSelectionQuery.java:367) ~[hibernate-core-6.2.9.Final.jar:6.2.9.Final]
	at org.hibernate.query.Query.getResultList(Query.java:119) ~[hibernate-core-6.2.9.Final.jar:6.2.9.Final]
	at java.base/jdk.internal.reflect.DirectMethodHandleAccessor.invoke(DirectMethodHandleAccessor.java:104) ~[na:na]
	at java.base/java.lang.reflect.Method.invoke(Method.java:578) ~[na:na]
	at org.springframework.orm.jpa.SharedEntityManagerCreator$DeferredQueryInvocationHandler.invoke(SharedEntityManagerCreator.java:405) ~[spring-orm-6.0.12.jar:6.0.12]
	at jdk.proxy4/jdk.proxy4.$Proxy200.getResultList(Unknown Source) ~[na:na]
	at org.springframework.data.jpa.repository.query.JpaQueryExecution$CollectionExecution.doExecute(JpaQueryExecution.java:129) ~[spring-data-jpa-3.1.4.jar:3.1.4]
	at org.springframework.data.jpa.repository.query.JpaQueryExecution.execute(JpaQueryExecution.java:92) ~[spring-data-jpa-3.1.4.jar:3.1.4]
	at org.springframework.data.jpa.repository.query.AbstractJpaQuery.doExecute(AbstractJpaQuery.java:148) ~[spring-data-jpa-3.1.4.jar:3.1.4]
	at org.springframework.data.jpa.repository.query.AbstractJpaQuery.execute(AbstractJpaQuery.java:136) ~[spring-data-jpa-3.1.4.jar:3.1.4]
	at org.springframework.data.repository.core.support.RepositoryMethodInvoker.doInvoke(RepositoryMethodInvoker.java:136) ~[spring-data-commons-3.1.4.jar:3.1.4]
	at org.springframework.data.repository.core.support.RepositoryMethodInvoker.invoke(RepositoryMethodInvoker.java:120) ~[spring-data-commons-3.1.4.jar:3.1.4]
	at org.springframework.data.repository.core.support.QueryExecutorMethodInterceptor.doInvoke(QueryExecutorMethodInterceptor.java:164) ~[spring-data-commons-3.1.4.jar:3.1.4]
	at org.springframework.data.repository.core.support.QueryExecutorMethodInterceptor.invoke(QueryExecutorMethodInterceptor.java:143) ~[spring-data-commons-3.1.4.jar:3.1.4]
	at org.springframework.aop.framework.ReflectiveMethodInvocation.proceed(ReflectiveMethodInvocation.java:184) ~[spring-aop-6.0.12.jar:6.0.12]
	at org.springframework.data.projection.DefaultMethodInvokingMethodInterceptor.invoke(DefaultMethodInvokingMethodInterceptor.java:72) ~[spring-data-commons-3.1.4.jar:3.1.4]
	at org.springframework.aop.framework.ReflectiveMethodInvocation.proceed(ReflectiveMethodInvocation.java:184) ~[spring-aop-6.0.12.jar:6.0.12]
	at org.springframework.transaction.interceptor.TransactionInterceptor$1.proceedWithInvocation(TransactionInterceptor.java:123) ~[spring-tx-6.0.12.jar:6.0.12]
	at org.springframework.transaction.interceptor.TransactionAspectSupport.invokeWithinTransaction(TransactionAspectSupport.java:391) ~[spring-tx-6.0.12.jar:6.0.12]
	at org.springframework.transaction.interceptor.TransactionInterceptor.invoke(TransactionInterceptor.java:119) ~[spring-tx-6.0.12.jar:6.0.12]
	at org.springframework.aop.framework.ReflectiveMethodInvocation.proceed(ReflectiveMethodInvocation.java:184) ~[spring-aop-6.0.12.jar:6.0.12]
	at org.springframework.dao.support.PersistenceExceptionTranslationInterceptor.invoke(PersistenceExceptionTranslationInterceptor.java:137) ~[spring-tx-6.0.12.jar:6.0.12]
	at org.springframework.aop.framework.ReflectiveMethodInvocation.proceed(ReflectiveMethodInvocation.java:184) ~[spring-aop-6.0.12.jar:6.0.12]
	at org.springframework.data.jpa.repository.support.CrudMethodMetadataPostProcessor$CrudMethodMetadataPopulatingMethodInterceptor.invoke(CrudMethodMetadataPostProcessor.java:135) ~[spring-data-jpa-3.1.4.jar:3.1.4]
	at org.springframework.aop.framework.ReflectiveMethodInvocation.proceed(ReflectiveMethodInvocation.java:184) ~[spring-aop-6.0.12.jar:6.0.12]
	at org.springframework.aop.interceptor.ExposeInvocationInterceptor.invoke(ExposeInvocationInterceptor.java:97) ~[spring-aop-6.0.12.jar:6.0.12]
	at org.springframework.aop.framework.ReflectiveMethodInvocation.proceed(ReflectiveMethodInvocation.java:184) ~[spring-aop-6.0.12.jar:6.0.12]
	at org.springframework.aop.framework.JdkDynamicAopProxy.invoke(JdkDynamicAopProxy.java:244) ~[spring-aop-6.0.12.jar:6.0.12]
	at jdk.proxy4/jdk.proxy4.$Proxy175.findByCategory(Unknown Source) ~[na:na]
	at com.onlineStore.admin.tenant.TenantDataSeeder.verifyTheme(TenantDataSeeder.java:122) ~[classes/:na]
	at com.onlineStore.admin.tenant.TenantDataSeeder.verifyTenant(TenantDataSeeder.java:90) ~[classes/:na]
	at com.onlineStore.admin.tenant.TenantDataSeeder.run(TenantDataSeeder.java:64) ~[classes/:na]
	at org.springframework.boot.SpringApplication.callRunner(SpringApplication.java:774) ~[spring-boot-3.1.4.jar:3.1.4]
	at org.springframework.boot.SpringApplication.callRunners(SpringApplication.java:758) ~[spring-boot-3.1.4.jar:3.1.4]
	at org.springframework.boot.SpringApplication.run(SpringApplication.java:322) ~[spring-boot-3.1.4.jar:3.1.4]
	at org.springframework.boot.SpringApplication.run(SpringApplication.java:1309) ~[spring-boot-3.1.4.jar:3.1.4]
	at org.springframework.boot.SpringApplication.run(SpringApplication.java:1298) ~[spring-boot-3.1.4.jar:3.1.4]
	at com.onlineStore.admin.WebBackEndApplication.main(WebBackEndApplication.java:15) ~[classes/:na]
	at java.base/jdk.internal.reflect.DirectMethodHandleAccessor.invoke(DirectMethodHandleAccessor.java:104) ~[na:na]
	at java.base/java.lang.reflect.Method.invoke(Method.java:578) ~[na:na]
	at org.springframework.boot.devtools.restart.RestartLauncher.run(RestartLauncher.java:50) ~[spring-boot-devtools-3.1.4.jar:3.1.4]

2026-01-14T00:49:02.074+02:00  INFO 42856 --- [  restartedMain] c.o.admin.tenant.TenantDataSeeder        : Verifying Tenant: Hotel Booking [5]
2026-01-14T00:49:02.077+02:00 DEBUG 42856 --- [  restartedMain] org.hibernate.SQL                        : select s1_0.id,s1_0.category,s1_0.`key`,s1_0.tenant_id,s1_0.value from settings s1_0 where s1_0.category=?
? SECURITY ALERT: Data Guard Blocked Access! Current Tenant [5] tried to access data of Tenant [6]
2026-01-14T00:49:02.082+02:00 ERROR 42856 --- [  restartedMain] c.o.admin.tenant.TenantDataSeeder        : Error verifying tenant: Hotel Booking

java.lang.SecurityException: ⛔ SECURITY ALERT: Data Guard Blocked Access! Current Tenant [5] tried to access data of Tenant [6]
	at com.onlineStoreCom.tenant.TenantListener.verifyDataIntegrity(TenantListener.java:56) ~[comm-0.0.2-SNAPSHOT.jar:0.0.2-SNAPSHOT]
	at java.base/jdk.internal.reflect.DirectMethodHandleAccessor.invoke(DirectMethodHandleAccessor.java:104) ~[na:na]
	at java.base/java.lang.reflect.Method.invoke(Method.java:578) ~[na:na]
	at org.hibernate.jpa.event.internal.ListenerCallback.performCallback(ListenerCallback.java:55) ~[hibernate-core-6.2.9.Final.jar:6.2.9.Final]
	at org.hibernate.jpa.event.internal.CallbackRegistryImpl.callback(CallbackRegistryImpl.java:123) ~[hibernate-core-6.2.9.Final.jar:6.2.9.Final]
	at org.hibernate.jpa.event.internal.CallbackRegistryImpl.postLoad(CallbackRegistryImpl.java:106) ~[hibernate-core-6.2.9.Final.jar:6.2.9.Final]
	at org.hibernate.event.internal.DefaultPostLoadEventListener.onPostLoad(DefaultPostLoadEventListener.java:42) ~[hibernate-core-6.2.9.Final.jar:6.2.9.Final]
	at org.hibernate.event.service.internal.EventListenerGroupImpl.fireEventOnEachListener(EventListenerGroupImpl.java:127) ~[hibernate-core-6.2.9.Final.jar:6.2.9.Final]
	at org.hibernate.sql.results.jdbc.internal.JdbcValuesSourceProcessingStateStandardImpl.lambda$postLoad$0(JdbcValuesSourceProcessingStateStandardImpl.java:183) ~[hibernate-core-6.2.9.Final.jar:6.2.9.Final]
	at java.base/java.util.HashMap.forEach(HashMap.java:1429) ~[na:na]
	at org.hibernate.sql.results.jdbc.internal.JdbcValuesSourceProcessingStateStandardImpl.postLoad(JdbcValuesSourceProcessingStateStandardImpl.java:175) ~[hibernate-core-6.2.9.Final.jar:6.2.9.Final]
	at org.hibernate.sql.results.jdbc.internal.JdbcValuesSourceProcessingStateStandardImpl.finishUp(JdbcValuesSourceProcessingStateStandardImpl.java:165) ~[hibernate-core-6.2.9.Final.jar:6.2.9.Final]
	at org.hibernate.sql.results.spi.ListResultsConsumer.consume(ListResultsConsumer.java:206) ~[hibernate-core-6.2.9.Final.jar:6.2.9.Final]
	at org.hibernate.sql.results.spi.ListResultsConsumer.consume(ListResultsConsumer.java:33) ~[hibernate-core-6.2.9.Final.jar:6.2.9.Final]
	at org.hibernate.sql.exec.internal.JdbcSelectExecutorStandardImpl.doExecuteQuery(JdbcSelectExecutorStandardImpl.java:361) ~[hibernate-core-6.2.9.Final.jar:6.2.9.Final]
	at org.hibernate.sql.exec.internal.JdbcSelectExecutorStandardImpl.executeQuery(JdbcSelectExecutorStandardImpl.java:168) ~[hibernate-core-6.2.9.Final.jar:6.2.9.Final]
	at org.hibernate.sql.exec.internal.JdbcSelectExecutorStandardImpl.list(JdbcSelectExecutorStandardImpl.java:93) ~[hibernate-core-6.2.9.Final.jar:6.2.9.Final]
	at org.hibernate.sql.exec.spi.JdbcSelectExecutor.list(JdbcSelectExecutor.java:31) ~[hibernate-core-6.2.9.Final.jar:6.2.9.Final]
	at org.hibernate.query.sqm.internal.ConcreteSqmSelectQueryPlan.lambda$new$0(ConcreteSqmSelectQueryPlan.java:110) ~[hibernate-core-6.2.9.Final.jar:6.2.9.Final]
	at org.hibernate.query.sqm.internal.ConcreteSqmSelectQueryPlan.withCacheableSqmInterpretation(ConcreteSqmSelectQueryPlan.java:303) ~[hibernate-core-6.2.9.Final.jar:6.2.9.Final]
	at org.hibernate.query.sqm.internal.ConcreteSqmSelectQueryPlan.performList(ConcreteSqmSelectQueryPlan.java:244) ~[hibernate-core-6.2.9.Final.jar:6.2.9.Final]
	at org.hibernate.query.sqm.internal.QuerySqmImpl.doList(QuerySqmImpl.java:518) ~[hibernate-core-6.2.9.Final.jar:6.2.9.Final]
	at org.hibernate.query.spi.AbstractSelectionQuery.list(AbstractSelectionQuery.java:367) ~[hibernate-core-6.2.9.Final.jar:6.2.9.Final]
	at org.hibernate.query.Query.getResultList(Query.java:119) ~[hibernate-core-6.2.9.Final.jar:6.2.9.Final]
	at java.base/jdk.internal.reflect.DirectMethodHandleAccessor.invoke(DirectMethodHandleAccessor.java:104) ~[na:na]
	at java.base/java.lang.reflect.Method.invoke(Method.java:578) ~[na:na]
	at org.springframework.orm.jpa.SharedEntityManagerCreator$DeferredQueryInvocationHandler.invoke(SharedEntityManagerCreator.java:405) ~[spring-orm-6.0.12.jar:6.0.12]
	at jdk.proxy4/jdk.proxy4.$Proxy200.getResultList(Unknown Source) ~[na:na]
	at org.springframework.data.jpa.repository.query.JpaQueryExecution$CollectionExecution.doExecute(JpaQueryExecution.java:129) ~[spring-data-jpa-3.1.4.jar:3.1.4]
	at org.springframework.data.jpa.repository.query.JpaQueryExecution.execute(JpaQueryExecution.java:92) ~[spring-data-jpa-3.1.4.jar:3.1.4]
	at org.springframework.data.jpa.repository.query.AbstractJpaQuery.doExecute(AbstractJpaQuery.java:148) ~[spring-data-jpa-3.1.4.jar:3.1.4]
	at org.springframework.data.jpa.repository.query.AbstractJpaQuery.execute(AbstractJpaQuery.java:136) ~[spring-data-jpa-3.1.4.jar:3.1.4]
	at org.springframework.data.repository.core.support.RepositoryMethodInvoker.doInvoke(RepositoryMethodInvoker.java:136) ~[spring-data-commons-3.1.4.jar:3.1.4]
	at org.springframework.data.repository.core.support.RepositoryMethodInvoker.invoke(RepositoryMethodInvoker.java:120) ~[spring-data-commons-3.1.4.jar:3.1.4]
	at org.springframework.data.repository.core.support.QueryExecutorMethodInterceptor.doInvoke(QueryExecutorMethodInterceptor.java:164) ~[spring-data-commons-3.1.4.jar:3.1.4]
	at org.springframework.data.repository.core.support.QueryExecutorMethodInterceptor.invoke(QueryExecutorMethodInterceptor.java:143) ~[spring-data-commons-3.1.4.jar:3.1.4]
	at org.springframework.aop.framework.ReflectiveMethodInvocation.proceed(ReflectiveMethodInvocation.java:184) ~[spring-aop-6.0.12.jar:6.0.12]
	at org.springframework.data.projection.DefaultMethodInvokingMethodInterceptor.invoke(DefaultMethodInvokingMethodInterceptor.java:72) ~[spring-data-commons-3.1.4.jar:3.1.4]
	at org.springframework.aop.framework.ReflectiveMethodInvocation.proceed(ReflectiveMethodInvocation.java:184) ~[spring-aop-6.0.12.jar:6.0.12]
	at org.springframework.transaction.interceptor.TransactionInterceptor$1.proceedWithInvocation(TransactionInterceptor.java:123) ~[spring-tx-6.0.12.jar:6.0.12]
	at org.springframework.transaction.interceptor.TransactionAspectSupport.invokeWithinTransaction(TransactionAspectSupport.java:391) ~[spring-tx-6.0.12.jar:6.0.12]
	at org.springframework.transaction.interceptor.TransactionInterceptor.invoke(TransactionInterceptor.java:119) ~[spring-tx-6.0.12.jar:6.0.12]
	at org.springframework.aop.framework.ReflectiveMethodInvocation.proceed(ReflectiveMethodInvocation.java:184) ~[spring-aop-6.0.12.jar:6.0.12]
	at org.springframework.dao.support.PersistenceExceptionTranslationInterceptor.invoke(PersistenceExceptionTranslationInterceptor.java:137) ~[spring-tx-6.0.12.jar:6.0.12]
	at org.springframework.aop.framework.ReflectiveMethodInvocation.proceed(ReflectiveMethodInvocation.java:184) ~[spring-aop-6.0.12.jar:6.0.12]
	at org.springframework.data.jpa.repository.support.CrudMethodMetadataPostProcessor$CrudMethodMetadataPopulatingMethodInterceptor.invoke(CrudMethodMetadataPostProcessor.java:135) ~[spring-data-jpa-3.1.4.jar:3.1.4]
	at org.springframework.aop.framework.ReflectiveMethodInvocation.proceed(ReflectiveMethodInvocation.java:184) ~[spring-aop-6.0.12.jar:6.0.12]
	at org.springframework.aop.interceptor.ExposeInvocationInterceptor.invoke(ExposeInvocationInterceptor.java:97) ~[spring-aop-6.0.12.jar:6.0.12]
	at org.springframework.aop.framework.ReflectiveMethodInvocation.proceed(ReflectiveMethodInvocation.java:184) ~[spring-aop-6.0.12.jar:6.0.12]
	at org.springframework.aop.framework.JdkDynamicAopProxy.invoke(JdkDynamicAopProxy.java:244) ~[spring-aop-6.0.12.jar:6.0.12]
	at jdk.proxy4/jdk.proxy4.$Proxy175.findByCategory(Unknown Source) ~[na:na]
	at com.onlineStore.admin.tenant.TenantDataSeeder.verifyTheme(TenantDataSeeder.java:122) ~[classes/:na]
	at com.onlineStore.admin.tenant.TenantDataSeeder.verifyTenant(TenantDataSeeder.java:90) ~[classes/:na]
	at com.onlineStore.admin.tenant.TenantDataSeeder.run(TenantDataSeeder.java:64) ~[classes/:na]
	at org.springframework.boot.SpringApplication.callRunner(SpringApplication.java:774) ~[spring-boot-3.1.4.jar:3.1.4]
	at org.springframework.boot.SpringApplication.callRunners(SpringApplication.java:758) ~[spring-boot-3.1.4.jar:3.1.4]
	at org.springframework.boot.SpringApplication.run(SpringApplication.java:322) ~[spring-boot-3.1.4.jar:3.1.4]
	at org.springframework.boot.SpringApplication.run(SpringApplication.java:1309) ~[spring-boot-3.1.4.jar:3.1.4]
	at org.springframework.boot.SpringApplication.run(SpringApplication.java:1298) ~[spring-boot-3.1.4.jar:3.1.4]
	at com.onlineStore.admin.WebBackEndApplication.main(WebBackEndApplication.java:15) ~[classes/:na]
	at java.base/jdk.internal.reflect.DirectMethodHandleAccessor.invoke(DirectMethodHandleAccessor.java:104) ~[na:na]
	at java.base/java.lang.reflect.Method.invoke(Method.java:578) ~[na:na]
	at org.springframework.boot.devtools.restart.RestartLauncher.run(RestartLauncher.java:50) ~[spring-boot-devtools-3.1.4.jar:3.1.4]

2026-01-14T00:49:02.085+02:00  INFO 42856 --- [  restartedMain] c.o.admin.tenant.TenantDataSeeder        : Verifying Tenant: Car Rental [6]
2026-01-14T00:49:02.087+02:00 DEBUG 42856 --- [  restartedMain] org.hibernate.SQL                        : select s1_0.id,s1_0.category,s1_0.`key`,s1_0.tenant_id,s1_0.value from settings s1_0 where s1_0.category=?
? SECURITY ALERT: Data Guard Blocked Access! Current Tenant [6] tried to access data of Tenant [11]
2026-01-14T00:49:02.092+02:00 ERROR 42856 --- [  restartedMain] c.o.admin.tenant.TenantDataSeeder        : Error verifying tenant: Car Rental

java.lang.SecurityException: ⛔ SECURITY ALERT: Data Guard Blocked Access! Current Tenant [6] tried to access data of Tenant [11]
	at com.onlineStoreCom.tenant.TenantListener.verifyDataIntegrity(TenantListener.java:56) ~[comm-0.0.2-SNAPSHOT.jar:0.0.2-SNAPSHOT]
	at java.base/jdk.internal.reflect.DirectMethodHandleAccessor.invoke(DirectMethodHandleAccessor.java:104) ~[na:na]
	at java.base/java.lang.reflect.Method.invoke(Method.java:578) ~[na:na]
	at org.hibernate.jpa.event.internal.ListenerCallback.performCallback(ListenerCallback.java:55) ~[hibernate-core-6.2.9.Final.jar:6.2.9.Final]
	at org.hibernate.jpa.event.internal.CallbackRegistryImpl.callback(CallbackRegistryImpl.java:123) ~[hibernate-core-6.2.9.Final.jar:6.2.9.Final]
	at org.hibernate.jpa.event.internal.CallbackRegistryImpl.postLoad(CallbackRegistryImpl.java:106) ~[hibernate-core-6.2.9.Final.jar:6.2.9.Final]
	at org.hibernate.event.internal.DefaultPostLoadEventListener.onPostLoad(DefaultPostLoadEventListener.java:42) ~[hibernate-core-6.2.9.Final.jar:6.2.9.Final]
	at org.hibernate.event.service.internal.EventListenerGroupImpl.fireEventOnEachListener(EventListenerGroupImpl.java:127) ~[hibernate-core-6.2.9.Final.jar:6.2.9.Final]
	at org.hibernate.sql.results.jdbc.internal.JdbcValuesSourceProcessingStateStandardImpl.lambda$postLoad$0(JdbcValuesSourceProcessingStateStandardImpl.java:183) ~[hibernate-core-6.2.9.Final.jar:6.2.9.Final]
	at java.base/java.util.HashMap.forEach(HashMap.java:1429) ~[na:na]
	at org.hibernate.sql.results.jdbc.internal.JdbcValuesSourceProcessingStateStandardImpl.postLoad(JdbcValuesSourceProcessingStateStandardImpl.java:175) ~[hibernate-core-6.2.9.Final.jar:6.2.9.Final]
	at org.hibernate.sql.results.jdbc.internal.JdbcValuesSourceProcessingStateStandardImpl.finishUp(JdbcValuesSourceProcessingStateStandardImpl.java:165) ~[hibernate-core-6.2.9.Final.jar:6.2.9.Final]
	at org.hibernate.sql.results.spi.ListResultsConsumer.consume(ListResultsConsumer.java:206) ~[hibernate-core-6.2.9.Final.jar:6.2.9.Final]
	at org.hibernate.sql.results.spi.ListResultsConsumer.consume(ListResultsConsumer.java:33) ~[hibernate-core-6.2.9.Final.jar:6.2.9.Final]
	at org.hibernate.sql.exec.internal.JdbcSelectExecutorStandardImpl.doExecuteQuery(JdbcSelectExecutorStandardImpl.java:361) ~[hibernate-core-6.2.9.Final.jar:6.2.9.Final]
	at org.hibernate.sql.exec.internal.JdbcSelectExecutorStandardImpl.executeQuery(JdbcSelectExecutorStandardImpl.java:168) ~[hibernate-core-6.2.9.Final.jar:6.2.9.Final]
	at org.hibernate.sql.exec.internal.JdbcSelectExecutorStandardImpl.list(JdbcSelectExecutorStandardImpl.java:93) ~[hibernate-core-6.2.9.Final.jar:6.2.9.Final]
	at org.hibernate.sql.exec.spi.JdbcSelectExecutor.list(JdbcSelectExecutor.java:31) ~[hibernate-core-6.2.9.Final.jar:6.2.9.Final]
	at org.hibernate.query.sqm.internal.ConcreteSqmSelectQueryPlan.lambda$new$0(ConcreteSqmSelectQueryPlan.java:110) ~[hibernate-core-6.2.9.Final.jar:6.2.9.Final]
	at org.hibernate.query.sqm.internal.ConcreteSqmSelectQueryPlan.withCacheableSqmInterpretation(ConcreteSqmSelectQueryPlan.java:303) ~[hibernate-core-6.2.9.Final.jar:6.2.9.Final]
	at org.hibernate.query.sqm.internal.ConcreteSqmSelectQueryPlan.performList(ConcreteSqmSelectQueryPlan.java:244) ~[hibernate-core-6.2.9.Final.jar:6.2.9.Final]
	at org.hibernate.query.sqm.internal.QuerySqmImpl.doList(QuerySqmImpl.java:518) ~[hibernate-core-6.2.9.Final.jar:6.2.9.Final]
	at org.hibernate.query.spi.AbstractSelectionQuery.list(AbstractSelectionQuery.java:367) ~[hibernate-core-6.2.9.Final.jar:6.2.9.Final]
	at org.hibernate.query.Query.getResultList(Query.java:119) ~[hibernate-core-6.2.9.Final.jar:6.2.9.Final]
	at java.base/jdk.internal.reflect.DirectMethodHandleAccessor.invoke(DirectMethodHandleAccessor.java:104) ~[na:na]
	at java.base/java.lang.reflect.Method.invoke(Method.java:578) ~[na:na]
	at org.springframework.orm.jpa.SharedEntityManagerCreator$DeferredQueryInvocationHandler.invoke(SharedEntityManagerCreator.java:405) ~[spring-orm-6.0.12.jar:6.0.12]
	at jdk.proxy4/jdk.proxy4.$Proxy200.getResultList(Unknown Source) ~[na:na]
	at org.springframework.data.jpa.repository.query.JpaQueryExecution$CollectionExecution.doExecute(JpaQueryExecution.java:129) ~[spring-data-jpa-3.1.4.jar:3.1.4]
	at org.springframework.data.jpa.repository.query.JpaQueryExecution.execute(JpaQueryExecution.java:92) ~[spring-data-jpa-3.1.4.jar:3.1.4]
	at org.springframework.data.jpa.repository.query.AbstractJpaQuery.doExecute(AbstractJpaQuery.java:148) ~[spring-data-jpa-3.1.4.jar:3.1.4]
	at org.springframework.data.jpa.repository.query.AbstractJpaQuery.execute(AbstractJpaQuery.java:136) ~[spring-data-jpa-3.1.4.jar:3.1.4]
	at org.springframework.data.repository.core.support.RepositoryMethodInvoker.doInvoke(RepositoryMethodInvoker.java:136) ~[spring-data-commons-3.1.4.jar:3.1.4]
	at org.springframework.data.repository.core.support.RepositoryMethodInvoker.invoke(RepositoryMethodInvoker.java:120) ~[spring-data-commons-3.1.4.jar:3.1.4]
	at org.springframework.data.repository.core.support.QueryExecutorMethodInterceptor.doInvoke(QueryExecutorMethodInterceptor.java:164) ~[spring-data-commons-3.1.4.jar:3.1.4]
	at org.springframework.data.repository.core.support.QueryExecutorMethodInterceptor.invoke(QueryExecutorMethodInterceptor.java:143) ~[spring-data-commons-3.1.4.jar:3.1.4]
	at org.springframework.aop.framework.ReflectiveMethodInvocation.proceed(ReflectiveMethodInvocation.java:184) ~[spring-aop-6.0.12.jar:6.0.12]
	at org.springframework.data.projection.DefaultMethodInvokingMethodInterceptor.invoke(DefaultMethodInvokingMethodInterceptor.java:72) ~[spring-data-commons-3.1.4.jar:3.1.4]
	at org.springframework.aop.framework.ReflectiveMethodInvocation.proceed(ReflectiveMethodInvocation.java:184) ~[spring-aop-6.0.12.jar:6.0.12]
	at org.springframework.transaction.interceptor.TransactionInterceptor$1.proceedWithInvocation(TransactionInterceptor.java:123) ~[spring-tx-6.0.12.jar:6.0.12]
	at org.springframework.transaction.interceptor.TransactionAspectSupport.invokeWithinTransaction(TransactionAspectSupport.java:391) ~[spring-tx-6.0.12.jar:6.0.12]
	at org.springframework.transaction.interceptor.TransactionInterceptor.invoke(TransactionInterceptor.java:119) ~[spring-tx-6.0.12.jar:6.0.12]
	at org.springframework.aop.framework.ReflectiveMethodInvocation.proceed(ReflectiveMethodInvocation.java:184) ~[spring-aop-6.0.12.jar:6.0.12]
	at org.springframework.dao.support.PersistenceExceptionTranslationInterceptor.invoke(PersistenceExceptionTranslationInterceptor.java:137) ~[spring-tx-6.0.12.jar:6.0.12]
	at org.springframework.aop.framework.ReflectiveMethodInvocation.proceed(ReflectiveMethodInvocation.java:184) ~[spring-aop-6.0.12.jar:6.0.12]
	at org.springframework.data.jpa.repository.support.CrudMethodMetadataPostProcessor$CrudMethodMetadataPopulatingMethodInterceptor.invoke(CrudMethodMetadataPostProcessor.java:135) ~[spring-data-jpa-3.1.4.jar:3.1.4]
	at org.springframework.aop.framework.ReflectiveMethodInvocation.proceed(ReflectiveMethodInvocation.java:184) ~[spring-aop-6.0.12.jar:6.0.12]
	at org.springframework.aop.interceptor.ExposeInvocationInterceptor.invoke(ExposeInvocationInterceptor.java:97) ~[spring-aop-6.0.12.jar:6.0.12]
	at org.springframework.aop.framework.ReflectiveMethodInvocation.proceed(ReflectiveMethodInvocation.java:184) ~[spring-aop-6.0.12.jar:6.0.12]
	at org.springframework.aop.framework.JdkDynamicAopProxy.invoke(JdkDynamicAopProxy.java:244) ~[spring-aop-6.0.12.jar:6.0.12]
	at jdk.proxy4/jdk.proxy4.$Proxy175.findByCategory(Unknown Source) ~[na:na]
	at com.onlineStore.admin.tenant.TenantDataSeeder.verifyTheme(TenantDataSeeder.java:122) ~[classes/:na]
	at com.onlineStore.admin.tenant.TenantDataSeeder.verifyTenant(TenantDataSeeder.java:90) ~[classes/:na]
	at com.onlineStore.admin.tenant.TenantDataSeeder.run(TenantDataSeeder.java:64) ~[classes/:na]
	at org.springframework.boot.SpringApplication.callRunner(SpringApplication.java:774) ~[spring-boot-3.1.4.jar:3.1.4]
	at org.springframework.boot.SpringApplication.callRunners(SpringApplication.java:758) ~[spring-boot-3.1.4.jar:3.1.4]
	at org.springframework.boot.SpringApplication.run(SpringApplication.java:322) ~[spring-boot-3.1.4.jar:3.1.4]
	at org.springframework.boot.SpringApplication.run(SpringApplication.java:1309) ~[spring-boot-3.1.4.jar:3.1.4]
	at org.springframework.boot.SpringApplication.run(SpringApplication.java:1298) ~[spring-boot-3.1.4.jar:3.1.4]
	at com.onlineStore.admin.WebBackEndApplication.main(WebBackEndApplication.java:15) ~[classes/:na]
	at java.base/jdk.internal.reflect.DirectMethodHandleAccessor.invoke(DirectMethodHandleAccessor.java:104) ~[na:na]
	at java.base/java.lang.reflect.Method.invoke(Method.java:578) ~[na:na]
	at org.springframework.boot.devtools.restart.RestartLauncher.run(RestartLauncher.java:50) ~[spring-boot-devtools-3.1.4.jar:3.1.4]

2026-01-14T00:49:02.094+02:00  INFO 42856 --- [  restartedMain] c.o.admin.tenant.TenantDataSeeder        : Verifying Tenant: Restaurant [7]
2026-01-14T00:49:02.096+02:00 DEBUG 42856 --- [  restartedMain] org.hibernate.SQL                        : select s1_0.id,s1_0.category,s1_0.`key`,s1_0.tenant_id,s1_0.value from settings s1_0 where s1_0.category=?
? SECURITY ALERT: Data Guard Blocked Access! Current Tenant [7] tried to access data of Tenant [6]
2026-01-14T00:49:02.101+02:00 ERROR 42856 --- [  restartedMain] c.o.admin.tenant.TenantDataSeeder        : Error verifying tenant: Restaurant

java.lang.SecurityException: ⛔ SECURITY ALERT: Data Guard Blocked Access! Current Tenant [7] tried to access data of Tenant [6]
	at com.onlineStoreCom.tenant.TenantListener.verifyDataIntegrity(TenantListener.java:56) ~[comm-0.0.2-SNAPSHOT.jar:0.0.2-SNAPSHOT]
	at java.base/jdk.internal.reflect.DirectMethodHandleAccessor.invoke(DirectMethodHandleAccessor.java:104) ~[na:na]
	at java.base/java.lang.reflect.Method.invoke(Method.java:578) ~[na:na]
	at org.hibernate.jpa.event.internal.ListenerCallback.performCallback(ListenerCallback.java:55) ~[hibernate-core-6.2.9.Final.jar:6.2.9.Final]
	at org.hibernate.jpa.event.internal.CallbackRegistryImpl.callback(CallbackRegistryImpl.java:123) ~[hibernate-core-6.2.9.Final.jar:6.2.9.Final]
	at org.hibernate.jpa.event.internal.CallbackRegistryImpl.postLoad(CallbackRegistryImpl.java:106) ~[hibernate-core-6.2.9.Final.jar:6.2.9.Final]
	at org.hibernate.event.internal.DefaultPostLoadEventListener.onPostLoad(DefaultPostLoadEventListener.java:42) ~[hibernate-core-6.2.9.Final.jar:6.2.9.Final]
	at org.hibernate.event.service.internal.EventListenerGroupImpl.fireEventOnEachListener(EventListenerGroupImpl.java:127) ~[hibernate-core-6.2.9.Final.jar:6.2.9.Final]
	at org.hibernate.sql.results.jdbc.internal.JdbcValuesSourceProcessingStateStandardImpl.lambda$postLoad$0(JdbcValuesSourceProcessingStateStandardImpl.java:183) ~[hibernate-core-6.2.9.Final.jar:6.2.9.Final]
	at java.base/java.util.HashMap.forEach(HashMap.java:1429) ~[na:na]
	at org.hibernate.sql.results.jdbc.internal.JdbcValuesSourceProcessingStateStandardImpl.postLoad(JdbcValuesSourceProcessingStateStandardImpl.java:175) ~[hibernate-core-6.2.9.Final.jar:6.2.9.Final]
	at org.hibernate.sql.results.jdbc.internal.JdbcValuesSourceProcessingStateStandardImpl.finishUp(JdbcValuesSourceProcessingStateStandardImpl.java:165) ~[hibernate-core-6.2.9.Final.jar:6.2.9.Final]
	at org.hibernate.sql.results.spi.ListResultsConsumer.consume(ListResultsConsumer.java:206) ~[hibernate-core-6.2.9.Final.jar:6.2.9.Final]
	at org.hibernate.sql.results.spi.ListResultsConsumer.consume(ListResultsConsumer.java:33) ~[hibernate-core-6.2.9.Final.jar:6.2.9.Final]
	at org.hibernate.sql.exec.internal.JdbcSelectExecutorStandardImpl.doExecuteQuery(JdbcSelectExecutorStandardImpl.java:361) ~[hibernate-core-6.2.9.Final.jar:6.2.9.Final]
	at org.hibernate.sql.exec.internal.JdbcSelectExecutorStandardImpl.executeQuery(JdbcSelectExecutorStandardImpl.java:168) ~[hibernate-core-6.2.9.Final.jar:6.2.9.Final]
	at org.hibernate.sql.exec.internal.JdbcSelectExecutorStandardImpl.list(JdbcSelectExecutorStandardImpl.java:93) ~[hibernate-core-6.2.9.Final.jar:6.2.9.Final]
	at org.hibernate.sql.exec.spi.JdbcSelectExecutor.list(JdbcSelectExecutor.java:31) ~[hibernate-core-6.2.9.Final.jar:6.2.9.Final]
	at org.hibernate.query.sqm.internal.ConcreteSqmSelectQueryPlan.lambda$new$0(ConcreteSqmSelectQueryPlan.java:110) ~[hibernate-core-6.2.9.Final.jar:6.2.9.Final]
	at org.hibernate.query.sqm.internal.ConcreteSqmSelectQueryPlan.withCacheableSqmInterpretation(ConcreteSqmSelectQueryPlan.java:303) ~[hibernate-core-6.2.9.Final.jar:6.2.9.Final]
	at org.hibernate.query.sqm.internal.ConcreteSqmSelectQueryPlan.performList(ConcreteSqmSelectQueryPlan.java:244) ~[hibernate-core-6.2.9.Final.jar:6.2.9.Final]
	at org.hibernate.query.sqm.internal.QuerySqmImpl.doList(QuerySqmImpl.java:518) ~[hibernate-core-6.2.9.Final.jar:6.2.9.Final]
	at org.hibernate.query.spi.AbstractSelectionQuery.list(AbstractSelectionQuery.java:367) ~[hibernate-core-6.2.9.Final.jar:6.2.9.Final]
	at org.hibernate.query.Query.getResultList(Query.java:119) ~[hibernate-core-6.2.9.Final.jar:6.2.9.Final]
	at java.base/jdk.internal.reflect.DirectMethodHandleAccessor.invoke(DirectMethodHandleAccessor.java:104) ~[na:na]
	at java.base/java.lang.reflect.Method.invoke(Method.java:578) ~[na:na]
	at org.springframework.orm.jpa.SharedEntityManagerCreator$DeferredQueryInvocationHandler.invoke(SharedEntityManagerCreator.java:405) ~[spring-orm-6.0.12.jar:6.0.12]
	at jdk.proxy4/jdk.proxy4.$Proxy200.getResultList(Unknown Source) ~[na:na]
	at org.springframework.data.jpa.repository.query.JpaQueryExecution$CollectionExecution.doExecute(JpaQueryExecution.java:129) ~[spring-data-jpa-3.1.4.jar:3.1.4]
	at org.springframework.data.jpa.repository.query.JpaQueryExecution.execute(JpaQueryExecution.java:92) ~[spring-data-jpa-3.1.4.jar:3.1.4]
	at org.springframework.data.jpa.repository.query.AbstractJpaQuery.doExecute(AbstractJpaQuery.java:148) ~[spring-data-jpa-3.1.4.jar:3.1.4]
	at org.springframework.data.jpa.repository.query.AbstractJpaQuery.execute(AbstractJpaQuery.java:136) ~[spring-data-jpa-3.1.4.jar:3.1.4]
	at org.springframework.data.repository.core.support.RepositoryMethodInvoker.doInvoke(RepositoryMethodInvoker.java:136) ~[spring-data-commons-3.1.4.jar:3.1.4]
	at org.springframework.data.repository.core.support.RepositoryMethodInvoker.invoke(RepositoryMethodInvoker.java:120) ~[spring-data-commons-3.1.4.jar:3.1.4]
	at org.springframework.data.repository.core.support.QueryExecutorMethodInterceptor.doInvoke(QueryExecutorMethodInterceptor.java:164) ~[spring-data-commons-3.1.4.jar:3.1.4]
	at org.springframework.data.repository.core.support.QueryExecutorMethodInterceptor.invoke(QueryExecutorMethodInterceptor.java:143) ~[spring-data-commons-3.1.4.jar:3.1.4]
	at org.springframework.aop.framework.ReflectiveMethodInvocation.proceed(ReflectiveMethodInvocation.java:184) ~[spring-aop-6.0.12.jar:6.0.12]
	at org.springframework.data.projection.DefaultMethodInvokingMethodInterceptor.invoke(DefaultMethodInvokingMethodInterceptor.java:72) ~[spring-data-commons-3.1.4.jar:3.1.4]
	at org.springframework.aop.framework.ReflectiveMethodInvocation.proceed(ReflectiveMethodInvocation.java:184) ~[spring-aop-6.0.12.jar:6.0.12]
	at org.springframework.transaction.interceptor.TransactionInterceptor$1.proceedWithInvocation(TransactionInterceptor.java:123) ~[spring-tx-6.0.12.jar:6.0.12]
	at org.springframework.transaction.interceptor.TransactionAspectSupport.invokeWithinTransaction(TransactionAspectSupport.java:391) ~[spring-tx-6.0.12.jar:6.0.12]
	at org.springframework.transaction.interceptor.TransactionInterceptor.invoke(TransactionInterceptor.java:119) ~[spring-tx-6.0.12.jar:6.0.12]
	at org.springframework.aop.framework.ReflectiveMethodInvocation.proceed(ReflectiveMethodInvocation.java:184) ~[spring-aop-6.0.12.jar:6.0.12]
	at org.springframework.dao.support.PersistenceExceptionTranslationInterceptor.invoke(PersistenceExceptionTranslationInterceptor.java:137) ~[spring-tx-6.0.12.jar:6.0.12]
	at org.springframework.aop.framework.ReflectiveMethodInvocation.proceed(ReflectiveMethodInvocation.java:184) ~[spring-aop-6.0.12.jar:6.0.12]
	at org.springframework.data.jpa.repository.support.CrudMethodMetadataPostProcessor$CrudMethodMetadataPopulatingMethodInterceptor.invoke(CrudMethodMetadataPostProcessor.java:135) ~[spring-data-jpa-3.1.4.jar:3.1.4]
	at org.springframework.aop.framework.ReflectiveMethodInvocation.proceed(ReflectiveMethodInvocation.java:184) ~[spring-aop-6.0.12.jar:6.0.12]
	at org.springframework.aop.interceptor.ExposeInvocationInterceptor.invoke(ExposeInvocationInterceptor.java:97) ~[spring-aop-6.0.12.jar:6.0.12]
	at org.springframework.aop.framework.ReflectiveMethodInvocation.proceed(ReflectiveMethodInvocation.java:184) ~[spring-aop-6.0.12.jar:6.0.12]
	at org.springframework.aop.framework.JdkDynamicAopProxy.invoke(JdkDynamicAopProxy.java:244) ~[spring-aop-6.0.12.jar:6.0.12]
	at jdk.proxy4/jdk.proxy4.$Proxy175.findByCategory(Unknown Source) ~[na:na]
	at com.onlineStore.admin.tenant.TenantDataSeeder.verifyTheme(TenantDataSeeder.java:122) ~[classes/:na]
	at com.onlineStore.admin.tenant.TenantDataSeeder.verifyTenant(TenantDataSeeder.java:90) ~[classes/:na]
	at com.onlineStore.admin.tenant.TenantDataSeeder.run(TenantDataSeeder.java:64) ~[classes/:na]
	at org.springframework.boot.SpringApplication.callRunner(SpringApplication.java:774) ~[spring-boot-3.1.4.jar:3.1.4]
	at org.springframework.boot.SpringApplication.callRunners(SpringApplication.java:758) ~[spring-boot-3.1.4.jar:3.1.4]
	at org.springframework.boot.SpringApplication.run(SpringApplication.java:322) ~[spring-boot-3.1.4.jar:3.1.4]
	at org.springframework.boot.SpringApplication.run(SpringApplication.java:1309) ~[spring-boot-3.1.4.jar:3.1.4]
	at org.springframework.boot.SpringApplication.run(SpringApplication.java:1298) ~[spring-boot-3.1.4.jar:3.1.4]
	at com.onlineStore.admin.WebBackEndApplication.main(WebBackEndApplication.java:15) ~[classes/:na]
	at java.base/jdk.internal.reflect.DirectMethodHandleAccessor.invoke(DirectMethodHandleAccessor.java:104) ~[na:na]
	at java.base/java.lang.reflect.Method.invoke(Method.java:578) ~[na:na]
	at org.springframework.boot.devtools.restart.RestartLauncher.run(RestartLauncher.java:50) ~[spring-boot-devtools-3.1.4.jar:3.1.4]

2026-01-14T00:49:02.104+02:00  INFO 42856 --- [  restartedMain] c.o.admin.tenant.TenantDataSeeder        : Consistency report written to: C:\Users\enoam\OneDrive\onlineStore\onlineStore\webParent\WebBackEnd\consistency_report.yaml
2026-01-14T00:49:02.104+02:00  INFO 42856 --- [  restartedMain] c.o.admin.tenant.TenantDataSeeder        : TENANT DATA VERIFICATION COMPLETED. Report generated.
2026-01-14T00:49:34.244+02:00  INFO 42856 --- [   File Watcher] rtingClassPathChangeChangedEventListener : Restarting due to 1 class path change (0 additions, 0 deletions, 1 modification)
2026-01-14T00:49:34.259+02:00  INFO 42856 --- [       Thread-1] o.apache.catalina.core.StandardService   : Stopping service [Tomcat]
2026-01-14T00:49:34.263+02:00  WARN 42856 --- [       Thread-1] o.a.c.loader.WebappClassLoaderBase       : The web application [ROOT] appears to have started a thread named [HikariPool-1 housekeeper] but has failed to stop it. This is very likely to create a memory leak. Stack trace of thread:
 java.base/jdk.internal.misc.Unsafe.park(Native Method)
 java.base/java.util.concurrent.locks.LockSupport.parkNanos(LockSupport.java:269)
 java.base/java.util.concurrent.locks.AbstractQueuedSynchronizer$ConditionObject.awaitNanos(AbstractQueuedSynchronizer.java:1674)
 java.base/java.util.concurrent.ScheduledThreadPoolExecutor$DelayedWorkQueue.take(ScheduledThreadPoolExecutor.java:1182)
 java.base/java.util.concurrent.ScheduledThreadPoolExecutor$DelayedWorkQueue.take(ScheduledThreadPoolExecutor.java:899)
 java.base/java.util.concurrent.ThreadPoolExecutor.getTask(ThreadPoolExecutor.java:1070)
 java.base/java.util.concurrent.ThreadPoolExecutor.runWorker(ThreadPoolExecutor.java:1130)
 java.base/java.util.concurrent.ThreadPoolExecutor$Worker.run(ThreadPoolExecutor.java:642)
 java.base/java.lang.Thread.run(Thread.java:1589)
? Stopping Architecture Watchdog...
2026-01-14T00:49:34.271+02:00  INFO 42856 --- [       Thread-1] j.LocalContainerEntityManagerFactoryBean : Closing JPA EntityManagerFactory for persistence unit 'default'
2026-01-14T00:49:34.275+02:00  INFO 42856 --- [       Thread-1] com.zaxxer.hikari.HikariDataSource       : HikariPool-1 - Shutdown initiated...
2026-01-14T00:49:34.283+02:00  INFO 42856 --- [       Thread-1] com.zaxxer.hikari.HikariDataSource       : HikariPool-1 - Shutdown completed.
Standard Commons Logging discovery in action with spring-jcl: please remove commons-logging.jar from classpath in order to avoid potential conflicts

  .   ____          _            __ _ _
 /\\ / ___'_ __ _ _(_)_ __  __ _ \ \ \ \
( ( )\___ | '_ | '_| | '_ \/ _` | \ \ \ \
 \\/  ___)| |_)| | | | | || (_| |  ) ) ) )
  '  |____| .__|_| |_|_| |_\__, | / / / /
 =========|_|==============|___/=/_/_/_/
 :: Spring Boot ::                (v3.1.4)

2026-01-14T00:49:34.379+02:00  INFO 42856 --- [  restartedMain] c.o.admin.WebBackEndApplication          : Starting WebBackEndApplication using Java 19.0.1 with PID 42856 (C:\Users\enoam\OneDrive\onlineStore\onlineStore\webParent\WebBackEnd\target\classes started by enoam in C:\Users\enoam\OneDrive\onlineStore\onlineStore\webParent\WebBackEnd)
2026-01-14T00:49:34.380+02:00  INFO 42856 --- [  restartedMain] c.o.admin.WebBackEndApplication          : No active profile set, falling back to 1 default profile: "default"
2026-01-14T00:49:34.751+02:00  INFO 42856 --- [  restartedMain] .s.d.r.c.RepositoryConfigurationDelegate : Bootstrapping Spring Data JPA repositories in DEFAULT mode.
2026-01-14T00:49:34.836+02:00  INFO 42856 --- [  restartedMain] .s.d.r.c.RepositoryConfigurationDelegate : Finished Spring Data repository scanning in 84 ms. Found 21 JPA repository interfaces.
2026-01-14T00:49:35.186+02:00  INFO 42856 --- [  restartedMain] o.s.b.w.embedded.tomcat.TomcatWebServer  : Tomcat initialized with port(s): 710 (http)
2026-01-14T00:49:35.186+02:00  INFO 42856 --- [  restartedMain] o.apache.catalina.core.StandardService   : Starting service [Tomcat]
2026-01-14T00:49:35.186+02:00  INFO 42856 --- [  restartedMain] o.apache.catalina.core.StandardEngine    : Starting Servlet engine: [Apache Tomcat/10.1.13]
2026-01-14T00:49:35.223+02:00  INFO 42856 --- [  restartedMain] o.a.c.c.C.[Tomcat].[localhost].[/]       : Initializing Spring embedded WebApplicationContext
2026-01-14T00:49:35.223+02:00  INFO 42856 --- [  restartedMain] w.s.c.ServletWebServerApplicationContext : Root WebApplicationContext: initialization completed in 839 ms
Standard Commons Logging discovery in action with spring-jcl: please remove commons-logging.jar from classpath in order to avoid potential conflicts
2026-01-14T00:49:35.266+02:00  INFO 42856 --- [  restartedMain] o.hibernate.jpa.internal.util.LogHelper  : HHH000204: Processing PersistenceUnitInfo [name: default]
2026-01-14T00:49:35.276+02:00  INFO 42856 --- [  restartedMain] o.h.b.i.BytecodeProviderInitiator        : HHH000021: Bytecode provider name : bytebuddy
2026-01-14T00:49:35.276+02:00  INFO 42856 --- [  restartedMain] o.s.o.j.p.SpringPersistenceUnitInfo      : No LoadTimeWeaver setup: ignoring JPA class transformer
2026-01-14T00:49:35.279+02:00  INFO 42856 --- [  restartedMain] com.zaxxer.hikari.HikariDataSource       : HikariPool-2 - Starting...
2026-01-14T00:49:35.290+02:00  INFO 42856 --- [  restartedMain] com.zaxxer.hikari.pool.HikariPool        : HikariPool-2 - Added connection com.mysql.cj.jdbc.ConnectionImpl@1b34b0bb
2026-01-14T00:49:35.291+02:00  INFO 42856 --- [  restartedMain] com.zaxxer.hikari.HikariDataSource       : HikariPool-2 - Start completed.
2026-01-14T00:49:35.363+02:00  INFO 42856 --- [  restartedMain] o.h.b.i.BytecodeProviderInitiator        : HHH000021: Bytecode provider name : bytebuddy
2026-01-14T00:49:35.656+02:00  INFO 42856 --- [  restartedMain] o.h.e.t.j.p.i.JtaPlatformInitiator       : HHH000490: Using JtaPlatform implementation: [org.hibernate.engine.transaction.jta.platform.internal.NoJtaPlatform]
2026-01-14T00:49:36.001+02:00  INFO 42856 --- [  restartedMain] j.LocalContainerEntityManagerFactoryBean : Initialized JPA EntityManagerFactory for persistence unit 'default'
2026-01-14T00:49:36.099+02:00  INFO 42856 --- [  restartedMain] o.s.boot.web.servlet.RegistrationBean    : Filter tenantFilterRegistration was not registered (disabled)
2026-01-14T00:49:36.099+02:00  INFO 42856 --- [  restartedMain] o.s.boot.web.servlet.RegistrationBean    : Filter tenantContextFilterRegistration was not registered (disabled)
? Anti-Gravity Knowledge System is starting...
? Loading knowledge file: 00-intent.yml
   + Registered: 00-INTENT (INTENT)
? Loading knowledge file: 00-test-rule.yml
   + Registered: RULE-001-TEST (RULE)
? Loading knowledge file: 01-core-principles.yml
   + Registered: 01-CORE-PRINCIPLES (PRINCIPLE)
? Loading knowledge file: 02-rule-mapping.yml
   + Registered: 02-RULE-MAPPING (UNSTRUCTURED)
? Loading knowledge file: 03-business-scenarios.yml
   + Registered: 03-BUSINESS-SCENARIOS (BUSINESS_LOGIC)
? Loading knowledge file: 04-ai-prompts.yml
   + Registered: 04-AI-PROMPTS (AI_CONTEXT)
? Loading knowledge file: 05-pitch-deck.yml
   + Registered: 05-PITCH-DECK (BUSINESS_PITCH)
? Loading knowledge file: 06-governance.yml
   + Registered: 06-GOVERNANCE (GOVERNANCE)
? Loading knowledge file: 07-shared-reference-data.yml
   + Registered: 07-SHARED-REFERENCE-DATA (REFERENCE_DATA)
? Loading knowledge file: 08-tenant-isolation.yml
   + Registered: 08-TENANT-ISOLATION (RULE)
? Loading knowledge file: 10-storage-structure.yml
   + Registered: 10-STORAGE-STRUCTURE (TECHNICAL_SPEC)
? Knowledge System loaded successfully. Total entries: 11
? Starting Asset Reorganization with Logging...
=========================================
MIGRATION SUMMARY
Total Tenants Processed: 124
Total Files Moved: 0
Errors: 0
=========================================
? Generated HTML Preview: knowledge_preview.html
? Generated Folder Structure: C:\Users\enoam\OneDrive\onlineStore\onlineStore\webParent\WebBackEnd\knowledge_export\tenants
?? Autonomous Architecture & Runtime Auditor [READ-ONLY MODE] scanning...
System Audit Completed: WARNINGS
? Architecture Watchdog starting...
2026-01-14T00:49:36.437+02:00  INFO 42856 --- [  restartedMain] c.o.a.g.watchdog.FileSystemMonitor       : Watchdog: Registered monitor for tenants
2026-01-14T00:49:36.440+02:00  INFO 42856 --- [  restartedMain] c.o.a.g.watchdog.FileSystemMonitor       : Watchdog: Registered monitor for .
? Architecture Watchdog is active and monitoring.
2026-01-14T00:49:36.440+02:00  INFO 42856 --- [Watchdog-Thread] c.o.a.g.watchdog.FileSystemMonitor       : Watchdog: FileSystemMonitor thread started.
2026-01-14T00:49:37.256+02:00  WARN 42856 --- [  restartedMain] JpaBaseConfiguration$JpaWebConfiguration : spring.jpa.open-in-view is enabled by default. Therefore, database queries may be performed during view rendering. Explicitly configure spring.jpa.open-in-view to disable this warning
2026-01-14T00:49:37.637+02:00  INFO 42856 --- [  restartedMain] o.s.b.a.e.web.EndpointLinksResolver      : Exposing 1 endpoint(s) beneath base path '/actuator'
2026-01-14T00:49:37.667+02:00  INFO 42856 --- [  restartedMain] o.s.s.web.DefaultSecurityFilterChain     : Will secure any request with [org.springframework.security.web.session.DisableEncodeUrlFilter@329dfddc, org.springframework.security.web.context.request.async.WebAsyncManagerIntegrationFilter@216c4d28, org.springframework.security.web.context.SecurityContextHolderFilter@518b585b, org.springframework.security.web.header.HeaderWriterFilter@399ff848, org.springframework.security.web.csrf.CsrfFilter@5d0f4a72, org.springframework.security.web.authentication.logout.LogoutFilter@1b2d35eb, org.springframework.security.web.authentication.UsernamePasswordAuthenticationFilter@72f04768, com.onlineStoreCom.security.tenant.TenantContextFilter@506c8518, org.springframework.security.web.savedrequest.RequestCacheAwareFilter@76f0c4c2, org.springframework.security.web.servletapi.SecurityContextHolderAwareRequestFilter@56740113, org.springframework.security.web.authentication.rememberme.RememberMeAuthenticationFilter@80b6b0, org.springframework.security.web.authentication.AnonymousAuthenticationFilter@51d7856a, org.springframework.security.web.access.ExceptionTranslationFilter@5f5fff70, org.springframework.security.web.access.intercept.AuthorizationFilter@1d81dc63]
2026-01-14T00:49:37.796+02:00  WARN 42856 --- [  restartedMain] o.s.b.d.a.OptionalLiveReloadServer       : Unable to start LiveReload server
2026-01-14T00:49:37.815+02:00  INFO 42856 --- [  restartedMain] o.s.b.w.embedded.tomcat.TomcatWebServer  : Tomcat started on port(s): 710 (http) with context path ''
2026-01-14T00:49:37.821+02:00  INFO 42856 --- [  restartedMain] c.o.admin.WebBackEndApplication          : Started WebBackEndApplication in 3.477 seconds (process running for 47.969)
? RUNNING DATA REPAIR: Fixing Broken Category Hierarchies...
2026-01-14T00:49:37.827+02:00 DEBUG 42856 --- [  restartedMain] org.hibernate.SQL                        : UPDATE categories c JOIN categories p ON c.parent_id = p.id SET c.parent_id = NULL WHERE c.tenant_id != p.tenant_id
? DATA REPAIR COMPLETE: Cross-tenant parents removed.
2026-01-14T00:49:37.833+02:00  INFO 42856 --- [  restartedMain] c.o.admin.tenant.TenantDataSeeder        : STARTING TENANT DATA VERIFICATION & SEEDING (Phase 6)
2026-01-14T00:49:37.833+02:00 DEBUG 42856 --- [  restartedMain] org.hibernate.SQL                        : select t1_0.id,t1_0.code,t1_0.created_at,t1_0.name,t1_0.parent_id,t1_0.status from tenants t1_0
2026-01-14T00:49:37.836+02:00  INFO 42856 --- [  restartedMain] c.o.admin.tenant.TenantDataSeeder        : Verifying Tenant: Master Platform [1]
2026-01-14T00:49:37.851+02:00 DEBUG 42856 --- [  restartedMain] org.hibernate.SQL                        : select s1_0.id,s1_0.category,s1_0.`key`,s1_0.tenant_id,s1_0.value from settings s1_0 where (s1_0.tenant_id = ? or s1_0.tenant_id = 0 or s1_0.tenant_id is null) and s1_0.tenant_id = ? and s1_0.category=?
2026-01-14T00:49:37.853+02:00  INFO 42856 --- [  restartedMain] c.o.admin.tenant.TenantDataSeeder        : No theme settings found. Seeding default.
2026-01-14T00:49:37.867+02:00 DEBUG 42856 --- [  restartedMain] org.hibernate.SQL                        : insert into settings (category,`key`,tenant_id,value) values (?,?,?,?)
2026-01-14T00:49:37.894+02:00 DEBUG 42856 --- [  restartedMain] org.hibernate.SQL                        : select u1_0.id,u1_0.email,u1_0.enabled,u1_0.first_name,u1_0.last_name,u1_0.password,u1_0.photos,u1_0.tenant_id,u1_0.user_bio from `'user'` u1_0 where u1_0.tenant_id = ? and u1_0.tenant_id = ?
2026-01-14T00:49:37.903+02:00 DEBUG 42856 --- [  restartedMain] org.hibernate.SQL                        : select r1_0.user_id,r1_1.id,r1_1.all_parent_ids,r1_1.descrption,r1_1.name,r1_1.parent_id from user_roles r1_0 join role r1_1 on r1_1.id=r1_0.role_id where r1_0.user_id=?
2026-01-14T00:49:37.906+02:00 DEBUG 42856 --- [  restartedMain] org.hibernate.SQL                        : select r1_0.user_id,r1_1.id,r1_1.all_parent_ids,r1_1.descrption,r1_1.name,r1_1.parent_id from user_roles r1_0 join role r1_1 on r1_1.id=r1_0.role_id where r1_0.user_id=?
2026-01-14T00:49:37.915+02:00  INFO 42856 --- [  restartedMain] c.o.admin.tenant.TenantDataSeeder        : Verifying Tenant: Online Store [4]
2026-01-14T00:49:37.919+02:00 DEBUG 42856 --- [  restartedMain] org.hibernate.SQL                        : select s1_0.id,s1_0.category,s1_0.`key`,s1_0.tenant_id,s1_0.value from settings s1_0 where (s1_0.tenant_id = ? or s1_0.tenant_id = 0 or s1_0.tenant_id is null) and s1_0.tenant_id = ? and s1_0.category=?
2026-01-14T00:49:37.933+02:00 DEBUG 42856 --- [  restartedMain] org.hibernate.SQL                        : update `'user'` set email=?,enabled=?,first_name=?,last_name=?,password=?,photos=?,user_bio=? where id=?
2026-01-14T00:49:37.941+02:00 DEBUG 42856 --- [  restartedMain] org.hibernate.SQL                        : update `'user'` set email=?,enabled=?,first_name=?,last_name=?,password=?,photos=?,user_bio=? where id=?
2026-01-14T00:49:37.943+02:00 DEBUG 42856 --- [  restartedMain] org.hibernate.SQL                        : select u1_0.id,u1_0.email,u1_0.enabled,u1_0.first_name,u1_0.last_name,u1_0.password,u1_0.photos,u1_0.tenant_id,u1_0.user_bio from `'user'` u1_0 where u1_0.tenant_id = ? and u1_0.tenant_id = ?
2026-01-14T00:49:37.946+02:00 DEBUG 42856 --- [  restartedMain] org.hibernate.SQL                        : select r1_0.user_id,r1_1.id,r1_1.all_parent_ids,r1_1.descrption,r1_1.name,r1_1.parent_id from user_roles r1_0 join role r1_1 on r1_1.id=r1_0.role_id where r1_0.user_id=?
2026-01-14T00:49:37.948+02:00 DEBUG 42856 --- [  restartedMain] org.hibernate.SQL                        : select r1_0.user_id,r1_1.id,r1_1.all_parent_ids,r1_1.descrption,r1_1.name,r1_1.parent_id from user_roles r1_0 join role r1_1 on r1_1.id=r1_0.role_id where r1_0.user_id=?
2026-01-14T00:49:37.949+02:00 DEBUG 42856 --- [  restartedMain] org.hibernate.SQL                        : select r1_0.user_id,r1_1.id,r1_1.all_parent_ids,r1_1.descrption,r1_1.name,r1_1.parent_id from user_roles r1_0 join role r1_1 on r1_1.id=r1_0.role_id where r1_0.user_id=?
2026-01-14T00:49:37.951+02:00 DEBUG 42856 --- [  restartedMain] org.hibernate.SQL                        : select r1_0.user_id,r1_1.id,r1_1.all_parent_ids,r1_1.descrption,r1_1.name,r1_1.parent_id from user_roles r1_0 join role r1_1 on r1_1.id=r1_0.role_id where r1_0.user_id=?
2026-01-14T00:49:37.951+02:00 DEBUG 42856 --- [  restartedMain] org.hibernate.SQL                        : select r1_0.user_id,r1_1.id,r1_1.all_parent_ids,r1_1.descrption,r1_1.name,r1_1.parent_id from user_roles r1_0 join role r1_1 on r1_1.id=r1_0.role_id where r1_0.user_id=?
2026-01-14T00:49:37.953+02:00 DEBUG 42856 --- [  restartedMain] org.hibernate.SQL                        : select r1_0.user_id,r1_1.id,r1_1.all_parent_ids,r1_1.descrption,r1_1.name,r1_1.parent_id from user_roles r1_0 join role r1_1 on r1_1.id=r1_0.role_id where r1_0.user_id=?
2026-01-14T00:49:37.953+02:00 DEBUG 42856 --- [  restartedMain] org.hibernate.SQL                        : select r1_0.user_id,r1_1.id,r1_1.all_parent_ids,r1_1.descrption,r1_1.name,r1_1.parent_id from user_roles r1_0 join role r1_1 on r1_1.id=r1_0.role_id where r1_0.user_id=?
2026-01-14T00:49:37.955+02:00 DEBUG 42856 --- [  restartedMain] org.hibernate.SQL                        : select r1_0.user_id,r1_1.id,r1_1.all_parent_ids,r1_1.descrption,r1_1.name,r1_1.parent_id from user_roles r1_0 join role r1_1 on r1_1.id=r1_0.role_id where r1_0.user_id=?
2026-01-14T00:49:37.957+02:00 DEBUG 42856 --- [  restartedMain] org.hibernate.SQL                        : select r1_0.user_id,r1_1.id,r1_1.all_parent_ids,r1_1.descrption,r1_1.name,r1_1.parent_id from user_roles r1_0 join role r1_1 on r1_1.id=r1_0.role_id where r1_0.user_id=?
2026-01-14T00:49:37.958+02:00 DEBUG 42856 --- [  restartedMain] org.hibernate.SQL                        : select r1_0.user_id,r1_1.id,r1_1.all_parent_ids,r1_1.descrption,r1_1.name,r1_1.parent_id from user_roles r1_0 join role r1_1 on r1_1.id=r1_0.role_id where r1_0.user_id=?
2026-01-14T00:49:37.960+02:00 DEBUG 42856 --- [  restartedMain] org.hibernate.SQL                        : select r1_0.user_id,r1_1.id,r1_1.all_parent_ids,r1_1.descrption,r1_1.name,r1_1.parent_id from user_roles r1_0 join role r1_1 on r1_1.id=r1_0.role_id where r1_0.user_id=?
2026-01-14T00:49:37.960+02:00 DEBUG 42856 --- [  restartedMain] org.hibernate.SQL                        : select r1_0.user_id,r1_1.id,r1_1.all_parent_ids,r1_1.descrption,r1_1.name,r1_1.parent_id from user_roles r1_0 join role r1_1 on r1_1.id=r1_0.role_id where r1_0.user_id=?
2026-01-14T00:49:37.960+02:00 DEBUG 42856 --- [  restartedMain] org.hibernate.SQL                        : select r1_0.user_id,r1_1.id,r1_1.all_parent_ids,r1_1.descrption,r1_1.name,r1_1.parent_id from user_roles r1_0 join role r1_1 on r1_1.id=r1_0.role_id where r1_0.user_id=?
2026-01-14T00:49:37.963+02:00 DEBUG 42856 --- [  restartedMain] org.hibernate.SQL                        : select r1_0.user_id,r1_1.id,r1_1.all_parent_ids,r1_1.descrption,r1_1.name,r1_1.parent_id from user_roles r1_0 join role r1_1 on r1_1.id=r1_0.role_id where r1_0.user_id=?
2026-01-14T00:49:37.963+02:00 DEBUG 42856 --- [  restartedMain] org.hibernate.SQL                        : select r1_0.user_id,r1_1.id,r1_1.all_parent_ids,r1_1.descrption,r1_1.name,r1_1.parent_id from user_roles r1_0 join role r1_1 on r1_1.id=r1_0.role_id where r1_0.user_id=?
2026-01-14T00:49:37.965+02:00 DEBUG 42856 --- [  restartedMain] org.hibernate.SQL                        : select r1_0.user_id,r1_1.id,r1_1.all_parent_ids,r1_1.descrption,r1_1.name,r1_1.parent_id from user_roles r1_0 join role r1_1 on r1_1.id=r1_0.role_id where r1_0.user_id=?
2026-01-14T00:49:37.965+02:00 DEBUG 42856 --- [  restartedMain] org.hibernate.SQL                        : select r1_0.user_id,r1_1.id,r1_1.all_parent_ids,r1_1.descrption,r1_1.name,r1_1.parent_id from user_roles r1_0 join role r1_1 on r1_1.id=r1_0.role_id where r1_0.user_id=?
2026-01-14T00:49:37.967+02:00 DEBUG 42856 --- [  restartedMain] org.hibernate.SQL                        : select r1_0.user_id,r1_1.id,r1_1.all_parent_ids,r1_1.descrption,r1_1.name,r1_1.parent_id from user_roles r1_0 join role r1_1 on r1_1.id=r1_0.role_id where r1_0.user_id=?
2026-01-14T00:49:37.967+02:00 DEBUG 42856 --- [  restartedMain] org.hibernate.SQL                        : select r1_0.user_id,r1_1.id,r1_1.all_parent_ids,r1_1.descrption,r1_1.name,r1_1.parent_id from user_roles r1_0 join role r1_1 on r1_1.id=r1_0.role_id where r1_0.user_id=?
2026-01-14T00:49:37.969+02:00 DEBUG 42856 --- [  restartedMain] org.hibernate.SQL                        : select r1_0.user_id,r1_1.id,r1_1.all_parent_ids,r1_1.descrption,r1_1.name,r1_1.parent_id from user_roles r1_0 join role r1_1 on r1_1.id=r1_0.role_id where r1_0.user_id=?
2026-01-14T00:49:37.969+02:00 DEBUG 42856 --- [  restartedMain] org.hibernate.SQL                        : select r1_0.user_id,r1_1.id,r1_1.all_parent_ids,r1_1.descrption,r1_1.name,r1_1.parent_id from user_roles r1_0 join role r1_1 on r1_1.id=r1_0.role_id where r1_0.user_id=?
2026-01-14T00:49:37.971+02:00 DEBUG 42856 --- [  restartedMain] org.hibernate.SQL                        : select r1_0.user_id,r1_1.id,r1_1.all_parent_ids,r1_1.descrption,r1_1.name,r1_1.parent_id from user_roles r1_0 join role r1_1 on r1_1.id=r1_0.role_id where r1_0.user_id=?
2026-01-14T00:49:37.971+02:00 DEBUG 42856 --- [  restartedMain] org.hibernate.SQL                        : select r1_0.user_id,r1_1.id,r1_1.all_parent_ids,r1_1.descrption,r1_1.name,r1_1.parent_id from user_roles r1_0 join role r1_1 on r1_1.id=r1_0.role_id where r1_0.user_id=?
2026-01-14T00:49:37.978+02:00  INFO 42856 --- [  restartedMain] c.o.admin.tenant.TenantDataSeeder        : Verifying Tenant: Hotel Booking [5]
2026-01-14T00:49:37.983+02:00 DEBUG 42856 --- [  restartedMain] org.hibernate.SQL                        : select s1_0.id,s1_0.category,s1_0.`key`,s1_0.tenant_id,s1_0.value from settings s1_0 where (s1_0.tenant_id = ? or s1_0.tenant_id = 0 or s1_0.tenant_id is null) and s1_0.tenant_id = ? and s1_0.category=?
2026-01-14T00:49:37.987+02:00 DEBUG 42856 --- [  restartedMain] org.hibernate.SQL                        : update `'user'` set email=?,enabled=?,first_name=?,last_name=?,password=?,photos=?,user_bio=? where id=?
2026-01-14T00:49:37.991+02:00 DEBUG 42856 --- [  restartedMain] org.hibernate.SQL                        : update `'user'` set email=?,enabled=?,first_name=?,last_name=?,password=?,photos=?,user_bio=? where id=?
2026-01-14T00:49:37.991+02:00 DEBUG 42856 --- [  restartedMain] org.hibernate.SQL                        : update `'user'` set email=?,enabled=?,first_name=?,last_name=?,password=?,photos=?,user_bio=? where id=?
2026-01-14T00:49:37.993+02:00 DEBUG 42856 --- [  restartedMain] org.hibernate.SQL                        : update `'user'` set email=?,enabled=?,first_name=?,last_name=?,password=?,photos=?,user_bio=? where id=?
2026-01-14T00:49:37.994+02:00 DEBUG 42856 --- [  restartedMain] org.hibernate.SQL                        : update `'user'` set email=?,enabled=?,first_name=?,last_name=?,password=?,photos=?,user_bio=? where id=?
2026-01-14T00:49:37.994+02:00 DEBUG 42856 --- [  restartedMain] org.hibernate.SQL                        : update `'user'` set email=?,enabled=?,first_name=?,last_name=?,password=?,photos=?,user_bio=? where id=?
2026-01-14T00:49:37.996+02:00 DEBUG 42856 --- [  restartedMain] org.hibernate.SQL                        : update `'user'` set email=?,enabled=?,first_name=?,last_name=?,password=?,photos=?,user_bio=? where id=?
2026-01-14T00:49:37.996+02:00 DEBUG 42856 --- [  restartedMain] org.hibernate.SQL                        : update `'user'` set email=?,enabled=?,first_name=?,last_name=?,password=?,photos=?,user_bio=? where id=?
2026-01-14T00:49:37.996+02:00 DEBUG 42856 --- [  restartedMain] org.hibernate.SQL                        : update `'user'` set email=?,enabled=?,first_name=?,last_name=?,password=?,photos=?,user_bio=? where id=?
2026-01-14T00:49:37.999+02:00 DEBUG 42856 --- [  restartedMain] org.hibernate.SQL                        : update `'user'` set email=?,enabled=?,first_name=?,last_name=?,password=?,photos=?,user_bio=? where id=?
2026-01-14T00:49:38.000+02:00 DEBUG 42856 --- [  restartedMain] org.hibernate.SQL                        : update `'user'` set email=?,enabled=?,first_name=?,last_name=?,password=?,photos=?,user_bio=? where id=?
2026-01-14T00:49:38.001+02:00 DEBUG 42856 --- [  restartedMain] org.hibernate.SQL                        : update `'user'` set email=?,enabled=?,first_name=?,last_name=?,password=?,photos=?,user_bio=? where id=?
2026-01-14T00:49:38.003+02:00 DEBUG 42856 --- [  restartedMain] org.hibernate.SQL                        : update `'user'` set email=?,enabled=?,first_name=?,last_name=?,password=?,photos=?,user_bio=? where id=?
2026-01-14T00:49:38.003+02:00 DEBUG 42856 --- [  restartedMain] org.hibernate.SQL                        : update `'user'` set email=?,enabled=?,first_name=?,last_name=?,password=?,photos=?,user_bio=? where id=?
2026-01-14T00:49:38.005+02:00 DEBUG 42856 --- [  restartedMain] org.hibernate.SQL                        : update `'user'` set email=?,enabled=?,first_name=?,last_name=?,password=?,photos=?,user_bio=? where id=?
2026-01-14T00:49:38.006+02:00 DEBUG 42856 --- [  restartedMain] org.hibernate.SQL                        : update `'user'` set email=?,enabled=?,first_name=?,last_name=?,password=?,photos=?,user_bio=? where id=?
2026-01-14T00:49:38.007+02:00 DEBUG 42856 --- [  restartedMain] org.hibernate.SQL                        : update `'user'` set email=?,enabled=?,first_name=?,last_name=?,password=?,photos=?,user_bio=? where id=?
2026-01-14T00:49:38.008+02:00 DEBUG 42856 --- [  restartedMain] org.hibernate.SQL                        : update `'user'` set email=?,enabled=?,first_name=?,last_name=?,password=?,photos=?,user_bio=? where id=?
2026-01-14T00:49:38.009+02:00 DEBUG 42856 --- [  restartedMain] org.hibernate.SQL                        : update `'user'` set email=?,enabled=?,first_name=?,last_name=?,password=?,photos=?,user_bio=? where id=?
2026-01-14T00:49:38.011+02:00 DEBUG 42856 --- [  restartedMain] org.hibernate.SQL                        : update `'user'` set email=?,enabled=?,first_name=?,last_name=?,password=?,photos=?,user_bio=? where id=?
2026-01-14T00:49:38.012+02:00 DEBUG 42856 --- [  restartedMain] org.hibernate.SQL                        : update `'user'` set email=?,enabled=?,first_name=?,last_name=?,password=?,photos=?,user_bio=? where id=?
2026-01-14T00:49:38.013+02:00 DEBUG 42856 --- [  restartedMain] org.hibernate.SQL                        : update `'user'` set email=?,enabled=?,first_name=?,last_name=?,password=?,photos=?,user_bio=? where id=?
2026-01-14T00:49:38.013+02:00 DEBUG 42856 --- [  restartedMain] org.hibernate.SQL                        : update `'user'` set email=?,enabled=?,first_name=?,last_name=?,password=?,photos=?,user_bio=? where id=?
2026-01-14T00:49:38.015+02:00 DEBUG 42856 --- [  restartedMain] org.hibernate.SQL                        : select u1_0.id,u1_0.email,u1_0.enabled,u1_0.first_name,u1_0.last_name,u1_0.password,u1_0.photos,u1_0.tenant_id,u1_0.user_bio from `'user'` u1_0 where u1_0.tenant_id = ? and u1_0.tenant_id = ?
2026-01-14T00:49:38.015+02:00 DEBUG 42856 --- [  restartedMain] org.hibernate.SQL                        : select r1_0.user_id,r1_1.id,r1_1.all_parent_ids,r1_1.descrption,r1_1.name,r1_1.parent_id from user_roles r1_0 join role r1_1 on r1_1.id=r1_0.role_id where r1_0.user_id=?
2026-01-14T00:49:38.017+02:00 DEBUG 42856 --- [  restartedMain] org.hibernate.SQL                        : select r1_0.user_id,r1_1.id,r1_1.all_parent_ids,r1_1.descrption,r1_1.name,r1_1.parent_id from user_roles r1_0 join role r1_1 on r1_1.id=r1_0.role_id where r1_0.user_id=?
2026-01-14T00:49:38.017+02:00 DEBUG 42856 --- [  restartedMain] org.hibernate.SQL                        : select r1_0.user_id,r1_1.id,r1_1.all_parent_ids,r1_1.descrption,r1_1.name,r1_1.parent_id from user_roles r1_0 join role r1_1 on r1_1.id=r1_0.role_id where r1_0.user_id=?
2026-01-14T00:49:38.019+02:00 DEBUG 42856 --- [  restartedMain] org.hibernate.SQL                        : select r1_0.user_id,r1_1.id,r1_1.all_parent_ids,r1_1.descrption,r1_1.name,r1_1.parent_id from user_roles r1_0 join role r1_1 on r1_1.id=r1_0.role_id where r1_0.user_id=?
2026-01-14T00:49:38.021+02:00  INFO 42856 --- [  restartedMain] c.o.admin.tenant.TenantDataSeeder        : Verifying Tenant: Car Rental [6]
2026-01-14T00:49:38.025+02:00 DEBUG 42856 --- [  restartedMain] org.hibernate.SQL                        : select s1_0.id,s1_0.category,s1_0.`key`,s1_0.tenant_id,s1_0.value from settings s1_0 where (s1_0.tenant_id = ? or s1_0.tenant_id = 0 or s1_0.tenant_id is null) and s1_0.tenant_id = ? and s1_0.category=?
2026-01-14T00:49:38.030+02:00 DEBUG 42856 --- [  restartedMain] org.hibernate.SQL                        : update `'user'` set email=?,enabled=?,first_name=?,last_name=?,password=?,photos=?,user_bio=? where id=?
2026-01-14T00:49:38.030+02:00 DEBUG 42856 --- [  restartedMain] org.hibernate.SQL                        : update `'user'` set email=?,enabled=?,first_name=?,last_name=?,password=?,photos=?,user_bio=? where id=?
2026-01-14T00:49:38.032+02:00 DEBUG 42856 --- [  restartedMain] org.hibernate.SQL                        : update `'user'` set email=?,enabled=?,first_name=?,last_name=?,password=?,photos=?,user_bio=? where id=?
2026-01-14T00:49:38.033+02:00 DEBUG 42856 --- [  restartedMain] org.hibernate.SQL                        : select u1_0.id,u1_0.email,u1_0.enabled,u1_0.first_name,u1_0.last_name,u1_0.password,u1_0.photos,u1_0.tenant_id,u1_0.user_bio from `'user'` u1_0 where u1_0.tenant_id = ? and u1_0.tenant_id = ?
2026-01-14T00:49:38.033+02:00 DEBUG 42856 --- [  restartedMain] org.hibernate.SQL                        : select r1_0.user_id,r1_1.id,r1_1.all_parent_ids,r1_1.descrption,r1_1.name,r1_1.parent_id from user_roles r1_0 join role r1_1 on r1_1.id=r1_0.role_id where r1_0.user_id=?
2026-01-14T00:49:38.035+02:00  INFO 42856 --- [  restartedMain] c.o.admin.tenant.TenantDataSeeder        : Verifying Tenant: Restaurant [7]
2026-01-14T00:49:38.038+02:00 DEBUG 42856 --- [  restartedMain] org.hibernate.SQL                        : select s1_0.id,s1_0.category,s1_0.`key`,s1_0.tenant_id,s1_0.value from settings s1_0 where (s1_0.tenant_id = ? or s1_0.tenant_id = 0 or s1_0.tenant_id is null) and s1_0.tenant_id = ? and s1_0.category=?
2026-01-14T00:49:38.043+02:00 DEBUG 42856 --- [  restartedMain] org.hibernate.SQL                        : update `'user'` set email=?,enabled=?,first_name=?,last_name=?,password=?,photos=?,user_bio=? where id=?
2026-01-14T00:49:38.045+02:00 DEBUG 42856 --- [  restartedMain] org.hibernate.SQL                        : select u1_0.id,u1_0.email,u1_0.enabled,u1_0.first_name,u1_0.last_name,u1_0.password,u1_0.photos,u1_0.tenant_id,u1_0.user_bio from `'user'` u1_0 where u1_0.tenant_id = ? and u1_0.tenant_id = ?
2026-01-14T00:49:38.046+02:00 DEBUG 42856 --- [  restartedMain] org.hibernate.SQL                        : select r1_0.user_id,r1_1.id,r1_1.all_parent_ids,r1_1.descrption,r1_1.name,r1_1.parent_id from user_roles r1_0 join role r1_1 on r1_1.id=r1_0.role_id where r1_0.user_id=?
2026-01-14T00:49:38.046+02:00 DEBUG 42856 --- [  restartedMain] org.hibernate.SQL                        : select r1_0.user_id,r1_1.id,r1_1.all_parent_ids,r1_1.descrption,r1_1.name,r1_1.parent_id from user_roles r1_0 join role r1_1 on r1_1.id=r1_0.role_id where r1_0.user_id=?
2026-01-14T00:49:38.049+02:00 DEBUG 42856 --- [  restartedMain] org.hibernate.SQL                        : select r1_0.user_id,r1_1.id,r1_1.all_parent_ids,r1_1.descrption,r1_1.name,r1_1.parent_id from user_roles r1_0 join role r1_1 on r1_1.id=r1_0.role_id where r1_0.user_id=?
2026-01-14T00:49:38.051+02:00  INFO 42856 --- [  restartedMain] c.o.admin.tenant.TenantDataSeeder        : Consistency report written to: C:\Users\enoam\OneDrive\onlineStore\onlineStore\webParent\WebBackEnd\consistency_report.yaml
2026-01-14T00:49:38.051+02:00  INFO 42856 --- [  restartedMain] c.o.admin.tenant.TenantDataSeeder        : TENANT DATA VERIFICATION COMPLETED. Report generated.
2026-01-14T00:49:38.053+02:00 DEBUG 42856 --- [  restartedMain] org.hibernate.SQL                        : update `'user'` set email=?,enabled=?,first_name=?,last_name=?,password=?,photos=?,user_bio=? where id=?
2026-01-14T00:49:38.054+02:00 DEBUG 42856 --- [  restartedMain] org.hibernate.SQL                        : update `'user'` set email=?,enabled=?,first_name=?,last_name=?,password=?,photos=?,user_bio=? where id=?
2026-01-14T00:49:38.054+02:00 DEBUG 42856 --- [  restartedMain] org.hibernate.SQL                        : update `'user'` set email=?,enabled=?,first_name=?,last_name=?,password=?,photos=?,user_bio=? where id=?
2026-01-14T00:49:38.065+02:00  WARN 42856 --- [  restartedMain] o.h.c.spi.AbstractPersistentCollection   : HHH000506: Detaching an uninitialized collection with enabled filters from a session: [com.onlineStoreCom.entity.tenant.Tenant.children#1]
2026-01-14T00:49:38.065+02:00  WARN 42856 --- [  restartedMain] o.h.c.spi.AbstractPersistentCollection   : HHH000506: Detaching an uninitialized collection with enabled filters from a session: [com.onlineStoreCom.entity.tenant.Tenant.children#4]
2026-01-14T00:49:38.065+02:00  WARN 42856 --- [  restartedMain] o.h.c.spi.AbstractPersistentCollection   : HHH000506: Detaching an uninitialized collection with enabled filters from a session: [com.onlineStoreCom.entity.tenant.Tenant.children#5]
2026-01-14T00:49:38.065+02:00  WARN 42856 --- [  restartedMain] o.h.c.spi.AbstractPersistentCollection   : HHH000506: Detaching an uninitialized collection with enabled filters from a session: [com.onlineStoreCom.entity.tenant.Tenant.children#6]
2026-01-14T00:49:38.065+02:00  WARN 42856 --- [  restartedMain] o.h.c.spi.AbstractPersistentCollection   : HHH000506: Detaching an uninitialized collection with enabled filters from a session: [com.onlineStoreCom.entity.tenant.Tenant.children#7]
2026-01-14T00:49:38.065+02:00  WARN 42856 --- [  restartedMain] o.h.c.spi.AbstractPersistentCollection   : HHH000506: Detaching an uninitialized collection with enabled filters from a session: [com.onlineStoreCom.entity.users.Role.children#1]
2026-01-14T00:49:38.065+02:00  WARN 42856 --- [  restartedMain] o.h.c.spi.AbstractPersistentCollection   : HHH000506: Detaching an uninitialized collection with enabled filters from a session: [com.onlineStoreCom.entity.users.Role.children#5]
2026-01-14T00:49:38.065+02:00  WARN 42856 --- [  restartedMain] o.h.c.spi.AbstractPersistentCollection   : HHH000506: Detaching an uninitialized collection with enabled filters from a session: [com.onlineStoreCom.entity.users.Role.children#4]
2026-01-14T00:49:38.065+02:00  WARN 42856 --- [  restartedMain] o.h.c.spi.AbstractPersistentCollection   : HHH000506: Detaching an uninitialized collection with enabled filters from a session: [com.onlineStoreCom.entity.users.Role.children#2]
2026-01-14T00:49:38.065+02:00  WARN 42856 --- [  restartedMain] o.h.c.spi.AbstractPersistentCollection   : HHH000506: Detaching an uninitialized collection with enabled filters from a session: [com.onlineStoreCom.entity.users.Role.children#3]
2026-01-14T00:49:38.067+02:00  INFO 42856 --- [  restartedMain] .ConditionEvaluationDeltaLoggingListener : Condition evaluation unchanged
[INFO] ------------------------------------------------------------------------
[INFO] BUILD FAILURE
[INFO] ------------------------------------------------------------------------
[INFO] Total time:  02:16 min
[INFO] Finished at: 2026-01-14T00:50:55+02:00
[INFO] ------------------------------------------------------------------------
[ERROR] Failed to execute goal org.springframework.boot:spring-boot-maven-plugin:3.1.4:run (default-cli) on project WebBackEnd: Process terminated with exit code: 1 -> [Help 1]
[ERROR] 
[ERROR] To see the full stack trace of the errors, re-run Maven with the -e switch.
[ERROR] Re-run Maven using the -X switch to enable full debug logging.
[ERROR] 
[ERROR] For more information about the errors and possible solutions, please read the following articles:
[ERROR] [Help 1] http://cwiki.apache.org/confluence/display/MAVEN/MojoExecutionException
