[INFO] Scanning for projects...
[INFO] 
[INFO] ---------------------< com.onlineStore:WebBackEnd >---------------------
[INFO] Building WebBackEnd 0.0.1-SNAPSHOT
[INFO]   from pom.xml
[INFO] --------------------------------[ jar ]---------------------------------
[INFO] 
[INFO] >>> spring-boot:3.1.4:run (default-cli) > test-compile @ WebBackEnd >>>
[INFO] 
[INFO] --- resources:3.3.1:resources (default-resources) @ WebBackEnd ---
[INFO] Copying 1 resource from src\main\resources to target\classes
[INFO] Copying 185 resources from src\main\resources to target\classes
[INFO] 
[INFO] --- compiler:3.11.0:compile (default-compile) @ WebBackEnd ---
[INFO] Changes detected - recompiling the module! :source
[INFO] Compiling 162 source files with javac [debug release 19] to target\classes
[INFO] /C:/Users/enoam/OneDrive/onlineStore/onlineStore/webParent/WebBackEnd/src/main/java/com/onlineStore/admin/pdfConvert/convertUtile/ExcelToPdfConverter.java: C:\Users\enoam\OneDrive\onlineStore\onlineStore\webParent\WebBackEnd\src\main\java\com\onlineStore\admin\pdfConvert\convertUtile\ExcelToPdfConverter.java uses or overrides a deprecated API.
[INFO] /C:/Users/enoam/OneDrive/onlineStore/onlineStore/webParent/WebBackEnd/src/main/java/com/onlineStore/admin/pdfConvert/convertUtile/ExcelToPdfConverter.java: Recompile with -Xlint:deprecation for details.
[INFO] /C:/Users/enoam/OneDrive/onlineStore/onlineStore/webParent/WebBackEnd/src/main/java/com/onlineStore/admin/governance/watchdog/FileSystemMonitor.java: Some input files use unchecked or unsafe operations.
[INFO] /C:/Users/enoam/OneDrive/onlineStore/onlineStore/webParent/WebBackEnd/src/main/java/com/onlineStore/admin/governance/watchdog/FileSystemMonitor.java: Recompile with -Xlint:unchecked for details.
[INFO] 
[INFO] --- resources:3.3.1:testResources (default-testResources) @ WebBackEnd ---
[INFO] skip non existing resourceDirectory C:\Users\enoam\OneDrive\onlineStore\onlineStore\webParent\WebBackEnd\src\test\resources
[INFO] 
[INFO] --- compiler:3.11.0:testCompile (default-testCompile) @ WebBackEnd ---
[INFO] Changes detected - recompiling the module! :dependency
[INFO] Compiling 62 source files with javac [debug release 19] to target\test-classes
[INFO] /C:/Users/enoam/OneDrive/onlineStore/onlineStore/webParent/WebBackEnd/src/test/java/com/onlineStore/admin/SchemaInspectionTest.java: C:\Users\enoam\OneDrive\onlineStore\onlineStore\webParent\WebBackEnd\src\test\java\com\onlineStore\admin\SchemaInspectionTest.java uses unchecked or unsafe operations.
[INFO] /C:/Users/enoam/OneDrive/onlineStore/onlineStore/webParent/WebBackEnd/src/test/java/com/onlineStore/admin/SchemaInspectionTest.java: Recompile with -Xlint:unchecked for details.
[INFO] 
[INFO] <<< spring-boot:3.1.4:run (default-cli) < test-compile @ WebBackEnd <<<
[INFO] 
[INFO] 
[INFO] --- spring-boot:3.1.4:run (default-cli) @ WebBackEnd ---
[INFO] Attaching agents: []
Standard Commons Logging discovery in action with spring-jcl: please remove commons-logging.jar from classpath in order to avoid potential conflicts
Standard Commons Logging discovery in action with spring-jcl: please remove commons-logging.jar from classpath in order to avoid potential conflicts

  .   ____          _            __ _ _
 /\\ / ___'_ __ _ _(_)_ __  __ _ \ \ \ \
( ( )\___ | '_ | '_| | '_ \/ _` | \ \ \ \
 \\/  ___)| |_)| | | | | || (_| |  ) ) ) )
  '  |____| .__|_| |_|_| |_\__, | / / / /
 =========|_|==============|___/=/_/_/_/
 :: Spring Boot ::                (v3.1.4)

2026-01-14T01:04:45.025+02:00  INFO 57500 --- [  restartedMain] c.o.admin.WebBackEndApplication          : Starting WebBackEndApplication using Java 19.0.1 with PID 57500 (C:\Users\enoam\OneDrive\onlineStore\onlineStore\webParent\WebBackEnd\target\classes started by enoam in C:\Users\enoam\OneDrive\onlineStore\onlineStore\webParent\WebBackEnd)
2026-01-14T01:04:45.027+02:00  INFO 57500 --- [  restartedMain] c.o.admin.WebBackEndApplication          : No active profile set, falling back to 1 default profile: "default"
2026-01-14T01:04:45.085+02:00  INFO 57500 --- [  restartedMain] .e.DevToolsPropertyDefaultsPostProcessor : Devtools property defaults active! Set 'spring.devtools.add-properties' to 'false' to disable
2026-01-14T01:04:45.085+02:00  INFO 57500 --- [  restartedMain] .e.DevToolsPropertyDefaultsPostProcessor : For additional web related logging consider setting the 'logging.level.web' property to 'DEBUG'
2026-01-14T01:04:46.011+02:00  INFO 57500 --- [  restartedMain] .s.d.r.c.RepositoryConfigurationDelegate : Bootstrapping Spring Data JPA repositories in DEFAULT mode.
2026-01-14T01:04:46.144+02:00  INFO 57500 --- [  restartedMain] .s.d.r.c.RepositoryConfigurationDelegate : Finished Spring Data repository scanning in 123 ms. Found 21 JPA repository interfaces.
2026-01-14T01:04:47.546+02:00  INFO 57500 --- [  restartedMain] o.s.b.w.embedded.tomcat.TomcatWebServer  : Tomcat initialized with port(s): 710 (http)
2026-01-14T01:04:47.565+02:00  INFO 57500 --- [  restartedMain] o.apache.catalina.core.StandardService   : Starting service [Tomcat]
2026-01-14T01:04:47.565+02:00  INFO 57500 --- [  restartedMain] o.apache.catalina.core.StandardEngine    : Starting Servlet engine: [Apache Tomcat/10.1.13]
2026-01-14T01:04:47.647+02:00  INFO 57500 --- [  restartedMain] o.a.c.c.C.[Tomcat].[localhost].[/]       : Initializing Spring embedded WebApplicationContext
2026-01-14T01:04:47.648+02:00  INFO 57500 --- [  restartedMain] w.s.c.ServletWebServerApplicationContext : Root WebApplicationContext: initialization completed in 2563 ms
Standard Commons Logging discovery in action with spring-jcl: please remove commons-logging.jar from classpath in order to avoid potential conflicts
2026-01-14T01:04:47.801+02:00  INFO 57500 --- [  restartedMain] o.hibernate.jpa.internal.util.LogHelper  : HHH000204: Processing PersistenceUnitInfo [name: default]
2026-01-14T01:04:47.888+02:00  INFO 57500 --- [  restartedMain] org.hibernate.Version                    : HHH000412: Hibernate ORM core version 6.2.9.Final
2026-01-14T01:04:47.891+02:00  INFO 57500 --- [  restartedMain] org.hibernate.cfg.Environment            : HHH000406: Using bytecode reflection optimizer
2026-01-14T01:04:48.084+02:00  INFO 57500 --- [  restartedMain] o.h.b.i.BytecodeProviderInitiator        : HHH000021: Bytecode provider name : bytebuddy
2026-01-14T01:04:48.247+02:00  INFO 57500 --- [  restartedMain] o.s.o.j.p.SpringPersistenceUnitInfo      : No LoadTimeWeaver setup: ignoring JPA class transformer
2026-01-14T01:04:48.267+02:00  INFO 57500 --- [  restartedMain] com.zaxxer.hikari.HikariDataSource       : HikariPool-1 - Starting...
2026-01-14T01:04:48.676+02:00  INFO 57500 --- [  restartedMain] com.zaxxer.hikari.pool.HikariPool        : HikariPool-1 - Added connection com.mysql.cj.jdbc.ConnectionImpl@646bb1b9
2026-01-14T01:04:48.680+02:00  INFO 57500 --- [  restartedMain] com.zaxxer.hikari.HikariDataSource       : HikariPool-1 - Start completed.
2026-01-14T01:04:49.189+02:00  INFO 57500 --- [  restartedMain] o.h.b.i.BytecodeProviderInitiator        : HHH000021: Bytecode provider name : bytebuddy
2026-01-14T01:04:50.407+02:00  INFO 57500 --- [  restartedMain] o.h.e.t.j.p.i.JtaPlatformInitiator       : HHH000490: Using JtaPlatform implementation: [org.hibernate.engine.transaction.jta.platform.internal.NoJtaPlatform]
2026-01-14T01:04:50.901+02:00  INFO 57500 --- [  restartedMain] j.LocalContainerEntityManagerFactoryBean : Initialized JPA EntityManagerFactory for persistence unit 'default'
2026-01-14T01:04:51.132+02:00  INFO 57500 --- [  restartedMain] o.s.boot.web.servlet.RegistrationBean    : Filter tenantFilterRegistration was not registered (disabled)
2026-01-14T01:04:51.132+02:00  INFO 57500 --- [  restartedMain] o.s.boot.web.servlet.RegistrationBean    : Filter tenantContextFilterRegistration was not registered (disabled)
2026-01-14T01:04:51.459+02:00  INFO 57500 --- [  restartedMain] o.s.d.j.r.query.QueryEnhancerFactory     : Hibernate is in classpath; If applicable, HQL parser will be used.
? Anti-Gravity Knowledge System is starting...
? Loading knowledge file: 00-intent.yml
   + Registered: 00-INTENT (INTENT)
? Loading knowledge file: 00-test-rule.yml
   + Registered: RULE-001-TEST (RULE)
? Loading knowledge file: 01-core-principles.yml
   + Registered: 01-CORE-PRINCIPLES (PRINCIPLE)
? Loading knowledge file: 02-rule-mapping.yml
   + Registered: 02-RULE-MAPPING (UNSTRUCTURED)
? Loading knowledge file: 03-business-scenarios.yml
   + Registered: 03-BUSINESS-SCENARIOS (BUSINESS_LOGIC)
? Loading knowledge file: 04-ai-prompts.yml
   + Registered: 04-AI-PROMPTS (AI_CONTEXT)
? Loading knowledge file: 05-pitch-deck.yml
   + Registered: 05-PITCH-DECK (BUSINESS_PITCH)
? Loading knowledge file: 06-governance.yml
   + Registered: 06-GOVERNANCE (GOVERNANCE)
? Loading knowledge file: 07-shared-reference-data.yml
   + Registered: 07-SHARED-REFERENCE-DATA (REFERENCE_DATA)
? Loading knowledge file: 08-tenant-isolation.yml
   + Registered: 08-TENANT-ISOLATION (RULE)
? Loading knowledge file: 10-storage-structure.yml
   + Registered: 10-STORAGE-STRUCTURE (TECHNICAL_SPEC)
? Knowledge System loaded successfully. Total entries: 11
? Starting Asset Reorganization with Logging...
=========================================
MIGRATION SUMMARY
Total Tenants Processed: 124
Total Files Moved: 0
Errors: 0
=========================================
? Generated HTML Preview: knowledge_preview.html
? Generated Folder Structure: C:\Users\enoam\OneDrive\onlineStore\onlineStore\webParent\WebBackEnd\knowledge_export\tenants
?? Autonomous Architecture & Runtime Auditor [READ-ONLY MODE] scanning...
System Audit Completed: WARNINGS
? Architecture Watchdog starting...
2026-01-14T01:04:52.285+02:00  INFO 57500 --- [  restartedMain] c.o.a.g.watchdog.FileSystemMonitor       : Watchdog: Registered monitor for tenants
2026-01-14T01:04:52.286+02:00  INFO 57500 --- [  restartedMain] c.o.a.g.watchdog.FileSystemMonitor       : Watchdog: Registered monitor for .
? Architecture Watchdog is active and monitoring.
2026-01-14T01:04:52.287+02:00  INFO 57500 --- [Watchdog-Thread] c.o.a.g.watchdog.FileSystemMonitor       : Watchdog: FileSystemMonitor thread started.
2026-01-14T01:04:53.347+02:00  WARN 57500 --- [  restartedMain] JpaBaseConfiguration$JpaWebConfiguration : spring.jpa.open-in-view is enabled by default. Therefore, database queries may be performed during view rendering. Explicitly configure spring.jpa.open-in-view to disable this warning
2026-01-14T01:04:54.123+02:00  INFO 57500 --- [  restartedMain] o.s.b.a.e.web.EndpointLinksResolver      : Exposing 1 endpoint(s) beneath base path '/actuator'
2026-01-14T01:04:54.184+02:00  INFO 57500 --- [  restartedMain] o.s.s.web.DefaultSecurityFilterChain     : Will secure any request with [org.springframework.security.web.session.DisableEncodeUrlFilter@d6833d7, org.springframework.security.web.context.request.async.WebAsyncManagerIntegrationFilter@21af05c5, org.springframework.security.web.context.SecurityContextHolderFilter@7fb491af, org.springframework.security.web.header.HeaderWriterFilter@394a5461, org.springframework.security.web.csrf.CsrfFilter@28b13fb4, org.springframework.security.web.authentication.logout.LogoutFilter@b45cad9, org.springframework.security.web.authentication.UsernamePasswordAuthenticationFilter@4e4c44e3, com.onlineStoreCom.security.tenant.TenantContextFilter@4f8edd73, org.springframework.security.web.savedrequest.RequestCacheAwareFilter@147fd0be, org.springframework.security.web.servletapi.SecurityContextHolderAwareRequestFilter@2a0c10b0, org.springframework.security.web.authentication.rememberme.RememberMeAuthenticationFilter@17c7f24b, org.springframework.security.web.authentication.AnonymousAuthenticationFilter@6676fd93, org.springframework.security.web.access.ExceptionTranslationFilter@2e8c28ec, org.springframework.security.web.access.intercept.AuthorizationFilter@1581f682]
2026-01-14T01:04:54.575+02:00  INFO 57500 --- [  restartedMain] o.s.b.d.a.OptionalLiveReloadServer       : LiveReload server is running on port 35729
2026-01-14T01:04:54.658+02:00  INFO 57500 --- [  restartedMain] o.s.b.w.embedded.tomcat.TomcatWebServer  : Tomcat started on port(s): 710 (http) with context path ''
2026-01-14T01:04:54.670+02:00  INFO 57500 --- [  restartedMain] c.o.admin.WebBackEndApplication          : Started WebBackEndApplication in 10.089 seconds (process running for 10.604)
? RUNNING DATA REPAIR: Fixing Broken Category Hierarchies...
2026-01-14T01:04:54.777+02:00 DEBUG 57500 --- [  restartedMain] org.hibernate.SQL                        : UPDATE categories c JOIN categories p ON c.parent_id = p.id SET c.parent_id = NULL WHERE c.tenant_id != p.tenant_id
? DATA REPAIR COMPLETE: Cross-tenant parents removed.
2026-01-14T01:04:54.791+02:00  INFO 57500 --- [  restartedMain] c.o.admin.tenant.TenantDataSeeder        : STARTING TENANT DATA VERIFICATION & SEEDING (Phase 6)
2026-01-14T01:04:54.858+02:00 DEBUG 57500 --- [  restartedMain] org.hibernate.SQL                        : select t1_0.id,t1_0.code,t1_0.created_at,t1_0.name,t1_0.parent_id,t1_0.status from tenants t1_0
2026-01-14T01:04:54.879+02:00  INFO 57500 --- [  restartedMain] c.o.admin.tenant.TenantDataSeeder        : Verifying Tenant: Master Platform [1]
2026-01-14T01:04:54.907+02:00 DEBUG 57500 --- [  restartedMain] org.hibernate.SQL                        : select s1_0.id,s1_0.category,s1_0.`key`,s1_0.tenant_id,s1_0.value from settings s1_0 where (s1_0.tenant_id = ? or s1_0.tenant_id = 0 or s1_0.tenant_id is null) and s1_0.tenant_id = ? and s1_0.category=?
2026-01-14T01:04:54.914+02:00 DEBUG 57500 --- [  restartedMain] org.hibernate.SQL                        : select u1_0.id,u1_0.email,u1_0.enabled,u1_0.first_name,u1_0.last_name,u1_0.password,u1_0.photos,u1_0.tenant_id,u1_0.user_bio from `'user'` u1_0 where u1_0.tenant_id = ? and u1_0.tenant_id = ?
2026-01-14T01:04:54.923+02:00 DEBUG 57500 --- [  restartedMain] org.hibernate.SQL                        : select r1_0.user_id,r1_1.id,r1_1.all_parent_ids,r1_1.descrption,r1_1.name,r1_1.parent_id from user_roles r1_0 join role r1_1 on r1_1.id=r1_0.role_id where r1_0.user_id=?
2026-01-14T01:04:54.929+02:00 DEBUG 57500 --- [  restartedMain] org.hibernate.SQL                        : select r1_0.user_id,r1_1.id,r1_1.all_parent_ids,r1_1.descrption,r1_1.name,r1_1.parent_id from user_roles r1_0 join role r1_1 on r1_1.id=r1_0.role_id where r1_0.user_id=?
2026-01-14T01:04:54.933+02:00 DEBUG 57500 --- [  restartedMain] org.hibernate.SQL                        : select s1_0.id,s1_0.category,s1_0.`key`,s1_0.tenant_id,s1_0.value from settings s1_0 where (s1_0.tenant_id = ? or s1_0.tenant_id = 0 or s1_0.tenant_id is null) and s1_0.tenant_id = ? and s1_0.category=?
2026-01-14T01:04:54.934+02:00  INFO 57500 --- [  restartedMain] c.o.admin.tenant.TenantDataSeeder        : No GENERAL settings found. Seeding defaults.
2026-01-14T01:04:54.946+02:00 DEBUG 57500 --- [  restartedMain] org.hibernate.SQL                        : insert into settings (category,`key`,tenant_id,value) values (?,?,?,?)
2026-01-14T01:04:54.968+02:00 DEBUG 57500 --- [  restartedMain] org.hibernate.SQL                        : insert into settings (category,`key`,tenant_id,value) values (?,?,?,?)
2026-01-14T01:04:54.971+02:00 DEBUG 57500 --- [  restartedMain] org.hibernate.SQL                        : insert into settings (category,`key`,tenant_id,value) values (?,?,?,?)
2026-01-14T01:04:54.973+02:00 DEBUG 57500 --- [  restartedMain] org.hibernate.SQL                        : select s1_0.id,s1_0.category,s1_0.`key`,s1_0.tenant_id,s1_0.value from settings s1_0 where (s1_0.tenant_id = ? or s1_0.tenant_id = 0 or s1_0.tenant_id is null) and s1_0.tenant_id = ? and s1_0.category=?
2026-01-14T01:04:54.975+02:00  INFO 57500 --- [  restartedMain] c.o.admin.tenant.TenantDataSeeder        : No CURRENCY_ID setting found. Seeding default (USD).
2026-01-14T01:04:54.977+02:00 DEBUG 57500 --- [  restartedMain] org.hibernate.SQL                        : select c1_0.id,c1_0.code,c1_0.name,c1_0.symbol from currencies c1_0
2026-01-14T01:04:54.979+02:00 DEBUG 57500 --- [  restartedMain] org.hibernate.SQL                        : insert into settings (category,`key`,tenant_id,value) values (?,?,?,?)
2026-01-14T01:04:54.980+02:00 DEBUG 57500 --- [  restartedMain] org.hibernate.SQL                        : insert into settings (category,`key`,tenant_id,value) values (?,?,?,?)
2026-01-14T01:04:54.982+02:00 DEBUG 57500 --- [  restartedMain] org.hibernate.SQL                        : insert into settings (category,`key`,tenant_id,value) values (?,?,?,?)
2026-01-14T01:04:54.983+02:00 DEBUG 57500 --- [  restartedMain] org.hibernate.SQL                        : insert into settings (category,`key`,tenant_id,value) values (?,?,?,?)
2026-01-14T01:04:54.985+02:00 DEBUG 57500 --- [  restartedMain] org.hibernate.SQL                        : insert into settings (category,`key`,tenant_id,value) values (?,?,?,?)
2026-01-14T01:04:54.985+02:00 DEBUG 57500 --- [  restartedMain] org.hibernate.SQL                        : insert into settings (category,`key`,tenant_id,value) values (?,?,?,?)
2026-01-14T01:04:54.986+02:00  INFO 57500 --- [  restartedMain] c.o.admin.tenant.TenantDataSeeder        : Verifying Tenant: Online Store [4]
2026-01-14T01:04:54.988+02:00 DEBUG 57500 --- [  restartedMain] org.hibernate.SQL                        : select s1_0.id,s1_0.category,s1_0.`key`,s1_0.tenant_id,s1_0.value from settings s1_0 where (s1_0.tenant_id = ? or s1_0.tenant_id = 0 or s1_0.tenant_id is null) and s1_0.tenant_id = ? and s1_0.category=?
2026-01-14T01:04:54.993+02:00 DEBUG 57500 --- [  restartedMain] org.hibernate.SQL                        : select u1_0.id,u1_0.email,u1_0.enabled,u1_0.first_name,u1_0.last_name,u1_0.password,u1_0.photos,u1_0.tenant_id,u1_0.user_bio from `'user'` u1_0 where u1_0.tenant_id = ? and u1_0.tenant_id = ?
2026-01-14T01:04:54.996+02:00 DEBUG 57500 --- [  restartedMain] org.hibernate.SQL                        : select r1_0.user_id,r1_1.id,r1_1.all_parent_ids,r1_1.descrption,r1_1.name,r1_1.parent_id from user_roles r1_0 join role r1_1 on r1_1.id=r1_0.role_id where r1_0.user_id=?
2026-01-14T01:04:54.997+02:00 DEBUG 57500 --- [  restartedMain] org.hibernate.SQL                        : select r1_0.user_id,r1_1.id,r1_1.all_parent_ids,r1_1.descrption,r1_1.name,r1_1.parent_id from user_roles r1_0 join role r1_1 on r1_1.id=r1_0.role_id where r1_0.user_id=?
2026-01-14T01:04:54.998+02:00 DEBUG 57500 --- [  restartedMain] org.hibernate.SQL                        : select r1_0.user_id,r1_1.id,r1_1.all_parent_ids,r1_1.descrption,r1_1.name,r1_1.parent_id from user_roles r1_0 join role r1_1 on r1_1.id=r1_0.role_id where r1_0.user_id=?
2026-01-14T01:04:54.999+02:00 DEBUG 57500 --- [  restartedMain] org.hibernate.SQL                        : select r1_0.user_id,r1_1.id,r1_1.all_parent_ids,r1_1.descrption,r1_1.name,r1_1.parent_id from user_roles r1_0 join role r1_1 on r1_1.id=r1_0.role_id where r1_0.user_id=?
2026-01-14T01:04:55.000+02:00 DEBUG 57500 --- [  restartedMain] org.hibernate.SQL                        : select r1_0.user_id,r1_1.id,r1_1.all_parent_ids,r1_1.descrption,r1_1.name,r1_1.parent_id from user_roles r1_0 join role r1_1 on r1_1.id=r1_0.role_id where r1_0.user_id=?
2026-01-14T01:04:55.001+02:00 DEBUG 57500 --- [  restartedMain] org.hibernate.SQL                        : select r1_0.user_id,r1_1.id,r1_1.all_parent_ids,r1_1.descrption,r1_1.name,r1_1.parent_id from user_roles r1_0 join role r1_1 on r1_1.id=r1_0.role_id where r1_0.user_id=?
2026-01-14T01:04:55.002+02:00 DEBUG 57500 --- [  restartedMain] org.hibernate.SQL                        : select r1_0.user_id,r1_1.id,r1_1.all_parent_ids,r1_1.descrption,r1_1.name,r1_1.parent_id from user_roles r1_0 join role r1_1 on r1_1.id=r1_0.role_id where r1_0.user_id=?
2026-01-14T01:04:55.003+02:00 DEBUG 57500 --- [  restartedMain] org.hibernate.SQL                        : select r1_0.user_id,r1_1.id,r1_1.all_parent_ids,r1_1.descrption,r1_1.name,r1_1.parent_id from user_roles r1_0 join role r1_1 on r1_1.id=r1_0.role_id where r1_0.user_id=?
2026-01-14T01:04:55.004+02:00 DEBUG 57500 --- [  restartedMain] org.hibernate.SQL                        : select r1_0.user_id,r1_1.id,r1_1.all_parent_ids,r1_1.descrption,r1_1.name,r1_1.parent_id from user_roles r1_0 join role r1_1 on r1_1.id=r1_0.role_id where r1_0.user_id=?
2026-01-14T01:04:55.005+02:00 DEBUG 57500 --- [  restartedMain] org.hibernate.SQL                        : select r1_0.user_id,r1_1.id,r1_1.all_parent_ids,r1_1.descrption,r1_1.name,r1_1.parent_id from user_roles r1_0 join role r1_1 on r1_1.id=r1_0.role_id where r1_0.user_id=?
2026-01-14T01:04:55.006+02:00 DEBUG 57500 --- [  restartedMain] org.hibernate.SQL                        : select r1_0.user_id,r1_1.id,r1_1.all_parent_ids,r1_1.descrption,r1_1.name,r1_1.parent_id from user_roles r1_0 join role r1_1 on r1_1.id=r1_0.role_id where r1_0.user_id=?
2026-01-14T01:04:55.007+02:00 DEBUG 57500 --- [  restartedMain] org.hibernate.SQL                        : select r1_0.user_id,r1_1.id,r1_1.all_parent_ids,r1_1.descrption,r1_1.name,r1_1.parent_id from user_roles r1_0 join role r1_1 on r1_1.id=r1_0.role_id where r1_0.user_id=?
2026-01-14T01:04:55.008+02:00 DEBUG 57500 --- [  restartedMain] org.hibernate.SQL                        : select r1_0.user_id,r1_1.id,r1_1.all_parent_ids,r1_1.descrption,r1_1.name,r1_1.parent_id from user_roles r1_0 join role r1_1 on r1_1.id=r1_0.role_id where r1_0.user_id=?
2026-01-14T01:04:55.009+02:00 DEBUG 57500 --- [  restartedMain] org.hibernate.SQL                        : select r1_0.user_id,r1_1.id,r1_1.all_parent_ids,r1_1.descrption,r1_1.name,r1_1.parent_id from user_roles r1_0 join role r1_1 on r1_1.id=r1_0.role_id where r1_0.user_id=?
2026-01-14T01:04:55.010+02:00 DEBUG 57500 --- [  restartedMain] org.hibernate.SQL                        : select r1_0.user_id,r1_1.id,r1_1.all_parent_ids,r1_1.descrption,r1_1.name,r1_1.parent_id from user_roles r1_0 join role r1_1 on r1_1.id=r1_0.role_id where r1_0.user_id=?
2026-01-14T01:04:55.011+02:00 DEBUG 57500 --- [  restartedMain] org.hibernate.SQL                        : select r1_0.user_id,r1_1.id,r1_1.all_parent_ids,r1_1.descrption,r1_1.name,r1_1.parent_id from user_roles r1_0 join role r1_1 on r1_1.id=r1_0.role_id where r1_0.user_id=?
2026-01-14T01:04:55.012+02:00 DEBUG 57500 --- [  restartedMain] org.hibernate.SQL                        : select r1_0.user_id,r1_1.id,r1_1.all_parent_ids,r1_1.descrption,r1_1.name,r1_1.parent_id from user_roles r1_0 join role r1_1 on r1_1.id=r1_0.role_id where r1_0.user_id=?
2026-01-14T01:04:55.013+02:00 DEBUG 57500 --- [  restartedMain] org.hibernate.SQL                        : select r1_0.user_id,r1_1.id,r1_1.all_parent_ids,r1_1.descrption,r1_1.name,r1_1.parent_id from user_roles r1_0 join role r1_1 on r1_1.id=r1_0.role_id where r1_0.user_id=?
2026-01-14T01:04:55.015+02:00 DEBUG 57500 --- [  restartedMain] org.hibernate.SQL                        : select r1_0.user_id,r1_1.id,r1_1.all_parent_ids,r1_1.descrption,r1_1.name,r1_1.parent_id from user_roles r1_0 join role r1_1 on r1_1.id=r1_0.role_id where r1_0.user_id=?
2026-01-14T01:04:55.015+02:00 DEBUG 57500 --- [  restartedMain] org.hibernate.SQL                        : select r1_0.user_id,r1_1.id,r1_1.all_parent_ids,r1_1.descrption,r1_1.name,r1_1.parent_id from user_roles r1_0 join role r1_1 on r1_1.id=r1_0.role_id where r1_0.user_id=?
2026-01-14T01:04:55.017+02:00 DEBUG 57500 --- [  restartedMain] org.hibernate.SQL                        : select r1_0.user_id,r1_1.id,r1_1.all_parent_ids,r1_1.descrption,r1_1.name,r1_1.parent_id from user_roles r1_0 join role r1_1 on r1_1.id=r1_0.role_id where r1_0.user_id=?
2026-01-14T01:04:55.018+02:00 DEBUG 57500 --- [  restartedMain] org.hibernate.SQL                        : select r1_0.user_id,r1_1.id,r1_1.all_parent_ids,r1_1.descrption,r1_1.name,r1_1.parent_id from user_roles r1_0 join role r1_1 on r1_1.id=r1_0.role_id where r1_0.user_id=?
2026-01-14T01:04:55.019+02:00 DEBUG 57500 --- [  restartedMain] org.hibernate.SQL                        : select r1_0.user_id,r1_1.id,r1_1.all_parent_ids,r1_1.descrption,r1_1.name,r1_1.parent_id from user_roles r1_0 join role r1_1 on r1_1.id=r1_0.role_id where r1_0.user_id=?
2026-01-14T01:04:55.026+02:00 DEBUG 57500 --- [  restartedMain] org.hibernate.SQL                        : select s1_0.id,s1_0.category,s1_0.`key`,s1_0.tenant_id,s1_0.value from settings s1_0 where (s1_0.tenant_id = ? or s1_0.tenant_id = 0 or s1_0.tenant_id is null) and s1_0.tenant_id = ? and s1_0.category=?
2026-01-14T01:04:55.030+02:00 DEBUG 57500 --- [  restartedMain] org.hibernate.SQL                        : select s1_0.id,s1_0.category,s1_0.`key`,s1_0.tenant_id,s1_0.value from settings s1_0 where (s1_0.tenant_id = ? or s1_0.tenant_id = 0 or s1_0.tenant_id is null) and s1_0.tenant_id = ? and s1_0.category=?
2026-01-14T01:04:55.033+02:00  INFO 57500 --- [  restartedMain] c.o.admin.tenant.TenantDataSeeder        : Verifying Tenant: Hotel Booking [5]
2026-01-14T01:04:55.037+02:00 DEBUG 57500 --- [  restartedMain] org.hibernate.SQL                        : select s1_0.id,s1_0.category,s1_0.`key`,s1_0.tenant_id,s1_0.value from settings s1_0 where (s1_0.tenant_id = ? or s1_0.tenant_id = 0 or s1_0.tenant_id is null) and s1_0.tenant_id = ? and s1_0.category=?
2026-01-14T01:04:55.041+02:00 DEBUG 57500 --- [  restartedMain] org.hibernate.SQL                        : select u1_0.id,u1_0.email,u1_0.enabled,u1_0.first_name,u1_0.last_name,u1_0.password,u1_0.photos,u1_0.tenant_id,u1_0.user_bio from `'user'` u1_0 where u1_0.tenant_id = ? and u1_0.tenant_id = ?
2026-01-14T01:04:55.042+02:00 DEBUG 57500 --- [  restartedMain] org.hibernate.SQL                        : select r1_0.user_id,r1_1.id,r1_1.all_parent_ids,r1_1.descrption,r1_1.name,r1_1.parent_id from user_roles r1_0 join role r1_1 on r1_1.id=r1_0.role_id where r1_0.user_id=?
2026-01-14T01:04:55.044+02:00 DEBUG 57500 --- [  restartedMain] org.hibernate.SQL                        : select r1_0.user_id,r1_1.id,r1_1.all_parent_ids,r1_1.descrption,r1_1.name,r1_1.parent_id from user_roles r1_0 join role r1_1 on r1_1.id=r1_0.role_id where r1_0.user_id=?
2026-01-14T01:04:55.045+02:00 DEBUG 57500 --- [  restartedMain] org.hibernate.SQL                        : select r1_0.user_id,r1_1.id,r1_1.all_parent_ids,r1_1.descrption,r1_1.name,r1_1.parent_id from user_roles r1_0 join role r1_1 on r1_1.id=r1_0.role_id where r1_0.user_id=?
2026-01-14T01:04:55.046+02:00 DEBUG 57500 --- [  restartedMain] org.hibernate.SQL                        : select r1_0.user_id,r1_1.id,r1_1.all_parent_ids,r1_1.descrption,r1_1.name,r1_1.parent_id from user_roles r1_0 join role r1_1 on r1_1.id=r1_0.role_id where r1_0.user_id=?
2026-01-14T01:04:55.047+02:00 DEBUG 57500 --- [  restartedMain] org.hibernate.SQL                        : select s1_0.id,s1_0.category,s1_0.`key`,s1_0.tenant_id,s1_0.value from settings s1_0 where (s1_0.tenant_id = ? or s1_0.tenant_id = 0 or s1_0.tenant_id is null) and s1_0.tenant_id = ? and s1_0.category=?
2026-01-14T01:04:55.049+02:00  INFO 57500 --- [  restartedMain] c.o.admin.tenant.TenantDataSeeder        : No GENERAL settings found. Seeding defaults.
2026-01-14T01:04:55.049+02:00 DEBUG 57500 --- [  restartedMain] org.hibernate.SQL                        : insert into settings (category,`key`,tenant_id,value) values (?,?,?,?)
2026-01-14T01:04:55.051+02:00 DEBUG 57500 --- [  restartedMain] org.hibernate.SQL                        : insert into settings (category,`key`,tenant_id,value) values (?,?,?,?)
2026-01-14T01:04:55.052+02:00 DEBUG 57500 --- [  restartedMain] org.hibernate.SQL                        : insert into settings (category,`key`,tenant_id,value) values (?,?,?,?)
2026-01-14T01:04:55.058+02:00 DEBUG 57500 --- [  restartedMain] org.hibernate.SQL                        : select s1_0.id,s1_0.category,s1_0.`key`,s1_0.tenant_id,s1_0.value from settings s1_0 where (s1_0.tenant_id = ? or s1_0.tenant_id = 0 or s1_0.tenant_id is null) and s1_0.tenant_id = ? and s1_0.category=?
2026-01-14T01:04:55.060+02:00  INFO 57500 --- [  restartedMain] c.o.admin.tenant.TenantDataSeeder        : No CURRENCY_ID setting found. Seeding default (USD).
2026-01-14T01:04:55.062+02:00 DEBUG 57500 --- [  restartedMain] org.hibernate.SQL                        : select c1_0.id,c1_0.code,c1_0.name,c1_0.symbol from currencies c1_0
2026-01-14T01:04:55.064+02:00 DEBUG 57500 --- [  restartedMain] org.hibernate.SQL                        : insert into settings (category,`key`,tenant_id,value) values (?,?,?,?)
2026-01-14T01:04:55.065+02:00 DEBUG 57500 --- [  restartedMain] org.hibernate.SQL                        : insert into settings (category,`key`,tenant_id,value) values (?,?,?,?)
2026-01-14T01:04:55.067+02:00 DEBUG 57500 --- [  restartedMain] org.hibernate.SQL                        : insert into settings (category,`key`,tenant_id,value) values (?,?,?,?)
2026-01-14T01:04:55.068+02:00 DEBUG 57500 --- [  restartedMain] org.hibernate.SQL                        : insert into settings (category,`key`,tenant_id,value) values (?,?,?,?)
2026-01-14T01:04:55.069+02:00 DEBUG 57500 --- [  restartedMain] org.hibernate.SQL                        : insert into settings (category,`key`,tenant_id,value) values (?,?,?,?)
2026-01-14T01:04:55.070+02:00 DEBUG 57500 --- [  restartedMain] org.hibernate.SQL                        : insert into settings (category,`key`,tenant_id,value) values (?,?,?,?)
2026-01-14T01:04:55.071+02:00  INFO 57500 --- [  restartedMain] c.o.admin.tenant.TenantDataSeeder        : Verifying Tenant: Car Rental [6]
2026-01-14T01:04:55.074+02:00 DEBUG 57500 --- [  restartedMain] org.hibernate.SQL                        : select s1_0.id,s1_0.category,s1_0.`key`,s1_0.tenant_id,s1_0.value from settings s1_0 where (s1_0.tenant_id = ? or s1_0.tenant_id = 0 or s1_0.tenant_id is null) and s1_0.tenant_id = ? and s1_0.category=?
2026-01-14T01:04:55.076+02:00 DEBUG 57500 --- [  restartedMain] org.hibernate.SQL                        : select u1_0.id,u1_0.email,u1_0.enabled,u1_0.first_name,u1_0.last_name,u1_0.password,u1_0.photos,u1_0.tenant_id,u1_0.user_bio from `'user'` u1_0 where u1_0.tenant_id = ? and u1_0.tenant_id = ?
2026-01-14T01:04:55.079+02:00 DEBUG 57500 --- [  restartedMain] org.hibernate.SQL                        : select r1_0.user_id,r1_1.id,r1_1.all_parent_ids,r1_1.descrption,r1_1.name,r1_1.parent_id from user_roles r1_0 join role r1_1 on r1_1.id=r1_0.role_id where r1_0.user_id=?
2026-01-14T01:04:55.082+02:00 DEBUG 57500 --- [  restartedMain] org.hibernate.SQL                        : select s1_0.id,s1_0.category,s1_0.`key`,s1_0.tenant_id,s1_0.value from settings s1_0 where (s1_0.tenant_id = ? or s1_0.tenant_id = 0 or s1_0.tenant_id is null) and s1_0.tenant_id = ? and s1_0.category=?
2026-01-14T01:04:55.083+02:00  INFO 57500 --- [  restartedMain] c.o.admin.tenant.TenantDataSeeder        : No GENERAL settings found. Seeding defaults.
2026-01-14T01:04:55.083+02:00 DEBUG 57500 --- [  restartedMain] org.hibernate.SQL                        : insert into settings (category,`key`,tenant_id,value) values (?,?,?,?)
2026-01-14T01:04:55.085+02:00 DEBUG 57500 --- [  restartedMain] org.hibernate.SQL                        : insert into settings (category,`key`,tenant_id,value) values (?,?,?,?)
2026-01-14T01:04:55.085+02:00 DEBUG 57500 --- [  restartedMain] org.hibernate.SQL                        : insert into settings (category,`key`,tenant_id,value) values (?,?,?,?)
2026-01-14T01:04:55.089+02:00 DEBUG 57500 --- [  restartedMain] org.hibernate.SQL                        : select s1_0.id,s1_0.category,s1_0.`key`,s1_0.tenant_id,s1_0.value from settings s1_0 where (s1_0.tenant_id = ? or s1_0.tenant_id = 0 or s1_0.tenant_id is null) and s1_0.tenant_id = ? and s1_0.category=?
2026-01-14T01:04:55.090+02:00  INFO 57500 --- [  restartedMain] c.o.admin.tenant.TenantDataSeeder        : No CURRENCY_ID setting found. Seeding default (USD).
2026-01-14T01:04:55.091+02:00 DEBUG 57500 --- [  restartedMain] org.hibernate.SQL                        : select c1_0.id,c1_0.code,c1_0.name,c1_0.symbol from currencies c1_0
2026-01-14T01:04:55.093+02:00 DEBUG 57500 --- [  restartedMain] org.hibernate.SQL                        : insert into settings (category,`key`,tenant_id,value) values (?,?,?,?)
2026-01-14T01:04:55.094+02:00 DEBUG 57500 --- [  restartedMain] org.hibernate.SQL                        : insert into settings (category,`key`,tenant_id,value) values (?,?,?,?)
2026-01-14T01:04:55.096+02:00 DEBUG 57500 --- [  restartedMain] org.hibernate.SQL                        : insert into settings (category,`key`,tenant_id,value) values (?,?,?,?)
2026-01-14T01:04:55.097+02:00 DEBUG 57500 --- [  restartedMain] org.hibernate.SQL                        : insert into settings (category,`key`,tenant_id,value) values (?,?,?,?)
2026-01-14T01:04:55.099+02:00 DEBUG 57500 --- [  restartedMain] org.hibernate.SQL                        : insert into settings (category,`key`,tenant_id,value) values (?,?,?,?)
2026-01-14T01:04:55.099+02:00 DEBUG 57500 --- [  restartedMain] org.hibernate.SQL                        : insert into settings (category,`key`,tenant_id,value) values (?,?,?,?)
2026-01-14T01:04:55.100+02:00  INFO 57500 --- [  restartedMain] c.o.admin.tenant.TenantDataSeeder        : Verifying Tenant: Restaurant [7]
2026-01-14T01:04:55.103+02:00 DEBUG 57500 --- [  restartedMain] org.hibernate.SQL                        : select s1_0.id,s1_0.category,s1_0.`key`,s1_0.tenant_id,s1_0.value from settings s1_0 where (s1_0.tenant_id = ? or s1_0.tenant_id = 0 or s1_0.tenant_id is null) and s1_0.tenant_id = ? and s1_0.category=?
2026-01-14T01:04:55.105+02:00 DEBUG 57500 --- [  restartedMain] org.hibernate.SQL                        : select u1_0.id,u1_0.email,u1_0.enabled,u1_0.first_name,u1_0.last_name,u1_0.password,u1_0.photos,u1_0.tenant_id,u1_0.user_bio from `'user'` u1_0 where u1_0.tenant_id = ? and u1_0.tenant_id = ?
2026-01-14T01:04:55.107+02:00 DEBUG 57500 --- [  restartedMain] org.hibernate.SQL                        : select r1_0.user_id,r1_1.id,r1_1.all_parent_ids,r1_1.descrption,r1_1.name,r1_1.parent_id from user_roles r1_0 join role r1_1 on r1_1.id=r1_0.role_id where r1_0.user_id=?
2026-01-14T01:04:55.108+02:00 DEBUG 57500 --- [  restartedMain] org.hibernate.SQL                        : select r1_0.user_id,r1_1.id,r1_1.all_parent_ids,r1_1.descrption,r1_1.name,r1_1.parent_id from user_roles r1_0 join role r1_1 on r1_1.id=r1_0.role_id where r1_0.user_id=?
2026-01-14T01:04:55.110+02:00 DEBUG 57500 --- [  restartedMain] org.hibernate.SQL                        : select r1_0.user_id,r1_1.id,r1_1.all_parent_ids,r1_1.descrption,r1_1.name,r1_1.parent_id from user_roles r1_0 join role r1_1 on r1_1.id=r1_0.role_id where r1_0.user_id=?
2026-01-14T01:04:55.111+02:00 DEBUG 57500 --- [  restartedMain] org.hibernate.SQL                        : select s1_0.id,s1_0.category,s1_0.`key`,s1_0.tenant_id,s1_0.value from settings s1_0 where (s1_0.tenant_id = ? or s1_0.tenant_id = 0 or s1_0.tenant_id is null) and s1_0.tenant_id = ? and s1_0.category=?
2026-01-14T01:04:55.113+02:00  INFO 57500 --- [  restartedMain] c.o.admin.tenant.TenantDataSeeder        : No GENERAL settings found. Seeding defaults.
2026-01-14T01:04:55.114+02:00 DEBUG 57500 --- [  restartedMain] org.hibernate.SQL                        : insert into settings (category,`key`,tenant_id,value) values (?,?,?,?)
2026-01-14T01:04:55.116+02:00 DEBUG 57500 --- [  restartedMain] org.hibernate.SQL                        : insert into settings (category,`key`,tenant_id,value) values (?,?,?,?)
2026-01-14T01:04:55.117+02:00 DEBUG 57500 --- [  restartedMain] org.hibernate.SQL                        : insert into settings (category,`key`,tenant_id,value) values (?,?,?,?)
2026-01-14T01:04:55.121+02:00 DEBUG 57500 --- [  restartedMain] org.hibernate.SQL                        : select s1_0.id,s1_0.category,s1_0.`key`,s1_0.tenant_id,s1_0.value from settings s1_0 where (s1_0.tenant_id = ? or s1_0.tenant_id = 0 or s1_0.tenant_id is null) and s1_0.tenant_id = ? and s1_0.category=?
2026-01-14T01:04:55.122+02:00  INFO 57500 --- [  restartedMain] c.o.admin.tenant.TenantDataSeeder        : No CURRENCY_ID setting found. Seeding default (USD).
2026-01-14T01:04:55.124+02:00 DEBUG 57500 --- [  restartedMain] org.hibernate.SQL                        : select c1_0.id,c1_0.code,c1_0.name,c1_0.symbol from currencies c1_0
2026-01-14T01:04:55.126+02:00 DEBUG 57500 --- [  restartedMain] org.hibernate.SQL                        : insert into settings (category,`key`,tenant_id,value) values (?,?,?,?)
2026-01-14T01:04:55.128+02:00 DEBUG 57500 --- [  restartedMain] org.hibernate.SQL                        : insert into settings (category,`key`,tenant_id,value) values (?,?,?,?)
2026-01-14T01:04:55.129+02:00 DEBUG 57500 --- [  restartedMain] org.hibernate.SQL                        : insert into settings (category,`key`,tenant_id,value) values (?,?,?,?)
2026-01-14T01:04:55.130+02:00 DEBUG 57500 --- [  restartedMain] org.hibernate.SQL                        : insert into settings (category,`key`,tenant_id,value) values (?,?,?,?)
2026-01-14T01:04:55.132+02:00 DEBUG 57500 --- [  restartedMain] org.hibernate.SQL                        : insert into settings (category,`key`,tenant_id,value) values (?,?,?,?)
2026-01-14T01:04:55.133+02:00 DEBUG 57500 --- [  restartedMain] org.hibernate.SQL                        : insert into settings (category,`key`,tenant_id,value) values (?,?,?,?)
2026-01-14T01:04:55.135+02:00  INFO 57500 --- [  restartedMain] c.o.admin.tenant.TenantDataSeeder        : Consistency report written to: C:\Users\enoam\OneDrive\onlineStore\onlineStore\webParent\WebBackEnd\consistency_report.yaml
2026-01-14T01:04:55.135+02:00  INFO 57500 --- [  restartedMain] c.o.admin.tenant.TenantDataSeeder        : TENANT DATA VERIFICATION COMPLETED. Report generated.
2026-01-14T01:04:55.144+02:00  WARN 57500 --- [  restartedMain] o.h.c.spi.AbstractPersistentCollection   : HHH000506: Detaching an uninitialized collection with enabled filters from a session: [com.onlineStoreCom.entity.tenant.Tenant.children#1]
2026-01-14T01:04:55.144+02:00  WARN 57500 --- [  restartedMain] o.h.c.spi.AbstractPersistentCollection   : HHH000506: Detaching an uninitialized collection with enabled filters from a session: [com.onlineStoreCom.entity.tenant.Tenant.children#4]
2026-01-14T01:04:55.144+02:00  WARN 57500 --- [  restartedMain] o.h.c.spi.AbstractPersistentCollection   : HHH000506: Detaching an uninitialized collection with enabled filters from a session: [com.onlineStoreCom.entity.tenant.Tenant.children#5]
2026-01-14T01:04:55.144+02:00  WARN 57500 --- [  restartedMain] o.h.c.spi.AbstractPersistentCollection   : HHH000506: Detaching an uninitialized collection with enabled filters from a session: [com.onlineStoreCom.entity.tenant.Tenant.children#6]
2026-01-14T01:04:55.145+02:00  WARN 57500 --- [  restartedMain] o.h.c.spi.AbstractPersistentCollection   : HHH000506: Detaching an uninitialized collection with enabled filters from a session: [com.onlineStoreCom.entity.tenant.Tenant.children#7]
2026-01-14T01:04:55.145+02:00  WARN 57500 --- [  restartedMain] o.h.c.spi.AbstractPersistentCollection   : HHH000506: Detaching an uninitialized collection with enabled filters from a session: [com.onlineStoreCom.entity.users.Role.children#1]
2026-01-14T01:04:55.145+02:00  WARN 57500 --- [  restartedMain] o.h.c.spi.AbstractPersistentCollection   : HHH000506: Detaching an uninitialized collection with enabled filters from a session: [com.onlineStoreCom.entity.users.Role.children#5]
2026-01-14T01:04:55.145+02:00  WARN 57500 --- [  restartedMain] o.h.c.spi.AbstractPersistentCollection   : HHH000506: Detaching an uninitialized collection with enabled filters from a session: [com.onlineStoreCom.entity.users.Role.children#4]
2026-01-14T01:04:55.145+02:00  WARN 57500 --- [  restartedMain] o.h.c.spi.AbstractPersistentCollection   : HHH000506: Detaching an uninitialized collection with enabled filters from a session: [com.onlineStoreCom.entity.users.Role.children#2]
2026-01-14T01:04:55.145+02:00  WARN 57500 --- [  restartedMain] o.h.c.spi.AbstractPersistentCollection   : HHH000506: Detaching an uninitialized collection with enabled filters from a session: [com.onlineStoreCom.entity.users.Role.children#3]
[INFO] ------------------------------------------------------------------------
[INFO] BUILD FAILURE
[INFO] ------------------------------------------------------------------------
[INFO] Total time:  05:45 min
[INFO] Finished at: 2026-01-14T01:10:20+02:00
[INFO] ------------------------------------------------------------------------
[ERROR] Failed to execute goal org.springframework.boot:spring-boot-maven-plugin:3.1.4:run (default-cli) on project WebBackEnd: Process terminated with exit code: 1 -> [Help 1]
[ERROR] 
[ERROR] To see the full stack trace of the errors, re-run Maven with the -e switch.
[ERROR] Re-run Maven using the -X switch to enable full debug logging.
[ERROR] 
[ERROR] For more information about the errors and possible solutions, please read the following articles:
[ERROR] [Help 1] http://cwiki.apache.org/confluence/display/MAVEN/MojoExecutionException
