[INFO] Scanning for projects...
[INFO] 
[INFO] ---------------------< com.onlineStore:WebBackEnd >---------------------
[INFO] Building WebBackEnd 0.0.1-SNAPSHOT
[INFO]   from pom.xml
[INFO] --------------------------------[ jar ]---------------------------------
[INFO] 
[INFO] >>> spring-boot:3.1.4:run (default-cli) > test-compile @ WebBackEnd >>>
[INFO] 
[INFO] --- resources:3.3.1:resources (default-resources) @ WebBackEnd ---
[INFO] Copying 1 resource from src\main\resources to target\classes
[INFO] Copying 186 resources from src\main\resources to target\classes
[INFO] 
[INFO] --- compiler:3.11.0:compile (default-compile) @ WebBackEnd ---
[INFO] Changes detected - recompiling the module! :source
[INFO] Compiling 162 source files with javac [debug release 19] to target\classes
[INFO] /C:/Users/enoam/OneDrive/onlineStore/onlineStore/webParent/WebBackEnd/src/main/java/com/onlineStore/admin/pdfConvert/convertUtile/ExcelToPdfConverter.java: C:\Users\enoam\OneDrive\onlineStore\onlineStore\webParent\WebBackEnd\src\main\java\com\onlineStore\admin\pdfConvert\convertUtile\ExcelToPdfConverter.java uses or overrides a deprecated API.
[INFO] /C:/Users/enoam/OneDrive/onlineStore/onlineStore/webParent/WebBackEnd/src/main/java/com/onlineStore/admin/pdfConvert/convertUtile/ExcelToPdfConverter.java: Recompile with -Xlint:deprecation for details.
[INFO] /C:/Users/enoam/OneDrive/onlineStore/onlineStore/webParent/WebBackEnd/src/main/java/com/onlineStore/admin/governance/watchdog/FileSystemMonitor.java: Some input files use unchecked or unsafe operations.
[INFO] /C:/Users/enoam/OneDrive/onlineStore/onlineStore/webParent/WebBackEnd/src/main/java/com/onlineStore/admin/governance/watchdog/FileSystemMonitor.java: Recompile with -Xlint:unchecked for details.
[INFO] 
[INFO] --- resources:3.3.1:testResources (default-testResources) @ WebBackEnd ---
[INFO] skip non existing resourceDirectory C:\Users\enoam\OneDrive\onlineStore\onlineStore\webParent\WebBackEnd\src\test\resources
[INFO] 
[INFO] --- compiler:3.11.0:testCompile (default-testCompile) @ WebBackEnd ---
[INFO] Changes detected - recompiling the module! :dependency
[INFO] Compiling 62 source files with javac [debug release 19] to target\test-classes
[INFO] /C:/Users/enoam/OneDrive/onlineStore/onlineStore/webParent/WebBackEnd/src/test/java/com/onlineStore/admin/SchemaInspectionTest.java: C:\Users\enoam\OneDrive\onlineStore\onlineStore\webParent\WebBackEnd\src\test\java\com\onlineStore\admin\SchemaInspectionTest.java uses unchecked or unsafe operations.
[INFO] /C:/Users/enoam/OneDrive/onlineStore/onlineStore/webParent/WebBackEnd/src/test/java/com/onlineStore/admin/SchemaInspectionTest.java: Recompile with -Xlint:unchecked for details.
[INFO] 
[INFO] <<< spring-boot:3.1.4:run (default-cli) < test-compile @ WebBackEnd <<<
[INFO] 
[INFO] 
[INFO] --- spring-boot:3.1.4:run (default-cli) @ WebBackEnd ---
[INFO] Attaching agents: []
Standard Commons Logging discovery in action with spring-jcl: please remove commons-logging.jar from classpath in order to avoid potential conflicts
Standard Commons Logging discovery in action with spring-jcl: please remove commons-logging.jar from classpath in order to avoid potential conflicts

  .   ____          _            __ _ _
 /\\ / ___'_ __ _ _(_)_ __  __ _ \ \ \ \
( ( )\___ | '_ | '_| | '_ \/ _` | \ \ \ \
 \\/  ___)| |_)| | | | | || (_| |  ) ) ) )
  '  |____| .__|_| |_|_| |_\__, | / / / /
 =========|_|==============|___/=/_/_/_/
 :: Spring Boot ::                (v3.1.4)

2026-01-14T03:14:47.590+02:00  INFO 59468 --- [  restartedMain] c.o.admin.WebBackEndApplication          : Starting WebBackEndApplication using Java 19.0.1 with PID 59468 (C:\Users\enoam\OneDrive\onlineStore\onlineStore\webParent\WebBackEnd\target\classes started by enoam in C:\Users\enoam\OneDrive\onlineStore\onlineStore\webParent\WebBackEnd)
2026-01-14T03:14:47.592+02:00  INFO 59468 --- [  restartedMain] c.o.admin.WebBackEndApplication          : No active profile set, falling back to 1 default profile: "default"
2026-01-14T03:14:47.707+02:00  INFO 59468 --- [  restartedMain] .e.DevToolsPropertyDefaultsPostProcessor : Devtools property defaults active! Set 'spring.devtools.add-properties' to 'false' to disable
2026-01-14T03:14:47.707+02:00  INFO 59468 --- [  restartedMain] .e.DevToolsPropertyDefaultsPostProcessor : For additional web related logging consider setting the 'logging.level.web' property to 'DEBUG'
2026-01-14T03:14:49.609+02:00  INFO 59468 --- [  restartedMain] .s.d.r.c.RepositoryConfigurationDelegate : Bootstrapping Spring Data JPA repositories in DEFAULT mode.
2026-01-14T03:14:49.889+02:00  INFO 59468 --- [  restartedMain] .s.d.r.c.RepositoryConfigurationDelegate : Finished Spring Data repository scanning in 264 ms. Found 21 JPA repository interfaces.
2026-01-14T03:14:53.934+02:00  INFO 59468 --- [  restartedMain] o.s.b.w.embedded.tomcat.TomcatWebServer  : Tomcat initialized with port(s): 710 (http)
2026-01-14T03:14:53.974+02:00  INFO 59468 --- [  restartedMain] o.apache.catalina.core.StandardService   : Starting service [Tomcat]
2026-01-14T03:14:53.975+02:00  INFO 59468 --- [  restartedMain] o.apache.catalina.core.StandardEngine    : Starting Servlet engine: [Apache Tomcat/10.1.13]
2026-01-14T03:14:54.144+02:00  INFO 59468 --- [  restartedMain] o.a.c.c.C.[Tomcat].[localhost].[/]       : Initializing Spring embedded WebApplicationContext
2026-01-14T03:14:54.144+02:00  INFO 59468 --- [  restartedMain] w.s.c.ServletWebServerApplicationContext : Root WebApplicationContext: initialization completed in 6437 ms
Standard Commons Logging discovery in action with spring-jcl: please remove commons-logging.jar from classpath in order to avoid potential conflicts
2026-01-14T03:14:54.499+02:00  INFO 59468 --- [  restartedMain] o.hibernate.jpa.internal.util.LogHelper  : HHH000204: Processing PersistenceUnitInfo [name: default]
2026-01-14T03:14:54.707+02:00  INFO 59468 --- [  restartedMain] org.hibernate.Version                    : HHH000412: Hibernate ORM core version 6.2.9.Final
2026-01-14T03:14:54.713+02:00  INFO 59468 --- [  restartedMain] org.hibernate.cfg.Environment            : HHH000406: Using bytecode reflection optimizer
2026-01-14T03:14:55.213+02:00  INFO 59468 --- [  restartedMain] o.h.b.i.BytecodeProviderInitiator        : HHH000021: Bytecode provider name : bytebuddy
2026-01-14T03:14:55.793+02:00  INFO 59468 --- [  restartedMain] o.s.o.j.p.SpringPersistenceUnitInfo      : No LoadTimeWeaver setup: ignoring JPA class transformer
2026-01-14T03:14:55.874+02:00  INFO 59468 --- [  restartedMain] com.zaxxer.hikari.HikariDataSource       : HikariPool-1 - Starting...
2026-01-14T03:14:56.707+02:00  INFO 59468 --- [  restartedMain] com.zaxxer.hikari.pool.HikariPool        : HikariPool-1 - Added connection com.mysql.cj.jdbc.ConnectionImpl@4a1dead4
2026-01-14T03:14:56.711+02:00  INFO 59468 --- [  restartedMain] com.zaxxer.hikari.HikariDataSource       : HikariPool-1 - Start completed.
2026-01-14T03:14:58.812+02:00  INFO 59468 --- [  restartedMain] o.h.b.i.BytecodeProviderInitiator        : HHH000021: Bytecode provider name : bytebuddy
2026-01-14T03:15:03.362+02:00  INFO 59468 --- [  restartedMain] o.h.e.t.j.p.i.JtaPlatformInitiator       : HHH000490: Using JtaPlatform implementation: [org.hibernate.engine.transaction.jta.platform.internal.NoJtaPlatform]
2026-01-14T03:15:04.191+02:00  INFO 59468 --- [  restartedMain] j.LocalContainerEntityManagerFactoryBean : Initialized JPA EntityManagerFactory for persistence unit 'default'
2026-01-14T03:15:04.815+02:00  INFO 59468 --- [  restartedMain] o.s.boot.web.servlet.RegistrationBean    : Filter tenantFilterRegistration was not registered (disabled)
2026-01-14T03:15:04.815+02:00  INFO 59468 --- [  restartedMain] o.s.boot.web.servlet.RegistrationBean    : Filter tenantContextFilterRegistration was not registered (disabled)
2026-01-14T03:15:05.636+02:00  INFO 59468 --- [  restartedMain] o.s.d.j.r.query.QueryEnhancerFactory     : Hibernate is in classpath; If applicable, HQL parser will be used.
? Anti-Gravity Knowledge System is starting...
? Loading knowledge file: 00-intent.yml
   + Registered: 00-INTENT (INTENT)
? Loading knowledge file: 00-test-rule.yml
   + Registered: RULE-001-TEST (RULE)
? Loading knowledge file: 01-core-principles.yml
   + Registered: 01-CORE-PRINCIPLES (PRINCIPLE)
? Loading knowledge file: 02-rule-mapping.yml
   + Registered: 02-RULE-MAPPING (UNSTRUCTURED)
? Loading knowledge file: 03-business-scenarios.yml
   + Registered: 03-BUSINESS-SCENARIOS (BUSINESS_LOGIC)
? Loading knowledge file: 04-ai-prompts.yml
   + Registered: 04-AI-PROMPTS (AI_CONTEXT)
? Loading knowledge file: 05-pitch-deck.yml
   + Registered: 05-PITCH-DECK (BUSINESS_PITCH)
? Loading knowledge file: 06-governance.yml
   + Registered: 06-GOVERNANCE (GOVERNANCE)
? Loading knowledge file: 07-shared-reference-data.yml
   + Registered: 07-SHARED-REFERENCE-DATA (REFERENCE_DATA)
? Loading knowledge file: 08-tenant-isolation.yml
   + Registered: 08-TENANT-ISOLATION (RULE)
? Loading knowledge file: 10-storage-structure.yml
   + Registered: 10-STORAGE-STRUCTURE (TECHNICAL_SPEC)
? Knowledge System loaded successfully. Total entries: 11
? Starting Asset Reorganization with Logging...
=========================================
MIGRATION SUMMARY
Total Tenants Processed: 124
Total Files Moved: 0
Errors: 0
=========================================
? Generated HTML Preview: knowledge_preview.html
? Generated Folder Structure: C:\Users\enoam\OneDrive\onlineStore\onlineStore\webParent\WebBackEnd\knowledge_export\tenants
?? Autonomous Architecture & Runtime Auditor [READ-ONLY MODE] scanning...
System Audit Completed: WARNINGS
? Architecture Watchdog starting...
2026-01-14T03:15:07.530+02:00  INFO 59468 --- [  restartedMain] c.o.a.g.watchdog.FileSystemMonitor       : Watchdog: Registered monitor for tenants
2026-01-14T03:15:07.530+02:00  INFO 59468 --- [  restartedMain] c.o.a.g.watchdog.FileSystemMonitor       : Watchdog: Registered monitor for .
? Architecture Watchdog is active and monitoring.
2026-01-14T03:15:07.531+02:00  INFO 59468 --- [Watchdog-Thread] c.o.a.g.watchdog.FileSystemMonitor       : Watchdog: FileSystemMonitor thread started.
2026-01-14T03:15:10.032+02:00  WARN 59468 --- [  restartedMain] JpaBaseConfiguration$JpaWebConfiguration : spring.jpa.open-in-view is enabled by default. Therefore, database queries may be performed during view rendering. Explicitly configure spring.jpa.open-in-view to disable this warning
2026-01-14T03:15:11.893+02:00  INFO 59468 --- [  restartedMain] o.s.b.a.e.web.EndpointLinksResolver      : Exposing 1 endpoint(s) beneath base path '/actuator'
2026-01-14T03:15:12.017+02:00  INFO 59468 --- [  restartedMain] o.s.s.web.DefaultSecurityFilterChain     : Will secure any request with [org.springframework.security.web.session.DisableEncodeUrlFilter@360ed082, org.springframework.security.web.context.request.async.WebAsyncManagerIntegrationFilter@4c718e82, org.springframework.security.web.context.SecurityContextHolderFilter@2cd0dd7a, org.springframework.security.web.header.HeaderWriterFilter@4239bf7b, org.springframework.security.web.csrf.CsrfFilter@56974c42, org.springframework.security.web.authentication.logout.LogoutFilter@247f1bbf, org.springframework.security.web.authentication.UsernamePasswordAuthenticationFilter@37e9bd9c, com.onlineStoreCom.security.tenant.TenantContextFilter@544251a, org.springframework.security.web.savedrequest.RequestCacheAwareFilter@4c5ccda2, org.springframework.security.web.servletapi.SecurityContextHolderAwareRequestFilter@20d5abe, org.springframework.security.web.authentication.rememberme.RememberMeAuthenticationFilter@722c60f6, org.springframework.security.web.authentication.AnonymousAuthenticationFilter@307ee899, org.springframework.security.web.access.ExceptionTranslationFilter@18cd17ec, org.springframework.security.web.access.intercept.AuthorizationFilter@68e58079]
2026-01-14T03:15:12.944+02:00  WARN 59468 --- [  restartedMain] o.s.b.d.a.OptionalLiveReloadServer       : Unable to start LiveReload server
2026-01-14T03:15:13.043+02:00  WARN 59468 --- [  restartedMain] ConfigServletWebServerApplicationContext : Exception encountered during context initialization - cancelling refresh attempt: org.springframework.context.ApplicationContextException: Failed to start bean 'webServerStartStop'
? Stopping Architecture Watchdog...
2026-01-14T03:15:13.055+02:00  INFO 59468 --- [  restartedMain] j.LocalContainerEntityManagerFactoryBean : Closing JPA EntityManagerFactory for persistence unit 'default'
2026-01-14T03:15:13.060+02:00  INFO 59468 --- [  restartedMain] com.zaxxer.hikari.HikariDataSource       : HikariPool-1 - Shutdown initiated...
2026-01-14T03:15:13.073+02:00  INFO 59468 --- [  restartedMain] com.zaxxer.hikari.HikariDataSource       : HikariPool-1 - Shutdown completed.
2026-01-14T03:15:13.076+02:00  INFO 59468 --- [  restartedMain] o.apache.catalina.core.StandardService   : Stopping service [Tomcat]
2026-01-14T03:15:13.101+02:00  INFO 59468 --- [  restartedMain] .s.b.a.l.ConditionEvaluationReportLogger : 

Error starting ApplicationContext. To display the condition evaluation report re-run your application with 'debug' enabled.
2026-01-14T03:15:13.141+02:00 ERROR 59468 --- [  restartedMain] o.s.b.d.LoggingFailureAnalysisReporter   : 

***************************
APPLICATION FAILED TO START
***************************

Description:

Web server failed to start. Port 710 was already in use.

Action:

Identify and stop the process that's listening on port 710 or configure this application to listen on another port.

[INFO] ------------------------------------------------------------------------
[INFO] BUILD SUCCESS
[INFO] ------------------------------------------------------------------------
[INFO] Total time:  42.003 s
[INFO] Finished at: 2026-01-14T03:15:13+02:00
[INFO] ------------------------------------------------------------------------
