#
# A fatal error has been detected by the Java Runtime Environment:
#
#  EXCEPTION_ACCESS_VIOLATION (0xc0000005) at pc=0x00007ffec936b1f3, pid=26432, tid=30948
#
# JRE version: OpenJDK Runtime Environment (19.0.1+10) (build 19.0.1+10-21)
# Java VM: OpenJDK 64-Bit Server VM (19.0.1+10-21, mixed mode, emulated-client, sharing, tiered, compressed oops, compressed class ptrs, g1 gc, windows-amd64)
# Problematic frame:
# V  [jvm.dll+0x44b1f3]
#
# No core dump will be written. Minidumps are not enabled by default on client versions of Windows
#
# If you would like to submit a bug report, please visit:
#   https://bugreport.java.com/bugreport/crash.jsp
#

---------------  S U M M A R Y ------------

Command Line: -agentlib:jdwp=transport=dt_socket,address=127.0.0.1:55528,suspend=y,server=n -XX:TieredStopAtLevel=1 -Dspring.output.ansi.enabled=always -Dcom.sun.management.jmxremote -Dspring.jmx.enabled=true -Dspring.liveBeansView.mbeanDomain -Dspring.application.admin.enabled=true -Dmanagement.endpoints.jmx.exposure.include=* -javaagent:C:\Users\enoam\AppData\Local\JetBrains\IntelliJIdea2023.2\captureAgent\debugger-agent.jar -Dfile.encoding=UTF-8 -Dsun.stdout.encoding=UTF-8 -Dsun.stderr.encoding=UTF-8 frontEnd.FrontEndApplication

Host: 11th Gen Intel(R) Core(TM) i5-1135G7 @ 2.40GHz, 8 cores, 15G,  Windows 11 , 64 bit Build 26100 (10.0.26100.4484)
Time: Fri Jul 18 01:03:45 2025 Eastern Summer Time elapsed time: 170610.822628 seconds (1d 23h 23m 30s)

---------------  T H R E A D  ---------------

Current thread (0x00000185ad9bc540):  JavaThread "JDWP Transport Listener: dt_socket" daemon [_thread_in_vm, id=30948, stack(0x0000007226900000,0x0000007226a00000)]

Stack: [0x0000007226900000,0x0000007226a00000],  sp=0x00000072269ff160,  free space=1020k
Native frames: (J=compiled Java code, j=interpreted, Vv=VM code, C=native code)
V  [jvm.dll+0x44b1f3]
V  [jvm.dll+0x449399]
C  [jdwp.dll+0x289e6]


siginfo: EXCEPTION_ACCESS_VIOLATION (0xc0000005), reading address 0x0000000000000048


Registers:
RAX=0x0000000000000000, RBX=0x00000072269ff258, RCX=0x0000000000000000, RDX=0x00000008000086a0
RSP=0x00000072269ff160, RBP=0x00000072269ff2d8, RSI=0x0000000000000000, RDI=0x00000008000086a0
R8 =0x0000000000000004, R9 =0x00000185ad9be7f8, R10=0x0000018590140000, R11=0x0000000000000010
R12=0x0000000000000000, R13=0x00007fff7ad52b68, R14=0x0000000000000001, R15=0x00000185ad9be7f8
RIP=0x00007ffec936b1f3, EFLAGS=0x0000000000010246


Register to memory mapping:

RIP=0x00007ffec936b1f3 jvm.dll
RAX=0x0 is NULL
RBX=0x00000072269ff258 is pointing into the stack for thread: 0x00000185ad9bc540
RCX=0x0 is NULL
RDX={method} {0x00000008000086a8} 
[error occurred during error reporting (printing register info), id 0xc0000005, EXCEPTION_ACCESS_VIOLATION (0xc0000005) at pc=0x00007ffec95c2f83]

Top of Stack: (sp=0x00000072269ff160)
0x00000072269ff160:   00000185ad9be7f8 00000072269ff258
0x00000072269ff170:   00007fff7ad52b68 0000000000000000
0x00000072269ff180:   00000008000086a0 00000185ad9bc540
0x00000072269ff190:   00000185ae757240 00007fffb2c0e0fb
0x00000072269ff1a0:   0000018590010000 0000000000000000
0x00000072269ff1b0:   00000185ae757240 00000185ae757240
0x00000072269ff1c0:   00000185ae757240 00007ffec9600ca8
0x00000072269ff1d0:   00000185ad9bc820 00007ffec9369399
0x00000072269ff1e0:   00000008000086a0 00000185ad9bc540
0x00000072269ff1f0:   00000185a91f2c20 00007ffec948fe21
0x00000072269ff200:   00000185a920e420 0000000000000000
0x00000072269ff210:   0000000000000006 00000185ad9be7f8
0x00000072269ff220:   00000072269ff2d8 00007ffe0000000c
0x00000072269ff230:   00000185ad9bc540 00000185ad9bc540
0x00000072269ff240:   0000000000000000 00007fffb2826e01
0x00000072269ff250:   00000185ae757240 00007fff7ad46f64 

Instructions: (pc=0x00007ffec936b1f3)
0x00007ffec936b0f3:   74 21 48 8b c7 f0 48 0f b1 13 74 17 90 48 85 05
0x00007ffec936b103:   91 fb 7c 00 74 0d 48 8b c8 f0 48 0f b1 13 48 3b
0x00007ffec936b113:   c1 75 ea 48 8b fa 48 8b 5c 24 30 48 8b c7 48 83
0x00007ffec936b123:   c4 20 5f c3 cc cc cc cc cc cc cc cc cc 48 89 4c
0x00007ffec936b133:   24 08 48 89 54 24 10 4c 89 44 24 18 4c 89 4c 24
0x00007ffec936b143:   20 48 83 ec 28 4c 8b c1 4c 8d 4c 24 38 48 8d 0d
0x00007ffec936b153:   e9 1c 79 00 ba 04 00 00 00 e8 ff 08 19 00 48 83
0x00007ffec936b163:   c4 28 c3 cc cc cc cc cc cc cc cc cc cc 48 89 5c
0x00007ffec936b173:   24 10 48 89 74 24 18 57 48 83 ec 70 65 48 8b 04
0x00007ffec936b183:   25 58 00 00 00 48 8b fa 44 8b 05 96 18 7d 00 48
0x00007ffec936b193:   8b d9 4a 8b 34 c0 b8 68 00 00 00 80 3c 30 00 75
0x00007ffec936b1a3:   05 e8 b7 8b 46 00 b9 28 00 00 00 48 8b d7 48 89
0x00007ffec936b1b3:   54 24 20 48 8b 0c 31 48 89 4c 24 28 48 85 ff 74
0x00007ffec936b1c3:   21 48 8b 89 60 02 00 00 48 8d 94 24 80 00 00 00
0x00007ffec936b1d3:   48 89 bc 24 80 00 00 00 e8 20 89 bc ff 48 8b 54
0x00007ffec936b1e3:   24 20 48 8b 42 08 33 f6 0f b7 48 24 48 8b 40 08
0x00007ffec936b1f3:   48 8b 4c c8 48 48 89 4c 24 30 48 8d 4c 24 30 48
0x00007ffec936b203:   89 54 24 60 33 d2 c7 44 24 38 63 00 00 00 48 89
0x00007ffec936b213:   74 24 40 e8 85 b3 31 00 48 8b 47 08 48 8d 4b 08
0x00007ffec936b223:   0f b7 50 24 48 8b 40 08 48 8b 54 d0 48 48 89 11
0x00007ffec936b233:   48 8b 54 24 40 c7 41 08 63 00 00 00 48 89 71 10
0x00007ffec936b243:   48 85 d2 74 05 e8 93 bc 31 00 48 8d 4c 24 20 e8
0x00007ffec936b253:   49 74 f5 ff 48 8d 05 2a cc 55 00 48 89 73 20 48
0x00007ffec936b263:   89 03 4c 8d 5c 24 70 49 8b 73 20 48 8b c3 49 8b
0x00007ffec936b273:   5b 18 49 8b e3 5f c3 cc cc cc cc cc cc 41 56 41
0x00007ffec936b283:   57 48 81 ec 98 00 00 00 b8 01 00 00 00 4c 8b f2
0x00007ffec936b293:   87 05 27 1b 79 00 4c 8b f9 83 f8 01 75 11 b8 fb
0x00007ffec936b2a3:   ff ff ff 48 81 c4 98 00 00 00 41 5f 41 5e c3 48
0x00007ffec936b2b3:   89 9c 24 b0 00 00 00 33 db 8b c3 87 05 d4 46 71
0x00007ffec936b2c3:   00 85 c0 75 17 8d 43 ff 48 8b 9c 24 b0 00 00 00
0x00007ffec936b2d3:   48 81 c4 98 00 00 00 41 5f 41 5e c3 48 89 ac 24
0x00007ffec936b2e3:   b8 00 00 00 48 8d 94 24 c8 00 00 00 48 89 b4 24 


Stack slot to memory mapping:
stack at sp + 0 slots: 0x00000185ad9be7f8 points into unknown readable memory: 0x0000000708800000 | 00 00 80 08 07 00 00 00
stack at sp + 1 slots: 0x00000072269ff258 is pointing into the stack for thread: 0x00000185ad9bc540
stack at sp + 2 slots: 0x00007fff7ad52b68 jdwp.dll
stack at sp + 3 slots: 0x0 is NULL
stack at sp + 4 slots: {method} {0x00000008000086a8} 
[error occurred during error reporting (inspecting top of stack), id 0xc0000005, EXCEPTION_ACCESS_VIOLATION (0xc0000005) at pc=0x00007ffec95c2f83]


---------------  P R O C E S S  ---------------

Threads class SMR info:
_java_thread_list=0x00000185b06e8430, length=32, elements={
0x00000185a91fc000, 0x00000185a91fd740, 0x00000185a9205310, 0x00000185a9207d50,
0x00000185a9209390, 0x00000185a920a9d0, 0x00000185a920c010, 0x00000185a9218420,
0x00000185a91d4cd0, 0x00000185ad9bc540, 0x00000185ad9c0220, 0x00000185ad9ece40,
0x00000185ae27b060, 0x00000185af1c9090, 0x00000185af1ca080, 0x00000185b1094060,
0x00000185b10945b0, 0x00000185b10955a0, 0x00000185b1093b10, 0x00000185b1096ae0,
0x00000185b1096590, 0x00000185b1094b00, 0x00000185b1095af0, 0x00000185b1095050,
0x00000185b1096040, 0x00000185b10935c0, 0x00000185b1093070, 0x00000185b1098570,
0x00000185b1099ab0, 0x00000185b1097030, 0x00000185b1097580, 0x00000185b109a000
}

Java Threads: ( => current thread )
  0x00000185a91fc000 JavaThread "Reference Handler" daemon [_thread_blocked, id=13084, stack(0x0000007225e00000,0x0000007225f00000)]
  0x00000185a91fd740 JavaThread "Finalizer" daemon [_thread_blocked, id=29796, stack(0x0000007225f00000,0x0000007226000000)]
  0x00000185a9205310 JavaThread "Signal Dispatcher" daemon [_thread_blocked, id=40776, stack(0x0000007226000000,0x0000007226100000)]
  0x00000185a9207d50 JavaThread "Attach Listener" daemon [_thread_blocked, id=11512, stack(0x0000007226100000,0x0000007226200000)]
  0x00000185a9209390 JavaThread "Service Thread" daemon [_thread_blocked, id=25124, stack(0x0000007226200000,0x0000007226300000)]
  0x00000185a920a9d0 JavaThread "Monitor Deflation Thread" daemon [_thread_blocked, id=17532, stack(0x0000007226300000,0x0000007226400000)]
  0x00000185a920c010 JavaThread "C1 CompilerThread0" daemon [_thread_blocked, id=32004, stack(0x0000007226400000,0x0000007226500000)]
  0x00000185a9218420 JavaThread "Sweeper thread" daemon [_thread_blocked, id=32840, stack(0x0000007226500000,0x0000007226600000)]
  0x00000185a91d4cd0 JavaThread "Common-Cleaner" daemon [_thread_blocked, id=24940, stack(0x0000007226600000,0x0000007226700000)]
=>0x00000185ad9bc540 JavaThread "JDWP Transport Listener: dt_socket" daemon [_thread_in_vm, id=30948, stack(0x0000007226900000,0x0000007226a00000)]
  0x00000185ad9c0220 JavaThread "JDWP Event Helper Thread" daemon [_thread_blocked, id=38072, stack(0x0000007226a00000,0x0000007226b00000)]
  0x00000185ad9ece40 JavaThread "Notification Thread" daemon [_thread_blocked, id=40888, stack(0x0000007226c00000,0x0000007226d00000)]
  0x00000185ae27b060 JavaThread "RMI TCP Accept-0" daemon [_thread_in_native, id=39536, stack(0x0000007227500000,0x0000007227600000)]
  0x00000185af1c9090 JavaThread "mysql-cj-abandoned-connection-cleanup" daemon [_thread_blocked, id=22700, stack(0x0000007227a00000,0x0000007227b00000)]
  0x00000185af1ca080 JavaThread "HikariPool-1 housekeeper" daemon [_thread_blocked, id=38020, stack(0x0000007227c00000,0x0000007227d00000)]
  0x00000185b1094060 JavaThread "Catalina-utility-1" [_thread_blocked, id=5372, stack(0x0000007227e00000,0x0000007227f00000)]
  0x00000185b10945b0 JavaThread "Catalina-utility-2" [_thread_blocked, id=2868, stack(0x0000007227f00000,0x0000007228000000)]
  0x00000185b10955a0 JavaThread "container-0" [_thread_blocked, id=33904, stack(0x0000007228000000,0x0000007228100000)]
  0x00000185b1093b10 JavaThread "File Watcher" daemon [_thread_blocked, id=34268, stack(0x0000007227d00000,0x0000007227e00000)]
  0x00000185b1096ae0 JavaThread "http-nio-720-exec-1" daemon [_thread_blocked, id=21188, stack(0x0000007228100000,0x0000007228200000)]
  0x00000185b1096590 JavaThread "http-nio-720-exec-2" daemon [_thread_blocked, id=25084, stack(0x0000007228200000,0x0000007228300000)]
  0x00000185b1094b00 JavaThread "http-nio-720-exec-3" daemon [_thread_blocked, id=17496, stack(0x0000007228300000,0x0000007228400000)]
  0x00000185b1095af0 JavaThread "http-nio-720-exec-4" daemon [_thread_blocked, id=40972, stack(0x0000007228400000,0x0000007228500000)]
  0x00000185b1095050 JavaThread "http-nio-720-exec-5" daemon [_thread_blocked, id=25492, stack(0x0000007228500000,0x0000007228600000)]
  0x00000185b1096040 JavaThread "http-nio-720-exec-6" daemon [_thread_blocked, id=18868, stack(0x0000007228600000,0x0000007228700000)]
  0x00000185b10935c0 JavaThread "http-nio-720-exec-7" daemon [_thread_blocked, id=4580, stack(0x0000007228700000,0x0000007228800000)]
  0x00000185b1093070 JavaThread "http-nio-720-exec-8" daemon [_thread_blocked, id=21944, stack(0x0000007228800000,0x0000007228900000)]
  0x00000185b1098570 JavaThread "http-nio-720-exec-9" daemon [_thread_blocked, id=39744, stack(0x0000007228900000,0x0000007228a00000)]
  0x00000185b1099ab0 JavaThread "http-nio-720-exec-10" daemon [_thread_blocked, id=28796, stack(0x0000007228a00000,0x0000007228b00000)]
  0x00000185b1097030 JavaThread "http-nio-720-Poller" daemon [_thread_in_native, id=9132, stack(0x0000007228b00000,0x0000007228c00000)]
  0x00000185b1097580 JavaThread "http-nio-720-Acceptor" daemon [_thread_in_native, id=41792, stack(0x0000007228c00000,0x0000007228d00000)]
  0x00000185b109a000 JavaThread "DestroyJavaVM" [_thread_blocked, id=39932, stack(0x0000007225700000,0x0000007225800000)]

Other Threads:
  0x00000185a91e4390 VMThread "VM Thread" [stack: 0x0000007225d00000,0x0000007225e00000] [id=2952]
  0x00000185ae27cd00 WatcherThread "VM Periodic Task Thread" [stack: 0x0000007227600000,0x0000007227700000] [id=27948]
  0x00000185903ef220 WorkerThread "GC Thread#0" [stack: 0x0000007225800000,0x0000007225900000] [id=28452]
  0x00000185ae1fdbc0 WorkerThread "GC Thread#1" [stack: 0x0000007226e00000,0x0000007226f00000] [id=40892]
  0x00000185ae1fd620 WorkerThread "GC Thread#2" [stack: 0x0000007226f00000,0x0000007227000000] [id=32904]
  0x00000185ae1fd350 WorkerThread "GC Thread#3" [stack: 0x0000007227000000,0x0000007227100000] [id=40916]
  0x00000185ae1fd8f0 WorkerThread "GC Thread#4" [stack: 0x0000007227100000,0x0000007227200000] [id=40836]
  0x00000185ae1fe9d0 WorkerThread "GC Thread#5" [stack: 0x0000007227200000,0x0000007227300000] [id=32968]
  0x00000185ae1feca0 WorkerThread "GC Thread#6" [stack: 0x0000007227300000,0x0000007227400000] [id=40600]
  0x00000185ae1fde90 WorkerThread "GC Thread#7" [stack: 0x0000007227400000,0x0000007227500000] [id=40604]
  0x0000018590400c70 ConcurrentGCThread "G1 Main Marker" [stack: 0x0000007225900000,0x0000007225a00000] [id=17624]
  0x0000018590402420 WorkerThread "G1 Conc#0" [stack: 0x0000007225a00000,0x0000007225b00000] [id=38016]
  0x00000185af2f19b0 WorkerThread "G1 Conc#1" [stack: 0x0000007227900000,0x0000007227a00000] [id=41008]
  0x00000185a909d0c0 ConcurrentGCThread "G1 Refine#0" [stack: 0x0000007225b00000,0x0000007225c00000] [id=40564]
  0x00000185a909fad0 ConcurrentGCThread "G1 Service" [stack: 0x0000007225c00000,0x0000007225d00000] [id=5620]

Threads with active compile tasks:

VM state: not at safepoint (normal execution)

VM Mutex/Monitor currently owned by a thread: None

Heap address: 0x0000000704200000, size: 4030 MB, Compressed Oops mode: Zero based, Oop shift amount: 3

CDS archive(s) mapped at: [0x0000000800000000-0x0000000800c30000-0x0000000800c30000), size 12779520, SharedBaseAddress: 0x0000000800000000, ArchiveRelocationMode: 0.
Compressed class space mapped at: 0x0000000801000000-0x0000000841000000, reserved size: 1073741824
Narrow klass base: 0x0000000800000000, Narrow klass shift: 0, Narrow klass range: 0x100000000

GC Precious Log:
 CardTable entry size: 512
 Card Set container configuration: InlinePtr #cards 4 size 8 Array Of Cards #cards 16 size 48 Howl #buckets 8 coarsen threshold 3686 Howl Bitmap #cards 512 size 80 coarsen threshold 460 Card regions per heap region 1 cards per card region 4096
 CPUs: 8 total, 8 available
 Memory: 16118M
 Large Page Support: Disabled
 NUMA Support: Disabled
 Compressed Oops: Enabled (Zero based)
 Heap Region Size: 2M
 Heap Min Capacity: 8M
 Heap Initial Capacity: 252M
 Heap Max Capacity: 4030M
 Pre-touch: Disabled
 Parallel Workers: 8
 Concurrent Workers: 2
 Concurrent Refinement Workers: 8
 Periodic GC: Disabled

Heap:
 garbage-first heap   total 172032K, used 141599K [0x0000000704200000, 0x0000000800000000)
  region size 2048K, 48 young (98304K), 1 survivors (2048K)
 Metaspace       used 88059K, committed 89024K, reserved 1179648K
  class space    used 12332K, committed 12800K, reserved 1048576K

Heap Regions: E=young(eden), S=young(survivor), O=old, HS=humongous(starts), HC=humongous(continues), CS=collection set, F=free, OA=open archive, CA=closed archive, TAMS=top-at-mark-start (previous, next)
|   0|0x0000000704200000, 0x0000000704400000, 0x0000000704400000|100%| O|  |TAMS 0x0000000704400000, 0x0000000704200000| Untracked 
|   1|0x0000000704400000, 0x0000000704600000, 0x0000000704600000|100%| O|  |TAMS 0x0000000704600000, 0x0000000704400000| Untracked 
|   2|0x0000000704600000, 0x0000000704800000, 0x0000000704800000|100%| O|  |TAMS 0x0000000704800000, 0x0000000704600000| Untracked 
|   3|0x0000000704800000, 0x0000000704a00000, 0x0000000704a00000|100%| O|  |TAMS 0x0000000704a00000, 0x0000000704800000| Untracked 
|   4|0x0000000704a00000, 0x0000000704be3a00, 0x0000000704c00000| 94%| O|  |TAMS 0x0000000704be3a00, 0x0000000704a00000| Untracked 
|   5|0x0000000704c00000, 0x0000000704c00000, 0x0000000704e00000|  0%| F|  |TAMS 0x0000000704c00000, 0x0000000704c00000| Untracked 
|   6|0x0000000704e00000, 0x0000000705000000, 0x0000000705000000|100%| O|  |TAMS 0x0000000705000000, 0x0000000704e00000| Untracked 
|   7|0x0000000705000000, 0x0000000705200000, 0x0000000705200000|100%| O|  |TAMS 0x0000000705200000, 0x0000000705000000| Untracked 
|   8|0x0000000705200000, 0x0000000705400000, 0x0000000705400000|100%| O|  |TAMS 0x0000000705400000, 0x0000000705200000| Untracked 
|   9|0x0000000705400000, 0x0000000705600000, 0x0000000705600000|100%| O|  |TAMS 0x0000000705600000, 0x0000000705400000| Untracked 
|  10|0x0000000705600000, 0x0000000705800000, 0x0000000705800000|100%| O|  |TAMS 0x0000000705800000, 0x0000000705600000| Untracked 
|  11|0x0000000705800000, 0x00000007059c0200, 0x0000000705a00000| 87%| O|  |TAMS 0x00000007059c0200, 0x0000000705800000| Untracked 
|  12|0x0000000705a00000, 0x0000000705c00000, 0x0000000705c00000|100%| O|  |TAMS 0x0000000705c00000, 0x0000000705a00000| Untracked 
|  13|0x0000000705c00000, 0x0000000705de5a00, 0x0000000705e00000| 94%| O|  |TAMS 0x0000000705de5a00, 0x0000000705c00000| Untracked 
|  14|0x0000000705e00000, 0x0000000706000000, 0x0000000706000000|100%| O|  |TAMS 0x0000000706000000, 0x0000000705e00000| Untracked 
|  15|0x0000000706000000, 0x0000000706200000, 0x0000000706200000|100%| O|  |TAMS 0x0000000706200000, 0x0000000706000000| Untracked 
|  16|0x0000000706200000, 0x00000007063b2e00, 0x0000000706400000| 84%| O|  |TAMS 0x00000007063b2e00, 0x0000000706200000| Complete 
|  17|0x0000000706400000, 0x0000000706400000, 0x0000000706600000|  0%| F|  |TAMS 0x0000000706400000, 0x0000000706400000| Untracked 
|  18|0x0000000706600000, 0x0000000706800000, 0x0000000706800000|100%| O|  |TAMS 0x0000000706800000, 0x0000000706600000| Untracked 
|  19|0x0000000706800000, 0x0000000706a00000, 0x0000000706a00000|100%| O|  |TAMS 0x0000000706a00000, 0x0000000706800000| Untracked 
|  20|0x0000000706a00000, 0x0000000706c00000, 0x0000000706c00000|100%| O|  |TAMS 0x0000000706c00000, 0x0000000706a00000| Untracked 
|  21|0x0000000706c00000, 0x0000000706e00000, 0x0000000706e00000|100%| O|  |TAMS 0x0000000706e00000, 0x0000000706c00000| Untracked 
|  22|0x0000000706e00000, 0x0000000706e00000, 0x0000000707000000|  0%| F|  |TAMS 0x0000000706e00000, 0x0000000706e00000| Untracked 
|  23|0x0000000707000000, 0x0000000707000000, 0x0000000707200000|  0%| F|  |TAMS 0x0000000707000000, 0x0000000707000000| Untracked 
|  24|0x0000000707200000, 0x0000000707200000, 0x0000000707400000|  0%| F|  |TAMS 0x0000000707200000, 0x0000000707200000| Untracked 
|  25|0x0000000707400000, 0x0000000707400000, 0x0000000707600000|  0%| F|  |TAMS 0x0000000707400000, 0x0000000707400000| Untracked 
|  26|0x0000000707600000, 0x0000000707600000, 0x0000000707800000|  0%| F|  |TAMS 0x0000000707600000, 0x0000000707600000| Untracked 
|  27|0x0000000707800000, 0x0000000707a00000, 0x0000000707a00000|100%| O|  |TAMS 0x0000000707a00000, 0x0000000707800000| Untracked 
|  28|0x0000000707a00000, 0x0000000707a00000, 0x0000000707c00000|  0%| F|  |TAMS 0x0000000707a00000, 0x0000000707a00000| Untracked 
|  29|0x0000000707c00000, 0x0000000707c00000, 0x0000000707e00000|  0%| F|  |TAMS 0x0000000707c00000, 0x0000000707c00000| Untracked 
|  30|0x0000000707e00000, 0x0000000707e00000, 0x0000000708000000|  0%| F|  |TAMS 0x0000000707e00000, 0x0000000707e00000| Untracked 
|  31|0x0000000708000000, 0x000000070810b870, 0x0000000708200000| 52%| S|CS|TAMS 0x0000000708000000, 0x0000000708000000| Complete 
|  32|0x0000000708200000, 0x0000000708200000, 0x0000000708400000|  0%| F|  |TAMS 0x0000000708200000, 0x0000000708200000| Untracked 
|  33|0x0000000708400000, 0x0000000708400000, 0x0000000708600000|  0%| F|  |TAMS 0x0000000708400000, 0x0000000708400000| Untracked 
|  34|0x0000000708600000, 0x0000000708600000, 0x0000000708800000|  0%| F|  |TAMS 0x0000000708600000, 0x0000000708600000| Untracked 
|  35|0x0000000708800000, 0x0000000708800800, 0x0000000708a00000|  0%| E|  |TAMS 0x0000000708800000, 0x0000000708800000| Complete 
|  36|0x0000000708a00000, 0x0000000708c00000, 0x0000000708c00000|100%| E|CS|TAMS 0x0000000708a00000, 0x0000000708a00000| Complete 
|  37|0x0000000708c00000, 0x0000000708e00000, 0x0000000708e00000|100%| E|CS|TAMS 0x0000000708c00000, 0x0000000708c00000| Complete 
|  38|0x0000000708e00000, 0x0000000709000000, 0x0000000709000000|100%| E|CS|TAMS 0x0000000708e00000, 0x0000000708e00000| Complete 
|  39|0x0000000709000000, 0x0000000709200000, 0x0000000709200000|100%| E|CS|TAMS 0x0000000709000000, 0x0000000709000000| Complete 
|  40|0x0000000709200000, 0x0000000709400000, 0x0000000709400000|100%| O|  |TAMS 0x0000000709400000, 0x0000000709200000| Untracked 
|  41|0x0000000709400000, 0x0000000709600000, 0x0000000709600000|100%| E|CS|TAMS 0x0000000709400000, 0x0000000709400000| Complete 
|  42|0x0000000709600000, 0x0000000709800000, 0x0000000709800000|100%| O|  |TAMS 0x0000000709800000, 0x0000000709600000| Untracked 
|  43|0x0000000709800000, 0x0000000709a00000, 0x0000000709a00000|100%| E|CS|TAMS 0x0000000709800000, 0x0000000709800000| Complete 
|  44|0x0000000709a00000, 0x0000000709c00000, 0x0000000709c00000|100%| E|CS|TAMS 0x0000000709a00000, 0x0000000709a00000| Complete 
|  45|0x0000000709c00000, 0x0000000709e00000, 0x0000000709e00000|100%| E|CS|TAMS 0x0000000709c00000, 0x0000000709c00000| Complete 
|  46|0x0000000709e00000, 0x000000070a000000, 0x000000070a000000|100%| E|CS|TAMS 0x0000000709e00000, 0x0000000709e00000| Complete 
|  47|0x000000070a000000, 0x000000070a200000, 0x000000070a200000|100%| E|CS|TAMS 0x000000070a000000, 0x000000070a000000| Complete 
|  48|0x000000070a200000, 0x000000070a400000, 0x000000070a400000|100%| E|CS|TAMS 0x000000070a200000, 0x000000070a200000| Complete 
|  49|0x000000070a400000, 0x000000070a600000, 0x000000070a600000|100%| E|CS|TAMS 0x000000070a400000, 0x000000070a400000| Complete 
|  50|0x000000070a600000, 0x000000070a800000, 0x000000070a800000|100%| E|CS|TAMS 0x000000070a600000, 0x000000070a600000| Complete 
|  51|0x000000070a800000, 0x000000070aa00000, 0x000000070aa00000|100%| E|CS|TAMS 0x000000070a800000, 0x000000070a800000| Complete 
|  52|0x000000070aa00000, 0x000000070ac00000, 0x000000070ac00000|100%| E|CS|TAMS 0x000000070aa00000, 0x000000070aa00000| Complete 
|  53|0x000000070ac00000, 0x000000070ae00000, 0x000000070ae00000|100%| E|CS|TAMS 0x000000070ac00000, 0x000000070ac00000| Complete 
|  54|0x000000070ae00000, 0x000000070b000000, 0x000000070b000000|100%| E|CS|TAMS 0x000000070ae00000, 0x000000070ae00000| Complete 
|  55|0x000000070b000000, 0x000000070b200000, 0x000000070b200000|100%| E|CS|TAMS 0x000000070b000000, 0x000000070b000000| Complete 
|  56|0x000000070b200000, 0x000000070b400000, 0x000000070b400000|100%| E|CS|TAMS 0x000000070b200000, 0x000000070b200000| Complete 
|  57|0x000000070b400000, 0x000000070b600000, 0x000000070b600000|100%| E|CS|TAMS 0x000000070b400000, 0x000000070b400000| Complete 
|  58|0x000000070b600000, 0x000000070b800000, 0x000000070b800000|100%| E|CS|TAMS 0x000000070b600000, 0x000000070b600000| Complete 
|  59|0x000000070b800000, 0x000000070ba00000, 0x000000070ba00000|100%| E|CS|TAMS 0x000000070b800000, 0x000000070b800000| Complete 
|  60|0x000000070ba00000, 0x000000070bc00000, 0x000000070bc00000|100%| E|CS|TAMS 0x000000070ba00000, 0x000000070ba00000| Complete 
|  61|0x000000070bc00000, 0x000000070be00000, 0x000000070be00000|100%| E|CS|TAMS 0x000000070bc00000, 0x000000070bc00000| Complete 
|  62|0x000000070be00000, 0x000000070c000000, 0x000000070c000000|100%| E|CS|TAMS 0x000000070be00000, 0x000000070be00000| Complete 
|  63|0x000000070c000000, 0x000000070c200000, 0x000000070c200000|100%| E|CS|TAMS 0x000000070c000000, 0x000000070c000000| Complete 
|  64|0x000000070c200000, 0x000000070c400000, 0x000000070c400000|100%| E|CS|TAMS 0x000000070c200000, 0x000000070c200000| Complete 
|  65|0x000000070c400000, 0x000000070c600000, 0x000000070c600000|100%| E|CS|TAMS 0x000000070c400000, 0x000000070c400000| Complete 
|  66|0x000000070c600000, 0x000000070c800000, 0x000000070c800000|100%| E|CS|TAMS 0x000000070c600000, 0x000000070c600000| Complete 
|  67|0x000000070c800000, 0x000000070ca00000, 0x000000070ca00000|100%| E|CS|TAMS 0x000000070c800000, 0x000000070c800000| Complete 
|  68|0x000000070ca00000, 0x000000070cc00000, 0x000000070cc00000|100%| E|CS|TAMS 0x000000070ca00000, 0x000000070ca00000| Complete 
|  69|0x000000070cc00000, 0x000000070ce00000, 0x000000070ce00000|100%| E|CS|TAMS 0x000000070cc00000, 0x000000070cc00000| Complete 
|  70|0x000000070ce00000, 0x000000070d000000, 0x000000070d000000|100%| E|CS|TAMS 0x000000070ce00000, 0x000000070ce00000| Complete 
|  71|0x000000070d000000, 0x000000070d200000, 0x000000070d200000|100%| E|CS|TAMS 0x000000070d000000, 0x000000070d000000| Complete 
|  72|0x000000070d200000, 0x000000070d400000, 0x000000070d400000|100%| E|CS|TAMS 0x000000070d200000, 0x000000070d200000| Complete 
|  73|0x000000070d400000, 0x000000070d600000, 0x000000070d600000|100%| E|CS|TAMS 0x000000070d400000, 0x000000070d400000| Complete 
|  74|0x000000070d600000, 0x000000070d800000, 0x000000070d800000|100%| E|CS|TAMS 0x000000070d600000, 0x000000070d600000| Complete 
|  75|0x000000070d800000, 0x000000070da00000, 0x000000070da00000|100%| E|CS|TAMS 0x000000070d800000, 0x000000070d800000| Complete 
|  76|0x000000070da00000, 0x000000070dc00000, 0x000000070dc00000|100%| E|CS|TAMS 0x000000070da00000, 0x000000070da00000| Complete 
|  77|0x000000070dc00000, 0x000000070de00000, 0x000000070de00000|100%| E|CS|TAMS 0x000000070dc00000, 0x000000070dc00000| Complete 
|  78|0x000000070de00000, 0x000000070e000000, 0x000000070e000000|100%| E|CS|TAMS 0x000000070de00000, 0x000000070de00000| Complete 
|  79|0x000000070e000000, 0x000000070e200000, 0x000000070e200000|100%| E|CS|TAMS 0x000000070e000000, 0x000000070e000000| Complete 
| 100|0x0000000710a00000, 0x0000000710c00000, 0x0000000710c00000|100%| E|CS|TAMS 0x0000000710a00000, 0x0000000710a00000| Complete 
| 101|0x0000000710c00000, 0x0000000710e00000, 0x0000000710e00000|100%| E|CS|TAMS 0x0000000710c00000, 0x0000000710c00000| Complete 
| 102|0x0000000710e00000, 0x0000000711000000, 0x0000000711000000|100%| E|CS|TAMS 0x0000000710e00000, 0x0000000710e00000| Complete 
| 125|0x0000000713c00000, 0x0000000713e00000, 0x0000000713e00000|100%| E|CS|TAMS 0x0000000713c00000, 0x0000000713c00000| Complete 

Card table byte_map: [0x000001859db70000,0x000001859e350000] _byte_map_base: 0x000001859a34f000

Marking Bits (Prev, Next): (CMBitMap*) 0x00000185903f07b0, (CMBitMap*) 0x00000185903f0770
 Prev Bits: [0x00000185a2a30000, 0x00000185a6928000)
 Next Bits: [0x000001859eb30000, 0x00000185a2a28000)

Polling page: 0x00000185907c0000

Metaspace:
