[INFO] Scanning for projects...
[INFO] 
[INFO] ----------------------< com.onlineStore:FrontEnd >----------------------
[INFO] Building FrontEnd 0.0.1-SNAPSHOT
[INFO]   from pom.xml
[INFO] --------------------------------[ jar ]---------------------------------
[INFO] 
[INFO] >>> spring-boot:3.1.4:run (default-cli) > test-compile @ FrontEnd >>>
[INFO] 
[INFO] --- resources:3.3.1:resources (default-resources) @ FrontEnd ---
[INFO] Copying 1 resource from src\main\resources to target\classes
[INFO] Copying 160 resources from src\main\resources to target\classes
[INFO] 
[INFO] --- compiler:3.11.0:compile (default-compile) @ FrontEnd ---
[INFO] Changes detected - recompiling the module! :source
[INFO] Compiling 97 source files with javac [debug release 19] to target\classes
[INFO] 
[INFO] --- resources:3.3.1:testResources (default-testResources) @ FrontEnd ---
[INFO] skip non existing resourceDirectory C:\Users\enoam\OneDrive\onlineStore\onlineStore\webParent\FrontEnd\src\test\resources
[INFO] 
[INFO] --- compiler:3.11.0:testCompile (default-testCompile) @ FrontEnd ---
[INFO] Changes detected - recompiling the module! :dependency
[INFO] Compiling 27 source files with javac [debug release 19] to target\test-classes
[INFO] 
[INFO] <<< spring-boot:3.1.4:run (default-cli) < test-compile @ FrontEnd <<<
[INFO] 
[INFO] 
[INFO] --- spring-boot:3.1.4:run (default-cli) @ FrontEnd ---
[INFO] Attaching agents: []

  .   ____          _            __ _ _
 /\\ / ___'_ __ _ _(_)_ __  __ _ \ \ \ \
( ( )\___ | '_ | '_| | '_ \/ _` | \ \ \ \
 \\/  ___)| |_)| | | | | || (_| |  ) ) ) )
  '  |____| .__|_| |_|_| |_\__, | / / / /
 =========|_|==============|___/=/_/_/_/
 :: Spring Boot ::                (v3.1.4)

2026-01-14T03:15:03.938+02:00  INFO 52168 --- [  restartedMain] frontEnd.FrontEndApplication             : Starting FrontEndApplication using Java 19.0.1 with PID 52168 (C:\Users\enoam\OneDrive\onlineStore\onlineStore\webParent\FrontEnd\target\classes started by enoam in C:\Users\enoam\OneDrive\onlineStore\onlineStore\webParent\FrontEnd)
2026-01-14T03:15:03.944+02:00  INFO 52168 --- [  restartedMain] frontEnd.FrontEndApplication             : The following 1 profile is active: "default"
2026-01-14T03:15:04.027+02:00  INFO 52168 --- [  restartedMain] .e.DevToolsPropertyDefaultsPostProcessor : Devtools property defaults active! Set 'spring.devtools.add-properties' to 'false' to disable
2026-01-14T03:15:04.027+02:00  INFO 52168 --- [  restartedMain] .e.DevToolsPropertyDefaultsPostProcessor : For additional web related logging consider setting the 'logging.level.web' property to 'DEBUG'
2026-01-14T03:15:06.496+02:00  INFO 52168 --- [  restartedMain] .s.d.r.c.RepositoryConfigurationDelegate : Bootstrapping Spring Data JPA repositories in DEFAULT mode.
2026-01-14T03:15:06.702+02:00  INFO 52168 --- [  restartedMain] .s.d.r.c.RepositoryConfigurationDelegate : Finished Spring Data repository scanning in 192 ms. Found 18 JPA repository interfaces.
2026-01-14T03:15:08.197+02:00  INFO 52168 --- [  restartedMain] o.s.b.w.embedded.tomcat.TomcatWebServer  : Tomcat initialized with port(s): 720 (http)
2026-01-14T03:15:08.215+02:00  INFO 52168 --- [  restartedMain] o.apache.catalina.core.StandardService   : Starting service [Tomcat]
2026-01-14T03:15:08.215+02:00  INFO 52168 --- [  restartedMain] o.apache.catalina.core.StandardEngine    : Starting Servlet engine: [Apache Tomcat/10.1.13]
2026-01-14T03:15:08.372+02:00  INFO 52168 --- [  restartedMain] o.a.c.c.C.[Tomcat].[localhost].[/]       : Initializing Spring embedded WebApplicationContext
2026-01-14T03:15:08.374+02:00  INFO 52168 --- [  restartedMain] w.s.c.ServletWebServerApplicationContext : Root WebApplicationContext: initialization completed in 4346 ms
2026-01-14T03:15:08.719+02:00  INFO 52168 --- [  restartedMain] o.hibernate.jpa.internal.util.LogHelper  : HHH000204: Processing PersistenceUnitInfo [name: default]
2026-01-14T03:15:08.829+02:00  INFO 52168 --- [  restartedMain] org.hibernate.Version                    : HHH000412: Hibernate ORM core version 6.2.9.Final
2026-01-14T03:15:08.836+02:00  INFO 52168 --- [  restartedMain] org.hibernate.cfg.Environment            : HHH000406: Using bytecode reflection optimizer
2026-01-14T03:15:09.094+02:00  INFO 52168 --- [  restartedMain] o.h.b.i.BytecodeProviderInitiator        : HHH000021: Bytecode provider name : bytebuddy
2026-01-14T03:15:09.341+02:00  INFO 52168 --- [  restartedMain] o.s.o.j.p.SpringPersistenceUnitInfo      : No LoadTimeWeaver setup: ignoring JPA class transformer
2026-01-14T03:15:09.371+02:00  INFO 52168 --- [  restartedMain] com.zaxxer.hikari.HikariDataSource       : HikariPool-1 - Starting...
2026-01-14T03:15:10.081+02:00  INFO 52168 --- [  restartedMain] com.zaxxer.hikari.pool.HikariPool        : HikariPool-1 - Added connection com.mysql.cj.jdbc.ConnectionImpl@4d68f634
2026-01-14T03:15:10.085+02:00  INFO 52168 --- [  restartedMain] com.zaxxer.hikari.HikariDataSource       : HikariPool-1 - Start completed.
2026-01-14T03:15:11.035+02:00  INFO 52168 --- [  restartedMain] o.h.b.i.BytecodeProviderInitiator        : HHH000021: Bytecode provider name : bytebuddy
2026-01-14T03:15:13.573+02:00  INFO 52168 --- [  restartedMain] o.h.e.t.j.p.i.JtaPlatformInitiator       : HHH000490: Using JtaPlatform implementation: [org.hibernate.engine.transaction.jta.platform.internal.NoJtaPlatform]
2026-01-14T03:15:14.328+02:00  INFO 52168 --- [  restartedMain] j.LocalContainerEntityManagerFactoryBean : Initialized JPA EntityManagerFactory for persistence unit 'default'
2026-01-14T03:15:14.895+02:00  INFO 52168 --- [  restartedMain] o.s.d.j.r.query.QueryEnhancerFactory     : Hibernate is in classpath; If applicable, HQL parser will be used.
2026-01-14T03:15:15.952+02:00  INFO 52168 --- [  restartedMain] o.s.boot.web.servlet.RegistrationBean    : Filter tenantContextFilterRegistration was not registered (disabled)
2026-01-14T03:15:15.952+02:00  INFO 52168 --- [  restartedMain] o.s.boot.web.servlet.RegistrationBean    : Filter settingFilterRegistration was not registered (disabled)
2026-01-14T03:15:17.647+02:00  WARN 52168 --- [  restartedMain] JpaBaseConfiguration$JpaWebConfiguration : spring.jpa.open-in-view is enabled by default. Therefore, database queries may be performed during view rendering. Explicitly configure spring.jpa.open-in-view to disable this warning
2026-01-14T03:15:17.771+02:00  INFO 52168 --- [  restartedMain] o.s.b.a.w.s.WelcomePageHandlerMapping    : Adding welcome page template: index
2026-01-14T03:15:18.568+02:00  INFO 52168 --- [  restartedMain] o.s.b.a.e.web.EndpointLinksResolver      : Exposing 1 endpoint(s) beneath base path '/actuator'
2026-01-14T03:15:18.709+02:00  INFO 52168 --- [  restartedMain] o.s.s.web.DefaultSecurityFilterChain     : Will secure any request with [org.springframework.security.web.session.DisableEncodeUrlFilter@7519eb3b, org.springframework.security.web.session.ForceEagerSessionCreationFilter@241fada5, org.springframework.security.web.context.request.async.WebAsyncManagerIntegrationFilter@1bab4e3e, org.springframework.security.web.context.SecurityContextHolderFilter@3007baca, org.springframework.security.web.header.HeaderWriterFilter@7d531dc0, org.springframework.security.web.csrf.CsrfFilter@5634eb4e, org.springframework.security.web.authentication.logout.LogoutFilter@8f6a431, org.springframework.security.oauth2.client.web.OAuth2AuthorizationRequestRedirectFilter@eec87da, org.springframework.security.oauth2.client.web.OAuth2LoginAuthenticationFilter@36ce9835, org.springframework.security.web.authentication.UsernamePasswordAuthenticationFilter@225569ec, com.onlineStoreCom.security.tenant.TenantContextFilter@5e71177e, frontEnd.setting.SettingFilter@412f5396, org.springframework.security.web.savedrequest.RequestCacheAwareFilter@105f49d9, org.springframework.security.web.servletapi.SecurityContextHolderAwareRequestFilter@2403935f, org.springframework.security.web.authentication.rememberme.RememberMeAuthenticationFilter@5d6c4cf4, org.springframework.security.web.authentication.AnonymousAuthenticationFilter@af8eded, org.springframework.security.web.session.SessionManagementFilter@72342cd, org.springframework.security.web.access.ExceptionTranslationFilter@9645c98, org.springframework.security.web.access.intercept.AuthorizationFilter@38ae3775]
2026-01-14T03:15:18.712+02:00  WARN 52168 --- [  restartedMain] o.s.s.c.a.web.builders.WebSecurity       : You are asking Spring Security to ignore Mvc [pattern='/images/**']. This is not recommended -- please use permitAll via HttpSecurity#authorizeHttpRequests instead.
2026-01-14T03:15:18.712+02:00  INFO 52168 --- [  restartedMain] o.s.s.web.DefaultSecurityFilterChain     : Will not secure Mvc [pattern='/images/**']
2026-01-14T03:15:18.715+02:00  WARN 52168 --- [  restartedMain] o.s.s.c.a.web.builders.WebSecurity       : You are asking Spring Security to ignore Mvc [pattern='/js/**']. This is not recommended -- please use permitAll via HttpSecurity#authorizeHttpRequests instead.
2026-01-14T03:15:18.715+02:00  INFO 52168 --- [  restartedMain] o.s.s.web.DefaultSecurityFilterChain     : Will not secure Mvc [pattern='/js/**']
2026-01-14T03:15:18.715+02:00  WARN 52168 --- [  restartedMain] o.s.s.c.a.web.builders.WebSecurity       : You are asking Spring Security to ignore Mvc [pattern='/webjars/**']. This is not recommended -- please use permitAll via HttpSecurity#authorizeHttpRequests instead.
2026-01-14T03:15:18.715+02:00  INFO 52168 --- [  restartedMain] o.s.s.web.DefaultSecurityFilterChain     : Will not secure Mvc [pattern='/webjars/**']
2026-01-14T03:15:19.110+02:00  WARN 52168 --- [  restartedMain] o.s.b.d.a.OptionalLiveReloadServer       : Unable to start LiveReload server
2026-01-14T03:15:19.194+02:00  WARN 52168 --- [  restartedMain] ConfigServletWebServerApplicationContext : Exception encountered during context initialization - cancelling refresh attempt: org.springframework.context.ApplicationContextException: Failed to start bean 'webServerStartStop'
2026-01-14T03:15:19.204+02:00  INFO 52168 --- [  restartedMain] j.LocalContainerEntityManagerFactoryBean : Closing JPA EntityManagerFactory for persistence unit 'default'
2026-01-14T03:15:19.206+02:00  INFO 52168 --- [  restartedMain] com.zaxxer.hikari.HikariDataSource       : HikariPool-1 - Shutdown initiated...
2026-01-14T03:15:19.218+02:00  INFO 52168 --- [  restartedMain] com.zaxxer.hikari.HikariDataSource       : HikariPool-1 - Shutdown completed.
2026-01-14T03:15:19.220+02:00  INFO 52168 --- [  restartedMain] o.apache.catalina.core.StandardService   : Stopping service [Tomcat]
2026-01-14T03:15:19.244+02:00  INFO 52168 --- [  restartedMain] .s.b.a.l.ConditionEvaluationReportLogger : 

Error starting ApplicationContext. To display the condition evaluation report re-run your application with 'debug' enabled.
2026-01-14T03:15:19.267+02:00 ERROR 52168 --- [  restartedMain] o.s.b.d.LoggingFailureAnalysisReporter   : 

***************************
APPLICATION FAILED TO START
***************************

Description:

Web server failed to start. Port 720 was already in use.

Action:

Identify and stop the process that's listening on port 720 or configure this application to listen on another port.

[INFO] ------------------------------------------------------------------------
[INFO] BUILD SUCCESS
[INFO] ------------------------------------------------------------------------
[INFO] Total time:  33.796 s
[INFO] Finished at: 2026-01-14T03:15:19+02:00
[INFO] ------------------------------------------------------------------------
