[INFO] Scanning for projects...
[INFO] 
[INFO] ----------------------< com.onlineStore:FrontEnd >----------------------
[INFO] Building FrontEnd 0.0.1-SNAPSHOT
[INFO]   from pom.xml
[INFO] --------------------------------[ jar ]---------------------------------
[INFO] 
[INFO] >>> spring-boot:3.1.4:run (default-cli) > test-compile @ FrontEnd >>>
[INFO] 
[INFO] --- resources:3.3.1:resources (default-resources) @ FrontEnd ---
[INFO] Copying 1 resource from src\main\resources to target\classes
[INFO] Copying 160 resources from src\main\resources to target\classes
[INFO] 
[INFO] --- compiler:3.11.0:compile (default-compile) @ FrontEnd ---
[INFO] Changes detected - recompiling the module! :source
[INFO] Compiling 97 source files with javac [debug release 19] to target\classes
[INFO] 
[INFO] --- resources:3.3.1:testResources (default-testResources) @ FrontEnd ---
[INFO] skip non existing resourceDirectory C:\Users\enoam\OneDrive\onlineStore\onlineStore\webParent\FrontEnd\src\test\resources
[INFO] 
[INFO] --- compiler:3.11.0:testCompile (default-testCompile) @ FrontEnd ---
[INFO] Changes detected - recompiling the module! :dependency
[INFO] Compiling 27 source files with javac [debug release 19] to target\test-classes
[INFO] 
[INFO] <<< spring-boot:3.1.4:run (default-cli) < test-compile @ FrontEnd <<<
[INFO] 
[INFO] 
[INFO] --- spring-boot:3.1.4:run (default-cli) @ FrontEnd ---
[INFO] Attaching agents: []

  .   ____          _            __ _ _
 /\\ / ___'_ __ _ _(_)_ __  __ _ \ \ \ \
( ( )\___ | '_ | '_| | '_ \/ _` | \ \ \ \
 \\/  ___)| |_)| | | | | || (_| |  ) ) ) )
  '  |____| .__|_| |_|_| |_\__, | / / / /
 =========|_|==============|___/=/_/_/_/
 :: Spring Boot ::                (v3.1.4)

2026-01-14T03:09:25.207+02:00  INFO 36076 --- [  restartedMain] frontEnd.FrontEndApplication             : Starting FrontEndApplication using Java 19.0.1 with PID 36076 (C:\Users\enoam\OneDrive\onlineStore\onlineStore\webParent\FrontEnd\target\classes started by enoam in C:\Users\enoam\OneDrive\onlineStore\onlineStore\webParent\FrontEnd)
2026-01-14T03:09:25.207+02:00  INFO 36076 --- [  restartedMain] frontEnd.FrontEndApplication             : The following 1 profile is active: "default"
2026-01-14T03:09:25.315+02:00  INFO 36076 --- [  restartedMain] .e.DevToolsPropertyDefaultsPostProcessor : Devtools property defaults active! Set 'spring.devtools.add-properties' to 'false' to disable
2026-01-14T03:09:25.315+02:00  INFO 36076 --- [  restartedMain] .e.DevToolsPropertyDefaultsPostProcessor : For additional web related logging consider setting the 'logging.level.web' property to 'DEBUG'
2026-01-14T03:09:27.101+02:00  INFO 36076 --- [  restartedMain] .s.d.r.c.RepositoryConfigurationDelegate : Bootstrapping Spring Data JPA repositories in DEFAULT mode.
2026-01-14T03:09:27.382+02:00  INFO 36076 --- [  restartedMain] .s.d.r.c.RepositoryConfigurationDelegate : Finished Spring Data repository scanning in 261 ms. Found 18 JPA repository interfaces.
2026-01-14T03:09:28.637+02:00  INFO 36076 --- [  restartedMain] o.s.b.w.embedded.tomcat.TomcatWebServer  : Tomcat initialized with port(s): 720 (http)
2026-01-14T03:09:28.655+02:00  INFO 36076 --- [  restartedMain] o.apache.catalina.core.StandardService   : Starting service [Tomcat]
2026-01-14T03:09:28.655+02:00  INFO 36076 --- [  restartedMain] o.apache.catalina.core.StandardEngine    : Starting Servlet engine: [Apache Tomcat/10.1.13]
2026-01-14T03:09:28.817+02:00  INFO 36076 --- [  restartedMain] o.a.c.c.C.[Tomcat].[localhost].[/]       : Initializing Spring embedded WebApplicationContext
2026-01-14T03:09:28.819+02:00  INFO 36076 --- [  restartedMain] w.s.c.ServletWebServerApplicationContext : Root WebApplicationContext: initialization completed in 3502 ms
2026-01-14T03:09:29.068+02:00  INFO 36076 --- [  restartedMain] o.hibernate.jpa.internal.util.LogHelper  : HHH000204: Processing PersistenceUnitInfo [name: default]
2026-01-14T03:09:29.171+02:00  INFO 36076 --- [  restartedMain] org.hibernate.Version                    : HHH000412: Hibernate ORM core version 6.2.9.Final
2026-01-14T03:09:29.179+02:00  INFO 36076 --- [  restartedMain] org.hibernate.cfg.Environment            : HHH000406: Using bytecode reflection optimizer
2026-01-14T03:09:29.454+02:00  INFO 36076 --- [  restartedMain] o.h.b.i.BytecodeProviderInitiator        : HHH000021: Bytecode provider name : bytebuddy
2026-01-14T03:09:29.703+02:00  INFO 36076 --- [  restartedMain] o.s.o.j.p.SpringPersistenceUnitInfo      : No LoadTimeWeaver setup: ignoring JPA class transformer
2026-01-14T03:09:29.732+02:00  INFO 36076 --- [  restartedMain] com.zaxxer.hikari.HikariDataSource       : HikariPool-1 - Starting...
2026-01-14T03:09:30.127+02:00  INFO 36076 --- [  restartedMain] com.zaxxer.hikari.pool.HikariPool        : HikariPool-1 - Added connection com.mysql.cj.jdbc.ConnectionImpl@2a7623de
2026-01-14T03:09:30.132+02:00  INFO 36076 --- [  restartedMain] com.zaxxer.hikari.HikariDataSource       : HikariPool-1 - Start completed.
2026-01-14T03:09:31.151+02:00  INFO 36076 --- [  restartedMain] o.h.b.i.BytecodeProviderInitiator        : HHH000021: Bytecode provider name : bytebuddy
2026-01-14T03:09:33.226+02:00  INFO 36076 --- [  restartedMain] o.h.e.t.j.p.i.JtaPlatformInitiator       : HHH000490: Using JtaPlatform implementation: [org.hibernate.engine.transaction.jta.platform.internal.NoJtaPlatform]
2026-01-14T03:09:34.113+02:00  INFO 36076 --- [  restartedMain] j.LocalContainerEntityManagerFactoryBean : Initialized JPA EntityManagerFactory for persistence unit 'default'
2026-01-14T03:09:34.594+02:00  INFO 36076 --- [  restartedMain] o.s.d.j.r.query.QueryEnhancerFactory     : Hibernate is in classpath; If applicable, HQL parser will be used.
2026-01-14T03:09:35.438+02:00  INFO 36076 --- [  restartedMain] o.s.boot.web.servlet.RegistrationBean    : Filter tenantContextFilterRegistration was not registered (disabled)
2026-01-14T03:09:35.438+02:00  INFO 36076 --- [  restartedMain] o.s.boot.web.servlet.RegistrationBean    : Filter settingFilterRegistration was not registered (disabled)
2026-01-14T03:09:37.399+02:00  WARN 36076 --- [  restartedMain] JpaBaseConfiguration$JpaWebConfiguration : spring.jpa.open-in-view is enabled by default. Therefore, database queries may be performed during view rendering. Explicitly configure spring.jpa.open-in-view to disable this warning
2026-01-14T03:09:37.546+02:00  INFO 36076 --- [  restartedMain] o.s.b.a.w.s.WelcomePageHandlerMapping    : Adding welcome page template: index
2026-01-14T03:09:38.246+02:00  INFO 36076 --- [  restartedMain] o.s.b.a.e.web.EndpointLinksResolver      : Exposing 1 endpoint(s) beneath base path '/actuator'
2026-01-14T03:09:38.332+02:00  INFO 36076 --- [  restartedMain] o.s.s.web.DefaultSecurityFilterChain     : Will secure any request with [org.springframework.security.web.session.DisableEncodeUrlFilter@e32a8c6, org.springframework.security.web.session.ForceEagerSessionCreationFilter@673c838e, org.springframework.security.web.context.request.async.WebAsyncManagerIntegrationFilter@3d9cfa6d, org.springframework.security.web.context.SecurityContextHolderFilter@1706b905, org.springframework.security.web.header.HeaderWriterFilter@770c2156, org.springframework.security.web.csrf.CsrfFilter@793b0e4a, org.springframework.security.web.authentication.logout.LogoutFilter@41887592, org.springframework.security.oauth2.client.web.OAuth2AuthorizationRequestRedirectFilter@208519cc, org.springframework.security.oauth2.client.web.OAuth2LoginAuthenticationFilter@53b3b9c1, org.springframework.security.web.authentication.UsernamePasswordAuthenticationFilter@5557a1a2, com.onlineStoreCom.security.tenant.TenantContextFilter@79e990ad, frontEnd.setting.SettingFilter@177bde20, org.springframework.security.web.savedrequest.RequestCacheAwareFilter@585c35c, org.springframework.security.web.servletapi.SecurityContextHolderAwareRequestFilter@23c20950, org.springframework.security.web.authentication.rememberme.RememberMeAuthenticationFilter@48c2570b, org.springframework.security.web.authentication.AnonymousAuthenticationFilter@7633c534, org.springframework.security.web.session.SessionManagementFilter@31cc0e61, org.springframework.security.web.access.ExceptionTranslationFilter@20eac2a5, org.springframework.security.web.access.intercept.AuthorizationFilter@672f2c75]
2026-01-14T03:09:38.336+02:00  WARN 36076 --- [  restartedMain] o.s.s.c.a.web.builders.WebSecurity       : You are asking Spring Security to ignore Mvc [pattern='/images/**']. This is not recommended -- please use permitAll via HttpSecurity#authorizeHttpRequests instead.
2026-01-14T03:09:38.336+02:00  INFO 36076 --- [  restartedMain] o.s.s.web.DefaultSecurityFilterChain     : Will not secure Mvc [pattern='/images/**']
2026-01-14T03:09:38.336+02:00  WARN 36076 --- [  restartedMain] o.s.s.c.a.web.builders.WebSecurity       : You are asking Spring Security to ignore Mvc [pattern='/js/**']. This is not recommended -- please use permitAll via HttpSecurity#authorizeHttpRequests instead.
2026-01-14T03:09:38.336+02:00  INFO 36076 --- [  restartedMain] o.s.s.web.DefaultSecurityFilterChain     : Will not secure Mvc [pattern='/js/**']
2026-01-14T03:09:38.336+02:00  WARN 36076 --- [  restartedMain] o.s.s.c.a.web.builders.WebSecurity       : You are asking Spring Security to ignore Mvc [pattern='/webjars/**']. This is not recommended -- please use permitAll via HttpSecurity#authorizeHttpRequests instead.
2026-01-14T03:09:38.336+02:00  INFO 36076 --- [  restartedMain] o.s.s.web.DefaultSecurityFilterChain     : Will not secure Mvc [pattern='/webjars/**']
2026-01-14T03:09:38.946+02:00  WARN 36076 --- [  restartedMain] o.s.b.d.a.OptionalLiveReloadServer       : Unable to start LiveReload server
2026-01-14T03:09:39.117+02:00  INFO 36076 --- [  restartedMain] o.s.b.w.embedded.tomcat.TomcatWebServer  : Tomcat started on port(s): 720 (http) with context path ''
2026-01-14T03:09:39.139+02:00  INFO 36076 --- [  restartedMain] frontEnd.FrontEndApplication             : Started FrontEndApplication in 14.377 seconds (process running for 14.904)
2026-01-14T03:10:17.758+02:00  INFO 36076 --- [-nio-720-exec-1] o.a.c.c.C.[Tomcat].[localhost].[/]       : Initializing Spring DispatcherServlet 'dispatcherServlet'
2026-01-14T03:10:17.758+02:00  INFO 36076 --- [-nio-720-exec-1] o.s.web.servlet.DispatcherServlet        : Initializing Servlet 'dispatcherServlet'
2026-01-14T03:10:17.761+02:00  INFO 36076 --- [-nio-720-exec-1] o.s.web.servlet.DispatcherServlet        : Completed initialization in 2 ms
DEBUG: TenantContextFilter processing: /, ServerName: tenant4.localhost
DEBUG: Resolving tenantKey: tenant4
DEBUG: Query Result: 4
COPYRIGHT == > Copyright (C) 2021 by Numan and its affiliates
CURRENCY_ID == > 1
CURRENCY_SYMBOL == > $
CURRENCY_SYMBOL_POSITION == > Before price
DECIMAL_DIGITS == > 2
DECIMAL_POINT_TYPE == > POINT
SITE_LOGO == > /tenants/4/assets/profile/8efe822f44e536affa464ac16a603483.png
SITE_NAME == > Numan Shop
THOUSANDS_POINT_TYPE == > COMMA
? SECURITY ALERT: Data Guard Blocked Access! Current Tenant [4] tried to access data of Tenant [1]
Security guard active: ? SECURITY ALERT: Data Guard Blocked Access! Current Tenant [4] tried to access data of Tenant [1]
DEBUG: TenantContextFilter processing: /, ServerName: tenant4.localhost
DEBUG: Resolving tenantKey: tenant4
DEBUG: Query Result: 4
COPYRIGHT == > Copyright (C) 2021 by Numan and its affiliates
CURRENCY_ID == > 1
CURRENCY_SYMBOL == > $
CURRENCY_SYMBOL_POSITION == > Before price
DECIMAL_DIGITS == > 2
DECIMAL_POINT_TYPE == > POINT
SITE_LOGO == > /tenants/4/assets/profile/8efe822f44e536affa464ac16a603483.png
SITE_NAME == > Numan Shop
THOUSANDS_POINT_TYPE == > COMMA
? SECURITY ALERT: Data Guard Blocked Access! Current Tenant [4] tried to access data of Tenant [1]
Security guard active: ? SECURITY ALERT: Data Guard Blocked Access! Current Tenant [4] tried to access data of Tenant [1]
DEBUG: TenantContextFilter processing: /css/stylesheet.css, ServerName: tenant4.localhost
DEBUG: Resolving tenantKey: tenant4
DEBUG: TenantContextFilter processing: /fontawesome/all.css, ServerName: tenant4.localhost
DEBUG: Resolving tenantKey: tenant4
DEBUG: Query Result: 4
DEBUG: TenantContextFilter processing: /star-rating/css/star-rating.css, ServerName: tenant4.localhost
DEBUG: Resolving tenantKey: tenant4
DEBUG: Query Result: 4
DEBUG: Query Result: 4
DEBUG: TenantContextFilter processing: /star-rating/themes/krajee-svg/theme.js, ServerName: tenant4.localhost
DEBUG: Resolving tenantKey: tenant4
DEBUG: TenantContextFilter processing: /star-rating/js/star-rating.js, ServerName: tenant4.localhost
DEBUG: Resolving tenantKey: tenant4
DEBUG: Query Result: 4
DEBUG: TenantContextFilter processing: /tenants/4/assets/profile/8efe822f44e536affa464ac16a603483.png, ServerName: tenant4.localhost
DEBUG: Query Result: 4
DEBUG: TenantContextFilter processing: /star-rating/themes/krajee-svg/theme.css, ServerName: tenant4.localhost
DEBUG: Resolving tenantKey: tenant4
DEBUG: Resolving tenantKey: tenant4
DEBUG: Query Result: 4
DEBUG: Query Result: 4
DEBUG: TenantContextFilter processing: /favicon.ico, ServerName: tenant4.localhost
DEBUG: Resolving tenantKey: tenant4
DEBUG: Query Result: 4
COPYRIGHT == > Copyright (C) 2021 by Numan and its affiliates
CURRENCY_ID == > 1
CURRENCY_SYMBOL == > $
CURRENCY_SYMBOL_POSITION == > Before price
DECIMAL_DIGITS == > 2
DECIMAL_POINT_TYPE == > POINT
SITE_LOGO == > /tenants/4/assets/profile/8efe822f44e536affa464ac16a603483.png
SITE_NAME == > Numan Shop
THOUSANDS_POINT_TYPE == > COMMA
DEBUG: TenantContextFilter processing: /, ServerName: tenant4.localhost
DEBUG: Resolving tenantKey: tenant4
DEBUG: Query Result: 4
COPYRIGHT == > Copyright (C) 2021 by Numan and its affiliates
CURRENCY_ID == > 1
CURRENCY_SYMBOL == > $
CURRENCY_SYMBOL_POSITION == > Before price
DECIMAL_DIGITS == > 2
DECIMAL_POINT_TYPE == > POINT
SITE_LOGO == > /tenants/4/assets/profile/8efe822f44e536affa464ac16a603483.png
SITE_NAME == > Numan Shop
THOUSANDS_POINT_TYPE == > COMMA
? SECURITY ALERT: Data Guard Blocked Access! Current Tenant [4] tried to access data of Tenant [1]
Security guard active: ? SECURITY ALERT: Data Guard Blocked Access! Current Tenant [4] tried to access data of Tenant [1]
DEBUG: TenantContextFilter processing: /fontawesome/all.css, ServerName: tenant4.localhost
DEBUG: Resolving tenantKey: tenant4
DEBUG: TenantContextFilter processing: /css/stylesheet.css, ServerName: tenant4.localhost
DEBUG: Resolving tenantKey: tenant4
DEBUG: Query Result: 4
DEBUG: Query Result: 4
DEBUG: TenantContextFilter processing: /star-rating/css/star-rating.css, ServerName: tenant4.localhost
DEBUG: Resolving tenantKey: tenant4
DEBUG: Query Result: 4
DEBUG: TenantContextFilter processing: /star-rating/themes/krajee-svg/theme.css, ServerName: tenant4.localhost
DEBUG: Resolving tenantKey: tenant4
DEBUG: Query Result: 4
DEBUG: TenantContextFilter processing: /star-rating/js/star-rating.js, ServerName: tenant4.localhost
DEBUG: Resolving tenantKey: tenant4
DEBUG: Query Result: 4
DEBUG: TenantContextFilter processing: /star-rating/themes/krajee-svg/theme.js, ServerName: tenant4.localhost
DEBUG: Resolving tenantKey: tenant4
DEBUG: TenantContextFilter processing: /tenants/4/assets/profile/8efe822f44e536affa464ac16a603483.png, ServerName: tenant4.localhost
DEBUG: Resolving tenantKey: tenant4
DEBUG: Query Result: 4
DEBUG: Query Result: 4
DEBUG: TenantContextFilter processing: /favicon.ico, ServerName: tenant4.localhost
DEBUG: Resolving tenantKey: tenant4
DEBUG: Query Result: 4
COPYRIGHT == > Copyright (C) 2021 by Numan and its affiliates
CURRENCY_ID == > 1
CURRENCY_SYMBOL == > $
CURRENCY_SYMBOL_POSITION == > Before price
DECIMAL_DIGITS == > 2
DECIMAL_POINT_TYPE == > POINT
SITE_LOGO == > /tenants/4/assets/profile/8efe822f44e536affa464ac16a603483.png
SITE_NAME == > Numan Shop
THOUSANDS_POINT_TYPE == > COMMA
DEBUG: TenantContextFilter processing: /, ServerName: tenant4.localhost
DEBUG: Resolving tenantKey: tenant4
DEBUG: Query Result: 4
COPYRIGHT == > Copyright (C) 2021 by Numan and its affiliates
CURRENCY_ID == > 1
CURRENCY_SYMBOL == > $
CURRENCY_SYMBOL_POSITION == > Before price
DECIMAL_DIGITS == > 2
DECIMAL_POINT_TYPE == > POINT
SITE_LOGO == > /tenants/4/assets/profile/8efe822f44e536affa464ac16a603483.png
SITE_NAME == > Numan Shop
THOUSANDS_POINT_TYPE == > COMMA
? SECURITY ALERT: Data Guard Blocked Access! Current Tenant [4] tried to access data of Tenant [1]
Security guard active: ? SECURITY ALERT: Data Guard Blocked Access! Current Tenant [4] tried to access data of Tenant [1]
DEBUG: TenantContextFilter processing: /fontawesome/all.css, ServerName: tenant4.localhost
DEBUG: TenantContextFilter processing: /css/stylesheet.css, ServerName: tenant4.localhost
DEBUG: Resolving tenantKey: tenant4
DEBUG: Resolving tenantKey: tenant4
DEBUG: Query Result: 4
DEBUG: Query Result: 4
DEBUG: TenantContextFilter processing: /star-rating/css/star-rating.css, ServerName: tenant4.localhost
DEBUG: Resolving tenantKey: tenant4
DEBUG: TenantContextFilter processing: /star-rating/themes/krajee-svg/theme.css, ServerName: tenant4.localhost
DEBUG: Resolving tenantKey: tenant4
DEBUG: TenantContextFilter processing: /star-rating/js/star-rating.js, ServerName: tenant4.localhost
DEBUG: Resolving tenantKey: tenant4
DEBUG: Query Result: 4
DEBUG: Query Result: 4
DEBUG: TenantContextFilter processing: /star-rating/themes/krajee-svg/theme.js, ServerName: tenant4.localhost
DEBUG: Resolving tenantKey: tenant4
DEBUG: Query Result: 4
DEBUG: Query Result: 4
DEBUG: TenantContextFilter processing: /tenants/4/assets/profile/8efe822f44e536affa464ac16a603483.png, ServerName: tenant4.localhost
DEBUG: Resolving tenantKey: tenant4
DEBUG: Query Result: 4
DEBUG: TenantContextFilter processing: /favicon.ico, ServerName: tenant4.localhost
DEBUG: Resolving tenantKey: tenant4
DEBUG: Query Result: 4
COPYRIGHT == > Copyright (C) 2021 by Numan and its affiliates
CURRENCY_ID == > 1
CURRENCY_SYMBOL == > $
CURRENCY_SYMBOL_POSITION == > Before price
DECIMAL_DIGITS == > 2
DECIMAL_POINT_TYPE == > POINT
SITE_LOGO == > /tenants/4/assets/profile/8efe822f44e536affa464ac16a603483.png
SITE_NAME == > Numan Shop
THOUSANDS_POINT_TYPE == > COMMA
DEBUG: TenantContextFilter processing: /, ServerName: tenant4.localhost
DEBUG: Resolving tenantKey: tenant4
DEBUG: Query Result: 4
COPYRIGHT == > Copyright (C) 2021 by Numan and its affiliates
CURRENCY_ID == > 1
CURRENCY_SYMBOL == > $
CURRENCY_SYMBOL_POSITION == > Before price
DECIMAL_DIGITS == > 2
DECIMAL_POINT_TYPE == > POINT
SITE_LOGO == > /tenants/4/assets/profile/8efe822f44e536affa464ac16a603483.png
SITE_NAME == > Numan Shop
THOUSANDS_POINT_TYPE == > COMMA
? SECURITY ALERT: Data Guard Blocked Access! Current Tenant [4] tried to access data of Tenant [1]
Security guard active: ? SECURITY ALERT: Data Guard Blocked Access! Current Tenant [4] tried to access data of Tenant [1]
DEBUG: TenantContextFilter processing: /fontawesome/all.css, ServerName: tenant4.localhost
DEBUG: Resolving tenantKey: tenant4
DEBUG: TenantContextFilter processing: /css/stylesheet.css, ServerName: tenant4.localhost
DEBUG: Resolving tenantKey: tenant4
DEBUG: Query Result: 4
DEBUG: Query Result: 4
DEBUG: TenantContextFilter processing: /star-rating/css/star-rating.css, ServerName: tenant4.localhost
DEBUG: Resolving tenantKey: tenant4
DEBUG: Query Result: 4
DEBUG: TenantContextFilter processing: /star-rating/js/star-rating.js, ServerName: tenant4.localhost
DEBUG: Resolving tenantKey: tenant4
DEBUG: Query Result: 4
DEBUG: TenantContextFilter processing: /star-rating/themes/krajee-svg/theme.js, ServerName: tenant4.localhost
DEBUG: Resolving tenantKey: tenant4
DEBUG: Query Result: 4
DEBUG: TenantContextFilter processing: /star-rating/themes/krajee-svg/theme.css, ServerName: tenant4.localhost
DEBUG: Resolving tenantKey: tenant4
DEBUG: TenantContextFilter processing: /tenants/4/assets/profile/8efe822f44e536affa464ac16a603483.png, ServerName: tenant4.localhost
DEBUG: Resolving tenantKey: tenant4
DEBUG: Query Result: 4
DEBUG: Query Result: 4
DEBUG: TenantContextFilter processing: /favicon.ico, ServerName: tenant4.localhost
DEBUG: Resolving tenantKey: tenant4
DEBUG: Query Result: 4
COPYRIGHT == > Copyright (C) 2021 by Numan and its affiliates
CURRENCY_ID == > 1
CURRENCY_SYMBOL == > $
CURRENCY_SYMBOL_POSITION == > Before price
DECIMAL_DIGITS == > 2
DECIMAL_POINT_TYPE == > POINT
SITE_LOGO == > /tenants/4/assets/profile/8efe822f44e536affa464ac16a603483.png
SITE_NAME == > Numan Shop
THOUSANDS_POINT_TYPE == > COMMA
DEBUG: TenantContextFilter processing: /, ServerName: tenant4.localhost
DEBUG: Resolving tenantKey: tenant4
DEBUG: Query Result: 4
COPYRIGHT == > Copyright (C) 2021 by Numan and its affiliates
CURRENCY_ID == > 1
CURRENCY_SYMBOL == > $
CURRENCY_SYMBOL_POSITION == > Before price
DECIMAL_DIGITS == > 2
DECIMAL_POINT_TYPE == > POINT
SITE_LOGO == > /tenants/4/assets/profile/8efe822f44e536affa464ac16a603483.png
SITE_NAME == > Numan Shop
THOUSANDS_POINT_TYPE == > COMMA
? SECURITY ALERT: Data Guard Blocked Access! Current Tenant [4] tried to access data of Tenant [1]
Security guard active: ? SECURITY ALERT: Data Guard Blocked Access! Current Tenant [4] tried to access data of Tenant [1]
DEBUG: TenantContextFilter processing: /css/stylesheet.css, ServerName: tenant4.localhost
DEBUG: Resolving tenantKey: tenant4
DEBUG: TenantContextFilter processing: /star-rating/css/star-rating.css, ServerName: tenant4.localhost
DEBUG: TenantContextFilter processing: /star-rating/themes/krajee-svg/theme.css, ServerName: tenant4.localhost
DEBUG: Resolving tenantKey: tenant4
DEBUG: Resolving tenantKey: tenant4
DEBUG: Query Result: 4
DEBUG: Query Result: 4
DEBUG: Query Result: 4
DEBUG: TenantContextFilter processing: /fontawesome/all.css, ServerName: tenant4.localhost
DEBUG: Resolving tenantKey: tenant4
DEBUG: Query Result: 4
DEBUG: TenantContextFilter processing: /star-rating/js/star-rating.js, ServerName: tenant4.localhost
DEBUG: Resolving tenantKey: tenant4
DEBUG: TenantContextFilter processing: /star-rating/themes/krajee-svg/theme.js, ServerName: tenant4.localhost
DEBUG: Resolving tenantKey: tenant4
DEBUG: Query Result: 4
DEBUG: Query Result: 4
DEBUG: TenantContextFilter processing: /tenants/4/assets/profile/8efe822f44e536affa464ac16a603483.png, ServerName: tenant4.localhost
DEBUG: Resolving tenantKey: tenant4
DEBUG: Query Result: 4
DEBUG: TenantContextFilter processing: /favicon.ico, ServerName: tenant4.localhost
DEBUG: Resolving tenantKey: tenant4
DEBUG: Query Result: 4
COPYRIGHT == > Copyright (C) 2021 by Numan and its affiliates
CURRENCY_ID == > 1
CURRENCY_SYMBOL == > $
CURRENCY_SYMBOL_POSITION == > Before price
DECIMAL_DIGITS == > 2
DECIMAL_POINT_TYPE == > POINT
SITE_LOGO == > /tenants/4/assets/profile/8efe822f44e536affa464ac16a603483.png
SITE_NAME == > Numan Shop
THOUSANDS_POINT_TYPE == > COMMA
DEBUG: TenantContextFilter processing: /, ServerName: tenant4.localhost
DEBUG: Resolving tenantKey: tenant4
DEBUG: Query Result: 4
COPYRIGHT == > Copyright (C) 2021 by Numan and its affiliates
CURRENCY_ID == > 1
CURRENCY_SYMBOL == > $
CURRENCY_SYMBOL_POSITION == > Before price
DECIMAL_DIGITS == > 2
DECIMAL_POINT_TYPE == > POINT
SITE_LOGO == > /tenants/4/assets/profile/8efe822f44e536affa464ac16a603483.png
SITE_NAME == > Numan Shop
THOUSANDS_POINT_TYPE == > COMMA
? SECURITY ALERT: Data Guard Blocked Access! Current Tenant [4] tried to access data of Tenant [1]
Security guard active: ? SECURITY ALERT: Data Guard Blocked Access! Current Tenant [4] tried to access data of Tenant [1]
DEBUG: TenantContextFilter processing: /fontawesome/all.css, ServerName: tenant4.localhost
DEBUG: Resolving tenantKey: tenant4
DEBUG: TenantContextFilter processing: /star-rating/css/star-rating.css, ServerName: tenant4.localhost
DEBUG: Resolving tenantKey: tenant4
DEBUG: TenantContextFilter processing: /star-rating/themes/krajee-svg/theme.css, ServerName: tenant4.localhost
DEBUG: Resolving tenantKey: tenant4
DEBUG: Query Result: 4
DEBUG: Query Result: 4
DEBUG: TenantContextFilter processing: /css/stylesheet.css, ServerName: tenant4.localhost
DEBUG: Resolving tenantKey: tenant4
DEBUG: Query Result: 4
DEBUG: Query Result: 4
DEBUG: TenantContextFilter processing: /star-rating/js/star-rating.js, ServerName: tenant4.localhost
DEBUG: Resolving tenantKey: tenant4
DEBUG: TenantContextFilter processing: /star-rating/themes/krajee-svg/theme.js, ServerName: tenant4.localhost
DEBUG: Query Result: 4
DEBUG: Resolving tenantKey: tenant4
DEBUG: Query Result: 4
DEBUG: TenantContextFilter processing: /tenants/4/assets/profile/8efe822f44e536affa464ac16a603483.png, ServerName: tenant4.localhost
DEBUG: Resolving tenantKey: tenant4
DEBUG: Query Result: 4
DEBUG: TenantContextFilter processing: /favicon.ico, ServerName: tenant4.localhost
DEBUG: Resolving tenantKey: tenant4
DEBUG: Query Result: 4
COPYRIGHT == > Copyright (C) 2021 by Numan and its affiliates
CURRENCY_ID == > 1
CURRENCY_SYMBOL == > $
CURRENCY_SYMBOL_POSITION == > Before price
DECIMAL_DIGITS == > 2
DECIMAL_POINT_TYPE == > POINT
SITE_LOGO == > /tenants/4/assets/profile/8efe822f44e536affa464ac16a603483.png
SITE_NAME == > Numan Shop
THOUSANDS_POINT_TYPE == > COMMA
DEBUG: TenantContextFilter processing: /, ServerName: tenant4.localhost
DEBUG: Resolving tenantKey: tenant4
DEBUG: Query Result: 4
COPYRIGHT == > Copyright (C) 2021 by Numan and its affiliates
CURRENCY_ID == > 1
CURRENCY_SYMBOL == > $
CURRENCY_SYMBOL_POSITION == > Before price
DECIMAL_DIGITS == > 2
DECIMAL_POINT_TYPE == > POINT
SITE_LOGO == > /tenants/4/assets/profile/8efe822f44e536affa464ac16a603483.png
SITE_NAME == > Numan Shop
THOUSANDS_POINT_TYPE == > COMMA
? SECURITY ALERT: Data Guard Blocked Access! Current Tenant [4] tried to access data of Tenant [1]
Security guard active: ? SECURITY ALERT: Data Guard Blocked Access! Current Tenant [4] tried to access data of Tenant [1]
DEBUG: TenantContextFilter processing: /css/stylesheet.css, ServerName: tenant4.localhost
DEBUG: Resolving tenantKey: tenant4
DEBUG: TenantContextFilter processing: /fontawesome/all.css, ServerName: tenant4.localhost
DEBUG: Resolving tenantKey: tenant4
DEBUG: Query Result: 4
DEBUG: TenantContextFilter processing: /star-rating/themes/krajee-svg/theme.css, ServerName: tenant4.localhost
DEBUG: Resolving tenantKey: tenant4
DEBUG: TenantContextFilter processing: /star-rating/css/star-rating.css, ServerName: tenant4.localhost
DEBUG: Resolving tenantKey: tenant4
DEBUG: Query Result: 4
DEBUG: Query Result: 4
DEBUG: Query Result: 4
DEBUG: TenantContextFilter processing: /star-rating/js/star-rating.js, ServerName: tenant4.localhost
DEBUG: Resolving tenantKey: tenant4
DEBUG: Query Result: 4
DEBUG: TenantContextFilter processing: /star-rating/themes/krajee-svg/theme.js, ServerName: tenant4.localhost
DEBUG: Resolving tenantKey: tenant4
DEBUG: Query Result: 4
DEBUG: TenantContextFilter processing: /tenants/4/assets/profile/8efe822f44e536affa464ac16a603483.png, ServerName: tenant4.localhost
DEBUG: Resolving tenantKey: tenant4
DEBUG: Query Result: 4
DEBUG: TenantContextFilter processing: /, ServerName: tenant4.localhost
DEBUG: Resolving tenantKey: tenant4
DEBUG: Query Result: 4
COPYRIGHT == > Copyright (C) 2021 by Numan and its affiliates
CURRENCY_ID == > 1
CURRENCY_SYMBOL == > $
CURRENCY_SYMBOL_POSITION == > Before price
DECIMAL_DIGITS == > 2
DECIMAL_POINT_TYPE == > POINT
SITE_LOGO == > /tenants/4/assets/profile/8efe822f44e536affa464ac16a603483.png
SITE_NAME == > Numan Shop
THOUSANDS_POINT_TYPE == > COMMA
? SECURITY ALERT: Data Guard Blocked Access! Current Tenant [4] tried to access data of Tenant [1]
Security guard active: ? SECURITY ALERT: Data Guard Blocked Access! Current Tenant [4] tried to access data of Tenant [1]
DEBUG: TenantContextFilter processing: /css/stylesheet.css, ServerName: tenant4.localhost
DEBUG: Resolving tenantKey: tenant4
DEBUG: TenantContextFilter processing: /star-rating/css/star-rating.css, ServerName: tenant4.localhost
DEBUG: Resolving tenantKey: tenant4
DEBUG: TenantContextFilter processing: /fontawesome/all.css, ServerName: tenant4.localhost
DEBUG: Resolving tenantKey: tenant4
DEBUG: Query Result: 4
DEBUG: Query Result: 4
DEBUG: Query Result: 4
DEBUG: TenantContextFilter processing: /star-rating/js/star-rating.js, ServerName: tenant4.localhost
DEBUG: Resolving tenantKey: tenant4
DEBUG: TenantContextFilter processing: /star-rating/themes/krajee-svg/theme.css, ServerName: tenant4.localhost
DEBUG: Resolving tenantKey: tenant4
DEBUG: Query Result: 4
DEBUG: Query Result: 4
DEBUG: TenantContextFilter processing: /star-rating/themes/krajee-svg/theme.js, ServerName: tenant4.localhost
DEBUG: Resolving tenantKey: tenant4
DEBUG: TenantContextFilter processing: /tenants/4/assets/profile/8efe822f44e536affa464ac16a603483.png, ServerName: tenant4.localhost
DEBUG: Resolving tenantKey: tenant4
DEBUG: Query Result: 4
DEBUG: Query Result: 4
DEBUG: TenantContextFilter processing: /favicon.ico, ServerName: tenant4.localhost
DEBUG: Resolving tenantKey: tenant4
DEBUG: Query Result: 4
COPYRIGHT == > Copyright (C) 2021 by Numan and its affiliates
CURRENCY_ID == > 1
CURRENCY_SYMBOL == > $
CURRENCY_SYMBOL_POSITION == > Before price
DECIMAL_DIGITS == > 2
DECIMAL_POINT_TYPE == > POINT
SITE_LOGO == > /tenants/4/assets/profile/8efe822f44e536affa464ac16a603483.png
SITE_NAME == > Numan Shop
THOUSANDS_POINT_TYPE == > COMMA
DEBUG: TenantContextFilter processing: /, ServerName: tenant4.localhost
DEBUG: Resolving tenantKey: tenant4
DEBUG: Query Result: 4
COPYRIGHT == > Copyright (C) 2021 by Numan and its affiliates
CURRENCY_ID == > 1
CURRENCY_SYMBOL == > $
CURRENCY_SYMBOL_POSITION == > Before price
DECIMAL_DIGITS == > 2
DECIMAL_POINT_TYPE == > POINT
SITE_LOGO == > /tenants/4/assets/profile/8efe822f44e536affa464ac16a603483.png
SITE_NAME == > Numan Shop
THOUSANDS_POINT_TYPE == > COMMA
? SECURITY ALERT: Data Guard Blocked Access! Current Tenant [4] tried to access data of Tenant [1]
Security guard active: ? SECURITY ALERT: Data Guard Blocked Access! Current Tenant [4] tried to access data of Tenant [1]
DEBUG: TenantContextFilter processing: /css/stylesheet.css, ServerName: tenant4.localhost
DEBUG: Resolving tenantKey: tenant4
DEBUG: TenantContextFilter processing: /fontawesome/all.css, ServerName: tenant4.localhost
DEBUG: Resolving tenantKey: tenant4
DEBUG: TenantContextFilter processing: /star-rating/css/star-rating.css, ServerName: tenant4.localhost
DEBUG: Resolving tenantKey: tenant4
DEBUG: Query Result: 4
DEBUG: Query Result: 4
DEBUG: TenantContextFilter processing: /star-rating/themes/krajee-svg/theme.css, ServerName: tenant4.localhost
DEBUG: Resolving tenantKey: tenant4
DEBUG: Query Result: 4
DEBUG: Query Result: 4
DEBUG: TenantContextFilter processing: /star-rating/js/star-rating.js, ServerName: tenant4.localhost
DEBUG: Resolving tenantKey: tenant4
DEBUG: TenantContextFilter processing: /star-rating/themes/krajee-svg/theme.js, ServerName: tenant4.localhost
DEBUG: Resolving tenantKey: tenant4
DEBUG: Query Result: 4
DEBUG: Query Result: 4
DEBUG: TenantContextFilter processing: /tenants/4/assets/profile/8efe822f44e536affa464ac16a603483.png, ServerName: tenant4.localhost
DEBUG: Resolving tenantKey: tenant4
DEBUG: Query Result: 4
DEBUG: TenantContextFilter processing: /favicon.ico, ServerName: tenant4.localhost
DEBUG: Resolving tenantKey: tenant4
DEBUG: Query Result: 4
COPYRIGHT == > Copyright (C) 2021 by Numan and its affiliates
CURRENCY_ID == > 1
CURRENCY_SYMBOL == > $
CURRENCY_SYMBOL_POSITION == > Before price
DECIMAL_DIGITS == > 2
DECIMAL_POINT_TYPE == > POINT
SITE_LOGO == > /tenants/4/assets/profile/8efe822f44e536affa464ac16a603483.png
SITE_NAME == > Numan Shop
THOUSANDS_POINT_TYPE == > COMMA
DEBUG: TenantContextFilter processing: /, ServerName: tenant4.localhost
DEBUG: Resolving tenantKey: tenant4
DEBUG: Query Result: 4
COPYRIGHT == > Copyright (C) 2021 by Numan and its affiliates
CURRENCY_ID == > 1
CURRENCY_SYMBOL == > $
CURRENCY_SYMBOL_POSITION == > Before price
DECIMAL_DIGITS == > 2
DECIMAL_POINT_TYPE == > POINT
SITE_LOGO == > /tenants/4/assets/profile/8efe822f44e536affa464ac16a603483.png
SITE_NAME == > Numan Shop
THOUSANDS_POINT_TYPE == > COMMA
? SECURITY ALERT: Data Guard Blocked Access! Current Tenant [4] tried to access data of Tenant [1]
Security guard active: ? SECURITY ALERT: Data Guard Blocked Access! Current Tenant [4] tried to access data of Tenant [1]
DEBUG: TenantContextFilter processing: /css/stylesheet.css, ServerName: tenant4.localhost
DEBUG: TenantContextFilter processing: /fontawesome/all.css, ServerName: tenant4.localhost
DEBUG: Resolving tenantKey: tenant4
DEBUG: Resolving tenantKey: tenant4
DEBUG: Query Result: 4
DEBUG: Query Result: 4
DEBUG: TenantContextFilter processing: /star-rating/css/star-rating.css, ServerName: tenant4.localhost
DEBUG: Resolving tenantKey: tenant4
DEBUG: TenantContextFilter processing: /star-rating/themes/krajee-svg/theme.css, ServerName: tenant4.localhost
DEBUG: Resolving tenantKey: tenant4
DEBUG: TenantContextFilter processing: /star-rating/themes/krajee-svg/theme.js, ServerName: tenant4.localhost
DEBUG: Resolving tenantKey: tenant4
DEBUG: Query Result: 4
DEBUG: Query Result: 4
DEBUG: TenantContextFilter processing: /star-rating/js/star-rating.js, ServerName: tenant4.localhost
DEBUG: Resolving tenantKey: tenant4
DEBUG: Query Result: 4
DEBUG: TenantContextFilter processing: /tenants/4/assets/profile/8efe822f44e536affa464ac16a603483.png, ServerName: tenant4.localhost
DEBUG: Resolving tenantKey: tenant4
DEBUG: Query Result: 4
DEBUG: Query Result: 4
DEBUG: TenantContextFilter processing: /, ServerName: tenant4.localhost
DEBUG: Resolving tenantKey: tenant4
DEBUG: Query Result: 4
COPYRIGHT == > Copyright (C) 2021 by Numan and its affiliates
CURRENCY_ID == > 1
CURRENCY_SYMBOL == > $
CURRENCY_SYMBOL_POSITION == > Before price
DECIMAL_DIGITS == > 2
DECIMAL_POINT_TYPE == > POINT
SITE_LOGO == > /tenants/4/assets/profile/8efe822f44e536affa464ac16a603483.png
SITE_NAME == > Numan Shop
THOUSANDS_POINT_TYPE == > COMMA
? SECURITY ALERT: Data Guard Blocked Access! Current Tenant [4] tried to access data of Tenant [1]
Security guard active: ? SECURITY ALERT: Data Guard Blocked Access! Current Tenant [4] tried to access data of Tenant [1]
DEBUG: TenantContextFilter processing: /fontawesome/all.css, ServerName: tenant4.localhost
DEBUG: Resolving tenantKey: tenant4
DEBUG: Query Result: 4
DEBUG: TenantContextFilter processing: /css/stylesheet.css, ServerName: tenant4.localhost
DEBUG: Resolving tenantKey: tenant4
DEBUG: Query Result: 4
DEBUG: TenantContextFilter processing: /star-rating/css/star-rating.css, ServerName: tenant4.localhost
DEBUG: Resolving tenantKey: tenant4
DEBUG: Query Result: 4
DEBUG: TenantContextFilter processing: /star-rating/themes/krajee-svg/theme.css, ServerName: tenant4.localhost
DEBUG: Resolving tenantKey: tenant4
DEBUG: Query Result: 4
DEBUG: TenantContextFilter processing: /star-rating/themes/krajee-svg/theme.js, ServerName: tenant4.localhost
DEBUG: Resolving tenantKey: tenant4
DEBUG: TenantContextFilter processing: /star-rating/js/star-rating.js, ServerName: tenant4.localhost
DEBUG: Resolving tenantKey: tenant4
DEBUG: Query Result: 4
DEBUG: Query Result: 4
DEBUG: TenantContextFilter processing: /tenants/4/assets/profile/8efe822f44e536affa464ac16a603483.png, ServerName: tenant4.localhost
DEBUG: Resolving tenantKey: tenant4
DEBUG: Query Result: 4
DEBUG: TenantContextFilter processing: /orders, ServerName: tenant4.localhost
DEBUG: Resolving tenantKey: tenant4
DEBUG: Query Result: 4
COPYRIGHT == > Copyright (C) 2021 by Numan and its affiliates
CURRENCY_ID == > 1
CURRENCY_SYMBOL == > $
CURRENCY_SYMBOL_POSITION == > Before price
DECIMAL_DIGITS == > 2
DECIMAL_POINT_TYPE == > POINT
SITE_LOGO == > /tenants/4/assets/profile/8efe822f44e536affa464ac16a603483.png
SITE_NAME == > Numan Shop
THOUSANDS_POINT_TYPE == > COMMA
DEBUG: TenantContextFilter processing: /fontawesome/all.css, ServerName: tenant4.localhost
DEBUG: Resolving tenantKey: tenant4
DEBUG: Query Result: 4
DEBUG: TenantContextFilter processing: /css/stylesheet.css, ServerName: tenant4.localhost
DEBUG: Resolving tenantKey: tenant4
DEBUG: TenantContextFilter processing: /star-rating/css/star-rating.css, ServerName: tenant4.localhost
DEBUG: Resolving tenantKey: tenant4
DEBUG: TenantContextFilter processing: /star-rating/themes/krajee-svg/theme.css, ServerName: tenant4.localhost
DEBUG: Resolving tenantKey: tenant4
DEBUG: Query Result: 4
DEBUG: Query Result: 4
DEBUG: Query Result: 4
DEBUG: TenantContextFilter processing: /star-rating/js/star-rating.js, ServerName: tenant4.localhost
DEBUG: Resolving tenantKey: tenant4
DEBUG: Query Result: 4
DEBUG: TenantContextFilter processing: /star-rating/themes/krajee-svg/theme.js, ServerName: tenant4.localhost
DEBUG: Resolving tenantKey: tenant4
DEBUG: Query Result: 4
DEBUG: TenantContextFilter processing: /tenants/4/assets/profile/8efe822f44e536affa464ac16a603483.png, ServerName: tenant4.localhost
DEBUG: Resolving tenantKey: tenant4
DEBUG: Query Result: 4
DEBUG: TenantContextFilter processing: /webfonts/fa-solid-900.woff2, ServerName: tenant4.localhost
DEBUG: Resolving tenantKey: tenant4
DEBUG: Query Result: 4
COPYRIGHT == > Copyright (C) 2021 by Numan and its affiliates
CURRENCY_ID == > 1
CURRENCY_SYMBOL == > $
CURRENCY_SYMBOL_POSITION == > Before price
DECIMAL_DIGITS == > 2
DECIMAL_POINT_TYPE == > POINT
SITE_LOGO == > /tenants/4/assets/profile/8efe822f44e536affa464ac16a603483.png
SITE_NAME == > Numan Shop
THOUSANDS_POINT_TYPE == > COMMA
DEBUG: TenantContextFilter processing: /Payments, ServerName: tenant4.localhost
DEBUG: Resolving tenantKey: tenant4
DEBUG: Query Result: 4
COPYRIGHT == > Copyright (C) 2021 by Numan and its affiliates
CURRENCY_ID == > 1
CURRENCY_SYMBOL == > $
CURRENCY_SYMBOL_POSITION == > Before price
DECIMAL_DIGITS == > 2
DECIMAL_POINT_TYPE == > POINT
SITE_LOGO == > /tenants/4/assets/profile/8efe822f44e536affa464ac16a603483.png
SITE_NAME == > Numan Shop
THOUSANDS_POINT_TYPE == > COMMA
DEBUG: TenantContextFilter processing: /css/stylesheet.css, ServerName: tenant4.localhost
DEBUG: Resolving tenantKey: tenant4
DEBUG: TenantContextFilter processing: /fontawesome/all.css, ServerName: tenant4.localhost
DEBUG: Resolving tenantKey: tenant4
DEBUG: Query Result: 4
DEBUG: TenantContextFilter processing: /tenants/4/assets/profile/8efe822f44e536affa464ac16a603483.png, ServerName: tenant4.localhost
DEBUG: Resolving tenantKey: tenant4
DEBUG: Query Result: 4
DEBUG: Query Result: 4
DEBUG: TenantContextFilter processing: /address_book, ServerName: tenant4.localhost
DEBUG: Resolving tenantKey: tenant4
DEBUG: Query Result: 4
COPYRIGHT == > Copyright (C) 2021 by Numan and its affiliates
CURRENCY_ID == > 1
CURRENCY_SYMBOL == > $
CURRENCY_SYMBOL_POSITION == > Before price
DECIMAL_DIGITS == > 2
DECIMAL_POINT_TYPE == > POINT
SITE_LOGO == > /tenants/4/assets/profile/8efe822f44e536affa464ac16a603483.png
SITE_NAME == > Numan Shop
THOUSANDS_POINT_TYPE == > COMMA
DEBUG: TenantContextFilter processing: /fontawesome/all.css, ServerName: tenant4.localhost
DEBUG: Resolving tenantKey: tenant4
DEBUG: Query Result: 4
DEBUG: TenantContextFilter processing: /css/stylesheet.css, ServerName: tenant4.localhost
DEBUG: Resolving tenantKey: tenant4
DEBUG: Query Result: 4
DEBUG: TenantContextFilter processing: /star-rating/css/star-rating.css, ServerName: tenant4.localhost
DEBUG: Resolving tenantKey: tenant4
DEBUG: TenantContextFilter processing: /star-rating/themes/krajee-svg/theme.css, ServerName: tenant4.localhost
DEBUG: Resolving tenantKey: tenant4
DEBUG: Query Result: 4
DEBUG: TenantContextFilter processing: /star-rating/js/star-rating.js, ServerName: tenant4.localhost
DEBUG: Resolving tenantKey: tenant4
DEBUG: Query Result: 4
DEBUG: Query Result: 4
DEBUG: TenantContextFilter processing: /star-rating/themes/krajee-svg/theme.js, ServerName: tenant4.localhost
DEBUG: Resolving tenantKey: tenant4
DEBUG: TenantContextFilter processing: /tenants/4/assets/profile/8efe822f44e536affa464ac16a603483.png, ServerName: tenant4.localhost
DEBUG: Resolving tenantKey: tenant4
DEBUG: Query Result: 4
DEBUG: Query Result: 4
DEBUG: TenantContextFilter processing: /webfonts/fa-solid-900.woff2, ServerName: tenant4.localhost
DEBUG: Resolving tenantKey: tenant4
DEBUG: Query Result: 4
COPYRIGHT == > Copyright (C) 2021 by Numan and its affiliates
CURRENCY_ID == > 1
CURRENCY_SYMBOL == > $
CURRENCY_SYMBOL_POSITION == > Before price
DECIMAL_DIGITS == > 2
DECIMAL_POINT_TYPE == > POINT
SITE_LOGO == > /tenants/4/assets/profile/8efe822f44e536affa464ac16a603483.png
SITE_NAME == > Numan Shop
THOUSANDS_POINT_TYPE == > COMMA
DEBUG: TenantContextFilter processing: /account, ServerName: tenant4.localhost
DEBUG: Resolving tenantKey: tenant4
DEBUG: Query Result: 4
COPYRIGHT == > Copyright (C) 2021 by Numan and its affiliates
CURRENCY_ID == > 1
CURRENCY_SYMBOL == > $
CURRENCY_SYMBOL_POSITION == > Before price
DECIMAL_DIGITS == > 2
DECIMAL_POINT_TYPE == > POINT
SITE_LOGO == > /tenants/4/assets/profile/8efe822f44e536affa464ac16a603483.png
SITE_NAME == > Numan Shop
THOUSANDS_POINT_TYPE == > COMMA
DEBUG: TenantContextFilter processing: /fontawesome/all.css, ServerName: tenant4.localhost
DEBUG: Resolving tenantKey: tenant4
DEBUG: Query Result: 4
DEBUG: TenantContextFilter processing: /css/stylesheet.css, ServerName: tenant4.localhost
DEBUG: Resolving tenantKey: tenant4
DEBUG: TenantContextFilter processing: /star-rating/css/star-rating.css, ServerName: tenant4.localhost
DEBUG: Resolving tenantKey: tenant4
DEBUG: Query Result: 4
DEBUG: TenantContextFilter processing: /star-rating/themes/krajee-svg/theme.css, ServerName: tenant4.localhost
DEBUG: Resolving tenantKey: tenant4
DEBUG: Query Result: 4
DEBUG: TenantContextFilter processing: /star-rating/js/star-rating.js, ServerName: tenant4.localhost
DEBUG: Resolving tenantKey: tenant4
DEBUG: Query Result: 4
DEBUG: Query Result: 4
DEBUG: TenantContextFilter processing: /tenants/4/assets/profile/8efe822f44e536affa464ac16a603483.png, ServerName: tenant4.localhost
DEBUG: Resolving tenantKey: tenant4
DEBUG: Query Result: 4
DEBUG: TenantContextFilter processing: /star-rating/themes/krajee-svg/theme.js, ServerName: tenant4.localhost
DEBUG: Resolving tenantKey: tenant4
DEBUG: Query Result: 4
DEBUG: TenantContextFilter processing: /registration, ServerName: tenant4.localhost
DEBUG: Resolving tenantKey: tenant4
DEBUG: Query Result: 4
COPYRIGHT == > Copyright (C) 2021 by Numan and its affiliates
CURRENCY_ID == > 1
CURRENCY_SYMBOL == > $
CURRENCY_SYMBOL_POSITION == > Before price
DECIMAL_DIGITS == > 2
DECIMAL_POINT_TYPE == > POINT
SITE_LOGO == > /tenants/4/assets/profile/8efe822f44e536affa464ac16a603483.png
SITE_NAME == > Numan Shop
THOUSANDS_POINT_TYPE == > COMMA
DEBUG: TenantContextFilter processing: /fontawesome/all.css, ServerName: tenant4.localhost
DEBUG: Resolving tenantKey: tenant4
DEBUG: TenantContextFilter processing: /css/stylesheet.css, ServerName: tenant4.localhost
DEBUG: Resolving tenantKey: tenant4
DEBUG: Query Result: 4
DEBUG: Query Result: 4
DEBUG: TenantContextFilter processing: /star-rating/css/star-rating.css, ServerName: tenant4.localhost
DEBUG: TenantContextFilter processing: /star-rating/themes/krajee-svg/theme.css, ServerName: tenant4.localhost
DEBUG: Resolving tenantKey: tenant4
DEBUG: Resolving tenantKey: tenant4
DEBUG: Query Result: 4
DEBUG: Query Result: 4
DEBUG: TenantContextFilter processing: /star-rating/js/star-rating.js, ServerName: tenant4.localhost
DEBUG: Resolving tenantKey: tenant4
DEBUG: Query Result: 4
DEBUG: TenantContextFilter processing: /star-rating/themes/krajee-svg/theme.js, ServerName: tenant4.localhost
DEBUG: Resolving tenantKey: tenant4
DEBUG: Query Result: 4
DEBUG: TenantContextFilter processing: /tenants/4/assets/profile/8efe822f44e536affa464ac16a603483.png, ServerName: tenant4.localhost
DEBUG: Resolving tenantKey: tenant4
DEBUG: Query Result: 4
DEBUG: TenantContextFilter processing: /states/list_by_country/16, ServerName: tenant4.localhost
DEBUG: Resolving tenantKey: tenant4
DEBUG: Query Result: 4
COPYRIGHT == > Copyright (C) 2021 by Numan and its affiliates
CURRENCY_ID == > 1
CURRENCY_SYMBOL == > $
CURRENCY_SYMBOL_POSITION == > Before price
DECIMAL_DIGITS == > 2
DECIMAL_POINT_TYPE == > POINT
SITE_LOGO == > /tenants/4/assets/profile/8efe822f44e536affa464ac16a603483.png
SITE_NAME == > Numan Shop
THOUSANDS_POINT_TYPE == > COMMA
DEBUG: TenantContextFilter processing: /attributes, ServerName: tenant4.localhost
DEBUG: Resolving tenantKey: tenant4
DEBUG: Query Result: 4
COPYRIGHT == > Copyright (C) 2021 by Numan and its affiliates
CURRENCY_ID == > 1
CURRENCY_SYMBOL == > $
CURRENCY_SYMBOL_POSITION == > Before price
DECIMAL_DIGITS == > 2
DECIMAL_POINT_TYPE == > POINT
SITE_LOGO == > /tenants/4/assets/profile/8efe822f44e536affa464ac16a603483.png
SITE_NAME == > Numan Shop
THOUSANDS_POINT_TYPE == > COMMA
2026-01-14T03:13:13.108+02:00 ERROR 36076 --- [-nio-720-exec-9] o.a.c.c.C.[.[.[/].[dispatcherServlet]    : Servlet.service() for servlet [dispatcherServlet] in context with path [] threw exception [Request processing failed: java.lang.NullPointerException: Cannot invoke "org.springframework.security.oauth2.core.user.OAuth2User.getAttributes()" because "user" is null] with root cause

java.lang.NullPointerException: Cannot invoke "org.springframework.security.oauth2.core.user.OAuth2User.getAttributes()" because "user" is null
	at frontEnd.security.oauth.ShowAttributes.showAttributes(ShowAttributes.java:31) ~[classes/:na]
	at java.base/jdk.internal.reflect.DirectMethodHandleAccessor.invoke(DirectMethodHandleAccessor.java:104) ~[na:na]
	at java.base/java.lang.reflect.Method.invoke(Method.java:578) ~[na:na]
	at org.springframework.web.method.support.InvocableHandlerMethod.doInvoke(InvocableHandlerMethod.java:205) ~[spring-web-6.0.12.jar:6.0.12]
	at org.springframework.web.method.support.InvocableHandlerMethod.invokeForRequest(InvocableHandlerMethod.java:150) ~[spring-web-6.0.12.jar:6.0.12]
	at org.springframework.web.servlet.mvc.method.annotation.ServletInvocableHandlerMethod.invokeAndHandle(ServletInvocableHandlerMethod.java:118) ~[spring-webmvc-6.0.12.jar:6.0.12]
	at org.springframework.web.servlet.mvc.method.annotation.RequestMappingHandlerAdapter.invokeHandlerMethod(RequestMappingHandlerAdapter.java:884) ~[spring-webmvc-6.0.12.jar:6.0.12]
	at org.springframework.web.servlet.mvc.method.annotation.RequestMappingHandlerAdapter.handleInternal(RequestMappingHandlerAdapter.java:797) ~[spring-webmvc-6.0.12.jar:6.0.12]
	at org.springframework.web.servlet.mvc.method.AbstractHandlerMethodAdapter.handle(AbstractHandlerMethodAdapter.java:87) ~[spring-webmvc-6.0.12.jar:6.0.12]
	at org.springframework.web.servlet.DispatcherServlet.doDispatch(DispatcherServlet.java:1081) ~[spring-webmvc-6.0.12.jar:6.0.12]
	at org.springframework.web.servlet.DispatcherServlet.doService(DispatcherServlet.java:974) ~[spring-webmvc-6.0.12.jar:6.0.12]
	at org.springframework.web.servlet.FrameworkServlet.processRequest(FrameworkServlet.java:1011) ~[spring-webmvc-6.0.12.jar:6.0.12]
	at org.springframework.web.servlet.FrameworkServlet.doGet(FrameworkServlet.java:903) ~[spring-webmvc-6.0.12.jar:6.0.12]
	at jakarta.servlet.http.HttpServlet.service(HttpServlet.java:564) ~[tomcat-embed-core-10.1.13.jar:6.0]
	at org.springframework.web.servlet.FrameworkServlet.service(FrameworkServlet.java:885) ~[spring-webmvc-6.0.12.jar:6.0.12]
	at jakarta.servlet.http.HttpServlet.service(HttpServlet.java:658) ~[tomcat-embed-core-10.1.13.jar:6.0]
	at org.apache.catalina.core.ApplicationFilterChain.internalDoFilter(ApplicationFilterChain.java:205) ~[tomcat-embed-core-10.1.13.jar:10.1.13]
	at org.apache.catalina.core.ApplicationFilterChain.doFilter(ApplicationFilterChain.java:149) ~[tomcat-embed-core-10.1.13.jar:10.1.13]
	at org.apache.tomcat.websocket.server.WsFilter.doFilter(WsFilter.java:51) ~[tomcat-embed-websocket-10.1.13.jar:10.1.13]
	at org.apache.catalina.core.ApplicationFilterChain.internalDoFilter(ApplicationFilterChain.java:174) ~[tomcat-embed-core-10.1.13.jar:10.1.13]
	at org.apache.catalina.core.ApplicationFilterChain.doFilter(ApplicationFilterChain.java:149) ~[tomcat-embed-core-10.1.13.jar:10.1.13]
	at org.springframework.web.servlet.resource.ResourceUrlEncodingFilter.doFilter(ResourceUrlEncodingFilter.java:66) ~[spring-webmvc-6.0.12.jar:6.0.12]
	at org.apache.catalina.core.ApplicationFilterChain.internalDoFilter(ApplicationFilterChain.java:174) ~[tomcat-embed-core-10.1.13.jar:10.1.13]
	at org.apache.catalina.core.ApplicationFilterChain.doFilter(ApplicationFilterChain.java:149) ~[tomcat-embed-core-10.1.13.jar:10.1.13]
	at org.springframework.security.web.FilterChainProxy.lambda$doFilterInternal$3(FilterChainProxy.java:231) ~[spring-security-web-6.1.4.jar:6.1.4]
	at org.springframework.security.web.ObservationFilterChainDecorator$FilterObservation$SimpleFilterObservation.lambda$wrap$1(ObservationFilterChainDecorator.java:479) ~[spring-security-web-6.1.4.jar:6.1.4]
	at org.springframework.security.web.ObservationFilterChainDecorator$AroundFilterObservation$SimpleAroundFilterObservation.lambda$wrap$1(ObservationFilterChainDecorator.java:340) ~[spring-security-web-6.1.4.jar:6.1.4]
	at org.springframework.security.web.ObservationFilterChainDecorator.lambda$wrapSecured$0(ObservationFilterChainDecorator.java:82) ~[spring-security-web-6.1.4.jar:6.1.4]
	at org.springframework.security.web.ObservationFilterChainDecorator$VirtualFilterChain.doFilter(ObservationFilterChainDecorator.java:128) ~[spring-security-web-6.1.4.jar:6.1.4]
	at org.springframework.security.web.access.intercept.AuthorizationFilter.doFilter(AuthorizationFilter.java:100) ~[spring-security-web-6.1.4.jar:6.1.4]
	at org.springframework.security.web.ObservationFilterChainDecorator$ObservationFilter.wrapFilter(ObservationFilterChainDecorator.java:240) ~[spring-security-web-6.1.4.jar:6.1.4]
	at org.springframework.security.web.ObservationFilterChainDecorator$ObservationFilter.doFilter(ObservationFilterChainDecorator.java:227) ~[spring-security-web-6.1.4.jar:6.1.4]
	at org.springframework.security.web.ObservationFilterChainDecorator$VirtualFilterChain.doFilter(ObservationFilterChainDecorator.java:137) ~[spring-security-web-6.1.4.jar:6.1.4]
	at org.springframework.security.web.access.ExceptionTranslationFilter.doFilter(ExceptionTranslationFilter.java:126) ~[spring-security-web-6.1.4.jar:6.1.4]
	at org.springframework.security.web.access.ExceptionTranslationFilter.doFilter(ExceptionTranslationFilter.java:120) ~[spring-security-web-6.1.4.jar:6.1.4]
	at org.springframework.security.web.ObservationFilterChainDecorator$ObservationFilter.wrapFilter(ObservationFilterChainDecorator.java:240) ~[spring-security-web-6.1.4.jar:6.1.4]
	at org.springframework.security.web.ObservationFilterChainDecorator$ObservationFilter.doFilter(ObservationFilterChainDecorator.java:227) ~[spring-security-web-6.1.4.jar:6.1.4]
	at org.springframework.security.web.ObservationFilterChainDecorator$VirtualFilterChain.doFilter(ObservationFilterChainDecorator.java:137) ~[spring-security-web-6.1.4.jar:6.1.4]
	at org.springframework.security.web.session.SessionManagementFilter.doFilter(SessionManagementFilter.java:131) ~[spring-security-web-6.1.4.jar:6.1.4]
	at org.springframework.security.web.session.SessionManagementFilter.doFilter(SessionManagementFilter.java:85) ~[spring-security-web-6.1.4.jar:6.1.4]
	at org.springframework.security.web.ObservationFilterChainDecorator$ObservationFilter.wrapFilter(ObservationFilterChainDecorator.java:240) ~[spring-security-web-6.1.4.jar:6.1.4]
	at org.springframework.security.web.ObservationFilterChainDecorator$ObservationFilter.doFilter(ObservationFilterChainDecorator.java:227) ~[spring-security-web-6.1.4.jar:6.1.4]
	at org.springframework.security.web.ObservationFilterChainDecorator$VirtualFilterChain.doFilter(ObservationFilterChainDecorator.java:137) ~[spring-security-web-6.1.4.jar:6.1.4]
	at org.springframework.security.web.authentication.AnonymousAuthenticationFilter.doFilter(AnonymousAuthenticationFilter.java:100) ~[spring-security-web-6.1.4.jar:6.1.4]
	at org.springframework.security.web.ObservationFilterChainDecorator$ObservationFilter.wrapFilter(ObservationFilterChainDecorator.java:240) ~[spring-security-web-6.1.4.jar:6.1.4]
	at org.springframework.security.web.ObservationFilterChainDecorator$ObservationFilter.doFilter(ObservationFilterChainDecorator.java:227) ~[spring-security-web-6.1.4.jar:6.1.4]
	at org.springframework.security.web.ObservationFilterChainDecorator$VirtualFilterChain.doFilter(ObservationFilterChainDecorator.java:137) ~[spring-security-web-6.1.4.jar:6.1.4]
	at org.springframework.security.web.authentication.rememberme.RememberMeAuthenticationFilter.doFilter(RememberMeAuthenticationFilter.java:110) ~[spring-security-web-6.1.4.jar:6.1.4]
	at org.springframework.security.web.authentication.rememberme.RememberMeAuthenticationFilter.doFilter(RememberMeAuthenticationFilter.java:101) ~[spring-security-web-6.1.4.jar:6.1.4]
	at org.springframework.security.web.ObservationFilterChainDecorator$ObservationFilter.wrapFilter(ObservationFilterChainDecorator.java:240) ~[spring-security-web-6.1.4.jar:6.1.4]
	at org.springframework.security.web.ObservationFilterChainDecorator$ObservationFilter.doFilter(ObservationFilterChainDecorator.java:227) ~[spring-security-web-6.1.4.jar:6.1.4]
	at org.springframework.security.web.ObservationFilterChainDecorator$VirtualFilterChain.doFilter(ObservationFilterChainDecorator.java:137) ~[spring-security-web-6.1.4.jar:6.1.4]
	at org.springframework.security.web.servletapi.SecurityContextHolderAwareRequestFilter.doFilter(SecurityContextHolderAwareRequestFilter.java:179) ~[spring-security-web-6.1.4.jar:6.1.4]
	at org.springframework.security.web.ObservationFilterChainDecorator$ObservationFilter.wrapFilter(ObservationFilterChainDecorator.java:240) ~[spring-security-web-6.1.4.jar:6.1.4]
	at org.springframework.security.web.ObservationFilterChainDecorator$ObservationFilter.doFilter(ObservationFilterChainDecorator.java:227) ~[spring-security-web-6.1.4.jar:6.1.4]
	at org.springframework.security.web.ObservationFilterChainDecorator$VirtualFilterChain.doFilter(ObservationFilterChainDecorator.java:137) ~[spring-security-web-6.1.4.jar:6.1.4]
	at org.springframework.security.web.savedrequest.RequestCacheAwareFilter.doFilter(RequestCacheAwareFilter.java:63) ~[spring-security-web-6.1.4.jar:6.1.4]
	at org.springframework.security.web.ObservationFilterChainDecorator$ObservationFilter.wrapFilter(ObservationFilterChainDecorator.java:240) ~[spring-security-web-6.1.4.jar:6.1.4]
	at org.springframework.security.web.ObservationFilterChainDecorator$ObservationFilter.doFilter(ObservationFilterChainDecorator.java:227) ~[spring-security-web-6.1.4.jar:6.1.4]
	at org.springframework.security.web.ObservationFilterChainDecorator$VirtualFilterChain.doFilter(ObservationFilterChainDecorator.java:137) ~[spring-security-web-6.1.4.jar:6.1.4]
	at frontEnd.setting.SettingFilter.doFilter(SettingFilter.java:39) ~[classes/:na]
	at org.springframework.security.web.ObservationFilterChainDecorator$ObservationFilter.wrapFilter(ObservationFilterChainDecorator.java:240) ~[spring-security-web-6.1.4.jar:6.1.4]
	at org.springframework.security.web.ObservationFilterChainDecorator$ObservationFilter.doFilter(ObservationFilterChainDecorator.java:227) ~[spring-security-web-6.1.4.jar:6.1.4]
	at org.springframework.security.web.ObservationFilterChainDecorator$VirtualFilterChain.doFilter(ObservationFilterChainDecorator.java:137) ~[spring-security-web-6.1.4.jar:6.1.4]
	at com.onlineStoreCom.security.tenant.TenantContextFilter.doFilterInternal(TenantContextFilter.java:155) ~[comm-0.0.2-SNAPSHOT.jar:0.0.2-SNAPSHOT]
	at org.springframework.web.filter.OncePerRequestFilter.doFilter(OncePerRequestFilter.java:116) ~[spring-web-6.0.12.jar:6.0.12]
	at org.springframework.security.web.ObservationFilterChainDecorator$ObservationFilter.wrapFilter(ObservationFilterChainDecorator.java:240) ~[spring-security-web-6.1.4.jar:6.1.4]
	at org.springframework.security.web.ObservationFilterChainDecorator$ObservationFilter.doFilter(ObservationFilterChainDecorator.java:227) ~[spring-security-web-6.1.4.jar:6.1.4]
	at org.springframework.security.web.ObservationFilterChainDecorator$VirtualFilterChain.doFilter(ObservationFilterChainDecorator.java:137) ~[spring-security-web-6.1.4.jar:6.1.4]
	at org.springframework.security.web.authentication.AbstractAuthenticationProcessingFilter.doFilter(AbstractAuthenticationProcessingFilter.java:227) ~[spring-security-web-6.1.4.jar:6.1.4]
	at org.springframework.security.web.authentication.AbstractAuthenticationProcessingFilter.doFilter(AbstractAuthenticationProcessingFilter.java:221) ~[spring-security-web-6.1.4.jar:6.1.4]
	at org.springframework.security.web.ObservationFilterChainDecorator$ObservationFilter.wrapFilter(ObservationFilterChainDecorator.java:240) ~[spring-security-web-6.1.4.jar:6.1.4]
	at org.springframework.security.web.ObservationFilterChainDecorator$ObservationFilter.doFilter(ObservationFilterChainDecorator.java:227) ~[spring-security-web-6.1.4.jar:6.1.4]
	at org.springframework.security.web.ObservationFilterChainDecorator$VirtualFilterChain.doFilter(ObservationFilterChainDecorator.java:137) ~[spring-security-web-6.1.4.jar:6.1.4]
	at org.springframework.security.web.authentication.AbstractAuthenticationProcessingFilter.doFilter(AbstractAuthenticationProcessingFilter.java:227) ~[spring-security-web-6.1.4.jar:6.1.4]
	at org.springframework.security.web.authentication.AbstractAuthenticationProcessingFilter.doFilter(AbstractAuthenticationProcessingFilter.java:221) ~[spring-security-web-6.1.4.jar:6.1.4]
	at org.springframework.security.web.ObservationFilterChainDecorator$ObservationFilter.wrapFilter(ObservationFilterChainDecorator.java:240) ~[spring-security-web-6.1.4.jar:6.1.4]
	at org.springframework.security.web.ObservationFilterChainDecorator$ObservationFilter.doFilter(ObservationFilterChainDecorator.java:227) ~[spring-security-web-6.1.4.jar:6.1.4]
	at org.springframework.security.web.ObservationFilterChainDecorator$VirtualFilterChain.doFilter(ObservationFilterChainDecorator.java:137) ~[spring-security-web-6.1.4.jar:6.1.4]
	at org.springframework.security.oauth2.client.web.OAuth2AuthorizationRequestRedirectFilter.doFilterInternal(OAuth2AuthorizationRequestRedirectFilter.java:181) ~[spring-security-oauth2-client-6.1.4.jar:6.1.4]
	at org.springframework.web.filter.OncePerRequestFilter.doFilter(OncePerRequestFilter.java:116) ~[spring-web-6.0.12.jar:6.0.12]
	at org.springframework.security.web.ObservationFilterChainDecorator$ObservationFilter.wrapFilter(ObservationFilterChainDecorator.java:240) ~[spring-security-web-6.1.4.jar:6.1.4]
	at org.springframework.security.web.ObservationFilterChainDecorator$ObservationFilter.doFilter(ObservationFilterChainDecorator.java:227) ~[spring-security-web-6.1.4.jar:6.1.4]
	at org.springframework.security.web.ObservationFilterChainDecorator$VirtualFilterChain.doFilter(ObservationFilterChainDecorator.java:137) ~[spring-security-web-6.1.4.jar:6.1.4]
	at org.springframework.security.web.authentication.logout.LogoutFilter.doFilter(LogoutFilter.java:107) ~[spring-security-web-6.1.4.jar:6.1.4]
	at org.springframework.security.web.authentication.logout.LogoutFilter.doFilter(LogoutFilter.java:93) ~[spring-security-web-6.1.4.jar:6.1.4]
	at org.springframework.security.web.ObservationFilterChainDecorator$ObservationFilter.wrapFilter(ObservationFilterChainDecorator.java:240) ~[spring-security-web-6.1.4.jar:6.1.4]
	at org.springframework.security.web.ObservationFilterChainDecorator$ObservationFilter.doFilter(ObservationFilterChainDecorator.java:227) ~[spring-security-web-6.1.4.jar:6.1.4]
	at org.springframework.security.web.ObservationFilterChainDecorator$VirtualFilterChain.doFilter(ObservationFilterChainDecorator.java:137) ~[spring-security-web-6.1.4.jar:6.1.4]
	at org.springframework.security.web.csrf.CsrfFilter.doFilterInternal(CsrfFilter.java:117) ~[spring-security-web-6.1.4.jar:6.1.4]
	at org.springframework.web.filter.OncePerRequestFilter.doFilter(OncePerRequestFilter.java:116) ~[spring-web-6.0.12.jar:6.0.12]
	at org.springframework.security.web.ObservationFilterChainDecorator$ObservationFilter.wrapFilter(ObservationFilterChainDecorator.java:240) ~[spring-security-web-6.1.4.jar:6.1.4]
	at org.springframework.security.web.ObservationFilterChainDecorator$ObservationFilter.doFilter(ObservationFilterChainDecorator.java:227) ~[spring-security-web-6.1.4.jar:6.1.4]
	at org.springframework.security.web.ObservationFilterChainDecorator$VirtualFilterChain.doFilter(ObservationFilterChainDecorator.java:137) ~[spring-security-web-6.1.4.jar:6.1.4]
	at org.springframework.security.web.header.HeaderWriterFilter.doHeadersAfter(HeaderWriterFilter.java:90) ~[spring-security-web-6.1.4.jar:6.1.4]
	at org.springframework.security.web.header.HeaderWriterFilter.doFilterInternal(HeaderWriterFilter.java:75) ~[spring-security-web-6.1.4.jar:6.1.4]
	at org.springframework.web.filter.OncePerRequestFilter.doFilter(OncePerRequestFilter.java:116) ~[spring-web-6.0.12.jar:6.0.12]
	at org.springframework.security.web.ObservationFilterChainDecorator$ObservationFilter.wrapFilter(ObservationFilterChainDecorator.java:240) ~[spring-security-web-6.1.4.jar:6.1.4]
	at org.springframework.security.web.ObservationFilterChainDecorator$ObservationFilter.doFilter(ObservationFilterChainDecorator.java:227) ~[spring-security-web-6.1.4.jar:6.1.4]
	at org.springframework.security.web.ObservationFilterChainDecorator$VirtualFilterChain.doFilter(ObservationFilterChainDecorator.java:137) ~[spring-security-web-6.1.4.jar:6.1.4]
	at org.springframework.security.web.context.SecurityContextHolderFilter.doFilter(SecurityContextHolderFilter.java:82) ~[spring-security-web-6.1.4.jar:6.1.4]
	at org.springframework.security.web.context.SecurityContextHolderFilter.doFilter(SecurityContextHolderFilter.java:69) ~[spring-security-web-6.1.4.jar:6.1.4]
	at org.springframework.security.web.ObservationFilterChainDecorator$ObservationFilter.wrapFilter(ObservationFilterChainDecorator.java:240) ~[spring-security-web-6.1.4.jar:6.1.4]
	at org.springframework.security.web.ObservationFilterChainDecorator$ObservationFilter.doFilter(ObservationFilterChainDecorator.java:227) ~[spring-security-web-6.1.4.jar:6.1.4]
	at org.springframework.security.web.ObservationFilterChainDecorator$VirtualFilterChain.doFilter(ObservationFilterChainDecorator.java:137) ~[spring-security-web-6.1.4.jar:6.1.4]
	at org.springframework.security.web.context.request.async.WebAsyncManagerIntegrationFilter.doFilterInternal(WebAsyncManagerIntegrationFilter.java:62) ~[spring-security-web-6.1.4.jar:6.1.4]
	at org.springframework.web.filter.OncePerRequestFilter.doFilter(OncePerRequestFilter.java:116) ~[spring-web-6.0.12.jar:6.0.12]
	at org.springframework.security.web.ObservationFilterChainDecorator$ObservationFilter.wrapFilter(ObservationFilterChainDecorator.java:240) ~[spring-security-web-6.1.4.jar:6.1.4]
	at org.springframework.security.web.ObservationFilterChainDecorator$ObservationFilter.doFilter(ObservationFilterChainDecorator.java:227) ~[spring-security-web-6.1.4.jar:6.1.4]
	at org.springframework.security.web.ObservationFilterChainDecorator$VirtualFilterChain.doFilter(ObservationFilterChainDecorator.java:137) ~[spring-security-web-6.1.4.jar:6.1.4]
	at org.springframework.security.web.session.ForceEagerSessionCreationFilter.doFilterInternal(ForceEagerSessionCreationFilter.java:45) ~[spring-security-web-6.1.4.jar:6.1.4]
	at org.springframework.web.filter.OncePerRequestFilter.doFilter(OncePerRequestFilter.java:116) ~[spring-web-6.0.12.jar:6.0.12]
	at org.springframework.security.web.ObservationFilterChainDecorator$ObservationFilter.wrapFilter(ObservationFilterChainDecorator.java:240) ~[spring-security-web-6.1.4.jar:6.1.4]
	at org.springframework.security.web.ObservationFilterChainDecorator$ObservationFilter.doFilter(ObservationFilterChainDecorator.java:227) ~[spring-security-web-6.1.4.jar:6.1.4]
	at org.springframework.security.web.ObservationFilterChainDecorator$VirtualFilterChain.doFilter(ObservationFilterChainDecorator.java:137) ~[spring-security-web-6.1.4.jar:6.1.4]
	at org.springframework.security.web.session.DisableEncodeUrlFilter.doFilterInternal(DisableEncodeUrlFilter.java:42) ~[spring-security-web-6.1.4.jar:6.1.4]
	at org.springframework.web.filter.OncePerRequestFilter.doFilter(OncePerRequestFilter.java:116) ~[spring-web-6.0.12.jar:6.0.12]
	at org.springframework.security.web.ObservationFilterChainDecorator$ObservationFilter.wrapFilter(ObservationFilterChainDecorator.java:240) ~[spring-security-web-6.1.4.jar:6.1.4]
	at org.springframework.security.web.ObservationFilterChainDecorator$AroundFilterObservation$SimpleAroundFilterObservation.lambda$wrap$0(ObservationFilterChainDecorator.java:323) ~[spring-security-web-6.1.4.jar:6.1.4]
	at org.springframework.security.web.ObservationFilterChainDecorator$ObservationFilter.doFilter(ObservationFilterChainDecorator.java:224) ~[spring-security-web-6.1.4.jar:6.1.4]
	at org.springframework.security.web.ObservationFilterChainDecorator$VirtualFilterChain.doFilter(ObservationFilterChainDecorator.java:137) ~[spring-security-web-6.1.4.jar:6.1.4]
	at org.springframework.security.web.FilterChainProxy.doFilterInternal(FilterChainProxy.java:233) ~[spring-security-web-6.1.4.jar:6.1.4]
	at org.springframework.security.web.FilterChainProxy.doFilter(FilterChainProxy.java:191) ~[spring-security-web-6.1.4.jar:6.1.4]
	at org.springframework.web.filter.DelegatingFilterProxy.invokeDelegate(DelegatingFilterProxy.java:352) ~[spring-web-6.0.12.jar:6.0.12]
	at org.springframework.web.filter.DelegatingFilterProxy.doFilter(DelegatingFilterProxy.java:268) ~[spring-web-6.0.12.jar:6.0.12]
	at org.apache.catalina.core.ApplicationFilterChain.internalDoFilter(ApplicationFilterChain.java:174) ~[tomcat-embed-core-10.1.13.jar:10.1.13]
	at org.apache.catalina.core.ApplicationFilterChain.doFilter(ApplicationFilterChain.java:149) ~[tomcat-embed-core-10.1.13.jar:10.1.13]
	at org.springframework.web.filter.RequestContextFilter.doFilterInternal(RequestContextFilter.java:100) ~[spring-web-6.0.12.jar:6.0.12]
	at org.springframework.web.filter.OncePerRequestFilter.doFilter(OncePerRequestFilter.java:116) ~[spring-web-6.0.12.jar:6.0.12]
	at org.apache.catalina.core.ApplicationFilterChain.internalDoFilter(ApplicationFilterChain.java:174) ~[tomcat-embed-core-10.1.13.jar:10.1.13]
	at org.apache.catalina.core.ApplicationFilterChain.doFilter(ApplicationFilterChain.java:149) ~[tomcat-embed-core-10.1.13.jar:10.1.13]
	at org.springframework.web.filter.FormContentFilter.doFilterInternal(FormContentFilter.java:93) ~[spring-web-6.0.12.jar:6.0.12]
	at org.springframework.web.filter.OncePerRequestFilter.doFilter(OncePerRequestFilter.java:116) ~[spring-web-6.0.12.jar:6.0.12]
	at org.apache.catalina.core.ApplicationFilterChain.internalDoFilter(ApplicationFilterChain.java:174) ~[tomcat-embed-core-10.1.13.jar:10.1.13]
	at org.apache.catalina.core.ApplicationFilterChain.doFilter(ApplicationFilterChain.java:149) ~[tomcat-embed-core-10.1.13.jar:10.1.13]
	at org.springframework.web.filter.ServerHttpObservationFilter.doFilterInternal(ServerHttpObservationFilter.java:109) ~[spring-web-6.0.12.jar:6.0.12]
	at org.springframework.web.filter.OncePerRequestFilter.doFilter(OncePerRequestFilter.java:116) ~[spring-web-6.0.12.jar:6.0.12]
	at org.apache.catalina.core.ApplicationFilterChain.internalDoFilter(ApplicationFilterChain.java:174) ~[tomcat-embed-core-10.1.13.jar:10.1.13]
	at org.apache.catalina.core.ApplicationFilterChain.doFilter(ApplicationFilterChain.java:149) ~[tomcat-embed-core-10.1.13.jar:10.1.13]
	at org.springframework.web.filter.CharacterEncodingFilter.doFilterInternal(CharacterEncodingFilter.java:201) ~[spring-web-6.0.12.jar:6.0.12]
	at org.springframework.web.filter.OncePerRequestFilter.doFilter(OncePerRequestFilter.java:116) ~[spring-web-6.0.12.jar:6.0.12]
	at org.apache.catalina.core.ApplicationFilterChain.internalDoFilter(ApplicationFilterChain.java:174) ~[tomcat-embed-core-10.1.13.jar:10.1.13]
	at org.apache.catalina.core.ApplicationFilterChain.doFilter(ApplicationFilterChain.java:149) ~[tomcat-embed-core-10.1.13.jar:10.1.13]
	at org.apache.catalina.core.StandardWrapperValve.invoke(StandardWrapperValve.java:167) ~[tomcat-embed-core-10.1.13.jar:10.1.13]
	at org.apache.catalina.core.StandardContextValve.invoke(StandardContextValve.java:90) ~[tomcat-embed-core-10.1.13.jar:10.1.13]
	at org.apache.catalina.authenticator.AuthenticatorBase.invoke(AuthenticatorBase.java:482) ~[tomcat-embed-core-10.1.13.jar:10.1.13]
	at org.apache.catalina.core.StandardHostValve.invoke(StandardHostValve.java:115) ~[tomcat-embed-core-10.1.13.jar:10.1.13]
	at org.apache.catalina.valves.ErrorReportValve.invoke(ErrorReportValve.java:93) ~[tomcat-embed-core-10.1.13.jar:10.1.13]
	at org.apache.catalina.core.StandardEngineValve.invoke(StandardEngineValve.java:74) ~[tomcat-embed-core-10.1.13.jar:10.1.13]
	at org.apache.catalina.connector.CoyoteAdapter.service(CoyoteAdapter.java:341) ~[tomcat-embed-core-10.1.13.jar:10.1.13]
	at org.apache.coyote.http11.Http11Processor.service(Http11Processor.java:391) ~[tomcat-embed-core-10.1.13.jar:10.1.13]
	at org.apache.coyote.AbstractProcessorLight.process(AbstractProcessorLight.java:63) ~[tomcat-embed-core-10.1.13.jar:10.1.13]
	at org.apache.coyote.AbstractProtocol$ConnectionHandler.process(AbstractProtocol.java:894) ~[tomcat-embed-core-10.1.13.jar:10.1.13]
	at org.apache.tomcat.util.net.NioEndpoint$SocketProcessor.doRun(NioEndpoint.java:1740) ~[tomcat-embed-core-10.1.13.jar:10.1.13]
	at org.apache.tomcat.util.net.SocketProcessorBase.run(SocketProcessorBase.java:52) ~[tomcat-embed-core-10.1.13.jar:10.1.13]
	at org.apache.tomcat.util.threads.ThreadPoolExecutor.runWorker(ThreadPoolExecutor.java:1191) ~[tomcat-embed-core-10.1.13.jar:10.1.13]
	at org.apache.tomcat.util.threads.ThreadPoolExecutor$Worker.run(ThreadPoolExecutor.java:659) ~[tomcat-embed-core-10.1.13.jar:10.1.13]
	at org.apache.tomcat.util.threads.TaskThread$WrappingRunnable.run(TaskThread.java:61) ~[tomcat-embed-core-10.1.13.jar:10.1.13]
	at java.base/java.lang.Thread.run(Thread.java:1589) ~[na:na]

DEBUG: TenantContextFilter processing: /fontawesome/all.css, ServerName: tenant4.localhost
DEBUG: Resolving tenantKey: tenant4
DEBUG: TenantContextFilter processing: /css/stylesheet.css, ServerName: tenant4.localhost
DEBUG: Resolving tenantKey: tenant4
DEBUG: Query Result: 4
DEBUG: Query Result: 4
DEBUG: TenantContextFilter processing: /tenants/4/assets/profile/8efe822f44e536affa464ac16a603483.png, ServerName: tenant4.localhost
DEBUG: Resolving tenantKey: tenant4
DEBUG: Query Result: 4
DEBUG: TenantContextFilter processing: /about, ServerName: tenant4.localhost
DEBUG: Resolving tenantKey: tenant4
DEBUG: Query Result: 4
COPYRIGHT == > Copyright (C) 2021 by Numan and its affiliates
CURRENCY_ID == > 1
CURRENCY_SYMBOL == > $
CURRENCY_SYMBOL_POSITION == > Before price
DECIMAL_DIGITS == > 2
DECIMAL_POINT_TYPE == > POINT
SITE_LOGO == > /tenants/4/assets/profile/8efe822f44e536affa464ac16a603483.png
SITE_NAME == > Numan Shop
THOUSANDS_POINT_TYPE == > COMMA
DEBUG: TenantContextFilter processing: /fontawesome/all.css, ServerName: tenant4.localhost
DEBUG: Resolving tenantKey: tenant4
DEBUG: Query Result: 4
DEBUG: TenantContextFilter processing: /css/stylesheet.css, ServerName: tenant4.localhost
DEBUG: Resolving tenantKey: tenant4
DEBUG: Query Result: 4
DEBUG: TenantContextFilter processing: /tenants/4/assets/profile/8efe822f44e536affa464ac16a603483.png, ServerName: tenant4.localhost
DEBUG: Resolving tenantKey: tenant4
DEBUG: Query Result: 4
DEBUG: TenantContextFilter processing: /webfonts/fa-solid-900.woff2, ServerName: tenant4.localhost
DEBUG: Resolving tenantKey: tenant4
DEBUG: Query Result: 4
COPYRIGHT == > Copyright (C) 2021 by Numan and its affiliates
CURRENCY_ID == > 1
CURRENCY_SYMBOL == > $
CURRENCY_SYMBOL_POSITION == > Before price
DECIMAL_DIGITS == > 2
DECIMAL_POINT_TYPE == > POINT
SITE_LOGO == > /tenants/4/assets/profile/8efe822f44e536affa464ac16a603483.png
SITE_NAME == > Numan Shop
THOUSANDS_POINT_TYPE == > COMMA
DEBUG: TenantContextFilter processing: /orders, ServerName: tenant4.localhost
DEBUG: Resolving tenantKey: tenant4
DEBUG: Query Result: 4
COPYRIGHT == > Copyright (C) 2021 by Numan and its affiliates
CURRENCY_ID == > 1
CURRENCY_SYMBOL == > $
CURRENCY_SYMBOL_POSITION == > Before price
DECIMAL_DIGITS == > 2
DECIMAL_POINT_TYPE == > POINT
SITE_LOGO == > /tenants/4/assets/profile/8efe822f44e536affa464ac16a603483.png
SITE_NAME == > Numan Shop
THOUSANDS_POINT_TYPE == > COMMA
DEBUG: TenantContextFilter processing: /fontawesome/all.css, ServerName: tenant4.localhost
DEBUG: Resolving tenantKey: tenant4
DEBUG: TenantContextFilter processing: /css/stylesheet.css, ServerName: tenant4.localhost
DEBUG: Resolving tenantKey: tenant4
DEBUG: TenantContextFilter processing: /star-rating/css/star-rating.css, ServerName: tenant4.localhost
DEBUG: Resolving tenantKey: tenant4
DEBUG: Query Result: 4
DEBUG: Query Result: 4
DEBUG: Query Result: 4
DEBUG: TenantContextFilter processing: /star-rating/themes/krajee-svg/theme.css, ServerName: tenant4.localhost
DEBUG: Resolving tenantKey: tenant4
DEBUG: Query Result: 4
DEBUG: TenantContextFilter processing: /star-rating/themes/krajee-svg/theme.js, ServerName: tenant4.localhost
DEBUG: Resolving tenantKey: tenant4
DEBUG: Query Result: 4
DEBUG: TenantContextFilter processing: /star-rating/js/star-rating.js, ServerName: tenant4.localhost
DEBUG: Resolving tenantKey: tenant4
DEBUG: Query Result: 4
DEBUG: TenantContextFilter processing: /tenants/4/assets/profile/8efe822f44e536affa464ac16a603483.png, ServerName: tenant4.localhost
DEBUG: Resolving tenantKey: tenant4
DEBUG: Query Result: 4
DEBUG: TenantContextFilter processing: /webfonts/fa-solid-900.woff2, ServerName: tenant4.localhost
DEBUG: Resolving tenantKey: tenant4
DEBUG: Query Result: 4
COPYRIGHT == > Copyright (C) 2021 by Numan and its affiliates
CURRENCY_ID == > 1
CURRENCY_SYMBOL == > $
CURRENCY_SYMBOL_POSITION == > Before price
DECIMAL_DIGITS == > 2
DECIMAL_POINT_TYPE == > POINT
SITE_LOGO == > /tenants/4/assets/profile/8efe822f44e536affa464ac16a603483.png
SITE_NAME == > Numan Shop
THOUSANDS_POINT_TYPE == > COMMA
DEBUG: TenantContextFilter processing: /, ServerName: tenant4.localhost
DEBUG: Resolving tenantKey: tenant4
DEBUG: Query Result: 4
COPYRIGHT == > Copyright (C) 2021 by Numan and its affiliates
CURRENCY_ID == > 1
CURRENCY_SYMBOL == > $
CURRENCY_SYMBOL_POSITION == > Before price
DECIMAL_DIGITS == > 2
DECIMAL_POINT_TYPE == > POINT
SITE_LOGO == > /tenants/4/assets/profile/8efe822f44e536affa464ac16a603483.png
SITE_NAME == > Numan Shop
THOUSANDS_POINT_TYPE == > COMMA
? SECURITY ALERT: Data Guard Blocked Access! Current Tenant [4] tried to access data of Tenant [1]
Security guard active: ? SECURITY ALERT: Data Guard Blocked Access! Current Tenant [4] tried to access data of Tenant [1]
DEBUG: TenantContextFilter processing: /fontawesome/all.css, ServerName: tenant4.localhost
DEBUG: Resolving tenantKey: tenant4
DEBUG: TenantContextFilter processing: /css/stylesheet.css, ServerName: tenant4.localhost
DEBUG: Resolving tenantKey: tenant4
DEBUG: Query Result: 4
DEBUG: Query Result: 4
DEBUG: TenantContextFilter processing: /star-rating/css/star-rating.css, ServerName: tenant4.localhost
DEBUG: Resolving tenantKey: tenant4
DEBUG: Query Result: 4
DEBUG: TenantContextFilter processing: /star-rating/js/star-rating.js, ServerName: tenant4.localhost
DEBUG: Resolving tenantKey: tenant4
DEBUG: TenantContextFilter processing: /star-rating/themes/krajee-svg/theme.css, ServerName: tenant4.localhost
DEBUG: Resolving tenantKey: tenant4
DEBUG: TenantContextFilter processing: /star-rating/themes/krajee-svg/theme.js, ServerName: tenant4.localhost
DEBUG: Resolving tenantKey: tenant4
DEBUG: Query Result: 4
DEBUG: Query Result: 4
DEBUG: Query Result: 4
DEBUG: TenantContextFilter processing: /tenants/4/assets/profile/8efe822f44e536affa464ac16a603483.png, ServerName: tenant4.localhost
DEBUG: Resolving tenantKey: tenant4
DEBUG: Query Result: 4
2026-01-14T03:14:56.876+02:00  INFO 36076 --- [   File Watcher] rtingClassPathChangeChangedEventListener : Restarting due to 97 class path changes (0 additions, 0 deletions, 97 modifications)
2026-01-14T03:14:56.934+02:00  INFO 36076 --- [       Thread-1] o.apache.catalina.core.StandardService   : Stopping service [Tomcat]
2026-01-14T03:14:56.936+02:00  INFO 36076 --- [       Thread-1] o.a.c.c.C.[Tomcat].[localhost].[/]       : Destroying Spring FrameworkServlet 'dispatcherServlet'
2026-01-14T03:14:56.987+02:00  WARN 36076 --- [       Thread-1] o.a.c.loader.WebappClassLoaderBase       : The web application [ROOT] appears to have started a thread named [HikariPool-1 housekeeper] but has failed to stop it. This is very likely to create a memory leak. Stack trace of thread:
 java.base/jdk.internal.misc.Unsafe.park(Native Method)
 java.base/java.util.concurrent.locks.LockSupport.parkNanos(LockSupport.java:269)
 java.base/java.util.concurrent.locks.AbstractQueuedSynchronizer$ConditionObject.awaitNanos(AbstractQueuedSynchronizer.java:1674)
 java.base/java.util.concurrent.ScheduledThreadPoolExecutor$DelayedWorkQueue.take(ScheduledThreadPoolExecutor.java:1182)
 java.base/java.util.concurrent.ScheduledThreadPoolExecutor$DelayedWorkQueue.take(ScheduledThreadPoolExecutor.java:899)
 java.base/java.util.concurrent.ThreadPoolExecutor.getTask(ThreadPoolExecutor.java:1070)
 java.base/java.util.concurrent.ThreadPoolExecutor.runWorker(ThreadPoolExecutor.java:1130)
 java.base/java.util.concurrent.ThreadPoolExecutor$Worker.run(ThreadPoolExecutor.java:642)
 java.base/java.lang.Thread.run(Thread.java:1589)
2026-01-14T03:14:57.002+02:00  INFO 36076 --- [       Thread-1] j.LocalContainerEntityManagerFactoryBean : Closing JPA EntityManagerFactory for persistence unit 'default'
2026-01-14T03:14:57.007+02:00  INFO 36076 --- [       Thread-1] com.zaxxer.hikari.HikariDataSource       : HikariPool-1 - Shutdown initiated...
2026-01-14T03:14:57.165+02:00  INFO 36076 --- [       Thread-1] com.zaxxer.hikari.HikariDataSource       : HikariPool-1 - Shutdown completed.

  .   ____          _            __ _ _
 /\\ / ___'_ __ _ _(_)_ __  __ _ \ \ \ \
( ( )\___ | '_ | '_| | '_ \/ _` | \ \ \ \
 \\/  ___)| |_)| | | | | || (_| |  ) ) ) )
  '  |____| .__|_| |_|_| |_\__, | / / / /
 =========|_|==============|___/=/_/_/_/
 :: Spring Boot ::                (v3.1.4)

2026-01-14T03:14:57.715+02:00  INFO 36076 --- [  restartedMain] frontEnd.FrontEndApplication             : Starting FrontEndApplication using Java 19.0.1 with PID 36076 (C:\Users\enoam\OneDrive\onlineStore\onlineStore\webParent\FrontEnd\target\classes started by enoam in C:\Users\enoam\OneDrive\onlineStore\onlineStore\webParent\FrontEnd)
2026-01-14T03:14:57.715+02:00  INFO 36076 --- [  restartedMain] frontEnd.FrontEndApplication             : The following 1 profile is active: "default"
2026-01-14T03:15:00.789+02:00  INFO 36076 --- [  restartedMain] .s.d.r.c.RepositoryConfigurationDelegate : Bootstrapping Spring Data JPA repositories in DEFAULT mode.
2026-01-14T03:15:01.003+02:00  INFO 36076 --- [  restartedMain] .s.d.r.c.RepositoryConfigurationDelegate : Finished Spring Data repository scanning in 213 ms. Found 18 JPA repository interfaces.
2026-01-14T03:15:01.429+02:00  INFO 36076 --- [  restartedMain] o.s.b.w.embedded.tomcat.TomcatWebServer  : Tomcat initialized with port(s): 720 (http)
2026-01-14T03:15:01.430+02:00  INFO 36076 --- [  restartedMain] o.apache.catalina.core.StandardService   : Starting service [Tomcat]
2026-01-14T03:15:01.430+02:00  INFO 36076 --- [  restartedMain] o.apache.catalina.core.StandardEngine    : Starting Servlet engine: [Apache Tomcat/10.1.13]
2026-01-14T03:15:01.502+02:00  INFO 36076 --- [  restartedMain] o.a.c.c.C.[Tomcat].[localhost].[/]       : Initializing Spring embedded WebApplicationContext
2026-01-14T03:15:01.503+02:00  INFO 36076 --- [  restartedMain] w.s.c.ServletWebServerApplicationContext : Root WebApplicationContext: initialization completed in 3784 ms
2026-01-14T03:15:01.596+02:00  INFO 36076 --- [  restartedMain] o.hibernate.jpa.internal.util.LogHelper  : HHH000204: Processing PersistenceUnitInfo [name: default]
2026-01-14T03:15:01.629+02:00  INFO 36076 --- [  restartedMain] o.h.b.i.BytecodeProviderInitiator        : HHH000021: Bytecode provider name : bytebuddy
2026-01-14T03:15:01.629+02:00  INFO 36076 --- [  restartedMain] o.s.o.j.p.SpringPersistenceUnitInfo      : No LoadTimeWeaver setup: ignoring JPA class transformer
2026-01-14T03:15:01.632+02:00  INFO 36076 --- [  restartedMain] com.zaxxer.hikari.HikariDataSource       : HikariPool-2 - Starting...
2026-01-14T03:15:01.653+02:00  INFO 36076 --- [  restartedMain] com.zaxxer.hikari.pool.HikariPool        : HikariPool-2 - Added connection com.mysql.cj.jdbc.ConnectionImpl@321171f3
2026-01-14T03:15:01.653+02:00  INFO 36076 --- [  restartedMain] com.zaxxer.hikari.HikariDataSource       : HikariPool-2 - Start completed.
2026-01-14T03:15:01.863+02:00  INFO 36076 --- [  restartedMain] o.h.b.i.BytecodeProviderInitiator        : HHH000021: Bytecode provider name : bytebuddy
2026-01-14T03:15:02.941+02:00  INFO 36076 --- [  restartedMain] o.h.e.t.j.p.i.JtaPlatformInitiator       : HHH000490: Using JtaPlatform implementation: [org.hibernate.engine.transaction.jta.platform.internal.NoJtaPlatform]
2026-01-14T03:15:03.539+02:00  INFO 36076 --- [  restartedMain] j.LocalContainerEntityManagerFactoryBean : Initialized JPA EntityManagerFactory for persistence unit 'default'
2026-01-14T03:15:04.179+02:00  INFO 36076 --- [  restartedMain] o.s.boot.web.servlet.RegistrationBean    : Filter tenantContextFilterRegistration was not registered (disabled)
2026-01-14T03:15:04.179+02:00  INFO 36076 --- [  restartedMain] o.s.boot.web.servlet.RegistrationBean    : Filter settingFilterRegistration was not registered (disabled)
2026-01-14T03:15:05.688+02:00  WARN 36076 --- [  restartedMain] JpaBaseConfiguration$JpaWebConfiguration : spring.jpa.open-in-view is enabled by default. Therefore, database queries may be performed during view rendering. Explicitly configure spring.jpa.open-in-view to disable this warning
2026-01-14T03:15:05.766+02:00  INFO 36076 --- [  restartedMain] o.s.b.a.w.s.WelcomePageHandlerMapping    : Adding welcome page template: index
2026-01-14T03:15:06.368+02:00  INFO 36076 --- [  restartedMain] o.s.b.a.e.web.EndpointLinksResolver      : Exposing 1 endpoint(s) beneath base path '/actuator'
2026-01-14T03:15:06.438+02:00  INFO 36076 --- [  restartedMain] o.s.s.web.DefaultSecurityFilterChain     : Will secure any request with [org.springframework.security.web.session.DisableEncodeUrlFilter@6ec14d0e, org.springframework.security.web.session.ForceEagerSessionCreationFilter@64204ebd, org.springframework.security.web.context.request.async.WebAsyncManagerIntegrationFilter@526dce6b, org.springframework.security.web.context.SecurityContextHolderFilter@71550be2, org.springframework.security.web.header.HeaderWriterFilter@369740e0, org.springframework.security.web.csrf.CsrfFilter@2effc992, org.springframework.security.web.authentication.logout.LogoutFilter@3a82ae2c, org.springframework.security.oauth2.client.web.OAuth2AuthorizationRequestRedirectFilter@32c7059e, org.springframework.security.oauth2.client.web.OAuth2LoginAuthenticationFilter@2082cf35, org.springframework.security.web.authentication.UsernamePasswordAuthenticationFilter@11f67caa, com.onlineStoreCom.security.tenant.TenantContextFilter@334468b7, frontEnd.setting.SettingFilter@10717976, org.springframework.security.web.savedrequest.RequestCacheAwareFilter@79c5719e, org.springframework.security.web.servletapi.SecurityContextHolderAwareRequestFilter@75d9ae06, org.springframework.security.web.authentication.rememberme.RememberMeAuthenticationFilter@4c707b06, org.springframework.security.web.authentication.AnonymousAuthenticationFilter@1d0a276b, org.springframework.security.web.session.SessionManagementFilter@21b6f51f, org.springframework.security.web.access.ExceptionTranslationFilter@41792c2a, org.springframework.security.web.access.intercept.AuthorizationFilter@3eaa569d]
2026-01-14T03:15:06.442+02:00  WARN 36076 --- [  restartedMain] o.s.s.c.a.web.builders.WebSecurity       : You are asking Spring Security to ignore Mvc [pattern='/images/**']. This is not recommended -- please use permitAll via HttpSecurity#authorizeHttpRequests instead.
2026-01-14T03:15:06.442+02:00  INFO 36076 --- [  restartedMain] o.s.s.web.DefaultSecurityFilterChain     : Will not secure Mvc [pattern='/images/**']
2026-01-14T03:15:06.448+02:00  WARN 36076 --- [  restartedMain] o.s.s.c.a.web.builders.WebSecurity       : You are asking Spring Security to ignore Mvc [pattern='/js/**']. This is not recommended -- please use permitAll via HttpSecurity#authorizeHttpRequests instead.
2026-01-14T03:15:06.448+02:00  INFO 36076 --- [  restartedMain] o.s.s.web.DefaultSecurityFilterChain     : Will not secure Mvc [pattern='/js/**']
2026-01-14T03:15:06.448+02:00  WARN 36076 --- [  restartedMain] o.s.s.c.a.web.builders.WebSecurity       : You are asking Spring Security to ignore Mvc [pattern='/webjars/**']. This is not recommended -- please use permitAll via HttpSecurity#authorizeHttpRequests instead.
2026-01-14T03:15:06.448+02:00  INFO 36076 --- [  restartedMain] o.s.s.web.DefaultSecurityFilterChain     : Will not secure Mvc [pattern='/webjars/**']
2026-01-14T03:15:06.640+02:00  WARN 36076 --- [  restartedMain] o.s.b.d.a.OptionalLiveReloadServer       : Unable to start LiveReload server
2026-01-14T03:15:06.672+02:00  INFO 36076 --- [  restartedMain] o.s.b.w.embedded.tomcat.TomcatWebServer  : Tomcat started on port(s): 720 (http) with context path ''
2026-01-14T03:15:06.690+02:00  INFO 36076 --- [  restartedMain] frontEnd.FrontEndApplication             : Started FrontEndApplication in 9.093 seconds (process running for 342.454)
2026-01-14T03:15:06.697+02:00  INFO 36076 --- [  restartedMain] .ConditionEvaluationDeltaLoggingListener : Condition evaluation unchanged
2026-01-14T03:16:00.237+02:00  INFO 36076 --- [-nio-720-exec-1] o.a.c.c.C.[Tomcat].[localhost].[/]       : Initializing Spring DispatcherServlet 'dispatcherServlet'
2026-01-14T03:16:00.238+02:00  INFO 36076 --- [-nio-720-exec-1] o.s.web.servlet.DispatcherServlet        : Initializing Servlet 'dispatcherServlet'
2026-01-14T03:16:00.242+02:00  INFO 36076 --- [-nio-720-exec-1] o.s.web.servlet.DispatcherServlet        : Completed initialization in 4 ms
DEBUG: TenantContextFilter processing: /, ServerName: tenant4.localhost
DEBUG: Resolving tenantKey: tenant4
DEBUG: Query Result: 4
COPYRIGHT == > Copyright (C) 2021 by Numan and its affiliates
CURRENCY_ID == > 1
CURRENCY_SYMBOL == > $
CURRENCY_SYMBOL_POSITION == > Before price
DECIMAL_DIGITS == > 2
DECIMAL_POINT_TYPE == > POINT
SITE_LOGO == > /tenants/4/assets/profile/8efe822f44e536affa464ac16a603483.png
SITE_NAME == > Numan Shop
THOUSANDS_POINT_TYPE == > COMMA
? SECURITY ALERT: Data Guard Blocked Access! Current Tenant [4] tried to access data of Tenant [1]
Security guard active: ? SECURITY ALERT: Data Guard Blocked Access! Current Tenant [4] tried to access data of Tenant [1]
DEBUG: TenantContextFilter processing: /, ServerName: tenant4.localhost
DEBUG: Resolving tenantKey: tenant4
DEBUG: Query Result: 4
COPYRIGHT == > Copyright (C) 2021 by Numan and its affiliates
CURRENCY_ID == > 1
CURRENCY_SYMBOL == > $
CURRENCY_SYMBOL_POSITION == > Before price
DECIMAL_DIGITS == > 2
DECIMAL_POINT_TYPE == > POINT
SITE_LOGO == > /tenants/4/assets/profile/8efe822f44e536affa464ac16a603483.png
SITE_NAME == > Numan Shop
THOUSANDS_POINT_TYPE == > COMMA
? SECURITY ALERT: Data Guard Blocked Access! Current Tenant [4] tried to access data of Tenant [1]
Security guard active: ? SECURITY ALERT: Data Guard Blocked Access! Current Tenant [4] tried to access data of Tenant [1]
DEBUG: TenantContextFilter processing: /css/stylesheet.css, ServerName: tenant4.localhost
DEBUG: Resolving tenantKey: tenant4
DEBUG: TenantContextFilter processing: /star-rating/themes/krajee-svg/theme.css, ServerName: tenant4.localhost
DEBUG: Resolving tenantKey: tenant4
DEBUG: TenantContextFilter processing: /fontawesome/all.css, ServerName: tenant4.localhost
DEBUG: Resolving tenantKey: tenant4
DEBUG: TenantContextFilter processing: /star-rating/css/star-rating.css, ServerName: tenant4.localhost
DEBUG: Resolving tenantKey: tenant4
DEBUG: Query Result: 4
DEBUG: Query Result: 4
DEBUG: Query Result: 4
DEBUG: Query Result: 4
DEBUG: TenantContextFilter processing: /star-rating/js/star-rating.js, ServerName: tenant4.localhost
DEBUG: Resolving tenantKey: tenant4
DEBUG: Query Result: 4
DEBUG: TenantContextFilter processing: /star-rating/themes/krajee-svg/theme.js, ServerName: tenant4.localhost
DEBUG: Resolving tenantKey: tenant4
DEBUG: Query Result: 4
DEBUG: TenantContextFilter processing: /tenants/4/assets/profile/8efe822f44e536affa464ac16a603483.png, ServerName: tenant4.localhost
DEBUG: Resolving tenantKey: tenant4
DEBUG: Query Result: 4
DEBUG: TenantContextFilter processing: /favicon.ico, ServerName: tenant4.localhost
DEBUG: Resolving tenantKey: tenant4
DEBUG: Query Result: 4
COPYRIGHT == > Copyright (C) 2021 by Numan and its affiliates
CURRENCY_ID == > 1
CURRENCY_SYMBOL == > $
CURRENCY_SYMBOL_POSITION == > Before price
DECIMAL_DIGITS == > 2
DECIMAL_POINT_TYPE == > POINT
SITE_LOGO == > /tenants/4/assets/profile/8efe822f44e536affa464ac16a603483.png
SITE_NAME == > Numan Shop
THOUSANDS_POINT_TYPE == > COMMA
DEBUG: TenantContextFilter processing: /, ServerName: tenant4.localhost
DEBUG: Resolving tenantKey: tenant4
DEBUG: Query Result: 4
COPYRIGHT == > Copyright (C) 2021 by Numan and its affiliates
CURRENCY_ID == > 1
CURRENCY_SYMBOL == > $
CURRENCY_SYMBOL_POSITION == > Before price
DECIMAL_DIGITS == > 2
DECIMAL_POINT_TYPE == > POINT
SITE_LOGO == > /tenants/4/assets/profile/8efe822f44e536affa464ac16a603483.png
SITE_NAME == > Numan Shop
THOUSANDS_POINT_TYPE == > COMMA
? SECURITY ALERT: Data Guard Blocked Access! Current Tenant [4] tried to access data of Tenant [1]
Security guard active: ? SECURITY ALERT: Data Guard Blocked Access! Current Tenant [4] tried to access data of Tenant [1]
DEBUG: TenantContextFilter processing: /css/stylesheet.css, ServerName: tenant4.localhost
DEBUG: Resolving tenantKey: tenant4
DEBUG: TenantContextFilter processing: /fontawesome/all.css, ServerName: tenant4.localhost
DEBUG: Resolving tenantKey: tenant4
DEBUG: Query Result: 4
DEBUG: Query Result: 4
DEBUG: TenantContextFilter processing: /star-rating/css/star-rating.css, ServerName: tenant4.localhost
DEBUG: Resolving tenantKey: tenant4
DEBUG: TenantContextFilter processing: /star-rating/themes/krajee-svg/theme.css, ServerName: tenant4.localhost
DEBUG: Resolving tenantKey: tenant4
DEBUG: Query Result: 4
DEBUG: Query Result: 4
DEBUG: TenantContextFilter processing: /star-rating/js/star-rating.js, ServerName: tenant4.localhost
DEBUG: Resolving tenantKey: tenant4
DEBUG: Query Result: 4
DEBUG: TenantContextFilter processing: /star-rating/themes/krajee-svg/theme.js, ServerName: tenant4.localhost
DEBUG: Resolving tenantKey: tenant4
DEBUG: Query Result: 4
DEBUG: TenantContextFilter processing: /tenants/4/assets/profile/8efe822f44e536affa464ac16a603483.png, ServerName: tenant4.localhost
DEBUG: Resolving tenantKey: tenant4
DEBUG: Query Result: 4
[INFO] ------------------------------------------------------------------------
[INFO] BUILD FAILURE
[INFO] ------------------------------------------------------------------------
[INFO] Total time:  08:03 min
[INFO] Finished at: 2026-01-14T03:17:19+02:00
[INFO] ------------------------------------------------------------------------
[ERROR] Failed to execute goal org.springframework.boot:spring-boot-maven-plugin:3.1.4:run (default-cli) on project FrontEnd: Process terminated with exit code: 1 -> [Help 1]
[ERROR] 
[ERROR] To see the full stack trace of the errors, re-run Maven with the -e switch.
[ERROR] Re-run Maven using the -X switch to enable full debug logging.
[ERROR] 
[ERROR] For more information about the errors and possible solutions, please read the following articles:
[ERROR] [Help 1] http://cwiki.apache.org/confluence/display/MAVEN/MojoExecutionException
