[INFO] Scanning for projects...
[INFO] 
[INFO] ----------------------< com.onlineStore:FrontEnd >----------------------
[INFO] Building FrontEnd 0.0.1-SNAPSHOT
[INFO]   from pom.xml
[INFO] --------------------------------[ jar ]---------------------------------
[INFO] 
[INFO] >>> spring-boot:3.1.4:run (default-cli) > test-compile @ FrontEnd >>>
[INFO] 
[INFO] --- resources:3.3.1:resources (default-resources) @ FrontEnd ---
[INFO] Copying 1 resource from src\main\resources to target\classes
[INFO] Copying 160 resources from src\main\resources to target\classes
[INFO] 
[INFO] --- compiler:3.11.0:compile (default-compile) @ FrontEnd ---
[INFO] Changes detected - recompiling the module! :source
[INFO] Compiling 97 source files with javac [debug release 19] to target\classes
[INFO] 
[INFO] --- resources:3.3.1:testResources (default-testResources) @ FrontEnd ---
[INFO] skip non existing resourceDirectory C:\Users\enoam\OneDrive\onlineStore\onlineStore\webParent\FrontEnd\src\test\resources
[INFO] 
[INFO] --- compiler:3.11.0:testCompile (default-testCompile) @ FrontEnd ---
[INFO] Changes detected - recompiling the module! :dependency
[INFO] Compiling 27 source files with javac [debug release 19] to target\test-classes
[INFO] 
[INFO] <<< spring-boot:3.1.4:run (default-cli) < test-compile @ FrontEnd <<<
[INFO] 
[INFO] 
[INFO] --- spring-boot:3.1.4:run (default-cli) @ FrontEnd ---
[INFO] Attaching agents: []

  .   ____          _            __ _ _
 /\\ / ___'_ __ _ _(_)_ __  __ _ \ \ \ \
( ( )\___ | '_ | '_| | '_ \/ _` | \ \ \ \
 \\/  ___)| |_)| | | | | || (_| |  ) ) ) )
  '  |____| .__|_| |_|_| |_\__, | / / / /
 =========|_|==============|___/=/_/_/_/
 :: Spring Boot ::                (v3.1.4)

2026-01-14T02:47:05.587+02:00  INFO 30632 --- [  restartedMain] frontEnd.FrontEndApplication             : Starting FrontEndApplication using Java 19.0.1 with PID 30632 (C:\Users\enoam\OneDrive\onlineStore\onlineStore\webParent\FrontEnd\target\classes started by enoam in C:\Users\enoam\OneDrive\onlineStore\onlineStore\webParent\FrontEnd)
2026-01-14T02:47:05.589+02:00  INFO 30632 --- [  restartedMain] frontEnd.FrontEndApplication             : The following 1 profile is active: "default"
2026-01-14T02:47:05.655+02:00  INFO 30632 --- [  restartedMain] .e.DevToolsPropertyDefaultsPostProcessor : Devtools property defaults active! Set 'spring.devtools.add-properties' to 'false' to disable
2026-01-14T02:47:05.655+02:00  INFO 30632 --- [  restartedMain] .e.DevToolsPropertyDefaultsPostProcessor : For additional web related logging consider setting the 'logging.level.web' property to 'DEBUG'
2026-01-14T02:47:06.891+02:00  INFO 30632 --- [  restartedMain] .s.d.r.c.RepositoryConfigurationDelegate : Bootstrapping Spring Data JPA repositories in DEFAULT mode.
2026-01-14T02:47:06.987+02:00  INFO 30632 --- [  restartedMain] .s.d.r.c.RepositoryConfigurationDelegate : Finished Spring Data repository scanning in 90 ms. Found 18 JPA repository interfaces.
2026-01-14T02:47:07.824+02:00  INFO 30632 --- [  restartedMain] o.s.b.w.embedded.tomcat.TomcatWebServer  : Tomcat initialized with port(s): 720 (http)
2026-01-14T02:47:07.836+02:00  INFO 30632 --- [  restartedMain] o.apache.catalina.core.StandardService   : Starting service [Tomcat]
2026-01-14T02:47:07.836+02:00  INFO 30632 --- [  restartedMain] o.apache.catalina.core.StandardEngine    : Starting Servlet engine: [Apache Tomcat/10.1.13]
2026-01-14T02:47:07.974+02:00  INFO 30632 --- [  restartedMain] o.a.c.c.C.[Tomcat].[localhost].[/]       : Initializing Spring embedded WebApplicationContext
2026-01-14T02:47:07.975+02:00  INFO 30632 --- [  restartedMain] w.s.c.ServletWebServerApplicationContext : Root WebApplicationContext: initialization completed in 2319 ms
2026-01-14T02:47:08.158+02:00  INFO 30632 --- [  restartedMain] o.hibernate.jpa.internal.util.LogHelper  : HHH000204: Processing PersistenceUnitInfo [name: default]
2026-01-14T02:47:08.252+02:00  INFO 30632 --- [  restartedMain] org.hibernate.Version                    : HHH000412: Hibernate ORM core version 6.2.9.Final
2026-01-14T02:47:08.256+02:00  INFO 30632 --- [  restartedMain] org.hibernate.cfg.Environment            : HHH000406: Using bytecode reflection optimizer
2026-01-14T02:47:08.523+02:00  INFO 30632 --- [  restartedMain] o.h.b.i.BytecodeProviderInitiator        : HHH000021: Bytecode provider name : bytebuddy
2026-01-14T02:47:08.723+02:00  INFO 30632 --- [  restartedMain] o.s.o.j.p.SpringPersistenceUnitInfo      : No LoadTimeWeaver setup: ignoring JPA class transformer
2026-01-14T02:47:08.752+02:00  INFO 30632 --- [  restartedMain] com.zaxxer.hikari.HikariDataSource       : HikariPool-1 - Starting...
2026-01-14T02:47:09.238+02:00  INFO 30632 --- [  restartedMain] com.zaxxer.hikari.pool.HikariPool        : HikariPool-1 - Added connection com.mysql.cj.jdbc.ConnectionImpl@63072730
2026-01-14T02:47:09.243+02:00  INFO 30632 --- [  restartedMain] com.zaxxer.hikari.HikariDataSource       : HikariPool-1 - Start completed.
2026-01-14T02:47:10.144+02:00  INFO 30632 --- [  restartedMain] o.h.b.i.BytecodeProviderInitiator        : HHH000021: Bytecode provider name : bytebuddy
2026-01-14T02:47:12.212+02:00  INFO 30632 --- [  restartedMain] o.h.e.t.j.p.i.JtaPlatformInitiator       : HHH000490: Using JtaPlatform implementation: [org.hibernate.engine.transaction.jta.platform.internal.NoJtaPlatform]
2026-01-14T02:47:12.824+02:00  INFO 30632 --- [  restartedMain] j.LocalContainerEntityManagerFactoryBean : Initialized JPA EntityManagerFactory for persistence unit 'default'
2026-01-14T02:47:13.333+02:00  INFO 30632 --- [  restartedMain] o.s.d.j.r.query.QueryEnhancerFactory     : Hibernate is in classpath; If applicable, HQL parser will be used.
2026-01-14T02:47:14.069+02:00  INFO 30632 --- [  restartedMain] o.s.boot.web.servlet.RegistrationBean    : Filter tenantContextFilterRegistration was not registered (disabled)
2026-01-14T02:47:14.069+02:00  INFO 30632 --- [  restartedMain] o.s.boot.web.servlet.RegistrationBean    : Filter settingFilterRegistration was not registered (disabled)
2026-01-14T02:47:15.915+02:00  WARN 30632 --- [  restartedMain] JpaBaseConfiguration$JpaWebConfiguration : spring.jpa.open-in-view is enabled by default. Therefore, database queries may be performed during view rendering. Explicitly configure spring.jpa.open-in-view to disable this warning
2026-01-14T02:47:16.086+02:00  INFO 30632 --- [  restartedMain] o.s.b.a.w.s.WelcomePageHandlerMapping    : Adding welcome page template: index
2026-01-14T02:47:17.187+02:00  INFO 30632 --- [  restartedMain] o.s.b.a.e.web.EndpointLinksResolver      : Exposing 1 endpoint(s) beneath base path '/actuator'
2026-01-14T02:47:17.294+02:00  INFO 30632 --- [  restartedMain] o.s.s.web.DefaultSecurityFilterChain     : Will secure any request with [org.springframework.security.web.session.DisableEncodeUrlFilter@5e0233b3, org.springframework.security.web.session.ForceEagerSessionCreationFilter@7ed4b458, org.springframework.security.web.context.request.async.WebAsyncManagerIntegrationFilter@4ecb1048, org.springframework.security.web.context.SecurityContextHolderFilter@234a01fc, org.springframework.security.web.header.HeaderWriterFilter@65e81051, org.springframework.security.web.csrf.CsrfFilter@2e59c61b, org.springframework.security.web.authentication.logout.LogoutFilter@7dbf25ec, org.springframework.security.oauth2.client.web.OAuth2AuthorizationRequestRedirectFilter@558a14f0, org.springframework.security.oauth2.client.web.OAuth2LoginAuthenticationFilter@628cc5e1, org.springframework.security.web.authentication.UsernamePasswordAuthenticationFilter@389c7656, com.onlineStoreCom.security.tenant.TenantContextFilter@47cd7607, frontEnd.setting.SettingFilter@6c73eda6, org.springframework.security.web.savedrequest.RequestCacheAwareFilter@79125e57, org.springframework.security.web.servletapi.SecurityContextHolderAwareRequestFilter@48c2570b, org.springframework.security.web.authentication.rememberme.RememberMeAuthenticationFilter@5f8df44e, org.springframework.security.web.authentication.AnonymousAuthenticationFilter@3e2894d4, org.springframework.security.web.session.SessionManagementFilter@63cc471b, org.springframework.security.web.access.ExceptionTranslationFilter@69a97e9a, org.springframework.security.web.access.intercept.AuthorizationFilter@77fa1e49]
2026-01-14T02:47:17.296+02:00  WARN 30632 --- [  restartedMain] o.s.s.c.a.web.builders.WebSecurity       : You are asking Spring Security to ignore Mvc [pattern='/images/**']. This is not recommended -- please use permitAll via HttpSecurity#authorizeHttpRequests instead.
2026-01-14T02:47:17.296+02:00  INFO 30632 --- [  restartedMain] o.s.s.web.DefaultSecurityFilterChain     : Will not secure Mvc [pattern='/images/**']
2026-01-14T02:47:17.296+02:00  WARN 30632 --- [  restartedMain] o.s.s.c.a.web.builders.WebSecurity       : You are asking Spring Security to ignore Mvc [pattern='/js/**']. This is not recommended -- please use permitAll via HttpSecurity#authorizeHttpRequests instead.
2026-01-14T02:47:17.296+02:00  INFO 30632 --- [  restartedMain] o.s.s.web.DefaultSecurityFilterChain     : Will not secure Mvc [pattern='/js/**']
2026-01-14T02:47:17.296+02:00  WARN 30632 --- [  restartedMain] o.s.s.c.a.web.builders.WebSecurity       : You are asking Spring Security to ignore Mvc [pattern='/webjars/**']. This is not recommended -- please use permitAll via HttpSecurity#authorizeHttpRequests instead.
2026-01-14T02:47:17.296+02:00  INFO 30632 --- [  restartedMain] o.s.s.web.DefaultSecurityFilterChain     : Will not secure Mvc [pattern='/webjars/**']
2026-01-14T02:47:17.741+02:00  WARN 30632 --- [  restartedMain] o.s.b.d.a.OptionalLiveReloadServer       : Unable to start LiveReload server
2026-01-14T02:47:17.838+02:00  INFO 30632 --- [  restartedMain] o.s.b.w.embedded.tomcat.TomcatWebServer  : Tomcat started on port(s): 720 (http) with context path ''
2026-01-14T02:47:17.867+02:00  INFO 30632 --- [  restartedMain] frontEnd.FrontEndApplication             : Started FrontEndApplication in 12.696 seconds (process running for 13.297)
2026-01-14T02:48:14.019+02:00  INFO 30632 --- [-nio-720-exec-1] o.a.c.c.C.[Tomcat].[localhost].[/]       : Initializing Spring DispatcherServlet 'dispatcherServlet'
2026-01-14T02:48:14.021+02:00  INFO 30632 --- [-nio-720-exec-1] o.s.web.servlet.DispatcherServlet        : Initializing Servlet 'dispatcherServlet'
2026-01-14T02:48:14.023+02:00  INFO 30632 --- [-nio-720-exec-1] o.s.web.servlet.DispatcherServlet        : Completed initialization in 2 ms
DEBUG: TenantContextFilter processing: /, ServerName: hotel.localhost
DEBUG: Resolving tenantKey: hotel
DEBUG: Query Result: 5
SITE_NAME == > Store - Hotel Booking
SITE_LOGO == > /tenants/5/assets/profile/8c02662811277bacd09ea2389c572119.png
COPYRIGHT == > Copyright (C) 2026 Hotel Booking
CURRENCY_ID == > 1
CURRENCY_SYMBOL == > $
CURRENCY_SYMBOL_POSITION == > Before price
DECIMAL_POINT_TYPE == > POINT
DECIMAL_DIGITS == > 2
THOUSANDS_POINT_TYPE == > COMMA
? SECURITY ALERT: Data Guard Blocked Access! Current Tenant [5] tried to access data of Tenant [1]
Security guard active: ? SECURITY ALERT: Data Guard Blocked Access! Current Tenant [5] tried to access data of Tenant [1]
DEBUG: TenantContextFilter processing: /, ServerName: tenant4.localhost
DEBUG: Resolving tenantKey: tenant4
DEBUG: Query Result: 4
COPYRIGHT == > Copyright (C) 2021 by Numan and its affiliates
CURRENCY_ID == > 1
CURRENCY_SYMBOL == > $
CURRENCY_SYMBOL_POSITION == > Before price
DECIMAL_DIGITS == > 2
DECIMAL_POINT_TYPE == > POINT
SITE_LOGO == > /tenants/4/assets/profile/8efe822f44e536affa464ac16a603483.png
SITE_NAME == > Numan Shop
THOUSANDS_POINT_TYPE == > COMMA
? SECURITY ALERT: Data Guard Blocked Access! Current Tenant [4] tried to access data of Tenant [1]
Security guard active: ? SECURITY ALERT: Data Guard Blocked Access! Current Tenant [4] tried to access data of Tenant [1]
DEBUG: TenantContextFilter processing: /star-rating/themes/krajee-svg/theme.css, ServerName: tenant4.localhost
DEBUG: Resolving tenantKey: tenant4
DEBUG: TenantContextFilter processing: /fontawesome/all.css, ServerName: tenant4.localhost
DEBUG: Resolving tenantKey: tenant4
DEBUG: Query Result: 4
DEBUG: Query Result: 4
DEBUG: TenantContextFilter processing: /css/stylesheet.css, ServerName: tenant4.localhost
DEBUG: Resolving tenantKey: tenant4
DEBUG: TenantContextFilter processing: /star-rating/css/star-rating.css, ServerName: tenant4.localhost
DEBUG: Resolving tenantKey: tenant4
DEBUG: Query Result: 4
DEBUG: Query Result: 4
DEBUG: TenantContextFilter processing: /star-rating/js/star-rating.js, ServerName: tenant4.localhost
DEBUG: Resolving tenantKey: tenant4
DEBUG: Query Result: 4
DEBUG: TenantContextFilter processing: /tenants/4/assets/profile/8efe822f44e536affa464ac16a603483.png, ServerName: tenant4.localhost
DEBUG: Resolving tenantKey: tenant4
DEBUG: TenantContextFilter processing: /star-rating/themes/krajee-svg/theme.js, ServerName: tenant4.localhost
DEBUG: Resolving tenantKey: tenant4
DEBUG: Query Result: 4
DEBUG: Query Result: 4
DEBUG: TenantContextFilter processing: /webfonts/fa-solid-900.woff2, ServerName: tenant4.localhost
DEBUG: Resolving tenantKey: tenant4
DEBUG: Query Result: 4
COPYRIGHT == > Copyright (C) 2021 by Numan and its affiliates
CURRENCY_ID == > 1
CURRENCY_SYMBOL == > $
CURRENCY_SYMBOL_POSITION == > Before price
DECIMAL_DIGITS == > 2
DECIMAL_POINT_TYPE == > POINT
SITE_LOGO == > /tenants/4/assets/profile/8efe822f44e536affa464ac16a603483.png
SITE_NAME == > Numan Shop
THOUSANDS_POINT_TYPE == > COMMA
DEBUG: TenantContextFilter processing: /favicon.ico, ServerName: tenant4.localhost
DEBUG: Resolving tenantKey: tenant4
DEBUG: Query Result: 4
COPYRIGHT == > Copyright (C) 2021 by Numan and its affiliates
CURRENCY_ID == > 1
CURRENCY_SYMBOL == > $
CURRENCY_SYMBOL_POSITION == > Before price
DECIMAL_DIGITS == > 2
DECIMAL_POINT_TYPE == > POINT
SITE_LOGO == > /tenants/4/assets/profile/8efe822f44e536affa464ac16a603483.png
SITE_NAME == > Numan Shop
THOUSANDS_POINT_TYPE == > COMMA
DEBUG: TenantContextFilter processing: /, ServerName: tenant4.localhost
DEBUG: Resolving tenantKey: tenant4
DEBUG: Query Result: 4
COPYRIGHT == > Copyright (C) 2021 by Numan and its affiliates
CURRENCY_ID == > 1
CURRENCY_SYMBOL == > $
CURRENCY_SYMBOL_POSITION == > Before price
DECIMAL_DIGITS == > 2
DECIMAL_POINT_TYPE == > POINT
SITE_LOGO == > /tenants/4/assets/profile/8efe822f44e536affa464ac16a603483.png
SITE_NAME == > Numan Shop
THOUSANDS_POINT_TYPE == > COMMA
? SECURITY ALERT: Data Guard Blocked Access! Current Tenant [4] tried to access data of Tenant [1]
Security guard active: ? SECURITY ALERT: Data Guard Blocked Access! Current Tenant [4] tried to access data of Tenant [1]
DEBUG: TenantContextFilter processing: /fontawesome/all.css, ServerName: tenant4.localhost
DEBUG: Resolving tenantKey: tenant4
DEBUG: TenantContextFilter processing: /css/stylesheet.css, ServerName: tenant4.localhost
DEBUG: Resolving tenantKey: tenant4
DEBUG: Query Result: 4
DEBUG: Query Result: 4
DEBUG: TenantContextFilter processing: /star-rating/themes/krajee-svg/theme.css, ServerName: tenant4.localhost
DEBUG: Resolving tenantKey: tenant4
DEBUG: Query Result: 4
DEBUG: TenantContextFilter processing: /star-rating/css/star-rating.css, ServerName: tenant4.localhost
DEBUG: Resolving tenantKey: tenant4
DEBUG: Query Result: 4
DEBUG: TenantContextFilter processing: /star-rating/js/star-rating.js, ServerName: tenant4.localhost
DEBUG: Resolving tenantKey: tenant4
DEBUG: TenantContextFilter processing: /star-rating/themes/krajee-svg/theme.js, ServerName: tenant4.localhost
DEBUG: Resolving tenantKey: tenant4
DEBUG: Query Result: 4
DEBUG: Query Result: 4
DEBUG: TenantContextFilter processing: /tenants/4/assets/profile/8efe822f44e536affa464ac16a603483.png, ServerName: tenant4.localhost
DEBUG: Resolving tenantKey: tenant4
DEBUG: Query Result: 4
DEBUG: TenantContextFilter processing: /webfonts/fa-solid-900.woff2, ServerName: tenant4.localhost
DEBUG: Resolving tenantKey: tenant4
DEBUG: Query Result: 4
COPYRIGHT == > Copyright (C) 2021 by Numan and its affiliates
CURRENCY_ID == > 1
CURRENCY_SYMBOL == > $
CURRENCY_SYMBOL_POSITION == > Before price
DECIMAL_DIGITS == > 2
DECIMAL_POINT_TYPE == > POINT
SITE_LOGO == > /tenants/4/assets/profile/8efe822f44e536affa464ac16a603483.png
SITE_NAME == > Numan Shop
THOUSANDS_POINT_TYPE == > COMMA
DEBUG: TenantContextFilter processing: /favicon.ico, ServerName: tenant4.localhost
DEBUG: Resolving tenantKey: tenant4
DEBUG: Query Result: 4
COPYRIGHT == > Copyright (C) 2021 by Numan and its affiliates
CURRENCY_ID == > 1
CURRENCY_SYMBOL == > $
CURRENCY_SYMBOL_POSITION == > Before price
DECIMAL_DIGITS == > 2
DECIMAL_POINT_TYPE == > POINT
SITE_LOGO == > /tenants/4/assets/profile/8efe822f44e536affa464ac16a603483.png
SITE_NAME == > Numan Shop
THOUSANDS_POINT_TYPE == > COMMA
DEBUG: TenantContextFilter processing: /, ServerName: tenant4.localhost
DEBUG: Resolving tenantKey: tenant4
DEBUG: Query Result: 4
COPYRIGHT == > Copyright (C) 2021 by Numan and its affiliates
CURRENCY_ID == > 1
CURRENCY_SYMBOL == > $
CURRENCY_SYMBOL_POSITION == > Before price
DECIMAL_DIGITS == > 2
DECIMAL_POINT_TYPE == > POINT
SITE_LOGO == > /tenants/4/assets/profile/8efe822f44e536affa464ac16a603483.png
SITE_NAME == > Numan Shop
THOUSANDS_POINT_TYPE == > COMMA
? SECURITY ALERT: Data Guard Blocked Access! Current Tenant [4] tried to access data of Tenant [1]
Security guard active: ? SECURITY ALERT: Data Guard Blocked Access! Current Tenant [4] tried to access data of Tenant [1]
DEBUG: TenantContextFilter processing: /star-rating/css/star-rating.css, ServerName: tenant4.localhost
DEBUG: Resolving tenantKey: tenant4
DEBUG: TenantContextFilter processing: /css/stylesheet.css, ServerName: tenant4.localhost
DEBUG: Resolving tenantKey: tenant4
DEBUG: TenantContextFilter processing: /fontawesome/all.css, ServerName: tenant4.localhost
DEBUG: Resolving tenantKey: tenant4
DEBUG: Query Result: 4
DEBUG: Query Result: 4
DEBUG: TenantContextFilter processing: /star-rating/themes/krajee-svg/theme.css, ServerName: tenant4.localhost
DEBUG: Resolving tenantKey: tenant4
DEBUG: Query Result: 4
DEBUG: Query Result: 4
DEBUG: TenantContextFilter processing: /star-rating/js/star-rating.js, ServerName: tenant4.localhost
DEBUG: Resolving tenantKey: tenant4
DEBUG: Query Result: 4
DEBUG: TenantContextFilter processing: /star-rating/themes/krajee-svg/theme.js, ServerName: tenant4.localhost
DEBUG: Resolving tenantKey: tenant4
DEBUG: Query Result: 4
DEBUG: TenantContextFilter processing: /tenants/4/assets/profile/8efe822f44e536affa464ac16a603483.png, ServerName: tenant4.localhost
DEBUG: Resolving tenantKey: tenant4
DEBUG: Query Result: 4
DEBUG: TenantContextFilter processing: /webfonts/fa-solid-900.woff2, ServerName: tenant4.localhost
DEBUG: Resolving tenantKey: tenant4
DEBUG: Query Result: 4
COPYRIGHT == > Copyright (C) 2021 by Numan and its affiliates
CURRENCY_ID == > 1
CURRENCY_SYMBOL == > $
CURRENCY_SYMBOL_POSITION == > Before price
DECIMAL_DIGITS == > 2
DECIMAL_POINT_TYPE == > POINT
SITE_LOGO == > /tenants/4/assets/profile/8efe822f44e536affa464ac16a603483.png
SITE_NAME == > Numan Shop
THOUSANDS_POINT_TYPE == > COMMA
DEBUG: TenantContextFilter processing: /favicon.ico, ServerName: tenant4.localhost
DEBUG: Resolving tenantKey: tenant4
DEBUG: Query Result: 4
COPYRIGHT == > Copyright (C) 2021 by Numan and its affiliates
CURRENCY_ID == > 1
CURRENCY_SYMBOL == > $
CURRENCY_SYMBOL_POSITION == > Before price
DECIMAL_DIGITS == > 2
DECIMAL_POINT_TYPE == > POINT
SITE_LOGO == > /tenants/4/assets/profile/8efe822f44e536affa464ac16a603483.png
SITE_NAME == > Numan Shop
THOUSANDS_POINT_TYPE == > COMMA
DEBUG: TenantContextFilter processing: /, ServerName: tenant4.localhost
DEBUG: Resolving tenantKey: tenant4
DEBUG: Query Result: 4
COPYRIGHT == > Copyright (C) 2021 by Numan and its affiliates
CURRENCY_ID == > 1
CURRENCY_SYMBOL == > $
CURRENCY_SYMBOL_POSITION == > Before price
DECIMAL_DIGITS == > 2
DECIMAL_POINT_TYPE == > POINT
SITE_LOGO == > /tenants/4/assets/profile/8efe822f44e536affa464ac16a603483.png
SITE_NAME == > Numan Shop
THOUSANDS_POINT_TYPE == > COMMA
? SECURITY ALERT: Data Guard Blocked Access! Current Tenant [4] tried to access data of Tenant [1]
Security guard active: ? SECURITY ALERT: Data Guard Blocked Access! Current Tenant [4] tried to access data of Tenant [1]
DEBUG: TenantContextFilter processing: /fontawesome/all.css, ServerName: tenant4.localhost
DEBUG: Resolving tenantKey: tenant4
DEBUG: Query Result: 4
DEBUG: TenantContextFilter processing: /css/stylesheet.css, ServerName: tenant4.localhost
DEBUG: Resolving tenantKey: tenant4
DEBUG: Query Result: 4
DEBUG: TenantContextFilter processing: /star-rating/css/star-rating.css, ServerName: tenant4.localhost
DEBUG: Resolving tenantKey: tenant4
DEBUG: Query Result: 4
DEBUG: TenantContextFilter processing: /star-rating/themes/krajee-svg/theme.css, ServerName: tenant4.localhost
DEBUG: Resolving tenantKey: tenant4
DEBUG: Query Result: 4
DEBUG: TenantContextFilter processing: /star-rating/js/star-rating.js, ServerName: tenant4.localhost
DEBUG: Resolving tenantKey: tenant4
DEBUG: Query Result: 4
DEBUG: TenantContextFilter processing: /star-rating/themes/krajee-svg/theme.js, ServerName: tenant4.localhost
DEBUG: Resolving tenantKey: tenant4
DEBUG: TenantContextFilter processing: /tenants/4/assets/profile/8efe822f44e536affa464ac16a603483.png, ServerName: tenant4.localhost
DEBUG: Resolving tenantKey: tenant4
DEBUG: Query Result: 4
DEBUG: Query Result: 4
DEBUG: TenantContextFilter processing: /webfonts/fa-solid-900.woff2, ServerName: tenant4.localhost
DEBUG: Resolving tenantKey: tenant4
DEBUG: Query Result: 4
COPYRIGHT == > Copyright (C) 2021 by Numan and its affiliates
CURRENCY_ID == > 1
CURRENCY_SYMBOL == > $
CURRENCY_SYMBOL_POSITION == > Before price
DECIMAL_DIGITS == > 2
DECIMAL_POINT_TYPE == > POINT
SITE_LOGO == > /tenants/4/assets/profile/8efe822f44e536affa464ac16a603483.png
SITE_NAME == > Numan Shop
THOUSANDS_POINT_TYPE == > COMMA
DEBUG: TenantContextFilter processing: /, ServerName: tenant4.localhost
DEBUG: Resolving tenantKey: tenant4
DEBUG: Query Result: 4
COPYRIGHT == > Copyright (C) 2021 by Numan and its affiliates
CURRENCY_ID == > 1
CURRENCY_SYMBOL == > $
CURRENCY_SYMBOL_POSITION == > Before price
DECIMAL_DIGITS == > 2
DECIMAL_POINT_TYPE == > POINT
SITE_LOGO == > /tenants/4/assets/profile/8efe822f44e536affa464ac16a603483.png
SITE_NAME == > Numan Shop
THOUSANDS_POINT_TYPE == > COMMA
? SECURITY ALERT: Data Guard Blocked Access! Current Tenant [4] tried to access data of Tenant [1]
Security guard active: ? SECURITY ALERT: Data Guard Blocked Access! Current Tenant [4] tried to access data of Tenant [1]
2026-01-14T02:51:08.000+02:00  INFO 30632 --- [   File Watcher] rtingClassPathChangeChangedEventListener : Restarting due to 1 class path change (0 additions, 0 deletions, 1 modification)
2026-01-14T02:51:08.018+02:00  INFO 30632 --- [       Thread-1] o.apache.catalina.core.StandardService   : Stopping service [Tomcat]
2026-01-14T02:51:08.020+02:00  INFO 30632 --- [       Thread-1] o.a.c.c.C.[Tomcat].[localhost].[/]       : Destroying Spring FrameworkServlet 'dispatcherServlet'
2026-01-14T02:51:08.026+02:00  WARN 30632 --- [       Thread-1] o.a.c.loader.WebappClassLoaderBase       : The web application [ROOT] appears to have started a thread named [HikariPool-1 housekeeper] but has failed to stop it. This is very likely to create a memory leak. Stack trace of thread:
 java.base/jdk.internal.misc.Unsafe.park(Native Method)
 java.base/java.util.concurrent.locks.LockSupport.parkNanos(LockSupport.java:269)
 java.base/java.util.concurrent.locks.AbstractQueuedSynchronizer$ConditionObject.awaitNanos(AbstractQueuedSynchronizer.java:1674)
 java.base/java.util.concurrent.ScheduledThreadPoolExecutor$DelayedWorkQueue.take(ScheduledThreadPoolExecutor.java:1182)
 java.base/java.util.concurrent.ScheduledThreadPoolExecutor$DelayedWorkQueue.take(ScheduledThreadPoolExecutor.java:899)
 java.base/java.util.concurrent.ThreadPoolExecutor.getTask(ThreadPoolExecutor.java:1070)
 java.base/java.util.concurrent.ThreadPoolExecutor.runWorker(ThreadPoolExecutor.java:1130)
 java.base/java.util.concurrent.ThreadPoolExecutor$Worker.run(ThreadPoolExecutor.java:642)
 java.base/java.lang.Thread.run(Thread.java:1589)
2026-01-14T02:51:08.036+02:00  INFO 30632 --- [       Thread-1] j.LocalContainerEntityManagerFactoryBean : Closing JPA EntityManagerFactory for persistence unit 'default'
2026-01-14T02:51:08.041+02:00  INFO 30632 --- [       Thread-1] com.zaxxer.hikari.HikariDataSource       : HikariPool-1 - Shutdown initiated...
2026-01-14T02:51:08.046+02:00  INFO 30632 --- [       Thread-1] com.zaxxer.hikari.HikariDataSource       : HikariPool-1 - Shutdown completed.

  .   ____          _            __ _ _
 /\\ / ___'_ __ _ _(_)_ __  __ _ \ \ \ \
( ( )\___ | '_ | '_| | '_ \/ _` | \ \ \ \
 \\/  ___)| |_)| | | | | || (_| |  ) ) ) )
  '  |____| .__|_| |_|_| |_\__, | / / / /
 =========|_|==============|___/=/_/_/_/
 :: Spring Boot ::                (v3.1.4)

2026-01-14T02:51:08.154+02:00  INFO 30632 --- [  restartedMain] frontEnd.FrontEndApplication             : Starting FrontEndApplication using Java 19.0.1 with PID 30632 (C:\Users\enoam\OneDrive\onlineStore\onlineStore\webParent\FrontEnd\target\classes started by enoam in C:\Users\enoam\OneDrive\onlineStore\onlineStore\webParent\FrontEnd)
2026-01-14T02:51:08.154+02:00  INFO 30632 --- [  restartedMain] frontEnd.FrontEndApplication             : The following 1 profile is active: "default"
2026-01-14T02:51:08.765+02:00  INFO 30632 --- [  restartedMain] .s.d.r.c.RepositoryConfigurationDelegate : Bootstrapping Spring Data JPA repositories in DEFAULT mode.
2026-01-14T02:51:08.819+02:00  INFO 30632 --- [  restartedMain] .s.d.r.c.RepositoryConfigurationDelegate : Finished Spring Data repository scanning in 54 ms. Found 18 JPA repository interfaces.
2026-01-14T02:51:08.964+02:00  INFO 30632 --- [  restartedMain] o.s.b.w.embedded.tomcat.TomcatWebServer  : Tomcat initialized with port(s): 720 (http)
2026-01-14T02:51:08.967+02:00  INFO 30632 --- [  restartedMain] o.apache.catalina.core.StandardService   : Starting service [Tomcat]
2026-01-14T02:51:08.967+02:00  INFO 30632 --- [  restartedMain] o.apache.catalina.core.StandardEngine    : Starting Servlet engine: [Apache Tomcat/10.1.13]
2026-01-14T02:51:08.996+02:00  INFO 30632 --- [  restartedMain] o.a.c.c.C.[Tomcat].[localhost].[/]       : Initializing Spring embedded WebApplicationContext
2026-01-14T02:51:08.996+02:00  INFO 30632 --- [  restartedMain] w.s.c.ServletWebServerApplicationContext : Root WebApplicationContext: initialization completed in 837 ms
2026-01-14T02:51:09.032+02:00  INFO 30632 --- [  restartedMain] o.hibernate.jpa.internal.util.LogHelper  : HHH000204: Processing PersistenceUnitInfo [name: default]
2026-01-14T02:51:09.049+02:00  INFO 30632 --- [  restartedMain] o.h.b.i.BytecodeProviderInitiator        : HHH000021: Bytecode provider name : bytebuddy
2026-01-14T02:51:09.049+02:00  INFO 30632 --- [  restartedMain] o.s.o.j.p.SpringPersistenceUnitInfo      : No LoadTimeWeaver setup: ignoring JPA class transformer
2026-01-14T02:51:09.051+02:00  INFO 30632 --- [  restartedMain] com.zaxxer.hikari.HikariDataSource       : HikariPool-2 - Starting...
2026-01-14T02:51:09.067+02:00  INFO 30632 --- [  restartedMain] com.zaxxer.hikari.pool.HikariPool        : HikariPool-2 - Added connection com.mysql.cj.jdbc.ConnectionImpl@646902ad
2026-01-14T02:51:09.067+02:00  INFO 30632 --- [  restartedMain] com.zaxxer.hikari.HikariDataSource       : HikariPool-2 - Start completed.
2026-01-14T02:51:09.206+02:00  INFO 30632 --- [  restartedMain] o.h.b.i.BytecodeProviderInitiator        : HHH000021: Bytecode provider name : bytebuddy
[INFO] ------------------------------------------------------------------------
[INFO] BUILD FAILURE
[INFO] ------------------------------------------------------------------------
[INFO] Total time:  04:14 min
[INFO] Finished at: 2026-01-14T02:51:09+02:00
[INFO] ------------------------------------------------------------------------
[ERROR] Failed to execute goal org.springframework.boot:spring-boot-maven-plugin:3.1.4:run (default-cli) on project FrontEnd: Process terminated with exit code: 1 -> [Help 1]
[ERROR] 
[ERROR] To see the full stack trace of the errors, re-run Maven with the -e switch.
[ERROR] Re-run Maven using the -X switch to enable full debug logging.
[ERROR] 
[ERROR] For more information about the errors and possible solutions, please read the following articles:
[ERROR] [Help 1] http://cwiki.apache.org/confluence/display/MAVEN/MojoExecutionException
