2026-01-13T17:44:28.375+02:00  INFO 11828 --- [restartedMain] c.o.admin.WebBackEndApplication          : Starting WebBackEndApplication using Java 19.0.1 with PID 11828 (C:\Users\enoam\OneDrive\onlineStore\onlineStore\webParent\WebBackEnd\target\classes started by enoam in C:\Users\enoam\OneDrive\onlineStore\onlineStore)
2026-01-13T17:44:28.388+02:00  INFO 11828 --- [restartedMain] c.o.admin.WebBackEndApplication          : No active profile set, falling back to 1 default profile: "default"
2026-01-13T17:44:28.529+02:00  INFO 11828 --- [restartedMain] .e.DevToolsPropertyDefaultsPostProcessor : Devtools property defaults active! Set 'spring.devtools.add-properties' to 'false' to disable
2026-01-13T17:44:28.530+02:00  INFO 11828 --- [restartedMain] .e.DevToolsPropertyDefaultsPostProcessor : For additional web related logging consider setting the 'logging.level.web' property to 'DEBUG'
2026-01-13T17:44:30.227+02:00  INFO 11828 --- [restartedMain] .s.d.r.c.RepositoryConfigurationDelegate : Bootstrapping Spring Data JPA repositories in DEFAULT mode.
2026-01-13T17:44:30.624+02:00  INFO 11828 --- [restartedMain] .s.d.r.c.RepositoryConfigurationDelegate : Finished Spring Data repository scanning in 374 ms. Found 21 JPA repository interfaces.
2026-01-13T17:44:33.784+02:00  INFO 11828 --- [restartedMain] o.s.b.w.embedded.tomcat.TomcatWebServer  : Tomcat initialized with port(s): 710 (http)
2026-01-13T17:44:33.809+02:00  INFO 11828 --- [restartedMain] o.apache.catalina.core.StandardService   : Starting service [Tomcat]
2026-01-13T17:44:33.811+02:00  INFO 11828 --- [restartedMain] o.apache.catalina.core.StandardEngine    : Starting Servlet engine: [Apache Tomcat/10.1.13]
2026-01-13T17:44:33.972+02:00  INFO 11828 --- [restartedMain] o.a.c.c.C.[Tomcat].[localhost].[/]       : Initializing Spring embedded WebApplicationContext
2026-01-13T17:44:33.973+02:00  INFO 11828 --- [restartedMain] w.s.c.ServletWebServerApplicationContext : Root WebApplicationContext: initialization completed in 5442 ms
2026-01-13T17:44:34.473+02:00  INFO 11828 --- [restartedMain] o.hibernate.jpa.internal.util.LogHelper  : HHH000204: Processing PersistenceUnitInfo [name: default]
2026-01-13T17:44:34.784+02:00  INFO 11828 --- [restartedMain] org.hibernate.Version                    : HHH000412: Hibernate ORM core version 6.2.9.Final
2026-01-13T17:44:34.792+02:00  INFO 11828 --- [restartedMain] org.hibernate.cfg.Environment            : HHH000406: Using bytecode reflection optimizer
2026-01-13T17:44:35.296+02:00  INFO 11828 --- [restartedMain] o.h.b.i.BytecodeProviderInitiator        : HHH000021: Bytecode provider name : bytebuddy
2026-01-13T17:44:35.694+02:00  INFO 11828 --- [restartedMain] o.s.o.j.p.SpringPersistenceUnitInfo      : No LoadTimeWeaver setup: ignoring JPA class transformer
2026-01-13T17:44:35.745+02:00  INFO 11828 --- [restartedMain] com.zaxxer.hikari.HikariDataSource       : HikariPool-1 - Starting...
2026-01-13T17:44:36.410+02:00  INFO 11828 --- [restartedMain] com.zaxxer.hikari.pool.HikariPool        : HikariPool-1 - Added connection com.mysql.cj.jdbc.ConnectionImpl@2cc7f09d
2026-01-13T17:44:36.414+02:00  INFO 11828 --- [restartedMain] com.zaxxer.hikari.HikariDataSource       : HikariPool-1 - Start completed.
2026-01-13T17:44:37.433+02:00  INFO 11828 --- [restartedMain] o.h.b.i.BytecodeProviderInitiator        : HHH000021: Bytecode provider name : bytebuddy
2026-01-13T17:44:39.452+02:00  INFO 11828 --- [restartedMain] o.h.e.t.j.p.i.JtaPlatformInitiator       : HHH000490: Using JtaPlatform implementation: [org.hibernate.engine.transaction.jta.platform.internal.NoJtaPlatform]
2026-01-13T17:44:40.115+02:00  INFO 11828 --- [restartedMain] j.LocalContainerEntityManagerFactoryBean : Initialized JPA EntityManagerFactory for persistence unit 'default'
2026-01-13T17:44:40.578+02:00  INFO 11828 --- [restartedMain] o.s.boot.web.servlet.RegistrationBean    : Filter tenantFilterRegistration was not registered (disabled)
2026-01-13T17:44:40.579+02:00  INFO 11828 --- [restartedMain] o.s.boot.web.servlet.RegistrationBean    : Filter tenantContextFilterRegistration was not registered (disabled)
2026-01-13T17:44:41.839+02:00  INFO 11828 --- [restartedMain] o.s.d.j.r.query.QueryEnhancerFactory     : Hibernate is in classpath; If applicable, HQL parser will be used.
2026-01-13T17:44:43.574+02:00  WARN 11828 --- [restartedMain] c.o.a.g.watchdog.FileSystemMonitor       : Watchdog: Directory tenants does not exist, skipping registration.
2026-01-13T17:44:43.579+02:00  INFO 11828 --- [restartedMain] c.o.a.g.watchdog.FileSystemMonitor       : Watchdog: Registered monitor for .
2026-01-13T17:44:43.580+02:00  INFO 11828 --- [Architecture-Watchdog-Thread] c.o.a.g.watchdog.FileSystemMonitor       : Watchdog: FileSystemMonitor thread started.
2026-01-13T17:44:45.576+02:00  WARN 11828 --- [restartedMain] JpaBaseConfiguration$JpaWebConfiguration : spring.jpa.open-in-view is enabled by default. Therefore, database queries may be performed during view rendering. Explicitly configure spring.jpa.open-in-view to disable this warning
2026-01-13T17:44:47.875+02:00  INFO 11828 --- [restartedMain] o.s.b.a.e.web.EndpointLinksResolver      : Exposing 1 endpoint(s) beneath base path '/actuator'
2026-01-13T17:44:48.056+02:00  INFO 11828 --- [restartedMain] o.s.s.web.DefaultSecurityFilterChain     : Will secure any request with [org.springframework.security.web.session.DisableEncodeUrlFilter@4d7ea820, org.springframework.security.web.context.request.async.WebAsyncManagerIntegrationFilter@60836f17, org.springframework.security.web.context.SecurityContextHolderFilter@7b30be52, org.springframework.security.web.header.HeaderWriterFilter@d14e3fd, org.springframework.security.web.csrf.CsrfFilter@745a58f0, org.springframework.security.web.authentication.logout.LogoutFilter@2a8a2705, org.springframework.security.web.authentication.UsernamePasswordAuthenticationFilter@2ca03e16, com.onlineStoreCom.security.tenant.TenantContextFilter@971da3f, org.springframework.security.web.savedrequest.RequestCacheAwareFilter@3cf94aae, org.springframework.security.web.servletapi.SecurityContextHolderAwareRequestFilter@7619edf, org.springframework.security.web.authentication.rememberme.RememberMeAuthenticationFilter@55887392, org.springframework.security.web.authentication.AnonymousAuthenticationFilter@4982a72d, org.springframework.security.web.access.ExceptionTranslationFilter@304a33e6, org.springframework.security.web.access.intercept.AuthorizationFilter@22974f2c]
2026-01-13T17:44:49.084+02:00  WARN 11828 --- [restartedMain] o.s.b.d.a.OptionalLiveReloadServer       : Unable to start LiveReload server
2026-01-13T17:44:49.231+02:00  INFO 11828 --- [restartedMain] o.s.b.w.embedded.tomcat.TomcatWebServer  : Tomcat started on port(s): 710 (http) with context path ''
2026-01-13T17:44:49.251+02:00  INFO 11828 --- [restartedMain] c.o.admin.WebBackEndApplication          : Started WebBackEndApplication in 21.547 seconds (process running for 22.589)
2026-01-13T17:44:49.481+02:00 DEBUG 11828 --- [restartedMain] org.hibernate.SQL                        : UPDATE categories c JOIN categories p ON c.parent_id = p.id SET c.parent_id = NULL WHERE c.tenant_id != p.tenant_id
2026-01-13T17:45:18.968+02:00  INFO 11828 --- [http-nio-710-exec-2] o.a.c.c.C.[Tomcat].[localhost].[/]       : Initializing Spring DispatcherServlet 'dispatcherServlet'
2026-01-13T17:45:18.970+02:00  INFO 11828 --- [http-nio-710-exec-2] o.s.web.servlet.DispatcherServlet        : Initializing Servlet 'dispatcherServlet'
2026-01-13T17:45:18.975+02:00  INFO 11828 --- [http-nio-710-exec-2] o.s.web.servlet.DispatcherServlet        : Completed initialization in 5 ms
2026-01-13T17:45:24.722+02:00 DEBUG 11828 --- [http-nio-710-exec-6] c.o.a.s.tenant.TenantFilterAspect        : ⚠️ [TenantFilterAspect] Service execution without TenantID
2026-01-13T17:45:25.011+02:00 DEBUG 11828 --- [http-nio-710-exec-6] org.hibernate.SQL                        : select u1_0.id,u1_0.email,u1_0.enabled,u1_0.first_name,u1_0.last_name,u1_0.password,u1_0.photos,u1_0.tenant_id,u1_0.user_bio from `'user'` u1_0 where u1_0.email=?
2026-01-13T17:45:25.076+02:00 DEBUG 11828 --- [http-nio-710-exec-6] org.hibernate.SQL                        : select r1_0.user_id,r1_1.id,r1_1.all_parent_ids,r1_1.descrption,r1_1.name,r1_1.parent_id from user_roles r1_0 join role r1_1 on r1_1.id=r1_0.role_id where r1_0.user_id=?
2026-01-13T17:45:25.496+02:00 DEBUG 11828 --- [http-nio-710-exec-9] c.o.a.s.tenant.TenantFilterAspect        : 🛡️ [TenantFilterAspect] Enforced Filter for TenantID: 5
2026-01-13T17:45:25.525+02:00 DEBUG 11828 --- [http-nio-710-exec-9] org.hibernate.SQL                        : select u1_0.id,u1_0.email,u1_0.enabled,u1_0.first_name,u1_0.last_name,u1_0.password,u1_0.photos,u1_0.tenant_id,u1_0.user_bio from `'user'` u1_0 where u1_0.tenant_id = ? and u1_0.tenant_id = ? order by u1_0.first_name limit ?,?
2026-01-13T17:45:25.531+02:00 DEBUG 11828 --- [http-nio-710-exec-9] org.hibernate.SQL                        : select r1_0.user_id,r1_1.id,r1_1.all_parent_ids,r1_1.descrption,r1_1.name,r1_1.parent_id from user_roles r1_0 join role r1_1 on r1_1.id=r1_0.role_id where r1_0.user_id=?
2026-01-13T17:45:25.534+02:00 DEBUG 11828 --- [http-nio-710-exec-9] org.hibernate.SQL                        : select r1_0.user_id,r1_1.id,r1_1.all_parent_ids,r1_1.descrption,r1_1.name,r1_1.parent_id from user_roles r1_0 join role r1_1 on r1_1.id=r1_0.role_id where r1_0.user_id=?
2026-01-13T17:45:25.540+02:00 DEBUG 11828 --- [http-nio-710-exec-9] org.hibernate.SQL                        : select r1_0.user_id,r1_1.id,r1_1.all_parent_ids,r1_1.descrption,r1_1.name,r1_1.parent_id from user_roles r1_0 join role r1_1 on r1_1.id=r1_0.role_id where r1_0.user_id=?
2026-01-13T17:45:25.545+02:00 DEBUG 11828 --- [http-nio-710-exec-9] org.hibernate.SQL                        : select r1_0.user_id,r1_1.id,r1_1.all_parent_ids,r1_1.descrption,r1_1.name,r1_1.parent_id from user_roles r1_0 join role r1_1 on r1_1.id=r1_0.role_id where r1_0.user_id=?
2026-01-13T17:45:26.047+02:00 DEBUG 11828 --- [http-nio-710-exec-1] c.o.a.s.tenant.TenantFilterAspect        : 🛡️ [TenantFilterAspect] Enforced Filter for TenantID: 5
2026-01-13T17:45:26.052+02:00 DEBUG 11828 --- [http-nio-710-exec-1] org.hibernate.SQL                        : select s1_0.id,s1_0.category,s1_0.`key`,s1_0.tenant_id,s1_0.value from settings s1_0 where (s1_0.tenant_id = ? or s1_0.tenant_id = 0 or s1_0.tenant_id is null) and s1_0.tenant_id = ? and s1_0.category=?
2026-01-13T17:45:26.123+02:00  WARN 11828 --- [http-nio-710-exec-9] o.h.c.spi.AbstractPersistentCollection   : HHH000506: Detaching an uninitialized collection with enabled filters from a session: [com.onlineStoreCom.entity.users.Role.children#1]
2026-01-13T17:45:29.544+02:00 DEBUG 11828 --- [http-nio-710-exec-7] c.o.a.s.tenant.TenantFilterAspect        : 🛡️ [TenantFilterAspect] Enforced Filter for TenantID: 5
2026-01-13T17:45:29.562+02:00 DEBUG 11828 --- [http-nio-710-exec-7] org.hibernate.SQL                        : select u1_0.id,u1_0.email,u1_0.enabled,u1_0.first_name,u1_0.last_name,u1_0.password,u1_0.photos,r1_0.user_id,r1_1.id,r1_1.all_parent_ids,r1_1.descrption,r1_1.name,r1_1.parent_id,u1_0.tenant_id,u1_0.user_bio from `'user'` u1_0 left join (user_roles r1_0 join role r1_1 on r1_1.id=r1_0.role_id) on u1_0.id=r1_0.user_id where u1_0.id=?
2026-01-13T17:45:29.568+02:00 DEBUG 11828 --- [http-nio-710-exec-7] c.o.a.s.tenant.TenantFilterAspect        : 🛡️ [TenantFilterAspect] Enforced Filter for TenantID: 5
2026-01-13T17:45:29.575+02:00 DEBUG 11828 --- [http-nio-710-exec-7] org.hibernate.SQL                        : select r1_0.id,r1_0.all_parent_ids,r1_0.descrption,r1_0.name,r1_0.parent_id from role r1_0
2026-01-13T17:45:29.825+02:00  WARN 11828 --- [http-nio-710-exec-7] o.h.c.spi.AbstractPersistentCollection   : HHH000506: Detaching an uninitialized collection with enabled filters from a session: [com.onlineStoreCom.entity.users.Role.children#1]
2026-01-13T17:45:29.828+02:00  WARN 11828 --- [http-nio-710-exec-7] o.h.c.spi.AbstractPersistentCollection   : HHH000506: Detaching an uninitialized collection with enabled filters from a session: [com.onlineStoreCom.entity.users.Role.children#2]
2026-01-13T17:45:29.830+02:00  WARN 11828 --- [http-nio-710-exec-7] o.h.c.spi.AbstractPersistentCollection   : HHH000506: Detaching an uninitialized collection with enabled filters from a session: [com.onlineStoreCom.entity.users.Role.children#3]
2026-01-13T17:45:29.830+02:00  WARN 11828 --- [http-nio-710-exec-7] o.h.c.spi.AbstractPersistentCollection   : HHH000506: Detaching an uninitialized collection with enabled filters from a session: [com.onlineStoreCom.entity.users.Role.children#4]
2026-01-13T17:45:29.830+02:00  WARN 11828 --- [http-nio-710-exec-7] o.h.c.spi.AbstractPersistentCollection   : HHH000506: Detaching an uninitialized collection with enabled filters from a session: [com.onlineStoreCom.entity.users.Role.children#5]
2026-01-13T17:45:29.831+02:00  WARN 11828 --- [http-nio-710-exec-7] o.h.c.spi.AbstractPersistentCollection   : HHH000506: Detaching an uninitialized collection with enabled filters from a session: [com.onlineStoreCom.entity.users.Role.children#62]
2026-01-13T17:45:29.870+02:00 DEBUG 11828 --- [http-nio-710-exec-8] c.o.a.s.tenant.TenantFilterAspect        : 🛡️ [TenantFilterAspect] Enforced Filter for TenantID: 5
2026-01-13T17:45:29.875+02:00 DEBUG 11828 --- [http-nio-710-exec-8] org.hibernate.SQL                        : select s1_0.id,s1_0.category,s1_0.`key`,s1_0.tenant_id,s1_0.value from settings s1_0 where (s1_0.tenant_id = ? or s1_0.tenant_id = 0 or s1_0.tenant_id is null) and s1_0.tenant_id = ? and s1_0.category=?
2026-01-13T17:45:37.948+02:00 DEBUG 11828 --- [http-nio-710-exec-10] c.o.a.s.tenant.TenantFilterAspect        : 🛡️ [TenantFilterAspect] Enforced Filter for TenantID: 5
2026-01-13T17:45:37.950+02:00 DEBUG 11828 --- [http-nio-710-exec-10] org.hibernate.SQL                        : select u1_0.id,u1_0.email,u1_0.enabled,u1_0.first_name,u1_0.last_name,u1_0.password,u1_0.photos,u1_0.tenant_id,u1_0.user_bio from `'user'` u1_0 where u1_0.tenant_id = ? and u1_0.tenant_id = ? and u1_0.email=?
2026-01-13T17:45:37.954+02:00 DEBUG 11828 --- [http-nio-710-exec-10] org.hibernate.SQL                        : select r1_0.user_id,r1_1.id,r1_1.all_parent_ids,r1_1.descrption,r1_1.name,r1_1.parent_id from user_roles r1_0 join role r1_1 on r1_1.id=r1_0.role_id where r1_0.user_id=?
2026-01-13T17:45:37.962+02:00  WARN 11828 --- [http-nio-710-exec-10] o.h.c.spi.AbstractPersistentCollection   : HHH000506: Detaching an uninitialized collection with enabled filters from a session: [com.onlineStoreCom.entity.users.Role.children#1]
2026-01-13T17:45:38.096+02:00 DEBUG 11828 --- [http-nio-710-exec-1] org.hibernate.SQL                        : select r1_0.id,r1_0.all_parent_ids,r1_0.descrption,r1_0.name,r1_0.parent_id from role r1_0 where r1_0.id=?
2026-01-13T17:45:38.116+02:00 DEBUG 11828 --- [http-nio-710-exec-1] c.o.a.s.tenant.TenantFilterAspect        : 🛡️ [TenantFilterAspect] Enforced Filter for TenantID: 5
2026-01-13T17:45:38.120+02:00 DEBUG 11828 --- [http-nio-710-exec-1] org.hibernate.SQL                        : select u1_0.id,u1_0.email,u1_0.enabled,u1_0.first_name,u1_0.last_name,u1_0.password,u1_0.photos,r1_0.user_id,r1_1.id,r1_1.all_parent_ids,r1_1.descrption,r1_1.name,r1_1.parent_id,u1_0.tenant_id,u1_0.user_bio from `'user'` u1_0 left join (user_roles r1_0 join role r1_1 on r1_1.id=r1_0.role_id) on u1_0.id=r1_0.user_id where u1_0.id=?
2026-01-13T17:45:38.141+02:00 ERROR 11828 --- [http-nio-710-exec-1] c.o.admin.utility.FileUploadUtil         : Not a valid directory: tenants/5/assets/users/34/
2026-01-13T17:45:38.146+02:00 DEBUG 11828 --- [http-nio-710-exec-1] c.o.a.s.tenant.TenantFilterAspect        : 🛡️ [TenantFilterAspect] Enforced Filter for TenantID: 5
2026-01-13T17:45:38.198+02:00 DEBUG 11828 --- [http-nio-710-exec-1] org.hibernate.SQL                        : update `'user'` set email=?,enabled=?,first_name=?,last_name=?,password=?,photos=?,user_bio=? where id=?
2026-01-13T17:45:38.218+02:00 DEBUG 11828 --- [http-nio-710-exec-1] org.hibernate.SQL                        : delete from user_roles where user_id=?
2026-01-13T17:45:38.234+02:00 DEBUG 11828 --- [http-nio-710-exec-1] org.hibernate.SQL                        : insert into user_roles (user_id,role_id) values (?,?)
2026-01-13T17:45:38.266+02:00 DEBUG 11828 --- [http-nio-710-exec-1] c.o.a.s.tenant.TenantFilterAspect        : 🛡️ [TenantFilterAspect] Enforced Filter for TenantID: 5
2026-01-13T17:45:38.277+02:00  WARN 11828 --- [http-nio-710-exec-1] o.h.c.spi.AbstractPersistentCollection   : HHH000506: Detaching an uninitialized collection with enabled filters from a session: [com.onlineStoreCom.entity.users.Role.children#1]
2026-01-13T17:45:38.299+02:00 DEBUG 11828 --- [http-nio-710-exec-1] c.o.a.s.tenant.TenantFilterAspect        : 🛡️ [TenantFilterAspect] Enforced Filter for TenantID: 5
2026-01-13T17:45:38.332+02:00 DEBUG 11828 --- [http-nio-710-exec-1] org.hibernate.SQL                        : select u1_0.id,u1_0.email,u1_0.enabled,u1_0.first_name,u1_0.last_name,u1_0.password,u1_0.photos,u1_0.tenant_id,u1_0.user_bio from `'user'` u1_0 where u1_0.tenant_id = ? and u1_0.tenant_id = ? and concat(u1_0.id,' ',u1_0.email,' ',u1_0.first_name,' ',u1_0.last_name) like ? escape '' order by u1_0.id limit ?,?
2026-01-13T17:45:38.336+02:00 DEBUG 11828 --- [http-nio-710-exec-1] org.hibernate.SQL                        : select r1_0.user_id,r1_1.id,r1_1.all_parent_ids,r1_1.descrption,r1_1.name,r1_1.parent_id from user_roles r1_0 join role r1_1 on r1_1.id=r1_0.role_id where r1_0.user_id=?
2026-01-13T17:45:38.537+02:00  WARN 11828 --- [http-nio-710-exec-1] o.h.c.spi.AbstractPersistentCollection   : HHH000506: Detaching an uninitialized collection with enabled filters from a session: [com.onlineStoreCom.entity.users.Role.children#1]
2026-01-13T17:45:38.606+02:00 DEBUG 11828 --- [http-nio-710-exec-5] c.o.a.s.tenant.TenantFilterAspect        : 🛡️ [TenantFilterAspect] Enforced Filter for TenantID: 5
2026-01-13T17:45:38.620+02:00 DEBUG 11828 --- [http-nio-710-exec-5] org.hibernate.SQL                        : select s1_0.id,s1_0.category,s1_0.`key`,s1_0.tenant_id,s1_0.value from settings s1_0 where (s1_0.tenant_id = ? or s1_0.tenant_id = 0 or s1_0.tenant_id is null) and s1_0.tenant_id = ? and s1_0.category=?
2026-01-13T17:45:43.702+02:00 DEBUG 11828 --- [http-nio-710-exec-3] c.o.a.s.tenant.TenantFilterAspect        : 🛡️ [TenantFilterAspect] Enforced Filter for TenantID: 5
2026-01-13T17:45:43.708+02:00 DEBUG 11828 --- [http-nio-710-exec-3] org.hibernate.SQL                        : select s1_0.id,s1_0.category,s1_0.`key`,s1_0.tenant_id,s1_0.value from settings s1_0 where (s1_0.tenant_id = ? or s1_0.tenant_id = 0 or s1_0.tenant_id is null) and s1_0.tenant_id = ?
2026-01-13T17:45:43.715+02:00 DEBUG 11828 --- [http-nio-710-exec-3] org.hibernate.SQL                        : select c1_0.id,c1_0.code,c1_0.name,c1_0.symbol from currencies c1_0 order by c1_0.name
2026-01-13T17:45:43.936+02:00 DEBUG 11828 --- [http-nio-710-exec-7] c.o.a.s.tenant.TenantFilterAspect        : 🛡️ [TenantFilterAspect] Enforced Filter for TenantID: 5
2026-01-13T17:45:43.956+02:00 DEBUG 11828 --- [http-nio-710-exec-7] org.hibernate.SQL                        : select s1_0.id,s1_0.category,s1_0.`key`,s1_0.tenant_id,s1_0.value from settings s1_0 where (s1_0.tenant_id = ? or s1_0.tenant_id = 0 or s1_0.tenant_id is null) and s1_0.tenant_id = ? and s1_0.category=?
2026-01-13T17:45:49.770+02:00 DEBUG 11828 --- [http-nio-710-exec-10] c.o.a.s.tenant.TenantFilterAspect        : 🛡️ [TenantFilterAspect] Enforced Filter for TenantID: 5
2026-01-13T17:45:49.775+02:00 DEBUG 11828 --- [http-nio-710-exec-10] org.hibernate.SQL                        : select s1_0.id,s1_0.category,s1_0.`key`,s1_0.tenant_id,s1_0.value from settings s1_0 where (s1_0.tenant_id = ? or s1_0.tenant_id = 0 or s1_0.tenant_id is null) and s1_0.tenant_id = ? and s1_0.category=?
2026-01-13T17:45:49.981+02:00 DEBUG 11828 --- [http-nio-710-exec-4] c.o.a.s.tenant.TenantFilterAspect        : 🛡️ [TenantFilterAspect] Enforced Filter for TenantID: 5
2026-01-13T17:45:49.997+02:00 DEBUG 11828 --- [http-nio-710-exec-4] org.hibernate.SQL                        : select s1_0.id,s1_0.category,s1_0.`key`,s1_0.tenant_id,s1_0.value from settings s1_0 where (s1_0.tenant_id = ? or s1_0.tenant_id = 0 or s1_0.tenant_id is null) and s1_0.tenant_id = ? and s1_0.category=?
2026-01-13T18:26:52.086+02:00  INFO 9224 --- [restartedMain] c.o.admin.WebBackEndApplication          : Starting WebBackEndApplication using Java 19.0.1 with PID 9224 (C:\Users\enoam\OneDrive\onlineStore\onlineStore\webParent\WebBackEnd\target\classes started by enoam in C:\Users\enoam\OneDrive\onlineStore\onlineStore)
2026-01-13T18:26:52.088+02:00  INFO 9224 --- [restartedMain] c.o.admin.WebBackEndApplication          : No active profile set, falling back to 1 default profile: "default"
2026-01-13T18:26:52.174+02:00  INFO 9224 --- [restartedMain] .e.DevToolsPropertyDefaultsPostProcessor : Devtools property defaults active! Set 'spring.devtools.add-properties' to 'false' to disable
2026-01-13T18:26:52.174+02:00  INFO 9224 --- [restartedMain] .e.DevToolsPropertyDefaultsPostProcessor : For additional web related logging consider setting the 'logging.level.web' property to 'DEBUG'
2026-01-13T18:26:53.419+02:00  INFO 9224 --- [restartedMain] .s.d.r.c.RepositoryConfigurationDelegate : Bootstrapping Spring Data JPA repositories in DEFAULT mode.
2026-01-13T18:26:53.624+02:00  INFO 9224 --- [restartedMain] .s.d.r.c.RepositoryConfigurationDelegate : Finished Spring Data repository scanning in 193 ms. Found 21 JPA repository interfaces.
2026-01-13T18:26:55.695+02:00  INFO 9224 --- [restartedMain] o.s.b.w.embedded.tomcat.TomcatWebServer  : Tomcat initialized with port(s): 710 (http)
2026-01-13T18:26:55.718+02:00  INFO 9224 --- [restartedMain] o.apache.catalina.core.StandardService   : Starting service [Tomcat]
2026-01-13T18:26:55.718+02:00  INFO 9224 --- [restartedMain] o.apache.catalina.core.StandardEngine    : Starting Servlet engine: [Apache Tomcat/10.1.13]
2026-01-13T18:26:55.829+02:00  INFO 9224 --- [restartedMain] o.a.c.c.C.[Tomcat].[localhost].[/]       : Initializing Spring embedded WebApplicationContext
2026-01-13T18:26:55.832+02:00  INFO 9224 --- [restartedMain] w.s.c.ServletWebServerApplicationContext : Root WebApplicationContext: initialization completed in 3653 ms
2026-01-13T18:26:56.093+02:00  INFO 9224 --- [restartedMain] o.hibernate.jpa.internal.util.LogHelper  : HHH000204: Processing PersistenceUnitInfo [name: default]
2026-01-13T18:26:56.220+02:00  INFO 9224 --- [restartedMain] org.hibernate.Version                    : HHH000412: Hibernate ORM core version 6.2.9.Final
2026-01-13T18:26:56.228+02:00  INFO 9224 --- [restartedMain] org.hibernate.cfg.Environment            : HHH000406: Using bytecode reflection optimizer
2026-01-13T18:26:56.512+02:00  INFO 9224 --- [restartedMain] o.h.b.i.BytecodeProviderInitiator        : HHH000021: Bytecode provider name : bytebuddy
2026-01-13T18:26:56.750+02:00  INFO 9224 --- [restartedMain] o.s.o.j.p.SpringPersistenceUnitInfo      : No LoadTimeWeaver setup: ignoring JPA class transformer
2026-01-13T18:26:56.783+02:00  INFO 9224 --- [restartedMain] com.zaxxer.hikari.HikariDataSource       : HikariPool-1 - Starting...
2026-01-13T18:26:57.202+02:00  INFO 9224 --- [restartedMain] com.zaxxer.hikari.pool.HikariPool        : HikariPool-1 - Added connection com.mysql.cj.jdbc.ConnectionImpl@14a84380
2026-01-13T18:26:57.206+02:00  INFO 9224 --- [restartedMain] com.zaxxer.hikari.HikariDataSource       : HikariPool-1 - Start completed.
2026-01-13T18:26:57.920+02:00  INFO 9224 --- [restartedMain] o.h.b.i.BytecodeProviderInitiator        : HHH000021: Bytecode provider name : bytebuddy
2026-01-13T18:26:59.433+02:00  INFO 9224 --- [restartedMain] o.h.e.t.j.p.i.JtaPlatformInitiator       : HHH000490: Using JtaPlatform implementation: [org.hibernate.engine.transaction.jta.platform.internal.NoJtaPlatform]
2026-01-13T18:26:59.906+02:00  INFO 9224 --- [restartedMain] j.LocalContainerEntityManagerFactoryBean : Initialized JPA EntityManagerFactory for persistence unit 'default'
