2026-01-11T18:38:32.369+02:00  INFO 83776 --- [restartedMain] c.o.admin.WebBackEndApplication          : Starting WebBackEndApplication using Java 19.0.1 with PID 83776 (C:\Users\enoam\OneDrive\onlineStore\onlineStore\webParent\WebBackEnd\target\classes started by enoam in C:\Users\enoam\OneDrive\onlineStore\onlineStore)
2026-01-11T18:38:32.379+02:00  INFO 83776 --- [restartedMain] c.o.admin.WebBackEndApplication          : No active profile set, falling back to 1 default profile: "default"
2026-01-11T18:38:32.523+02:00  INFO 83776 --- [restartedMain] .e.DevToolsPropertyDefaultsPostProcessor : Devtools property defaults active! Set 'spring.devtools.add-properties' to 'false' to disable
2026-01-11T18:38:32.524+02:00  INFO 83776 --- [restartedMain] .e.DevToolsPropertyDefaultsPostProcessor : For additional web related logging consider setting the 'logging.level.web' property to 'DEBUG'
2026-01-11T18:38:34.572+02:00  INFO 83776 --- [restartedMain] .s.d.r.c.RepositoryConfigurationDelegate : Bootstrapping Spring Data JPA repositories in DEFAULT mode.
2026-01-11T18:38:34.859+02:00  INFO 83776 --- [restartedMain] .s.d.r.c.RepositoryConfigurationDelegate : Finished Spring Data repository scanning in 258 ms. Found 19 JPA repository interfaces.
2026-01-11T18:38:37.946+02:00  INFO 83776 --- [restartedMain] o.s.b.w.embedded.tomcat.TomcatWebServer  : Tomcat initialized with port(s): 710 (http)
2026-01-11T18:38:37.980+02:00  INFO 83776 --- [restartedMain] o.apache.catalina.core.StandardService   : Starting service [Tomcat]
2026-01-11T18:38:37.982+02:00  INFO 83776 --- [restartedMain] o.apache.catalina.core.StandardEngine    : Starting Servlet engine: [Apache Tomcat/10.1.13]
2026-01-11T18:38:38.111+02:00  INFO 83776 --- [restartedMain] o.a.c.c.C.[Tomcat].[localhost].[/]       : Initializing Spring embedded WebApplicationContext
2026-01-11T18:38:38.112+02:00  INFO 83776 --- [restartedMain] w.s.c.ServletWebServerApplicationContext : Root WebApplicationContext: initialization completed in 5587 ms
2026-01-11T18:38:38.448+02:00  INFO 83776 --- [restartedMain] o.hibernate.jpa.internal.util.LogHelper  : HHH000204: Processing PersistenceUnitInfo [name: default]
2026-01-11T18:38:38.595+02:00  INFO 83776 --- [restartedMain] org.hibernate.Version                    : HHH000412: Hibernate ORM core version 6.2.9.Final
2026-01-11T18:38:38.599+02:00  INFO 83776 --- [restartedMain] org.hibernate.cfg.Environment            : HHH000406: Using bytecode reflection optimizer
2026-01-11T18:38:38.851+02:00  INFO 83776 --- [restartedMain] o.h.b.i.BytecodeProviderInitiator        : HHH000021: Bytecode provider name : bytebuddy
2026-01-11T18:38:39.108+02:00  INFO 83776 --- [restartedMain] o.s.o.j.p.SpringPersistenceUnitInfo      : No LoadTimeWeaver setup: ignoring JPA class transformer
2026-01-11T18:38:39.142+02:00  INFO 83776 --- [restartedMain] com.zaxxer.hikari.HikariDataSource       : HikariPool-1 - Starting...
2026-01-11T18:38:39.833+02:00  INFO 83776 --- [restartedMain] com.zaxxer.hikari.pool.HikariPool        : HikariPool-1 - Added connection com.mysql.cj.jdbc.ConnectionImpl@3cb497c
2026-01-11T18:38:39.838+02:00  INFO 83776 --- [restartedMain] com.zaxxer.hikari.HikariDataSource       : HikariPool-1 - Start completed.
2026-01-11T18:38:40.752+02:00  INFO 83776 --- [restartedMain] o.h.b.i.BytecodeProviderInitiator        : HHH000021: Bytecode provider name : bytebuddy
2026-01-11T18:38:42.798+02:00  INFO 83776 --- [restartedMain] o.h.e.t.j.p.i.JtaPlatformInitiator       : HHH000490: Using JtaPlatform implementation: [org.hibernate.engine.transaction.jta.platform.internal.NoJtaPlatform]
2026-01-11T18:38:43.660+02:00  INFO 83776 --- [restartedMain] j.LocalContainerEntityManagerFactoryBean : Initialized JPA EntityManagerFactory for persistence unit 'default'
2026-01-11T18:38:44.410+02:00  INFO 83776 --- [restartedMain] o.s.boot.web.servlet.RegistrationBean    : Filter tenantFilterRegistration was not registered (disabled)
2026-01-11T18:38:44.413+02:00  INFO 83776 --- [restartedMain] o.s.boot.web.servlet.RegistrationBean    : Filter tenantContextFilterRegistration was not registered (disabled)
2026-01-11T18:38:45.757+02:00  INFO 83776 --- [restartedMain] o.s.d.j.r.query.QueryEnhancerFactory     : Hibernate is in classpath; If applicable, HQL parser will be used.
2026-01-11T18:38:52.682+02:00  WARN 83776 --- [restartedMain] JpaBaseConfiguration$JpaWebConfiguration : spring.jpa.open-in-view is enabled by default. Therefore, database queries may be performed during view rendering. Explicitly configure spring.jpa.open-in-view to disable this warning
2026-01-11T18:38:59.011+02:00  INFO 83776 --- [restartedMain] o.s.b.a.e.web.EndpointLinksResolver      : Exposing 1 endpoint(s) beneath base path '/actuator'
2026-01-11T18:38:59.229+02:00  INFO 83776 --- [restartedMain] o.s.s.web.DefaultSecurityFilterChain     : Will secure any request with [org.springframework.security.web.session.DisableEncodeUrlFilter@23d29b39, org.springframework.security.web.context.request.async.WebAsyncManagerIntegrationFilter@630236d4, org.springframework.security.web.context.SecurityContextHolderFilter@62fcc19a, org.springframework.security.web.header.HeaderWriterFilter@69d72de3, org.springframework.security.web.csrf.CsrfFilter@155e3250, org.springframework.security.web.authentication.logout.LogoutFilter@70a1310b, org.springframework.security.web.authentication.UsernamePasswordAuthenticationFilter@ad9593e, com.onlineStoreCom.security.tenant.TenantContextFilter@6cb0aca6, org.springframework.security.web.savedrequest.RequestCacheAwareFilter@2ff92638, org.springframework.security.web.servletapi.SecurityContextHolderAwareRequestFilter@2992ceba, org.springframework.security.web.authentication.rememberme.RememberMeAuthenticationFilter@2a68a074, org.springframework.security.web.authentication.AnonymousAuthenticationFilter@14c34129, org.springframework.security.web.access.ExceptionTranslationFilter@259d7666, org.springframework.security.web.access.intercept.AuthorizationFilter@721f759d]
2026-01-11T18:39:00.549+02:00  INFO 83776 --- [restartedMain] o.s.b.d.a.OptionalLiveReloadServer       : LiveReload server is running on port 35729
2026-01-11T18:39:00.673+02:00  INFO 83776 --- [restartedMain] o.s.b.w.embedded.tomcat.TomcatWebServer  : Tomcat started on port(s): 710 (http) with context path ''
2026-01-11T18:39:00.697+02:00  INFO 83776 --- [restartedMain] c.o.admin.WebBackEndApplication          : Started WebBackEndApplication in 29.378 seconds (process running for 30.209)
2026-01-11T18:39:00.945+02:00 DEBUG 83776 --- [restartedMain] org.hibernate.SQL                        : UPDATE categories c JOIN categories p ON c.parent_id = p.id SET c.parent_id = NULL WHERE c.tenant_id != p.tenant_id
2026-01-11T18:39:20.110+02:00  INFO 85648 --- [restartedMain] c.o.admin.WebBackEndApplication          : Starting WebBackEndApplication using Java 19.0.1 with PID 85648 (C:\Users\enoam\OneDrive\onlineStore\onlineStore\webParent\WebBackEnd\target\classes started by enoam in C:\Users\enoam\OneDrive\onlineStore\onlineStore)
2026-01-11T18:39:20.114+02:00  INFO 85648 --- [restartedMain] c.o.admin.WebBackEndApplication          : No active profile set, falling back to 1 default profile: "default"
2026-01-11T18:39:20.221+02:00  INFO 85648 --- [restartedMain] .e.DevToolsPropertyDefaultsPostProcessor : Devtools property defaults active! Set 'spring.devtools.add-properties' to 'false' to disable
2026-01-11T18:39:20.221+02:00  INFO 85648 --- [restartedMain] .e.DevToolsPropertyDefaultsPostProcessor : For additional web related logging consider setting the 'logging.level.web' property to 'DEBUG'
2026-01-11T18:39:21.704+02:00  INFO 85648 --- [restartedMain] .s.d.r.c.RepositoryConfigurationDelegate : Bootstrapping Spring Data JPA repositories in DEFAULT mode.
2026-01-11T18:39:21.954+02:00  INFO 85648 --- [restartedMain] .s.d.r.c.RepositoryConfigurationDelegate : Finished Spring Data repository scanning in 226 ms. Found 19 JPA repository interfaces.
2026-01-11T18:39:24.648+02:00  INFO 85648 --- [restartedMain] o.s.b.w.embedded.tomcat.TomcatWebServer  : Tomcat initialized with port(s): 710 (http)
2026-01-11T18:39:24.679+02:00  INFO 85648 --- [restartedMain] o.apache.catalina.core.StandardService   : Starting service [Tomcat]
2026-01-11T18:39:24.682+02:00  INFO 85648 --- [restartedMain] o.apache.catalina.core.StandardEngine    : Starting Servlet engine: [Apache Tomcat/10.1.13]
2026-01-11T18:39:24.890+02:00  INFO 85648 --- [restartedMain] o.a.c.c.C.[Tomcat].[localhost].[/]       : Initializing Spring embedded WebApplicationContext
2026-01-11T18:39:24.892+02:00  INFO 85648 --- [restartedMain] w.s.c.ServletWebServerApplicationContext : Root WebApplicationContext: initialization completed in 4667 ms
2026-01-11T18:39:25.263+02:00  INFO 85648 --- [restartedMain] o.hibernate.jpa.internal.util.LogHelper  : HHH000204: Processing PersistenceUnitInfo [name: default]
2026-01-11T18:39:25.405+02:00  INFO 85648 --- [restartedMain] org.hibernate.Version                    : HHH000412: Hibernate ORM core version 6.2.9.Final
2026-01-11T18:39:25.411+02:00  INFO 85648 --- [restartedMain] org.hibernate.cfg.Environment            : HHH000406: Using bytecode reflection optimizer
2026-01-11T18:39:25.683+02:00  INFO 85648 --- [restartedMain] o.h.b.i.BytecodeProviderInitiator        : HHH000021: Bytecode provider name : bytebuddy
2026-01-11T18:39:26.068+02:00  INFO 85648 --- [restartedMain] o.s.o.j.p.SpringPersistenceUnitInfo      : No LoadTimeWeaver setup: ignoring JPA class transformer
2026-01-11T18:39:26.115+02:00  INFO 85648 --- [restartedMain] com.zaxxer.hikari.HikariDataSource       : HikariPool-1 - Starting...
2026-01-11T18:39:26.803+02:00  INFO 85648 --- [restartedMain] com.zaxxer.hikari.pool.HikariPool        : HikariPool-1 - Added connection com.mysql.cj.jdbc.ConnectionImpl@1b59d510
2026-01-11T18:39:26.807+02:00  INFO 85648 --- [restartedMain] com.zaxxer.hikari.HikariDataSource       : HikariPool-1 - Start completed.
2026-01-11T18:39:27.812+02:00  INFO 85648 --- [restartedMain] o.h.b.i.BytecodeProviderInitiator        : HHH000021: Bytecode provider name : bytebuddy
2026-01-11T18:39:29.889+02:00  INFO 85648 --- [restartedMain] o.h.e.t.j.p.i.JtaPlatformInitiator       : HHH000490: Using JtaPlatform implementation: [org.hibernate.engine.transaction.jta.platform.internal.NoJtaPlatform]
2026-01-11T18:39:30.456+02:00  INFO 85648 --- [restartedMain] j.LocalContainerEntityManagerFactoryBean : Initialized JPA EntityManagerFactory for persistence unit 'default'
2026-01-11T18:39:31.136+02:00  INFO 85648 --- [restartedMain] o.s.boot.web.servlet.RegistrationBean    : Filter tenantFilterRegistration was not registered (disabled)
2026-01-11T18:39:31.139+02:00  INFO 85648 --- [restartedMain] o.s.boot.web.servlet.RegistrationBean    : Filter tenantContextFilterRegistration was not registered (disabled)
2026-01-11T18:39:32.277+02:00  INFO 85648 --- [restartedMain] o.s.d.j.r.query.QueryEnhancerFactory     : Hibernate is in classpath; If applicable, HQL parser will be used.
2026-01-11T18:39:36.571+02:00  WARN 85648 --- [restartedMain] JpaBaseConfiguration$JpaWebConfiguration : spring.jpa.open-in-view is enabled by default. Therefore, database queries may be performed during view rendering. Explicitly configure spring.jpa.open-in-view to disable this warning
2026-01-11T18:39:38.827+02:00  INFO 85648 --- [restartedMain] o.s.b.a.e.web.EndpointLinksResolver      : Exposing 1 endpoint(s) beneath base path '/actuator'
2026-01-11T18:39:39.050+02:00  INFO 85648 --- [restartedMain] o.s.s.web.DefaultSecurityFilterChain     : Will secure any request with [org.springframework.security.web.session.DisableEncodeUrlFilter@5d39ac14, org.springframework.security.web.context.request.async.WebAsyncManagerIntegrationFilter@40b64a11, org.springframework.security.web.context.SecurityContextHolderFilter@1307c26, org.springframework.security.web.header.HeaderWriterFilter@a87fd5c, org.springframework.security.web.csrf.CsrfFilter@11d93cee, org.springframework.security.web.authentication.logout.LogoutFilter@2abc4a91, org.springframework.security.web.authentication.UsernamePasswordAuthenticationFilter@5928874d, com.onlineStoreCom.security.tenant.TenantContextFilter@5e51166b, org.springframework.security.web.savedrequest.RequestCacheAwareFilter@55a353d5, org.springframework.security.web.servletapi.SecurityContextHolderAwareRequestFilter@3a764b8e, org.springframework.security.web.authentication.rememberme.RememberMeAuthenticationFilter@629a936a, org.springframework.security.web.authentication.AnonymousAuthenticationFilter@10581e7c, org.springframework.security.web.access.ExceptionTranslationFilter@146a43cd, org.springframework.security.web.access.intercept.AuthorizationFilter@3ee02f92]
2026-01-11T18:39:40.338+02:00  INFO 85648 --- [restartedMain] o.s.b.d.a.OptionalLiveReloadServer       : LiveReload server is running on port 35729
2026-01-11T18:39:40.470+02:00  INFO 85648 --- [restartedMain] o.s.b.w.embedded.tomcat.TomcatWebServer  : Tomcat started on port(s): 710 (http) with context path ''
2026-01-11T18:39:40.499+02:00  INFO 85648 --- [restartedMain] c.o.admin.WebBackEndApplication          : Started WebBackEndApplication in 21.1 seconds (process running for 22.038)
2026-01-11T18:39:40.684+02:00 DEBUG 85648 --- [restartedMain] org.hibernate.SQL                        : UPDATE categories c JOIN categories p ON c.parent_id = p.id SET c.parent_id = NULL WHERE c.tenant_id != p.tenant_id
2026-01-11T18:40:32.626+02:00  INFO 85648 --- [http-nio-710-exec-1] o.a.c.c.C.[Tomcat].[localhost].[/]       : Initializing Spring DispatcherServlet 'dispatcherServlet'
2026-01-11T18:40:32.627+02:00  INFO 85648 --- [http-nio-710-exec-1] o.s.web.servlet.DispatcherServlet        : Initializing Servlet 'dispatcherServlet'
2026-01-11T18:40:32.629+02:00  INFO 85648 --- [http-nio-710-exec-1] o.s.web.servlet.DispatcherServlet        : Completed initialization in 2 ms
